Log file open, 01/30/20 13:47:05
LogWindows: Failed to load 'aqProf.dll' (GetLastError=126)
LogWindows: File 'aqProf.dll' does not exist
LogWindows: Failed to load 'VtuneApi.dll' (GetLastError=126)
LogWindows: File 'VtuneApi.dll' does not exist
LogWindows: Failed to load 'VtuneApi32e.dll' (GetLastError=126)
LogWindows: File 'VtuneApi32e.dll' does not exist
LogConsoleResponse: Display: Failed to find resolution value strings in scalability ini. Falling back to default.
LogInit: Display: Running engine for game: TechArt
LogPlatformFile: Not using cached read wrapper
LogTaskGraph: Started task graph with 5 named threads and 47 total threads with 3 sets of task threads.
LogStats: Stats thread started at 0.050163
LogD3D11RHI: Loaded GFSDK_Aftermath_Lib.x64.dll
LogICUInternationalization: ICU TimeZone Detection - Raw Offset: -8:00, Platform Override: ''
LogPluginManager: Mounting plugin Paper2D
LogPluginManager: Mounting plugin AISupport
LogPluginManager: Mounting plugin LightPropagationVolume
LogPluginManager: Mounting plugin ActorLayerUtilities
LogPluginManager: Mounting plugin AnimationSharing
LogPluginManager: Mounting plugin CLionSourceCodeAccess
LogPluginManager: Mounting plugin CodeLiteSourceCodeAccess
LogPluginManager: Mounting plugin GitSourceControl
LogPluginManager: Mounting plugin KDevelopSourceCodeAccess
LogPluginManager: Mounting plugin NullSourceCodeAccess
LogPluginManager: Mounting plugin PerforceSourceControl
LogPluginManager: Mounting plugin SubversionSourceControl
LogPluginManager: Mounting plugin UObjectPlugin
LogPluginManager: Mounting plugin VisualStudioCodeSourceCodeAccess
LogPluginManager: Mounting plugin VisualStudioSourceCodeAccess
LogPluginManager: Mounting plugin XCodeSourceCodeAccess
LogPluginManager: Mounting plugin AssetManagerEditor
LogPluginManager: Mounting plugin BlueprintMaterialTextureNodes
LogPluginManager: Mounting plugin CryptoKeys
LogPluginManager: Mounting plugin CurveEditorTools
LogPluginManager: Mounting plugin DataValidation
LogPluginManager: Mounting plugin FacialAnimation
LogPluginManager: Mounting plugin GameplayTagsEditor
LogPluginManager: Mounting plugin MacGraphicsSwitching
LogPluginManager: Mounting plugin MaterialAnalyzer
LogPluginManager: Mounting plugin MobileLauncherProfileWizard
LogPluginManager: Mounting plugin PluginBrowser
LogPluginManager: Mounting plugin SpeedTreeImporter
LogPluginManager: Mounting plugin DatasmithContent
LogPluginManager: Mounting plugin VariantManagerContent
LogPluginManager: Mounting plugin AlembicImporter
LogPluginManager: Mounting plugin AutomationUtils
LogPluginManager: Mounting plugin BackChannel
LogPluginManager: Mounting plugin CharacterAI
LogPluginManager: Mounting plugin GeometryCache
LogPluginManager: Mounting plugin HTML5Networking
LogPluginManager: Mounting plugin PlatformCrypto
LogPluginManager: Mounting plugin ProxyLODPlugin
LogPluginManager: Mounting plugin PythonScriptPlugin
LogPluginManager: Mounting plugin SkeletalReduction
LogPluginManager: Mounting plugin MagicLeap
LogPluginManager: Mounting plugin MagicLeapMedia
LogPluginManager: Mounting plugin AndroidMedia
LogPluginManager: Mounting plugin AvfMedia
LogPluginManager: Mounting plugin ImgMedia
LogPluginManager: Mounting plugin MediaCompositing
LogPluginManager: Mounting plugin MediaPlayerEditor
LogPluginManager: Mounting plugin WebMMedia
LogPluginManager: Mounting plugin WmfMedia
LogPluginManager: Mounting plugin TcpMessaging
LogPluginManager: Mounting plugin UdpMessaging
LogPluginManager: Mounting plugin ActorSequence
LogPluginManager: Mounting plugin LevelSequenceEditor
LogPluginManager: Mounting plugin MatineeToLevelSequence
LogPluginManager: Mounting plugin SequencerScripting
LogPluginManager: Mounting plugin NetcodeUnitTest
LogPluginManager: Mounting plugin NUTUnrealEngine4
LogPluginManager: Mounting plugin OnlineSubsystemGooglePlay
LogPluginManager: Mounting plugin OnlineSubsystemIOS
LogPluginManager: Mounting plugin OnlineSubsystem
LogPluginManager: Mounting plugin OnlineSubsystemNull
LogPluginManager: Mounting plugin OnlineSubsystemUtils
LogPluginManager: Mounting plugin LauncherChunkInstaller
LogPluginManager: Mounting plugin AndroidDeviceProfileSelector
LogPluginManager: Mounting plugin AndroidMoviePlayer
LogPluginManager: Mounting plugin AndroidPermission
LogPluginManager: Mounting plugin AppleImageUtils
LogPluginManager: Mounting plugin AppleMoviePlayer
LogPluginManager: Mounting plugin ArchVisCharacter
LogPluginManager: Mounting plugin AudioCapture
LogPluginManager: Mounting plugin CableComponent
LogPluginManager: Mounting plugin CustomMeshComponent
LogPluginManager: Mounting plugin EditableMesh
LogPluginManager: Mounting plugin ExampleDeviceProfileSelector
LogPluginManager: Mounting plugin GoogleCloudMessaging
LogPluginManager: Mounting plugin IOSDeviceProfileSelector
LogPluginManager: Mounting plugin LinuxDeviceProfileSelector
LogPluginManager: Mounting plugin LocationServicesBPLibrary
LogPluginManager: Mounting plugin MobilePatchingUtils
LogPluginManager: Mounting plugin OculusVR
LogPluginManager: Mounting plugin PhysXVehicles
LogPluginManager: Mounting plugin ProceduralMeshComponent
LogPluginManager: Mounting plugin RuntimePhysXCooking
LogPluginManager: Mounting plugin SignificanceManager
LogPluginManager: Mounting plugin SteamVR
LogPluginManager: Mounting plugin WebMMoviePlayer
LogPluginManager: Mounting plugin WindowsMoviePlayer
LogPluginManager: Mounting plugin ScriptPlugin
LogPluginManager: Mounting plugin ScreenshotTools
LogPluginManager: Mounting plugin ImpostorBaker
LogInit: Using libcurl 7.55.1-DEV
LogInit:  - built for x86_64-pc-win32
LogInit:  - supports SSL with OpenSSL/1.1.1
LogInit:  - supports HTTP deflate (compression) using libz 1.2.8
LogInit:  - other features:
LogInit:      CURL_VERSION_SSL
LogInit:      CURL_VERSION_LIBZ
LogInit:      CURL_VERSION_IPV6
LogInit:      CURL_VERSION_ASYNCHDNS
LogInit:      CURL_VERSION_LARGEFILE
LogInit:      CURL_VERSION_IDN
LogInit:  CurlRequestOptions (configurable via config and command line):
LogInit:  - bVerifyPeer = true  - Libcurl will verify peer certificate
LogInit:  - bUseHttpProxy = false  - Libcurl will NOT use HTTP proxy
LogInit:  - bDontReuseConnections = false  - Libcurl will reuse connections
LogInit:  - MaxHostConnections = 16  - Libcurl will limit the number of connections to a host
LogInit:  - LocalHostAddr = Default
LogInit:  - BufferSize = 65536
LogOnline: OSS: Creating online subsystem instance for: NULL
LogInit: WinSock: version 1.1 (2.2), MaxSocks=32767, MaxUdp=65467
LogInit: Build: ++UE4+Release-4.23-CL-8386587
LogInit: Engine Version: 4.23.0-8386587+++UE4+Release-4.23
LogInit: Compatible Engine Version: 4.23.0-8386587+++UE4+Release-4.23
LogInit: Net CL: 8386587
LogInit: OS: Windows 10 (Release 1903) (), CPU: Intel(R) Core(TM) i9-9900K CPU @ 3.60GHz, GPU: NVIDIA GeForce RTX 2080
LogInit: Compiled (64-bit): Aug 31 2019 02:04:44
LogInit: Compiled with Visual C++: 19.16.27030.01
LogInit: Build Configuration: Development
LogInit: Branch Name: ++UE4+Release-4.23
LogInit: Command Line: 
LogInit: Base Directory: D:/Program Files/Epic Games/UE_4.23/Engine/Binaries/Win64/
LogInit: Installed Engine Build: 1
LogDevObjectVersion: Number of dev versions registered: 23
LogDevObjectVersion:   Dev-Blueprints (B0D832E4-1F89-4F0D-ACCF-7EB736FD4AA2): 10
LogDevObjectVersion:   Dev-Build (E1C64328-A22C-4D53-A36C-8E866417BD8C): 0
LogDevObjectVersion:   Dev-Core (375EC13C-06E4-48FB-B500-84F0262A717E): 3
LogDevObjectVersion:   Dev-Editor (E4B068ED-F494-42E9-A231-DA0B2E46BB41): 34
LogDevObjectVersion:   Dev-Framework (CFFC743F-43B0-4480-9391-14DF171D2073): 35
LogDevObjectVersion:   Dev-Mobile (B02B49B5-BB20-44E9-A304-32B752E40360): 2
LogDevObjectVersion:   Dev-Networking (A4E4105C-59A1-49B5-A7C5-40C4547EDFEE): 0
LogDevObjectVersion:   Dev-Online (39C831C9-5AE6-47DC-9A44-9C173E1C8E7C): 0
LogDevObjectVersion:   Dev-Physics (78F01B33-EBEA-4F98-B9B4-84EACCB95AA2): 0
LogDevObjectVersion:   Dev-Platform (6631380F-2D4D-43E0-8009-CF276956A95A): 0
LogDevObjectVersion:   Dev-Rendering (12F88B9F-8875-4AFC-A67C-D90C383ABD29): 31
LogDevObjectVersion:   Dev-Sequencer (7B5AE74C-D270-4C10-A958-57980B212A5A): 11
LogDevObjectVersion:   Dev-VR (D7296918-1DD6-4BDD-9DE2-64A83CC13884): 2
LogDevObjectVersion:   Dev-LoadTimes (C2A15278-BFE7-4AFE-6C17-90FF531DF755): 1
LogDevObjectVersion:   Private-Geometry (6EACA3D4-40EC-4CC1-B786-8BED09428FC5): 3
LogDevObjectVersion:   Dev-AnimPhys (29E575DD-E0A3-4627-9D10-D276232CDCEA): 17
LogDevObjectVersion:   Dev-Anim (AF43A65D-7FD3-4947-9873-3E8ED9C1BB05): 2
LogDevObjectVersion:   Dev-ReflectionCapture (6B266CEC-1EC7-4B8F-A30B-E4D90942FC07): 1
LogDevObjectVersion:   Dev-Automation (0DF73D61-A23F-47EA-B727-89E90C41499A): 1
LogDevObjectVersion:   FortniteMain (601D1886-AC64-4F84-AA16-D3DE0DEAC7D6): 27
LogDevObjectVersion:   Dev-Enterprise (9DFFBCD6-494F-0158-E221-12823C92A888): 6
LogDevObjectVersion:   Dev-Niagara (F2AED0AC-9AFE-416F-8664-AA7FFA26D6FC): 1
LogDevObjectVersion:   Dev-Destruction (174F1F0B-B4C6-45A5-B13F-2EE8D0FB917D): 9
LogInit: Presizing for max 16777216 objects, including 0 objects not considered by GC, pre-allocating 0 bytes for permanent pool.
LogInit: Object subsystem initialized
LogConfig: Setting CVar [[con.DebugEarlyDefault:1]]
LogConfig: Setting CVar [[r.setres:1280x720]]
[2020.01.30-21.47.05:864][  0]LogConfig: Setting CVar [[r.VSync:0]]
[2020.01.30-21.47.05:864][  0]LogConfig: Setting CVar [[r.RHICmdBypass:0]]
[2020.01.30-21.47.05:864][  0]LogConfig: Applying CVar settings from Section [/Script/Engine.RendererSettings] File [D:/Git/UEGym/TechArt/Saved/Config/Windows/Engine.ini]
[2020.01.30-21.47.05:864][  0]LogConfig: Setting CVar [[r.GPUCrashDebugging:0]]
[2020.01.30-21.47.05:864][  0]LogConfig: Setting CVar [[r.DefaultFeature.AutoExposure.ExtendDefaultLuminanceRange:1]]
[2020.01.30-21.47.05:864][  0]LogConfig: Setting CVar [[r.DefaultFeature.AutoExposure:0]]
[2020.01.30-21.47.05:864][  0]LogConfig: Setting CVar [[r.DefaultFeature.AutoExposure.Method:2]]
[2020.01.30-21.47.05:864][  0]LogConfig: Setting CVar [[r.SkinCache.CompileShaders:1]]
[2020.01.30-21.47.05:864][  0]LogConfig: Setting CVar [[r.RayTracing:1]]
[2020.01.30-21.47.05:864][  0]LogConfig: Setting CVar [[r.GenerateMeshDistanceFields:1]]
[2020.01.30-21.47.05:864][  0]LogConfig: Applying CVar settings from Section [/Script/Engine.RendererOverrideSettings] File [D:/Git/UEGym/TechArt/Saved/Config/Windows/Engine.ini]
[2020.01.30-21.47.05:864][  0]LogConfig: Applying CVar settings from Section [/Script/Engine.StreamingSettings] File [D:/Git/UEGym/TechArt/Saved/Config/Windows/Engine.ini]
[2020.01.30-21.47.05:864][  0]LogConfig: Setting CVar [[s.MinBulkDataSizeForAsyncLoading:131072]]
[2020.01.30-21.47.05:864][  0]LogConfig: Setting CVar [[s.AsyncLoadingThreadEnabled:0]]
[2020.01.30-21.47.05:864][  0]LogConfig: Setting CVar [[s.EventDrivenLoaderEnabled:1]]
[2020.01.30-21.47.05:864][  0]LogConfig: Setting CVar [[s.WarnIfTimeLimitExceeded:0]]
[2020.01.30-21.47.05:864][  0]LogConfig: Setting CVar [[s.TimeLimitExceededMultiplier:1.5]]
[2020.01.30-21.47.05:864][  0]LogConfig: Setting CVar [[s.TimeLimitExceededMinTime:0.005]]
[2020.01.30-21.47.05:864][  0]LogConfig: Setting CVar [[s.UseBackgroundLevelStreaming:1]]
[2020.01.30-21.47.05:864][  0]LogConfig: Setting CVar [[s.PriorityAsyncLoadingExtraTime:15.0]]
[2020.01.30-21.47.05:864][  0]LogConfig: Setting CVar [[s.LevelStreamingActorsUpdateTimeLimit:5.0]]
[2020.01.30-21.47.05:864][  0]LogConfig: Setting CVar [[s.PriorityLevelStreamingActorsUpdateExtraTime:5.0]]
[2020.01.30-21.47.05:864][  0]LogConfig: Setting CVar [[s.LevelStreamingComponentsRegistrationGranularity:10]]
[2020.01.30-21.47.05:864][  0]LogConfig: Setting CVar [[s.UnregisterComponentsTimeLimit:1.0]]
[2020.01.30-21.47.05:864][  0]LogConfig: Setting CVar [[s.LevelStreamingComponentsUnregistrationGranularity:5]]
[2020.01.30-21.47.05:864][  0]LogConfig: Applying CVar settings from Section [/Script/Engine.GarbageCollectionSettings] File [D:/Git/UEGym/TechArt/Saved/Config/Windows/Engine.ini]
[2020.01.30-21.47.05:864][  0]LogConfig: Setting CVar [[gc.MaxObjectsNotConsideredByGC:1]]
[2020.01.30-21.47.05:864][  0]LogConfig: Setting CVar [[gc.SizeOfPermanentObjectPool:0]]
[2020.01.30-21.47.05:864][  0]LogConfig: Setting CVar [[gc.FlushStreamingOnGC:0]]
[2020.01.30-21.47.05:864][  0]LogConfig: Setting CVar [[gc.NumRetriesBeforeForcingGC:10]]
[2020.01.30-21.47.05:864][  0]LogConfig: Setting CVar [[gc.AllowParallelGC:1]]
[2020.01.30-21.47.05:864][  0]LogConfig: Setting CVar [[gc.TimeBetweenPurgingPendingKillObjects:61.1]]
[2020.01.30-21.47.05:864][  0]LogConfig: Setting CVar [[gc.MaxObjectsInEditor:16777216]]
[2020.01.30-21.47.05:864][  0]LogConfig: Setting CVar [[gc.IncrementalBeginDestroyEnabled:1]]
[2020.01.30-21.47.05:864][  0]LogConfig: Setting CVar [[gc.CreateGCClusters:1]]
[2020.01.30-21.47.05:864][  0]LogConfig: Setting CVar [[gc.MinGCClusterSize:5]]
[2020.01.30-21.47.05:864][  0]LogConfig: Setting CVar [[gc.ActorClusteringEnabled:0]]
[2020.01.30-21.47.05:864][  0]LogConfig: Setting CVar [[gc.BlueprintClusteringEnabled:0]]
[2020.01.30-21.47.05:864][  0]LogConfig: Setting CVar [[gc.UseDisregardForGCOnDedicatedServers:0]]
[2020.01.30-21.47.05:864][  0]LogConfig: Applying CVar settings from Section [/Script/Engine.NetworkSettings] File [D:/Git/UEGym/TechArt/Saved/Config/Windows/Engine.ini]
[2020.01.30-21.47.05:864][  0]LogConfig: Applying CVar settings from Section [/Script/UnrealEd.CookerSettings] File [D:/Git/UEGym/TechArt/Saved/Config/Windows/Engine.ini]
[2020.01.30-21.47.05:871][  0]LogConfig: Applying CVar settings from Section [ViewDistanceQuality@3] File [D:/Git/UEGym/TechArt/Saved/Config/Windows/Scalability.ini]
[2020.01.30-21.47.05:871][  0]LogConfig: Setting CVar [[r.SkeletalMeshLODBias:0]]
[2020.01.30-21.47.05:871][  0]LogConfig: Setting CVar [[r.ViewDistanceScale:1.0]]
[2020.01.30-21.47.05:871][  0]LogConfig: Applying CVar settings from Section [AntiAliasingQuality@3] File [D:/Git/UEGym/TechArt/Saved/Config/Windows/Scalability.ini]
[2020.01.30-21.47.05:871][  0]LogConfig: Setting CVar [[r.PostProcessAAQuality:4]]
[2020.01.30-21.47.05:871][  0]LogConfig: Applying CVar settings from Section [ShadowQuality@3] File [D:/Git/UEGym/TechArt/Saved/Config/Windows/Scalability.ini]
[2020.01.30-21.47.05:871][  0]LogConfig: Setting CVar [[r.LightFunctionQuality:1]]
[2020.01.30-21.47.05:871][  0]LogConfig: Setting CVar [[r.ShadowQuality:5]]
[2020.01.30-21.47.05:871][  0]LogConfig: Setting CVar [[r.Shadow.CSM.MaxCascades:10]]
[2020.01.30-21.47.05:871][  0]LogConfig: Setting CVar [[r.Shadow.MaxResolution:2048]]
[2020.01.30-21.47.05:871][  0]LogConfig: Setting CVar [[r.Shadow.MaxCSMResolution:2048]]
[2020.01.30-21.47.05:871][  0]LogConfig: Setting CVar [[r.Shadow.RadiusThreshold:0.01]]
[2020.01.30-21.47.05:871][  0]LogConfig: Setting CVar [[r.Shadow.DistanceScale:1.0]]
[2020.01.30-21.47.05:871][  0]LogConfig: Setting CVar [[r.Shadow.CSM.TransitionScale:1.0]]
[2020.01.30-21.47.05:871][  0]LogConfig: Setting CVar [[r.Shadow.PreShadowResolutionFactor:1.0]]
[2020.01.30-21.47.05:871][  0]LogConfig: Setting CVar [[r.DistanceFieldShadowing:1]]
[2020.01.30-21.47.05:871][  0]LogConfig: Setting CVar [[r.DistanceFieldAO:1]]
[2020.01.30-21.47.05:871][  0]LogConfig: Setting CVar [[r.AOQuality:2]]
[2020.01.30-21.47.05:871][  0]LogConfig: Setting CVar [[r.VolumetricFog:1]]
[2020.01.30-21.47.05:871][  0]LogConfig: Setting CVar [[r.VolumetricFog.GridPixelSize:8]]
[2020.01.30-21.47.05:871][  0]LogConfig: Setting CVar [[r.VolumetricFog.GridSizeZ:128]]
[2020.01.30-21.47.05:871][  0]LogConfig: Setting CVar [[r.VolumetricFog.HistoryMissSupersampleCount:4]]
[2020.01.30-21.47.05:871][  0]LogConfig: Setting CVar [[r.LightMaxDrawDistanceScale:1]]
[2020.01.30-21.47.05:871][  0]LogConfig: Setting CVar [[r.CapsuleShadows:1]]
[2020.01.30-21.47.05:871][  0]LogConfig: Applying CVar settings from Section [PostProcessQuality@3] File [D:/Git/UEGym/TechArt/Saved/Config/Windows/Scalability.ini]
[2020.01.30-21.47.05:871][  0]LogConfig: Setting CVar [[r.MotionBlurQuality:4]]
[2020.01.30-21.47.05:871][  0]LogConfig: Setting CVar [[r.AmbientOcclusionMipLevelFactor:0.4]]
[2020.01.30-21.47.05:871][  0]LogConfig: Setting CVar [[r.AmbientOcclusionMaxQuality:100]]
[2020.01.30-21.47.05:871][  0]LogConfig: Setting CVar [[r.AmbientOcclusionLevels:-1]]
[2020.01.30-21.47.05:871][  0]LogConfig: Setting CVar [[r.AmbientOcclusionRadiusScale:1.0]]
[2020.01.30-21.47.05:872][  0]LogConfig: Setting CVar [[r.DepthOfFieldQuality:2]]
[2020.01.30-21.47.05:872][  0]LogConfig: Setting CVar [[r.RenderTargetPoolMin:400]]
[2020.01.30-21.47.05:872][  0]LogConfig: Setting CVar [[r.LensFlareQuality:2]]
[2020.01.30-21.47.05:872][  0]LogConfig: Setting CVar [[r.SceneColorFringeQuality:1]]
[2020.01.30-21.47.05:872][  0]LogConfig: Setting CVar [[r.EyeAdaptationQuality:2]]
[2020.01.30-21.47.05:872][  0]LogConfig: Setting CVar [[r.BloomQuality:5]]
[2020.01.30-21.47.05:872][  0]LogConfig: Setting CVar [[r.FastBlurThreshold:100]]
[2020.01.30-21.47.05:872][  0]LogConfig: Setting CVar [[r.Upscale.Quality:3]]
[2020.01.30-21.47.05:872][  0]LogConfig: Setting CVar [[r.Tonemapper.GrainQuantization:1]]
[2020.01.30-21.47.05:872][  0]LogConfig: Setting CVar [[r.LightShaftQuality:1]]
[2020.01.30-21.47.05:872][  0]LogConfig: Setting CVar [[r.Filter.SizeScale:1]]
[2020.01.30-21.47.05:872][  0]LogConfig: Setting CVar [[r.Tonemapper.Quality:5]]
[2020.01.30-21.47.05:872][  0]LogConfig: Setting CVar [[r.DOF.Gather.AccumulatorQuality:1        ; higher gathering accumulator quality]]
[2020.01.30-21.47.05:872][  0]LogConfig: Setting CVar [[r.DOF.Gather.PostfilterMethod:1          ; Median3x3 postfilering method]]
[2020.01.30-21.47.05:872][  0]LogConfig: Setting CVar [[r.DOF.Gather.EnableBokehSettings:0       ; no bokeh simulation when gathering]]
[2020.01.30-21.47.05:872][  0]LogConfig: Setting CVar [[r.DOF.Gather.RingCount:4                 ; medium number of samples when gathering]]
[2020.01.30-21.47.05:872][  0]LogConfig: Setting CVar [[r.DOF.Scatter.ForegroundCompositing:1    ; additive foreground scattering]]
[2020.01.30-21.47.05:872][  0]LogConfig: Setting CVar [[r.DOF.Scatter.BackgroundCompositing:2    ; additive background scattering]]
[2020.01.30-21.47.05:872][  0]LogConfig: Setting CVar [[r.DOF.Scatter.EnableBokehSettings:1      ; bokeh simulation when scattering]]
[2020.01.30-21.47.05:872][  0]LogConfig: Setting CVar [[r.DOF.Scatter.MaxSpriteRatio:0.1         ; only a maximum of 10% of scattered bokeh]]
[2020.01.30-21.47.05:872][  0]LogConfig: Setting CVar [[r.DOF.Recombine.Quality:1                ; cheap slight out of focus]]
[2020.01.30-21.47.05:872][  0]LogConfig: Setting CVar [[r.DOF.Recombine.EnableBokehSettings:0    ; no bokeh simulation on slight out of focus]]
[2020.01.30-21.47.05:872][  0]LogConfig: Setting CVar [[r.DOF.TemporalAAQuality:1                ; more stable temporal accumulation]]
[2020.01.30-21.47.05:872][  0]LogConfig: Setting CVar [[r.DOF.Kernel.MaxForegroundRadius:0.025]]
[2020.01.30-21.47.05:872][  0]LogConfig: Setting CVar [[r.DOF.Kernel.MaxBackgroundRadius:0.025]]
[2020.01.30-21.47.05:872][  0]LogConfig: Applying CVar settings from Section [TextureQuality@3] File [D:/Git/UEGym/TechArt/Saved/Config/Windows/Scalability.ini]
[2020.01.30-21.47.05:872][  0]LogConfig: Setting CVar [[r.Streaming.MipBias:0]]
[2020.01.30-21.47.05:872][  0]LogConfig: Setting CVar [[r.Streaming.AmortizeCPUToGPUCopy:0]]
[2020.01.30-21.47.05:872][  0]LogConfig: Setting CVar [[r.Streaming.MaxNumTexturesToStreamPerFrame:0]]
[2020.01.30-21.47.05:872][  0]LogConfig: Setting CVar [[r.Streaming.Boost:1]]
[2020.01.30-21.47.05:872][  0]LogConfig: Setting CVar [[r.MaxAnisotropy:8]]
[2020.01.30-21.47.05:872][  0]LogConfig: Setting CVar [[r.Streaming.LimitPoolSizeToVRAM:0]]
[2020.01.30-21.47.05:872][  0]LogConfig: Setting CVar [[r.Streaming.PoolSize:1000]]
[2020.01.30-21.47.05:872][  0]LogConfig: Setting CVar [[r.Streaming.MaxEffectiveScreenSize:0]]
[2020.01.30-21.47.05:872][  0]LogConfig: Applying CVar settings from Section [EffectsQuality@3] File [D:/Git/UEGym/TechArt/Saved/Config/Windows/Scalability.ini]
[2020.01.30-21.47.05:872][  0]LogConfig: Setting CVar [[r.TranslucencyLightingVolumeDim:64]]
[2020.01.30-21.47.05:872][  0]LogConfig: Setting CVar [[r.RefractionQuality:2]]
[2020.01.30-21.47.05:872][  0]LogConfig: Setting CVar [[r.SSR.Quality:3]]
[2020.01.30-21.47.05:872][  0]LogConfig: Setting CVar [[r.SceneColorFormat:4]]
[2020.01.30-21.47.05:872][  0]LogConfig: Setting CVar [[r.DetailMode:2]]
[2020.01.30-21.47.05:872][  0]LogConfig: Setting CVar [[r.TranslucencyVolumeBlur:1]]
[2020.01.30-21.47.05:872][  0]LogConfig: Setting CVar [[r.MaterialQualityLevel:1 ; High quality]]
[2020.01.30-21.47.05:872][  0]LogConfig: Setting CVar [[r.SSS.Scale:1]]
[2020.01.30-21.47.05:872][  0]LogConfig: Setting CVar [[r.SSS.SampleSet:2]]
[2020.01.30-21.47.05:872][  0]LogConfig: Setting CVar [[r.SSS.Quality:1]]
[2020.01.30-21.47.05:872][  0]LogConfig: Setting CVar [[r.SSS.HalfRes:1]]
[2020.01.30-21.47.05:872][  0]LogConfig: Setting CVar [[r.EmitterSpawnRateScale:1.0]]
[2020.01.30-21.47.05:872][  0]LogConfig: Setting CVar [[r.ParticleLightQuality:2]]
[2020.01.30-21.47.05:872][  0]LogConfig: Applying CVar settings from Section [FoliageQuality@3] File [D:/Git/UEGym/TechArt/Saved/Config/Windows/Scalability.ini]
[2020.01.30-21.47.05:872][  0]LogConfig: Setting CVar [[foliage.DensityScale:1.0]]
[2020.01.30-21.47.05:872][  0]LogConfig: Setting CVar [[grass.DensityScale:1.0]]
[2020.01.30-21.47.05:872][  0]LogInit: Selected Device Profile: [Windows]
[2020.01.30-21.47.05:872][  0]LogInit: Applying CVar settings loaded from the selected device profile: [Windows]
[2020.01.30-21.47.05:888][  0]LogHAL: Display: Platform has ~ 64 GB [68634533888 / 68719476736 / 64], which maps to Largest [LargestMinGB=32, LargerMinGB=12, DefaultMinGB=8, SmallerMinGB=6, SmallestMinGB=0)
[2020.01.30-21.47.05:888][  0]LogInit: Going up to parent DeviceProfile []
[2020.01.30-21.47.05:888][  0]LogConfig: Applying CVar settings from Section [ViewDistanceQuality@3] File [D:/Git/UEGym/TechArt/Saved/Config/Windows/Scalability.ini]
[2020.01.30-21.47.05:888][  0]LogConfig: Setting CVar [[r.SkeletalMeshLODBias:0]]
[2020.01.30-21.47.05:888][  0]LogConfig: Setting CVar [[r.ViewDistanceScale:1.0]]
[2020.01.30-21.47.05:888][  0]LogConfig: Applying CVar settings from Section [AntiAliasingQuality@3] File [D:/Git/UEGym/TechArt/Saved/Config/Windows/Scalability.ini]
[2020.01.30-21.47.05:888][  0]LogConfig: Setting CVar [[r.PostProcessAAQuality:4]]
[2020.01.30-21.47.05:889][  0]LogConfig: Applying CVar settings from Section [ShadowQuality@3] File [D:/Git/UEGym/TechArt/Saved/Config/Windows/Scalability.ini]
[2020.01.30-21.47.05:889][  0]LogConfig: Setting CVar [[r.LightFunctionQuality:1]]
[2020.01.30-21.47.05:889][  0]LogConfig: Setting CVar [[r.ShadowQuality:5]]
[2020.01.30-21.47.05:889][  0]LogConfig: Setting CVar [[r.Shadow.CSM.MaxCascades:10]]
[2020.01.30-21.47.05:889][  0]LogConfig: Setting CVar [[r.Shadow.MaxResolution:2048]]
[2020.01.30-21.47.05:889][  0]LogConfig: Setting CVar [[r.Shadow.MaxCSMResolution:2048]]
[2020.01.30-21.47.05:889][  0]LogConfig: Setting CVar [[r.Shadow.RadiusThreshold:0.01]]
[2020.01.30-21.47.05:889][  0]LogConfig: Setting CVar [[r.Shadow.DistanceScale:1.0]]
[2020.01.30-21.47.05:889][  0]LogConfig: Setting CVar [[r.Shadow.CSM.TransitionScale:1.0]]
[2020.01.30-21.47.05:889][  0]LogConfig: Setting CVar [[r.Shadow.PreShadowResolutionFactor:1.0]]
[2020.01.30-21.47.05:889][  0]LogConfig: Setting CVar [[r.DistanceFieldShadowing:1]]
[2020.01.30-21.47.05:889][  0]LogConfig: Setting CVar [[r.DistanceFieldAO:1]]
[2020.01.30-21.47.05:889][  0]LogConfig: Setting CVar [[r.AOQuality:2]]
[2020.01.30-21.47.05:889][  0]LogConfig: Setting CVar [[r.VolumetricFog:1]]
[2020.01.30-21.47.05:889][  0]LogConfig: Setting CVar [[r.VolumetricFog.GridPixelSize:8]]
[2020.01.30-21.47.05:889][  0]LogConfig: Setting CVar [[r.VolumetricFog.GridSizeZ:128]]
[2020.01.30-21.47.05:889][  0]LogConfig: Setting CVar [[r.VolumetricFog.HistoryMissSupersampleCount:4]]
[2020.01.30-21.47.05:889][  0]LogConfig: Setting CVar [[r.LightMaxDrawDistanceScale:1]]
[2020.01.30-21.47.05:889][  0]LogConfig: Setting CVar [[r.CapsuleShadows:1]]
[2020.01.30-21.47.05:889][  0]LogConfig: Applying CVar settings from Section [PostProcessQuality@3] File [D:/Git/UEGym/TechArt/Saved/Config/Windows/Scalability.ini]
[2020.01.30-21.47.05:889][  0]LogConfig: Setting CVar [[r.MotionBlurQuality:4]]
[2020.01.30-21.47.05:889][  0]LogConfig: Setting CVar [[r.AmbientOcclusionMipLevelFactor:0.4]]
[2020.01.30-21.47.05:889][  0]LogConfig: Setting CVar [[r.AmbientOcclusionMaxQuality:100]]
[2020.01.30-21.47.05:889][  0]LogConfig: Setting CVar [[r.AmbientOcclusionLevels:-1]]
[2020.01.30-21.47.05:889][  0]LogConfig: Setting CVar [[r.AmbientOcclusionRadiusScale:1.0]]
[2020.01.30-21.47.05:889][  0]LogConfig: Setting CVar [[r.DepthOfFieldQuality:2]]
[2020.01.30-21.47.05:889][  0]LogConfig: Setting CVar [[r.RenderTargetPoolMin:400]]
[2020.01.30-21.47.05:889][  0]LogConfig: Setting CVar [[r.LensFlareQuality:2]]
[2020.01.30-21.47.05:889][  0]LogConfig: Setting CVar [[r.SceneColorFringeQuality:1]]
[2020.01.30-21.47.05:889][  0]LogConfig: Setting CVar [[r.EyeAdaptationQuality:2]]
[2020.01.30-21.47.05:889][  0]LogConfig: Setting CVar [[r.BloomQuality:5]]
[2020.01.30-21.47.05:889][  0]LogConfig: Setting CVar [[r.FastBlurThreshold:100]]
[2020.01.30-21.47.05:889][  0]LogConfig: Setting CVar [[r.Upscale.Quality:3]]
[2020.01.30-21.47.05:889][  0]LogConfig: Setting CVar [[r.Tonemapper.GrainQuantization:1]]
[2020.01.30-21.47.05:889][  0]LogConfig: Setting CVar [[r.LightShaftQuality:1]]
[2020.01.30-21.47.05:889][  0]LogConfig: Setting CVar [[r.Filter.SizeScale:1]]
[2020.01.30-21.47.05:889][  0]LogConfig: Setting CVar [[r.Tonemapper.Quality:5]]
[2020.01.30-21.47.05:889][  0]LogConfig: Setting CVar [[r.DOF.Gather.AccumulatorQuality:1        ; higher gathering accumulator quality]]
[2020.01.30-21.47.05:889][  0]LogConfig: Setting CVar [[r.DOF.Gather.PostfilterMethod:1          ; Median3x3 postfilering method]]
[2020.01.30-21.47.05:889][  0]LogConfig: Setting CVar [[r.DOF.Gather.EnableBokehSettings:0       ; no bokeh simulation when gathering]]
[2020.01.30-21.47.05:889][  0]LogConfig: Setting CVar [[r.DOF.Gather.RingCount:4                 ; medium number of samples when gathering]]
[2020.01.30-21.47.05:889][  0]LogConfig: Setting CVar [[r.DOF.Scatter.ForegroundCompositing:1    ; additive foreground scattering]]
[2020.01.30-21.47.05:889][  0]LogConfig: Setting CVar [[r.DOF.Scatter.BackgroundCompositing:2    ; additive background scattering]]
[2020.01.30-21.47.05:889][  0]LogConfig: Setting CVar [[r.DOF.Scatter.EnableBokehSettings:1      ; bokeh simulation when scattering]]
[2020.01.30-21.47.05:889][  0]LogConfig: Setting CVar [[r.DOF.Scatter.MaxSpriteRatio:0.1         ; only a maximum of 10% of scattered bokeh]]
[2020.01.30-21.47.05:889][  0]LogConfig: Setting CVar [[r.DOF.Recombine.Quality:1                ; cheap slight out of focus]]
[2020.01.30-21.47.05:889][  0]LogConfig: Setting CVar [[r.DOF.Recombine.EnableBokehSettings:0    ; no bokeh simulation on slight out of focus]]
[2020.01.30-21.47.05:889][  0]LogConfig: Setting CVar [[r.DOF.TemporalAAQuality:1                ; more stable temporal accumulation]]
[2020.01.30-21.47.05:889][  0]LogConfig: Setting CVar [[r.DOF.Kernel.MaxForegroundRadius:0.025]]
[2020.01.30-21.47.05:889][  0]LogConfig: Setting CVar [[r.DOF.Kernel.MaxBackgroundRadius:0.025]]
[2020.01.30-21.47.05:889][  0]LogConfig: Applying CVar settings from Section [TextureQuality@3] File [D:/Git/UEGym/TechArt/Saved/Config/Windows/Scalability.ini]
[2020.01.30-21.47.05:889][  0]LogConfig: Setting CVar [[r.Streaming.MipBias:0]]
[2020.01.30-21.47.05:889][  0]LogConfig: Setting CVar [[r.Streaming.AmortizeCPUToGPUCopy:0]]
[2020.01.30-21.47.05:889][  0]LogConfig: Setting CVar [[r.Streaming.MaxNumTexturesToStreamPerFrame:0]]
[2020.01.30-21.47.05:889][  0]LogConfig: Setting CVar [[r.Streaming.Boost:1]]
[2020.01.30-21.47.05:889][  0]LogConfig: Setting CVar [[r.MaxAnisotropy:8]]
[2020.01.30-21.47.05:889][  0]LogConfig: Setting CVar [[r.Streaming.LimitPoolSizeToVRAM:0]]
[2020.01.30-21.47.05:889][  0]LogConfig: Setting CVar [[r.Streaming.PoolSize:1000]]
[2020.01.30-21.47.05:889][  0]LogConfig: Setting CVar [[r.Streaming.MaxEffectiveScreenSize:0]]
[2020.01.30-21.47.05:889][  0]LogConfig: Applying CVar settings from Section [EffectsQuality@3] File [D:/Git/UEGym/TechArt/Saved/Config/Windows/Scalability.ini]
[2020.01.30-21.47.05:889][  0]LogConfig: Setting CVar [[r.TranslucencyLightingVolumeDim:64]]
[2020.01.30-21.47.05:889][  0]LogConfig: Setting CVar [[r.RefractionQuality:2]]
[2020.01.30-21.47.05:889][  0]LogConfig: Setting CVar [[r.SSR.Quality:3]]
[2020.01.30-21.47.05:889][  0]LogConfig: Setting CVar [[r.SceneColorFormat:4]]
[2020.01.30-21.47.05:889][  0]LogConfig: Setting CVar [[r.DetailMode:2]]
[2020.01.30-21.47.05:889][  0]LogConfig: Setting CVar [[r.TranslucencyVolumeBlur:1]]
[2020.01.30-21.47.05:889][  0]LogConfig: Setting CVar [[r.MaterialQualityLevel:1 ; High quality]]
[2020.01.30-21.47.05:889][  0]LogConfig: Setting CVar [[r.SSS.Scale:1]]
[2020.01.30-21.47.05:889][  0]LogConfig: Setting CVar [[r.SSS.SampleSet:2]]
[2020.01.30-21.47.05:889][  0]LogConfig: Setting CVar [[r.SSS.Quality:1]]
[2020.01.30-21.47.05:889][  0]LogConfig: Setting CVar [[r.SSS.HalfRes:1]]
[2020.01.30-21.47.05:889][  0]LogConfig: Setting CVar [[r.EmitterSpawnRateScale:1.0]]
[2020.01.30-21.47.05:889][  0]LogConfig: Setting CVar [[r.ParticleLightQuality:2]]
[2020.01.30-21.47.05:889][  0]LogConfig: Applying CVar settings from Section [FoliageQuality@3] File [D:/Git/UEGym/TechArt/Saved/Config/Windows/Scalability.ini]
[2020.01.30-21.47.05:889][  0]LogConfig: Setting CVar [[foliage.DensityScale:1.0]]
[2020.01.30-21.47.05:889][  0]LogConfig: Setting CVar [[grass.DensityScale:1.0]]
[2020.01.30-21.47.05:889][  0]LogConfig: Applying CVar settings from Section [Startup] File [../../../Engine/Config/ConsoleVariables.ini]
[2020.01.30-21.47.05:889][  0]LogConfig: Setting CVar [[net.UseAdaptiveNetUpdateFrequency:0]]
[2020.01.30-21.47.05:889][  0]LogConfig: Setting CVar [[p.chaos.AllowCreatePhysxBodies:1]]
[2020.01.30-21.47.05:889][  0]LogConfig: Applying CVar settings from Section [ConsoleVariables] File [D:/Git/UEGym/TechArt/Saved/Config/Windows/Engine.ini]
[2020.01.30-21.47.05:890][  0]LogInit: Computer: VICTOR
[2020.01.30-21.47.05:890][  0]LogInit: User: victorl
[2020.01.30-21.47.05:890][  0]LogInit: CPU Page size=4096, Cores=8
[2020.01.30-21.47.05:890][  0]LogInit: High frequency timer resolution =10.000000 MHz
[2020.01.30-21.47.05:890][  0]LogMemory: Memory total: Physical=63.9GB (64GB approx)
[2020.01.30-21.47.05:890][  0]LogMemory: Platform Memory Stats for Windows
[2020.01.30-21.47.05:890][  0]LogMemory: Process Physical Memory: 107.40 MB used, 110.79 MB peak
[2020.01.30-21.47.05:890][  0]LogMemory: Process Virtual Memory: 106.61 MB used, 106.61 MB peak
[2020.01.30-21.47.05:890][  0]LogMemory: Physical Memory: 23771.14 MB used,  41683.86 MB free, 65454.99 MB total
[2020.01.30-21.47.05:890][  0]LogMemory: Virtual Memory: 4711.38 MB used,  134213016.00 MB free, 134217728.00 MB total
[2020.01.30-21.47.05:891][  0]LogWindows: WindowsPlatformFeatures enabled
[2020.01.30-21.47.05:905][  0]LogInit: Using OS detected language (en-US).
[2020.01.30-21.47.05:905][  0]LogInit: Using OS detected locale (en-CA).
[2020.01.30-21.47.05:905][  0]LogTextLocalizationManager: No specific localization for 'en-US' exists, so the 'en' localization will be used.
[2020.01.30-21.47.06:029][  0]LogInit: Setting process to per monitor DPI aware
[2020.01.30-21.47.06:054][  0]LogSlate: New Slate User Created.  User Index 0, Is Virtual User: 0
[2020.01.30-21.47.06:054][  0]LogSlate: Slate User Registered.  User Index 0, Is Virtual User: 0
[2020.01.30-21.47.06:159][  0]LogD3D12RHI: Aftermath initialized
[2020.01.30-21.47.06:159][  0]LogD3D12RHI: Loading WinPixEventRuntime.dll for PIX profiling (from ../../../Engine/Binaries/ThirdParty/Windows/DirectX/x64).
[2020.01.30-21.47.06:165][  0]LogHMD: Failed to initialize OpenVR with code 110
[2020.01.30-21.47.06:272][  0]LogD3D12RHI: Found D3D12 adapter 0: NVIDIA GeForce RTX 2080 (Max supported Feature Level 12_1)
[2020.01.30-21.47.06:272][  0]LogD3D12RHI: Adapter has 8010MB of dedicated video memory, 0MB of dedicated system memory, and 32727MB of shared system memory, 3 output[s]
[2020.01.30-21.47.06:281][  0]LogD3D12RHI: Found D3D12 adapter 1: Microsoft Basic Render Driver (Max supported Feature Level 12_1)
[2020.01.30-21.47.06:281][  0]LogD3D12RHI: Adapter has 0MB of dedicated video memory, 0MB of dedicated system memory, and 32727MB of shared system memory, 0 output[s]
[2020.01.30-21.47.06:281][  0]LogD3D12RHI: Forcing D3D12.AsyncDeferredDeletion=0 as a workaround for a deadlock.
[2020.01.30-21.47.06:281][  0]LogD3D12RHI: Chosen D3D12 Adapter Id = 0
[2020.01.30-21.47.06:290][  0]LogD3D12RHI: Emitting draw events for PIX profiling.
[2020.01.30-21.47.06:345][  0]LogD3D12RHI: D3D12 ray tracing enabled.
[2020.01.30-21.47.06:345][  0]LogD3D12RHI: The system supports ID3D12Device1.
[2020.01.30-21.47.06:345][  0]LogD3D12RHI: The system supports ID3D12Device2.
[2020.01.30-21.47.06:436][  0]LogD3D12RHI: Display: Not using pipeline state disk cache per r.D3D12.PSO.DiskCache=0
[2020.01.30-21.47.06:436][  0]LogD3D12RHI: Display: Not using driver-optimized pipeline state disk cache per r.D3D12.PSO.DriverOptimizedDiskCache=0
[2020.01.30-21.47.06:436][  0]LogD3D12RHI:     GPU DeviceId: 0x1e82 (for the marketing name, search the web for "GPU Device Id")
[2020.01.30-21.47.06:436][  0]LogWindows: EnumDisplayDevices:
[2020.01.30-21.47.06:436][  0]LogWindows:    0. 'NVIDIA GeForce RTX 2080' (P:1 D:1)
[2020.01.30-21.47.06:436][  0]LogWindows:    1. 'NVIDIA GeForce RTX 2080' (P:0 D:1)
[2020.01.30-21.47.06:437][  0]LogWindows:    2. 'NVIDIA GeForce RTX 2080' (P:0 D:1)
[2020.01.30-21.47.06:437][  0]LogWindows:    3. 'NVIDIA GeForce RTX 2080' (P:0 D:0)
[2020.01.30-21.47.06:437][  0]LogWindows: DebugString: FoundDriverCount:4 
[2020.01.30-21.47.06:437][  0]LogD3D12RHI:     Adapter Name: NVIDIA GeForce RTX 2080
[2020.01.30-21.47.06:437][  0]LogD3D12RHI:   Driver Version: 441.87 (internal:26.21.14.4187, unified:441.87)
[2020.01.30-21.47.06:437][  0]LogD3D12RHI:      Driver Date: 12-24-2019
[2020.01.30-21.47.06:437][  0]LogRHI: Texture pool is 4289 MB (70% of 6127 MB)
[2020.01.30-21.47.06:437][  0]LogD3D12RHI: Async texture creation enabled
[2020.01.30-21.47.06:670][  0]LogTemp: Display: Module 'AllDesktopTargetPlatform' loaded TargetPlatform 'AllDesktop'
[2020.01.30-21.47.06:675][  0]LogTemp: Display: Module 'MacClientTargetPlatform' loaded TargetPlatform 'MacClient'
[2020.01.30-21.47.06:679][  0]LogTemp: Display: Module 'MacNoEditorTargetPlatform' loaded TargetPlatform 'MacNoEditor'
[2020.01.30-21.47.06:684][  0]LogTemp: Display: Module 'MacServerTargetPlatform' loaded TargetPlatform 'MacServer'
[2020.01.30-21.47.06:690][  0]LogTemp: Display: Module 'MacTargetPlatform' loaded TargetPlatform 'Mac'
[2020.01.30-21.47.06:696][  0]LogTemp: Display: Module 'WindowsClientTargetPlatform' loaded TargetPlatform 'WindowsClient'
[2020.01.30-21.47.06:701][  0]LogTemp: Display: Module 'WindowsNoEditorTargetPlatform' loaded TargetPlatform 'WindowsNoEditor'
[2020.01.30-21.47.06:707][  0]LogTemp: Display: Module 'WindowsServerTargetPlatform' loaded TargetPlatform 'WindowsServer'
[2020.01.30-21.47.06:709][  0]LogTemp: Display: Module 'WindowsTargetPlatform' loaded TargetPlatform 'Windows'
[2020.01.30-21.47.06:741][  0]LogTemp: Display: Module 'AndroidTargetPlatform' loaded TargetPlatform 'Android'
[2020.01.30-21.47.06:741][  0]LogTemp: Display: Module 'AndroidTargetPlatform' loaded TargetPlatform 'Android_ASTC'
[2020.01.30-21.47.06:741][  0]LogTemp: Display: Module 'AndroidTargetPlatform' loaded TargetPlatform 'Android_ATC'
[2020.01.30-21.47.06:741][  0]LogTemp: Display: Module 'AndroidTargetPlatform' loaded TargetPlatform 'Android_DXT'
[2020.01.30-21.47.06:741][  0]LogTemp: Display: Module 'AndroidTargetPlatform' loaded TargetPlatform 'Android_ETC1'
[2020.01.30-21.47.06:741][  0]LogTemp: Display: Module 'AndroidTargetPlatform' loaded TargetPlatform 'Android_ETC1a'
[2020.01.30-21.47.06:741][  0]LogTemp: Display: Module 'AndroidTargetPlatform' loaded TargetPlatform 'Android_ETC2'
[2020.01.30-21.47.06:741][  0]LogTemp: Display: Module 'AndroidTargetPlatform' loaded TargetPlatform 'Android_PVRTC'
[2020.01.30-21.47.06:741][  0]LogTemp: Display: Module 'AndroidTargetPlatform' loaded TargetPlatform 'AndroidClient'
[2020.01.30-21.47.06:741][  0]LogTemp: Display: Module 'AndroidTargetPlatform' loaded TargetPlatform 'Android_ASTCClient'
[2020.01.30-21.47.06:741][  0]LogTemp: Display: Module 'AndroidTargetPlatform' loaded TargetPlatform 'Android_ATCClient'
[2020.01.30-21.47.06:741][  0]LogTemp: Display: Module 'AndroidTargetPlatform' loaded TargetPlatform 'Android_DXTClient'
[2020.01.30-21.47.06:741][  0]LogTemp: Display: Module 'AndroidTargetPlatform' loaded TargetPlatform 'Android_ETC1Client'
[2020.01.30-21.47.06:741][  0]LogTemp: Display: Module 'AndroidTargetPlatform' loaded TargetPlatform 'Android_ETC1aClient'
[2020.01.30-21.47.06:741][  0]LogTemp: Display: Module 'AndroidTargetPlatform' loaded TargetPlatform 'Android_ETC2Client'
[2020.01.30-21.47.06:741][  0]LogTemp: Display: Module 'AndroidTargetPlatform' loaded TargetPlatform 'Android_PVRTCClient'
[2020.01.30-21.47.06:741][  0]LogTemp: Display: Module 'AndroidTargetPlatform' loaded TargetPlatform 'Android_Multi'
[2020.01.30-21.47.06:741][  0]LogTemp: Display: Module 'AndroidTargetPlatform' loaded TargetPlatform 'Android_MultiClient'
[2020.01.30-21.47.06:743][  0]LogTemp: Display: Module 'HTML5TargetPlatform' loaded TargetPlatform 'HTML5'
[2020.01.30-21.47.06:757][  0]LogTemp: Display: Module 'IOSTargetPlatform' loaded TargetPlatform 'IOSClient'
[2020.01.30-21.47.06:757][  0]LogTemp: Display: Module 'IOSTargetPlatform' loaded TargetPlatform 'IOS'
[2020.01.30-21.47.06:766][  0]LogTemp: Display: Module 'TVOSTargetPlatform' loaded TargetPlatform 'TVOSClient'
[2020.01.30-21.47.06:766][  0]LogTemp: Display: Module 'TVOSTargetPlatform' loaded TargetPlatform 'TVOS'
[2020.01.30-21.47.06:771][  0]LogTemp: Display: Module 'LinuxClientTargetPlatform' loaded TargetPlatform 'LinuxClient'
[2020.01.30-21.47.06:775][  0]LogTemp: Display: Module 'LinuxNoEditorTargetPlatform' loaded TargetPlatform 'LinuxNoEditor'
[2020.01.30-21.47.06:780][  0]LogTemp: Display: Module 'LinuxServerTargetPlatform' loaded TargetPlatform 'LinuxServer'
[2020.01.30-21.47.06:785][  0]LogTemp: Display: Module 'LinuxTargetPlatform' loaded TargetPlatform 'Linux'
[2020.01.30-21.47.06:800][  0]LogTemp: Display: Module 'LuminTargetPlatform' loaded TargetPlatform 'Lumin'
[2020.01.30-21.47.06:800][  0]LogTemp: Display: Module 'LuminTargetPlatform' loaded TargetPlatform 'LuminClient'
[2020.01.30-21.47.06:800][  0]LogTargetPlatformManager: Display: Building Assets For Windows
[2020.01.30-21.47.06:805][  0]LogAudioDebug: Display: Lib vorbis DLL was dynamically loaded.
[2020.01.30-21.47.06:831][  0]LogShaderCompilers: Guid format shader working directory is 13 characters bigger than the processId version (../../../../../../Git/UEGym/TechArt/Intermediate/Shaders/WorkingDirectory/27152/).
[2020.01.30-21.47.06:831][  0]LogShaderCompilers: Cleaned the shader compiler working directory 'C:/Users/victor.l/AppData/Local/Temp/UnrealShaderWorkingDir/873B817440266D280A61778D2479D1D2/'.
[2020.01.30-21.47.06:832][  0]LogXGEController: Cannot use XGE Controller as Incredibuild is not installed on this machine.
[2020.01.30-21.47.06:832][  0]LogShaderCompilers: Cannot use XGE Shader Compiler as Incredibuild is not installed on this machine.
[2020.01.30-21.47.06:832][  0]LogShaderCompilers: Display: Using Local Shader Compiler.
[2020.01.30-21.47.07:325][  0]LogDerivedDataCache: Display: Max Cache Size: 512 MB
[2020.01.30-21.47.07:370][  0]LogDerivedDataCache: Loaded boot cache 0.04s 92MB C:/Users/victor.l/AppData/Local/UnrealEngine/4.23/DerivedDataCache/Boot.ddc.
[2020.01.30-21.47.07:370][  0]LogDerivedDataCache: Display: Loaded Boot cache: C:/Users/victor.l/AppData/Local/UnrealEngine/4.23/DerivedDataCache/Boot.ddc
[2020.01.30-21.47.07:370][  0]LogDerivedDataCache: FDerivedDataBackendGraph:  Pak pak cache file ../../../../../../Git/UEGym/TechArt/DerivedDataCache/DDC.ddp not found, will not use a pak cache.
[2020.01.30-21.47.07:370][  0]LogDerivedDataCache: Unable to find inner node Pak for hierarchical cache Hierarchy.
[2020.01.30-21.47.07:370][  0]LogDerivedDataCache: FDerivedDataBackendGraph:  CompressedPak pak cache file ../../../../../../Git/UEGym/TechArt/DerivedDataCache/Compressed.ddp not found, will not use a pak cache.
[2020.01.30-21.47.07:370][  0]LogDerivedDataCache: Unable to find inner node CompressedPak for hierarchical cache Hierarchy.
[2020.01.30-21.47.07:378][  0]LogDerivedDataCache: Display: Pak cache opened for reading ../../../Engine/DerivedDataCache/Compressed.ddp.
[2020.01.30-21.47.07:378][  0]LogDerivedDataCache: FDerivedDataBackendGraph:  EnterprisePak pak cache file ../../../Enterprise/DerivedDataCache/Compressed.ddp not found, will not use a pak cache.
[2020.01.30-21.47.07:378][  0]LogDerivedDataCache: Unable to find inner node EnterprisePak for hierarchical cache Hierarchy.
[2020.01.30-21.47.07:379][  0]LogDerivedDataCache: Using Local data cache path C:/Users/victor.l/AppData/Local/UnrealEngine/Common/DerivedDataCache: Writable
[2020.01.30-21.47.07:379][  0]LogDerivedDataCache: Shared data cache path not found in *engine.ini, will not use an Shared cache.
[2020.01.30-21.47.07:379][  0]LogDerivedDataCache: Unable to find inner node Shared for hierarchical cache Hierarchy.
[2020.01.30-21.47.07:399][  0]LogMaterial: Verifying Global Shaders for PCD3D_SM5
[2020.01.30-21.47.07:401][  0]LogSlate: Using FreeType 2.6.0
[2020.01.30-21.47.07:401][  0]LogSlate: SlateFontServices - WITH_FREETYPE: 1, WITH_HARFBUZZ: 1
[2020.01.30-21.47.07:439][  0]LogAssetRegistry: FAssetRegistry took 0.0018 seconds to start up
[2020.01.30-21.47.08:990][  0]LogInit: Selected Device Profile: [Windows]
[2020.01.30-21.47.09:097][  0]LogMeshReduction: Using QuadricMeshReduction for automatic static mesh reduction
[2020.01.30-21.47.09:097][  0]LogMeshReduction: Using SimplygonMeshReduction for automatic skeletal mesh reduction
[2020.01.30-21.47.09:097][  0]LogMeshReduction: Using ProxyLODMeshReduction for automatic mesh merging
[2020.01.30-21.47.09:097][  0]LogMeshReduction: No distributed automatic mesh merging module available
[2020.01.30-21.47.09:097][  0]LogMeshMerging: No distributed automatic mesh merging module available
[2020.01.30-21.47.09:128][  0]LogNetVersion: TechArt 1.0.0, NetCL: 8386587, EngineNetVer: 11, GameNetVer: 0 (Checksum: 3603757192)
[2020.01.30-21.47.09:423][  0]LogPackageLocalizationCache: Processed 16 localized package path(s) for 1 prioritized culture(s) in 0.037543 seconds
[2020.01.30-21.47.09:428][  0]LogUObjectArray: 43444 objects as part of root set at end of initial load.
[2020.01.30-21.47.09:428][  0]LogUObjectAllocator: 7548648 out of 0 bytes used by permanent object pool.
[2020.01.30-21.47.09:428][  0]LogUObjectArray: CloseDisregardForGC: 0/0 objects in disregard for GC pool
[2020.01.30-21.47.09:831][  0]LogD3D12RHI: Creating RTPSO with 3 shaders (0 cached, 3 new) took 11.57 ms. Compile time 2.26 ms, link time 9.12 ms.
[2020.01.30-21.47.09:989][  0]LogPython: Using Python 2.7.14
[2020.01.30-21.47.10:422][  0]LogTcpMessaging: Initializing TcpMessaging bridge
[2020.01.30-21.47.10:424][  0]LogUdpMessaging: Initializing bridge on interface 0.0.0.0:0 to multicast group 230.0.0.1:6666.
[2020.01.30-21.47.10:475][  0]SourceControl: Source control is disabled
[2020.01.30-21.47.10:475][  0]SourceControl: Source control is disabled
[2020.01.30-21.47.10:476][  0]SourceControl: Source control is disabled
[2020.01.30-21.47.10:477][  0]SourceControl: Source control is disabled
[2020.01.30-21.47.10:560][  0]LogAndroidPermission: UAndroidPermissionCallbackProxy::GetInstance
[2020.01.30-21.47.10:658][  0]LogOcInput: OculusInput pre-init called
[2020.01.30-21.47.10:662][  0]LogWindows: Failed to load 'OVRPlugin.dll' (GetLastError=126)
[2020.01.30-21.47.10:662][  0]LogWindows: File 'OVRPlugin.dll' does not exist
[2020.01.30-21.47.10:719][  0]LogEngine: Initializing Engine...
[2020.01.30-21.47.10:719][  0]LogHMD: Failed to initialize OpenVR with code 110
[2020.01.30-21.47.10:720][  0]LogStats: UGameplayTagsManager::InitializeManager -  0.000 s
[2020.01.30-21.47.10:890][  0]LogInit: Initializing FReadOnlyCVARCache
[2020.01.30-21.47.10:899][  0]LogAIModule: Creating AISystem for world Untitled
[2020.01.30-21.47.10:915][  0]LogInit: XAudio2 using 'Headphones (High Definition Audio Device)' : 2 channels at 48 kHz using 32 bits per sample (channel mask 0x3)
[2020.01.30-21.47.10:927][  0]LogInit: FAudioDevice initialized.
[2020.01.30-21.47.10:927][  0]LogNetVersion: Set ProjectVersion to 1.0.0.0. Version Checksum will be recalculated on next use.
[2020.01.30-21.47.10:978][  0]LogDerivedDataCache: Saved boot cache 0.05s 92MB C:/Users/victor.l/AppData/Local/UnrealEngine/4.23/DerivedDataCache/Boot.ddc.
[2020.01.30-21.47.10:985][  0]LogInit: Texture streaming: Enabled
[2020.01.30-21.47.10:994][  0]LogEngineSessionManager: EngineSessionManager initialized
[2020.01.30-21.47.11:056][  0]LogInit: Transaction tracking system initialized
[2020.01.30-21.47.11:071][  0]BlueprintLog: New page: Editor Load
[2020.01.30-21.47.11:111][  0]LocalizationService: Localization service is disabled
[2020.01.30-21.47.11:139][  0]LogLinker: Warning: Failed to load '/Game/PuzzleBP/Tutorial/Part6-Controller': Can't find file.
[2020.01.30-21.47.11:139][  0]LogLinker: Warning: Failed to load '/Game/PuzzleBP/Tutorial/Part6-Controller': Can't find file.
[2020.01.30-21.47.11:139][  0]LogUObjectGlobals: Warning: Failed to find object 'Class /Game/PuzzleBP/Tutorial/Part6-Controller.Part6-Controller_C'
[2020.01.30-21.47.11:274][  0]LogFileCache: Scanning file cache for directory 'D:/Git/UEGym/TechArt/Content/' took 0.00s
[2020.01.30-21.47.11:274][  0]LogCook: Display: Max memory allowance for cook 16384mb min free memory 0mb
[2020.01.30-21.47.11:274][  0]LogCook: Display: Mobile HDR setting 1
[2020.01.30-21.47.11:399][  0]SourceControl: Source control is disabled
[2020.01.30-21.47.11:647][  0]LogSlate: Took 0.000110 seconds to synchronously load lazily loaded font '../../../Engine/Content/Slate/Fonts/Roboto-Regular.ttf' (155K)
[2020.01.30-21.47.18:255][  0]LogSlate: Window 'Restore Packages' being destroyed
[2020.01.30-21.47.18:256][  0]LogWindowsTextInputMethodSystem: Display: IME system now deactivated.
[2020.01.30-21.47.18:272][  0]Cmd: MAP LOAD FILE="../../../../../../Git/UEGym/TechArt/Content/ShaderTest/L_Shadertoy.umap" TEMPLATE=0 SHOWPROGRESS=1 FEATURELEVEL=3
[2020.01.30-21.47.18:272][  0]LogEditorServer: Warning: Can't find file '../../../../../../Git/UEGym/TechArt/Content/ShaderTest/L_Shadertoy.umap'
[2020.01.30-21.47.18:272][  0]Cmd: MAP CHECKDEP NOCLEARLOG
[2020.01.30-21.47.18:272][  0]MapCheck: Map check complete: 0 Error(s), 0 Warning(s), took 0.093ms to complete.
[2020.01.30-21.47.18:272][  0]LogFileHelpers: Loading map 'L_Shadertoy' took 0.000
[2020.01.30-21.47.18:286][  0]LogWindowsTextInputMethodSystem: Display: IME system now deactivated.
[2020.01.30-21.47.18:315][  0]LogSlate: Updating window title bar state: overlay mode, drag disabled, window buttons hidden, title bar hidden
[2020.01.30-21.47.18:320][  0]LogSlate: Updating window title bar state: overlay mode, drag disabled, window buttons hidden, title bar hidden
[2020.01.30-21.47.18:325][  0]LogSlate: Updating window title bar state: overlay mode, drag disabled, window buttons hidden, title bar hidden
[2020.01.30-21.47.18:330][  0]LogSlate: Updating window title bar state: overlay mode, drag disabled, window buttons hidden, title bar hidden
[2020.01.30-21.47.18:335][  0]LogCollectionManager: Loaded 0 collections in 0.000660 seconds
[2020.01.30-21.47.18:339][  0]LogFileCache: Scanning file cache for directory 'D:/Git/UEGym/TechArt/Saved/Collections/' took 0.00s
[2020.01.30-21.47.18:339][  0]LogFileCache: Scanning file cache for directory 'D:/Git/UEGym/TechArt/Content/Developers/victorl/Collections/' took 0.00s
[2020.01.30-21.47.18:339][  0]LogFileCache: Scanning file cache for directory 'D:/Git/UEGym/TechArt/Content/Collections/' took 0.00s
[2020.01.30-21.47.18:339][  0]LogCollectionManager: Rebuilt the GUID cache for 0 collections in 0.000001 seconds
[2020.01.30-21.47.18:345][  0]LogContentBrowser: Native class hierarchy populated in 0.0064 seconds. Added 2911 classes and 702 folders.
[2020.01.30-21.47.18:350][  0]LogContentBrowser: Native class hierarchy updated for 'WidgetCarousel' in 0.0002 seconds. Added 0 classes and 0 folders.
[2020.01.30-21.47.18:372][  0]LogContentBrowser: Native class hierarchy updated for 'AddContentDialog' in 0.0002 seconds. Added 0 classes and 0 folders.
[2020.01.30-21.47.18:376][  0]LogContentBrowser: Native class hierarchy updated for 'SceneOutliner' in 0.0002 seconds. Added 1 classes and 2 folders.
[2020.01.30-21.47.18:421][  0]LogSlate: Took 0.000094 seconds to synchronously load lazily loaded font '../../../Engine/Content/Slate/Fonts/Roboto-Bold.ttf' (160K)
[2020.01.30-21.47.18:423][  0]LogSlate: Took 0.000071 seconds to synchronously load lazily loaded font '../../../Engine/Content/Editor/Slate/Fonts/FontAwesome.ttf' (139K)
[2020.01.30-21.47.18:443][  0]LogRenderer: Reallocating scene render targets to support 1240x436 Format 10 NumSamples 1 (Frame:1).
[2020.01.30-21.47.18:582][  0]LogD3D12RHI: Creating RTPSO with 41 shaders (0 cached, 41 new) took 104.17 ms. Compile time 96.10 ms, link time 8.01 ms.
[2020.01.30-21.47.18:799][  0]LogContentBrowser: Native class hierarchy updated for 'HierarchicalLODOutliner' in 0.0002 seconds. Added 0 classes and 0 folders.
[2020.01.30-21.47.18:799][  0]LogLoad: (Engine Initialization) Total time: 13.40 seconds
[2020.01.30-21.47.18:799][  0]LogLoad: (Engine Initialization) Total Blueprint compile time: 0.00 seconds
[2020.01.30-21.47.18:836][  0]LogAssetRegistry: Asset discovery search completed in 11.3984 seconds
[2020.01.30-21.47.18:839][  0]LogCollectionManager: Rebuilt the object cache for 0 collections in 0.000003 seconds (found 0 objects)
[2020.01.30-21.47.18:839][  0]LogCollectionManager: Fixed up redirectors for 0 collections in 0.000056 seconds (updated 0 objects)
[2020.01.30-21.47.18:840][  0]LogContentStreaming: Texture pool size now 1000 MB
[2020.01.30-21.47.18:870][  0]LogSlate: Took 0.000106 seconds to synchronously load lazily loaded font '../../../Engine/Content/Slate/Fonts/Roboto-Light.ttf' (167K)
[2020.01.30-21.47.18:874][  1]LogPython: Warning: hello unreal
[2020.01.30-21.47.19:822][107]LogSlate: Took 0.000115 seconds to synchronously load lazily loaded font '../../../Engine/Content/Slate/Fonts/Roboto-Light.ttf' (167K)
[2020.01.30-21.47.20:037][133]LogSlate: FSceneViewport::OnFocusLost() reason 0
[2020.01.30-21.47.20:239][153]LogMaterial: Display: Missing cached shader map for material NewMaterial1, compiling. 
[2020.01.30-21.47.20:272][153]LogShaderCompilers: Display: Worker (1/13): shaders left to compile 22
[2020.01.30-21.47.20:272][153]LogShaderCompilers: Display: Worker (2/13): shaders left to compile 20
[2020.01.30-21.47.20:272][153]LogShaderCompilers: Display: Worker (3/13): shaders left to compile 18
[2020.01.30-21.47.20:272][153]LogShaderCompilers: Display: Worker (4/13): shaders left to compile 16
[2020.01.30-21.47.20:272][153]LogShaderCompilers: Display: Worker (5/13): shaders left to compile 14
[2020.01.30-21.47.20:272][153]LogShaderCompilers: Display: Worker (6/13): shaders left to compile 12
[2020.01.30-21.47.20:272][153]LogShaderCompilers: Display: Worker (7/13): shaders left to compile 10
[2020.01.30-21.47.20:272][153]LogShaderCompilers: Display: Worker (8/13): shaders left to compile 8
[2020.01.30-21.47.20:272][153]LogShaderCompilers: Display: Worker (9/13): shaders left to compile 6
[2020.01.30-21.47.20:272][153]LogShaderCompilers: Display: Worker (10/13): shaders left to compile 4
[2020.01.30-21.47.20:272][153]LogShaderCompilers: Display: Worker (11/13): shaders left to compile 2
[2020.01.30-21.47.20:272][153]LogAIModule: Creating AISystem for world NewWorld
[2020.01.30-21.47.20:286][153]LogAssetEditorManager: Opening Asset editor for World /Game/SDF/NewWorld.NewWorld
[2020.01.30-21.47.20:312][153]LogUObjectHash: Compacting FUObjectHashTables data took   1.37ms
[2020.01.30-21.47.20:312][153]Cmd: MAP LOAD FILE="../../../../../../Git/UEGym/TechArt/Content/SDF/NewWorld.umap" TEMPLATE=0 SHOWPROGRESS=1 FEATURELEVEL=3
[2020.01.30-21.47.20:312][153]LightingResults: New page: Lighting Build
[2020.01.30-21.47.20:313][153]LogContentBrowser: Native class hierarchy updated for 'StatsViewer' in 0.0002 seconds. Added 5 classes and 0 folders.
[2020.01.30-21.47.20:314][153]LoadErrors: New page: Loading map: NewWorld.umap
[2020.01.30-21.47.20:314][153]LogWorld: UWorld::CleanupWorld for Untitled, bSessionEnded=true, bCleanupResources=true
[2020.01.30-21.47.20:315][153]MapCheck: New page: Map Check
[2020.01.30-21.47.20:315][153]LightingResults: New page: Lighting Build
[2020.01.30-21.47.20:341][153]LogUObjectHash: Compacting FUObjectHashTables data took   1.93ms
[2020.01.30-21.47.20:418][153]LogEditorServer: Finished looking for orphan Actors (0.000 secs)
[2020.01.30-21.47.20:444][153]LogUObjectHash: Compacting FUObjectHashTables data took   1.59ms
[2020.01.30-21.47.20:474][153]Cmd: MAP CHECKDEP NOCLEARLOG
[2020.01.30-21.47.20:474][153]MapCheck: Map check complete: 0 Error(s), 0 Warning(s), took 0.081ms to complete.
[2020.01.30-21.47.20:474][153]LogFileHelpers: Loading map 'NewWorld' took 0.163
[2020.01.30-21.47.20:544][154]LogStaticMesh: Allocated 379x64x64 distance field atlas = 3.0Mb, with 25 objects containing 1.7Mb backing data
[2020.01.30-21.47.20:701][162]LogRendererCore: Warning: Ran out of GPU queries! Results for this frame will be incomplete
[2020.01.30-21.47.20:738][166]LogShaderCompilers: Warning: Failed to compile Material /Game/SDF/NewMaterial1.NewMaterial1 for platform PCD3D_SM5, Default Material will be used in game.
[2020.01.30-21.47.20:738][166]LogShaderCompilers: Display: 	/Engine/Generated/Material.ush(1624,42-47):  err0r X3004: undeclared identifier 'Smooth'
[2020.01.30-21.47.20:738][166]LogShaderCompilers: Display: 	/Engine/Generated/Material.ush(1624,22-48):  err0r X3004: undeclared identifier 'opSmoothUnion'
[2020.01.30-21.47.20:738][166]LogShaderCompilers: Display: 	(): /Engine/Generated/Material.ush:1624:42: error: use of undeclared identifier 'Smooth'
[2020.01.30-21.47.20:738][166]LogShaderCompilers: Display: 	():     float distance = opSmoothUnion(d1,d2,Smooth);
[2020.01.30-21.47.20:738][166]LogShaderCompilers: Display: 	():                                          ^
[2020.01.30-21.47.20:738][166]LogShaderCompilers: Display: 	(): /Engine/Generated/Material.ush:1964:11: warning: expression result unused
[2020.01.30-21.47.20:738][166]LogShaderCompilers: Display: 	():                 (RetVal - .001) ;
[2020.01.30-21.47.20:738][166]LogShaderCompilers: Display: 	():                  ~~~~~~ ^ ~~~~
[2020.01.30-21.47.20:738][166]LogShaderCompilers: Display: 	(): /Engine/Generated/Material.ush:2013:44: warning: expression result unused
[2020.01.30-21.47.20:738][166]LogShaderCompilers: Display: 	():                 (GetMaterialOpacity(PixelMaterialInputs) - 1.0f / 255.0f) ;
[2020.01.30-21.47.20:738][166]LogShaderCompilers: Display: 	():                  ~~~~~~~~~~~~~~~~~~~~~~~~~~~~~~~~~~~~~~~ ^ ~~~~~~~~~~~~~
[2020.01.30-21.47.20:738][166]LogShaderCompilers: Display: 	(): /Engine/Generated/Material.ush:2025:58: warning: expression result unused
[2020.01.30-21.47.20:738][166]LogShaderCompilers: Display: 	():                 (GetMaterialOpacity(PixelMaterialInputs) - 1.0 / 255.0 - GetMaterialOpacityMaskClipValue()) ;
[2020.01.30-21.47.20:738][166]LogShaderCompilers: Display: 	():                  ~~~~~~~~~~~~~~~~~~~~~~~~~~~~~~~~~~~~~~~~~~~~~~~~~~~~~ ^ ~~~~~~~~~~~~~~~~~~~~~~~~~~~~~~~~~
[2020.01.30-21.47.20:738][166]LogShaderCompilers: Display: 	(): D3DCompileToDxil failed
[2020.01.30-21.47.22:200][341]LogPython: Display: Generating Python API stub file...
[2020.01.30-21.47.22:279][341]LogPython: Display:   ...generating Python API: glue code
[2020.01.30-21.47.22:429][341]LogPython: Display:   ...generating Python API: additional code
[2020.01.30-21.47.22:467][341]LogPython: Display:   ...generated: D:/Git/UEGym/TechArt/Intermediate/PythonStub/unreal.py
[2020.01.30-21.47.37:134][177]LogAssetEditorManager: Opening Asset editor for Material /Game/SDF/NewMaterial1.NewMaterial1
[2020.01.30-21.47.37:137][177]LogMaterial: Display: Missing cached shader map for material NewMaterial1, compiling. 
[2020.01.30-21.47.37:349][177]LogMaterial: Display: Missing cached shader map for material NewMaterial1, compiling. 
[2020.01.30-21.47.37:358][177]LogMaterial: Display: Missing cached shader map for material NewMaterial1, compiling. 
[2020.01.30-21.47.37:370][177]LogShaderCompilers: Display: Worker (1/13): shaders left to compile 21
[2020.01.30-21.47.37:370][177]LogShaderCompilers: Display: Worker (2/13): shaders left to compile 20
[2020.01.30-21.47.37:370][177]LogShaderCompilers: Display: Worker (3/13): shaders left to compile 19
[2020.01.30-21.47.37:370][177]LogShaderCompilers: Display: Worker (4/13): shaders left to compile 18
[2020.01.30-21.47.37:370][177]LogShaderCompilers: Display: Worker (5/13): shaders left to compile 17
[2020.01.30-21.47.37:370][177]LogShaderCompilers: Display: Worker (6/13): shaders left to compile 16
[2020.01.30-21.47.37:370][177]LogShaderCompilers: Display: Worker (7/13): shaders left to compile 15
[2020.01.30-21.47.37:370][177]LogShaderCompilers: Display: Worker (8/13): shaders left to compile 14
[2020.01.30-21.47.37:370][177]LogShaderCompilers: Display: Worker (9/13): shaders left to compile 13
[2020.01.30-21.47.37:370][177]LogShaderCompilers: Display: Worker (10/13): shaders left to compile 12
[2020.01.30-21.47.37:370][177]LogShaderCompilers: Display: Worker (11/13): shaders left to compile 11
[2020.01.30-21.47.37:370][177]LogShaderCompilers: Display: Worker (12/13): shaders left to compile 10
[2020.01.30-21.47.37:374][177]LogMaterial: Display: Missing cached shader map for material FMatExpressionPreview MaterialExpressionCustom_2, compiling. 
[2020.01.30-21.47.37:381][177]LogMaterial: Display: Missing cached shader map for material FMatExpressionPreview MaterialExpressionCustom_0, compiling. 
[2020.01.30-21.47.37:388][177]LogMaterial: Display: Missing cached shader map for material FMatExpressionPreview MaterialExpressionVectorParameter_0, compiling. 
[2020.01.30-21.47.37:394][177]LogMaterial: Display: Missing cached shader map for material FMatExpressionPreview MaterialExpressionCustom_3, compiling. 
[2020.01.30-21.47.37:402][177]LogMaterial: Display: Missing cached shader map for material FMatExpressionPreview MaterialExpressionCustom_4, compiling. 
[2020.01.30-21.47.37:444][177]LogShaderCompilers: Display: Worker (1/13): shaders left to compile 29
[2020.01.30-21.47.37:444][177]LogShaderCompilers: Display: Worker (2/13): shaders left to compile 28
[2020.01.30-21.47.37:444][177]LogShaderCompilers: Display: Worker (3/13): shaders left to compile 27
[2020.01.30-21.47.37:444][177]LogShaderCompilers: Display: Worker (4/13): shaders left to compile 26
[2020.01.30-21.47.37:444][177]LogSlate: Took 0.000139 seconds to synchronously load lazily loaded font '../../../Engine/Content/Slate/Fonts/Roboto-BoldCondensed.ttf' (158K)
[2020.01.30-21.47.37:488][177]LogRenderer: Reallocating scene render targets to support 1240x452 Format 10 NumSamples 1 (Frame:1).
[2020.01.30-21.47.37:488][177]LogShaderCompilers: Display: Worker (5/13): shaders left to compile 25
[2020.01.30-21.47.37:488][177]LogShaderCompilers: Display: Worker (6/13): shaders left to compile 24
[2020.01.30-21.47.37:489][177]LogShaderCompilers: Display: Worker (7/13): shaders left to compile 23
[2020.01.30-21.47.37:489][177]LogShaderCompilers: Display: Worker (8/13): shaders left to compile 22
[2020.01.30-21.47.37:489][177]LogStaticMesh: Allocated 396x64x64 distance field atlas = 3.1Mb, with 27 objects containing 1.9Mb backing data
[2020.01.30-21.47.37:499][177]LogShaderCompilers: Display: Worker (11/13): shaders left to compile 21
[2020.01.30-21.47.37:509][177]LogShaderCompilers: Display: Worker (2/13): shaders left to compile 20
[2020.01.30-21.47.37:517][177]LogShaderCompilers: Display: Worker (1/13): shaders left to compile 19
[2020.01.30-21.47.37:567][179]LogShaderCompilers: Display: Worker (3/13): shaders left to compile 18
[2020.01.30-21.47.37:567][179]LogShaderCompilers: Display: Worker (4/13): shaders left to compile 17
[2020.01.30-21.47.37:567][179]LogShaderCompilers: Display: Worker (5/13): shaders left to compile 16
[2020.01.30-21.47.37:567][179]LogShaderCompilers: Display: Worker (6/13): shaders left to compile 15
[2020.01.30-21.47.37:567][179]LogShaderCompilers: Display: Worker (12/13): shaders left to compile 14
[2020.01.30-21.47.37:588][180]LogShaderCompilers: Display: Worker (11/13): shaders left to compile 13
[2020.01.30-21.47.37:606][181]LogShaderCompilers: Display: Worker (2/13): shaders left to compile 12
[2020.01.30-21.47.37:606][181]LogShaderCompilers: Display: Worker (7/13): shaders left to compile 11
[2020.01.30-21.47.37:620][182]LogShaderCompilers: Display: Worker (1/13): shaders left to compile 10
[2020.01.30-21.47.37:629][183]LogShaderCompilers: Display: Worker (8/13): shaders left to compile 9
[2020.01.30-21.47.37:631][183]LogShaderCompilers: Display: Worker (3/13): shaders left to compile 8
[2020.01.30-21.47.37:632][183]LogShaderCompilers: Display: Worker (9/13): shaders left to compile 7
[2020.01.30-21.47.37:632][183]LogShaderCompilers: Display: Worker (10/13): shaders left to compile 6
[2020.01.30-21.47.37:632][183]LogShaderCompilers: Warning: Failed to compile Material /Engine/Transient.NewMaterial1 for platform PCD3D_SM5, Default Material will be used in game.
[2020.01.30-21.47.37:632][183]LogShaderCompilers: Display: 	/Engine/Generated/Material.ush(1624,42-47):  err0r X3004: undeclared identifier 'Smooth'
[2020.01.30-21.47.37:632][183]LogShaderCompilers: Display: 	/Engine/Generated/Material.ush(1624,22-48):  err0r X3004: undeclared identifier 'opSmoothUnion'
[2020.01.30-21.47.37:632][183]LogShaderCompilers: Display: 	(): /Engine/Generated/Material.ush:1624:42: error: use of undeclared identifier 'Smooth'
[2020.01.30-21.47.37:632][183]LogShaderCompilers: Display: 	():     float distance = opSmoothUnion(d1,d2,Smooth);
[2020.01.30-21.47.37:632][183]LogShaderCompilers: Display: 	():                                          ^
[2020.01.30-21.47.37:632][183]LogShaderCompilers: Display: 	(): /Engine/Generated/Material.ush:1964:11: warning: expression result unused
[2020.01.30-21.47.37:632][183]LogShaderCompilers: Display: 	():                 (RetVal - .001) ;
[2020.01.30-21.47.37:632][183]LogShaderCompilers: Display: 	():                  ~~~~~~ ^ ~~~~
[2020.01.30-21.47.37:632][183]LogShaderCompilers: Display: 	(): /Engine/Generated/Material.ush:2013:44: warning: expression result unused
[2020.01.30-21.47.37:632][183]LogShaderCompilers: Display: 	():                 (GetMaterialOpacity(PixelMaterialInputs) - 1.0f / 255.0f) ;
[2020.01.30-21.47.37:632][183]LogShaderCompilers: Display: 	():                  ~~~~~~~~~~~~~~~~~~~~~~~~~~~~~~~~~~~~~~~ ^ ~~~~~~~~~~~~~
[2020.01.30-21.47.37:632][183]LogShaderCompilers: Display: 	(): /Engine/Generated/Material.ush:2025:58: warning: expression result unused
[2020.01.30-21.47.37:632][183]LogShaderCompilers: Display: 	():                 (GetMaterialOpacity(PixelMaterialInputs) - 1.0 / 255.0 - GetMaterialOpacityMaskClipValue()) ;
[2020.01.30-21.47.37:632][183]LogShaderCompilers: Display: 	():                  ~~~~~~~~~~~~~~~~~~~~~~~~~~~~~~~~~~~~~~~~~~~~~~~~~~~~~ ^ ~~~~~~~~~~~~~~~~~~~~~~~~~~~~~~~~~
[2020.01.30-21.47.37:632][183]LogShaderCompilers: Display: 	(): D3DCompileToDxil failed
[2020.01.30-21.47.37:639][184]MaterialEditorStats: Error: [SM5] /Engine/Generated/Material.ush(1624,42-47):  error X3004: undeclared identifier 'Smooth'
[2020.01.30-21.47.37:639][184]MaterialEditorStats: Error: [SM5] /Engine/Generated/Material.ush(1624,22-48):  error X3004: undeclared identifier 'opSmoothUnion'
[2020.01.30-21.47.37:639][184]MaterialEditorStats: Error: [SM5] (): /Engine/Generated/Material.ush:1624:42: error: use of undeclared identifier 'Smooth'
[2020.01.30-21.47.37:639][184]MaterialEditorStats: Error: [SM5] ():     float distance = opSmoothUnion(d1,d2,Smooth);
[2020.01.30-21.47.37:639][184]MaterialEditorStats: Error: [SM5] ():                                          ^
[2020.01.30-21.47.37:639][184]MaterialEditorStats: Error: [SM5] (): /Engine/Generated/Material.ush:1964:11: warning: expression result unused
[2020.01.30-21.47.37:639][184]MaterialEditorStats: Error: [SM5] ():                 (RetVal - .001) ;
[2020.01.30-21.47.37:639][184]MaterialEditorStats: Error: [SM5] ():                  ~~~~~~ ^ ~~~~
[2020.01.30-21.47.37:639][184]MaterialEditorStats: Error: [SM5] (): /Engine/Generated/Material.ush:2013:44: warning: expression result unused
[2020.01.30-21.47.37:639][184]MaterialEditorStats: Error: [SM5] ():                 (GetMaterialOpacity(PixelMaterialInputs) - 1.0f / 255.0f) ;
[2020.01.30-21.47.37:639][184]MaterialEditorStats: Error: [SM5] ():                  ~~~~~~~~~~~~~~~~~~~~~~~~~~~~~~~~~~~~~~~ ^ ~~~~~~~~~~~~~
[2020.01.30-21.47.37:639][184]MaterialEditorStats: Error: [SM5] (): /Engine/Generated/Material.ush:2025:58: warning: expression result unused
[2020.01.30-21.47.37:640][184]MaterialEditorStats: Error: [SM5] ():                 (GetMaterialOpacity(PixelMaterialInputs) - 1.0 / 255.0 - GetMaterialOpacityMaskClipValue()) ;
[2020.01.30-21.47.37:640][184]MaterialEditorStats: Error: [SM5] ():                  ~~~~~~~~~~~~~~~~~~~~~~~~~~~~~~~~~~~~~~~~~~~~~~~~~~~~~ ^ ~~~~~~~~~~~~~~~~~~~~~~~~~~~~~~~~~
[2020.01.30-21.47.37:640][184]MaterialEditorStats: Error: [SM5] (): D3DCompileToDxil failed
[2020.01.30-21.47.37:654][185]LogShaderCompilers: Display: Worker (4/13): shaders left to compile 5
[2020.01.30-21.47.37:654][185]LogShaderCompilers: Display: Worker (12/13): shaders left to compile 4
[2020.01.30-21.47.37:654][185]LogShaderCompilers: Warning: Failed to compile Material  for platform PCD3D_SM5, Default Material will be used in game.
[2020.01.30-21.47.37:654][185]LogShaderCompilers: Display: 	/Engine/Generated/Material.ush(1599,25-31):  err0r X3004: undeclared identifier 'InColor'
[2020.01.30-21.47.37:654][185]LogShaderCompilers: Display: 	/Engine/Generated/Material.ush(1599,12-32):  err0r X3013: 'OrangeBright': no matching 1 parameter function
[2020.01.30-21.47.37:672][187]LogShaderCompilers: Display: Worker (5/13): shaders left to compile 3
[2020.01.30-21.47.37:672][187]LogShaderCompilers: Display: Worker (6/13): shaders left to compile 2
[2020.01.30-21.47.37:672][187]LogShaderCompilers: Display: Worker (11/13): shaders left to compile 1
[2020.01.30-21.47.37:674][187]LogShaderCompilers: Warning: Failed to compile Material  for platform PCD3D_SM5, Default Material will be used in game.
[2020.01.30-21.47.37:674][187]LogShaderCompilers: Display: 	/Engine/Generated/Material.ush(1624,42-47):  err0r X3004: undeclared identifier 'Smooth'
[2020.01.30-21.47.37:674][187]LogShaderCompilers: Display: 	/Engine/Generated/Material.ush(1624,22-48):  err0r X3004: undeclared identifier 'opSmoothUnion'
[2020.01.30-21.47.37:737][193]LogShaderCompilers: Warning: Failed to compile Material  for platform PCD3D_SM5, Default Material will be used in game.
[2020.01.30-21.47.37:738][193]LogShaderCompilers: Display: 	/Engine/Generated/Material.ush(1599,25-31):  err0r X3004: undeclared identifier 'InColor'
[2020.01.30-21.47.37:738][193]LogShaderCompilers: Display: 	/Engine/Generated/Material.ush(1599,12-32):  err0r X3013: 'OrangeBright': no matching 1 parameter function
[2020.01.30-21.47.38:515][275]LogSlate: Took 0.000112 seconds to synchronously load lazily loaded font '../../../Engine/Content/Slate/Fonts/Roboto-Italic.ttf' (157K)
[2020.01.30-21.47.57:496][532]LogMaterial: Display: Missing cached shader map for material NewMaterial1, compiling. 
[2020.01.30-21.47.57:513][533]LogShaderCompilers: Display: Worker (1/13): shaders left to compile 21
[2020.01.30-21.47.57:513][533]LogShaderCompilers: Display: Worker (2/13): shaders left to compile 20
[2020.01.30-21.47.57:513][533]LogShaderCompilers: Display: Worker (3/13): shaders left to compile 19
[2020.01.30-21.47.57:513][533]LogShaderCompilers: Display: Worker (4/13): shaders left to compile 18
[2020.01.30-21.47.57:513][533]LogShaderCompilers: Display: Worker (5/13): shaders left to compile 17
[2020.01.30-21.47.57:513][533]LogShaderCompilers: Display: Worker (6/13): shaders left to compile 16
[2020.01.30-21.47.57:513][533]LogShaderCompilers: Display: Worker (7/13): shaders left to compile 15
[2020.01.30-21.47.57:513][533]LogShaderCompilers: Display: Worker (8/13): shaders left to compile 14
[2020.01.30-21.47.57:513][533]LogShaderCompilers: Display: Worker (9/13): shaders left to compile 13
[2020.01.30-21.47.57:513][533]LogShaderCompilers: Display: Worker (10/13): shaders left to compile 12
[2020.01.30-21.47.57:513][533]LogShaderCompilers: Display: Worker (11/13): shaders left to compile 11
[2020.01.30-21.47.57:513][533]LogShaderCompilers: Display: Worker (12/13): shaders left to compile 10
[2020.01.30-21.47.57:584][541]LogShaderCompilers: Display: Worker (1/13): shaders left to compile 9
[2020.01.30-21.47.57:584][541]LogShaderCompilers: Display: Worker (2/13): shaders left to compile 8
[2020.01.30-21.47.57:584][541]LogShaderCompilers: Display: Worker (3/13): shaders left to compile 7
[2020.01.30-21.47.57:602][543]LogShaderCompilers: Display: Worker (5/13): shaders left to compile 6
[2020.01.30-21.47.57:610][544]LogShaderCompilers: Display: Worker (4/13): shaders left to compile 5
[2020.01.30-21.47.57:610][544]LogShaderCompilers: Display: Worker (6/13): shaders left to compile 4
[2020.01.30-21.47.57:610][544]LogShaderCompilers: Display: Worker (7/13): shaders left to compile 3
[2020.01.30-21.47.57:635][547]LogShaderCompilers: Display: Worker (8/13): shaders left to compile 2
[2020.01.30-21.47.57:635][547]LogShaderCompilers: Display: Worker (11/13): shaders left to compile 1
[2020.01.30-21.47.57:744][560]LogShaderCompilers: Warning: Failed to compile Material /Engine/Transient.NewMaterial1 for platform PCD3D_SM5, Default Material will be used in game.
[2020.01.30-21.47.57:744][560]LogShaderCompilers: Display: 	/Engine/Generated/Material.ush(1624,42-47):  err0r X3004: undeclared identifier 'Smooth'
[2020.01.30-21.47.57:744][560]LogShaderCompilers: Display: 	/Engine/Generated/Material.ush(1624,22-48):  err0r X3004: undeclared identifier 'opSmoothUnion'
[2020.01.30-21.47.57:744][560]LogShaderCompilers: Display: 	(): /Engine/Generated/Material.ush:1624:42: error: use of undeclared identifier 'Smooth'
[2020.01.30-21.47.57:744][560]LogShaderCompilers: Display: 	():     float distance = opSmoothUnion(d1,d2,Smooth);
[2020.01.30-21.47.57:745][560]LogShaderCompilers: Display: 	():                                          ^
[2020.01.30-21.47.57:745][560]LogShaderCompilers: Display: 	(): /Engine/Generated/Material.ush:1964:11: warning: expression result unused
[2020.01.30-21.47.57:745][560]LogShaderCompilers: Display: 	():                 (RetVal - .001) ;
[2020.01.30-21.47.57:745][560]LogShaderCompilers: Display: 	():                  ~~~~~~ ^ ~~~~
[2020.01.30-21.47.57:745][560]LogShaderCompilers: Display: 	(): /Engine/Generated/Material.ush:2013:44: warning: expression result unused
[2020.01.30-21.47.57:745][560]LogShaderCompilers: Display: 	():                 (GetMaterialOpacity(PixelMaterialInputs) - 1.0f / 255.0f) ;
[2020.01.30-21.47.57:745][560]LogShaderCompilers: Display: 	():                  ~~~~~~~~~~~~~~~~~~~~~~~~~~~~~~~~~~~~~~~ ^ ~~~~~~~~~~~~~
[2020.01.30-21.47.57:745][560]LogShaderCompilers: Display: 	(): /Engine/Generated/Material.ush:2025:58: warning: expression result unused
[2020.01.30-21.47.57:745][560]LogShaderCompilers: Display: 	():                 (GetMaterialOpacity(PixelMaterialInputs) - 1.0 / 255.0 - GetMaterialOpacityMaskClipValue()) ;
[2020.01.30-21.47.57:745][560]LogShaderCompilers: Display: 	():                  ~~~~~~~~~~~~~~~~~~~~~~~~~~~~~~~~~~~~~~~~~~~~~~~~~~~~~ ^ ~~~~~~~~~~~~~~~~~~~~~~~~~~~~~~~~~
[2020.01.30-21.47.57:745][560]LogShaderCompilers: Display: 	(): D3DCompileToDxil failed
[2020.01.30-21.47.57:752][561]MaterialEditorStats: Error: [SM5] /Engine/Generated/Material.ush(1624,42-47):  error X3004: undeclared identifier 'Smooth'
[2020.01.30-21.47.57:752][561]MaterialEditorStats: Error: [SM5] /Engine/Generated/Material.ush(1624,22-48):  error X3004: undeclared identifier 'opSmoothUnion'
[2020.01.30-21.47.57:752][561]MaterialEditorStats: Error: [SM5] (): /Engine/Generated/Material.ush:1624:42: error: use of undeclared identifier 'Smooth'
[2020.01.30-21.47.57:752][561]MaterialEditorStats: Error: [SM5] ():     float distance = opSmoothUnion(d1,d2,Smooth);
[2020.01.30-21.47.57:752][561]MaterialEditorStats: Error: [SM5] ():                                          ^
[2020.01.30-21.47.57:752][561]MaterialEditorStats: Error: [SM5] (): /Engine/Generated/Material.ush:1964:11: warning: expression result unused
[2020.01.30-21.47.57:752][561]MaterialEditorStats: Error: [SM5] ():                 (RetVal - .001) ;
[2020.01.30-21.47.57:752][561]MaterialEditorStats: Error: [SM5] ():                  ~~~~~~ ^ ~~~~
[2020.01.30-21.47.57:752][561]MaterialEditorStats: Error: [SM5] (): /Engine/Generated/Material.ush:2013:44: warning: expression result unused
[2020.01.30-21.47.57:752][561]MaterialEditorStats: Error: [SM5] ():                 (GetMaterialOpacity(PixelMaterialInputs) - 1.0f / 255.0f) ;
[2020.01.30-21.47.57:752][561]MaterialEditorStats: Error: [SM5] ():                  ~~~~~~~~~~~~~~~~~~~~~~~~~~~~~~~~~~~~~~~ ^ ~~~~~~~~~~~~~
[2020.01.30-21.47.57:752][561]MaterialEditorStats: Error: [SM5] (): /Engine/Generated/Material.ush:2025:58: warning: expression result unused
[2020.01.30-21.47.57:752][561]MaterialEditorStats: Error: [SM5] ():                 (GetMaterialOpacity(PixelMaterialInputs) - 1.0 / 255.0 - GetMaterialOpacityMaskClipValue()) ;
[2020.01.30-21.47.57:753][561]MaterialEditorStats: Error: [SM5] ():                  ~~~~~~~~~~~~~~~~~~~~~~~~~~~~~~~~~~~~~~~~~~~~~~~~~~~~~ ^ ~~~~~~~~~~~~~~~~~~~~~~~~~~~~~~~~~
[2020.01.30-21.47.57:753][561]MaterialEditorStats: Error: [SM5] (): D3DCompileToDxil failed
[2020.01.30-21.48.01:571][ 18]LogMaterial: Display: Missing cached shader map for material NewMaterial1, compiling. 
[2020.01.30-21.48.01:583][ 18]LogShaderCompilers: Display: Worker (1/13): shaders left to compile 21
[2020.01.30-21.48.01:583][ 18]LogShaderCompilers: Display: Worker (2/13): shaders left to compile 20
[2020.01.30-21.48.01:583][ 18]LogShaderCompilers: Display: Worker (3/13): shaders left to compile 19
[2020.01.30-21.48.01:583][ 18]LogShaderCompilers: Display: Worker (4/13): shaders left to compile 18
[2020.01.30-21.48.01:583][ 18]LogShaderCompilers: Display: Worker (5/13): shaders left to compile 17
[2020.01.30-21.48.01:583][ 18]LogShaderCompilers: Display: Worker (6/13): shaders left to compile 16
[2020.01.30-21.48.01:583][ 18]LogShaderCompilers: Display: Worker (7/13): shaders left to compile 15
[2020.01.30-21.48.01:583][ 18]LogShaderCompilers: Display: Worker (8/13): shaders left to compile 14
[2020.01.30-21.48.01:583][ 18]LogShaderCompilers: Display: Worker (9/13): shaders left to compile 13
[2020.01.30-21.48.01:583][ 18]LogShaderCompilers: Display: Worker (10/13): shaders left to compile 12
[2020.01.30-21.48.01:583][ 18]LogShaderCompilers: Display: Worker (11/13): shaders left to compile 11
[2020.01.30-21.48.01:583][ 18]LogShaderCompilers: Display: Worker (12/13): shaders left to compile 10
[2020.01.30-21.48.01:587][ 18]LogMaterial: Display: Missing cached shader map for material FMatExpressionPreview MaterialExpressionCustom_0, compiling. 
[2020.01.30-21.48.01:594][ 18]LogMaterial: Display: Missing cached shader map for material NewMaterial1, compiling. 
[2020.01.30-21.48.01:650][ 21]LogShaderCompilers: Display: Worker (1/13): shaders left to compile 25
[2020.01.30-21.48.01:650][ 21]LogShaderCompilers: Display: Worker (2/13): shaders left to compile 24
[2020.01.30-21.48.01:650][ 21]LogShaderCompilers: Display: Worker (3/13): shaders left to compile 23
[2020.01.30-21.48.01:650][ 21]LogShaderCompilers: Display: Worker (4/13): shaders left to compile 22
[2020.01.30-21.48.01:685][ 25]LogShaderCompilers: Display: Worker (5/13): shaders left to compile 21
[2020.01.30-21.48.01:685][ 25]LogShaderCompilers: Display: Worker (6/13): shaders left to compile 20
[2020.01.30-21.48.01:685][ 25]LogShaderCompilers: Display: Worker (7/13): shaders left to compile 19
[2020.01.30-21.48.01:685][ 25]LogShaderCompilers: Display: Worker (8/13): shaders left to compile 18
[2020.01.30-21.48.01:705][ 27]LogShaderCompilers: Display: Worker (11/13): shaders left to compile 17
[2020.01.30-21.48.01:705][ 27]LogShaderCompilers: Display: Worker (12/13): shaders left to compile 16
[2020.01.30-21.48.01:740][ 30]LogShaderCompilers: Display: Worker (3/13): shaders left to compile 15
[2020.01.30-21.48.01:740][ 30]LogShaderCompilers: Display: Worker (1/13): shaders left to compile 14
[2020.01.30-21.48.01:740][ 30]LogShaderCompilers: Display: Worker (5/13): shaders left to compile 13
[2020.01.30-21.48.01:763][ 32]LogShaderCompilers: Display: Worker (2/13): shaders left to compile 12
[2020.01.30-21.48.01:763][ 32]LogShaderCompilers: Display: Worker (4/13): shaders left to compile 11
[2020.01.30-21.48.01:763][ 32]LogShaderCompilers: Display: Worker (6/13): shaders left to compile 10
[2020.01.30-21.48.01:763][ 32]LogShaderCompilers: Display: Worker (7/13): shaders left to compile 9
[2020.01.30-21.48.01:763][ 32]LogShaderCompilers: Display: Worker (8/13): shaders left to compile 8
[2020.01.30-21.48.01:764][ 32]LogShaderCompilers: Warning: Failed to compile Material  for platform PCD3D_SM5, Default Material will be used in game.
[2020.01.30-21.48.01:765][ 32]LogShaderCompilers: Display: 	/Engine/Generated/Material.ush(1624,42-47):  err0r X3004: undeclared identifier 'Smooth'
[2020.01.30-21.48.01:765][ 32]LogShaderCompilers: Display: 	/Engine/Generated/Material.ush(1624,22-48):  err0r X3004: undeclared identifier 'opSmoothUnion'
[2020.01.30-21.48.01:790][ 35]LogShaderCompilers: Display: Worker (3/13): shaders left to compile 7
[2020.01.30-21.48.01:790][ 35]LogShaderCompilers: Display: Worker (11/13): shaders left to compile 6
[2020.01.30-21.48.01:790][ 35]LogShaderCompilers: Display: Worker (12/13): shaders left to compile 5
[2020.01.30-21.48.01:814][ 37]LogShaderCompilers: Display: Worker (1/13): shaders left to compile 4
[2020.01.30-21.48.01:824][ 38]LogShaderCompilers: Display: Worker (4/13): shaders left to compile 3
[2020.01.30-21.48.01:834][ 39]LogShaderCompilers: Display: Worker (6/13): shaders left to compile 2
[2020.01.30-21.48.01:834][ 39]LogShaderCompilers: Display: Worker (9/13): shaders left to compile 1
[2020.01.30-21.48.01:945][ 52]LogShaderCompilers: Warning: Failed to compile Material /Engine/Transient.NewMaterial1 for platform PCD3D_SM5, Default Material will be used in game.
[2020.01.30-21.48.01:945][ 52]LogShaderCompilers: Display: 	/Engine/Generated/Material.ush(1624,42-47):  err0r X3004: undeclared identifier 'Smooth'
[2020.01.30-21.48.01:945][ 52]LogShaderCompilers: Display: 	/Engine/Generated/Material.ush(1624,22-48):  err0r X3004: undeclared identifier 'opSmoothUnion'
[2020.01.30-21.48.01:945][ 52]LogShaderCompilers: Display: 	(): /Engine/Generated/Material.ush:1624:42: error: use of undeclared identifier 'Smooth'
[2020.01.30-21.48.01:945][ 52]LogShaderCompilers: Display: 	():     float distance = opSmoothUnion(d1,d2,Smooth);
[2020.01.30-21.48.01:945][ 52]LogShaderCompilers: Display: 	():                                          ^
[2020.01.30-21.48.01:945][ 52]LogShaderCompilers: Display: 	(): /Engine/Generated/Material.ush:1964:11: warning: expression result unused
[2020.01.30-21.48.01:945][ 52]LogShaderCompilers: Display: 	():                 (RetVal - .001) ;
[2020.01.30-21.48.01:945][ 52]LogShaderCompilers: Display: 	():                  ~~~~~~ ^ ~~~~
[2020.01.30-21.48.01:945][ 52]LogShaderCompilers: Display: 	(): /Engine/Generated/Material.ush:2013:44: warning: expression result unused
[2020.01.30-21.48.01:945][ 52]LogShaderCompilers: Display: 	():                 (GetMaterialOpacity(PixelMaterialInputs) - 1.0f / 255.0f) ;
[2020.01.30-21.48.01:945][ 52]LogShaderCompilers: Display: 	():                  ~~~~~~~~~~~~~~~~~~~~~~~~~~~~~~~~~~~~~~~ ^ ~~~~~~~~~~~~~
[2020.01.30-21.48.01:945][ 52]LogShaderCompilers: Display: 	(): /Engine/Generated/Material.ush:2025:58: warning: expression result unused
[2020.01.30-21.48.01:946][ 52]LogShaderCompilers: Display: 	():                 (GetMaterialOpacity(PixelMaterialInputs) - 1.0 / 255.0 - GetMaterialOpacityMaskClipValue()) ;
[2020.01.30-21.48.01:946][ 52]LogShaderCompilers: Display: 	():                  ~~~~~~~~~~~~~~~~~~~~~~~~~~~~~~~~~~~~~~~~~~~~~~~~~~~~~ ^ ~~~~~~~~~~~~~~~~~~~~~~~~~~~~~~~~~
[2020.01.30-21.48.01:946][ 52]LogShaderCompilers: Display: 	(): D3DCompileToDxil failed
[2020.01.30-21.48.01:953][ 53]MaterialEditorStats: Error: [SM5] /Engine/Generated/Material.ush(1624,42-47):  error X3004: undeclared identifier 'Smooth'
[2020.01.30-21.48.01:953][ 53]MaterialEditorStats: Error: [SM5] /Engine/Generated/Material.ush(1624,22-48):  error X3004: undeclared identifier 'opSmoothUnion'
[2020.01.30-21.48.01:953][ 53]MaterialEditorStats: Error: [SM5] (): /Engine/Generated/Material.ush:1624:42: error: use of undeclared identifier 'Smooth'
[2020.01.30-21.48.01:953][ 53]MaterialEditorStats: Error: [SM5] ():     float distance = opSmoothUnion(d1,d2,Smooth);
[2020.01.30-21.48.01:954][ 53]MaterialEditorStats: Error: [SM5] ():                                          ^
[2020.01.30-21.48.01:954][ 53]MaterialEditorStats: Error: [SM5] (): /Engine/Generated/Material.ush:1964:11: warning: expression result unused
[2020.01.30-21.48.01:954][ 53]MaterialEditorStats: Error: [SM5] ():                 (RetVal - .001) ;
[2020.01.30-21.48.01:954][ 53]MaterialEditorStats: Error: [SM5] ():                  ~~~~~~ ^ ~~~~
[2020.01.30-21.48.01:954][ 53]MaterialEditorStats: Error: [SM5] (): /Engine/Generated/Material.ush:2013:44: warning: expression result unused
[2020.01.30-21.48.01:954][ 53]MaterialEditorStats: Error: [SM5] ():                 (GetMaterialOpacity(PixelMaterialInputs) - 1.0f / 255.0f) ;
[2020.01.30-21.48.01:954][ 53]MaterialEditorStats: Error: [SM5] ():                  ~~~~~~~~~~~~~~~~~~~~~~~~~~~~~~~~~~~~~~~ ^ ~~~~~~~~~~~~~
[2020.01.30-21.48.01:954][ 53]MaterialEditorStats: Error: [SM5] (): /Engine/Generated/Material.ush:2025:58: warning: expression result unused
[2020.01.30-21.48.01:954][ 53]MaterialEditorStats: Error: [SM5] ():                 (GetMaterialOpacity(PixelMaterialInputs) - 1.0 / 255.0 - GetMaterialOpacityMaskClipValue()) ;
[2020.01.30-21.48.01:954][ 53]MaterialEditorStats: Error: [SM5] ():                  ~~~~~~~~~~~~~~~~~~~~~~~~~~~~~~~~~~~~~~~~~~~~~~~~~~~~~ ^ ~~~~~~~~~~~~~~~~~~~~~~~~~~~~~~~~~
[2020.01.30-21.48.01:954][ 53]MaterialEditorStats: Error: [SM5] (): D3DCompileToDxil failed
[2020.01.30-21.48.03:510][239]LogMaterial: Display: Missing cached shader map for material NewMaterial1, compiling. 
[2020.01.30-21.48.03:510][239]LogMaterial: Warning: /Engine/Transient.NewMaterial1 (no disk path found): Failed to compile Material for platform PCD3D_SM5, Default Material will be used in game.
[2020.01.30-21.48.03:510][239]LogMaterial: Display: 	(Node Custom) Custom material Custom missing input 8 (opSmoothUnion)
[2020.01.30-21.48.03:522][239]LogMaterial: Display: Missing cached shader map for material FMatExpressionPreview MaterialExpressionCustom_0, compiling. 
[2020.01.30-21.48.03:525][239]LogMaterial: Display: Missing cached shader map for material NewMaterial1, compiling. 
[2020.01.30-21.48.03:525][239]LogMaterial: Warning: /Engine/Transient.NewMaterial1 (no disk path found): Failed to compile Material for platform PCD3D_SM5, Default Material will be used in game.
[2020.01.30-21.48.03:525][239]LogMaterial: Display: 	(Node Custom) Custom material Custom missing input 8 (opSmoothUnion)
[2020.01.30-21.48.03:579][244]MaterialEditorStats: Error: [SM5] (Node Custom) Custom material Custom missing input 8 (opSmoothUnion)
[2020.01.30-21.48.04:614][366]LogMaterial: Display: Missing cached shader map for material NewMaterial1, compiling. 
[2020.01.30-21.48.04:615][366]LogMaterial: Warning: /Engine/Transient.NewMaterial1 (no disk path found): Failed to compile Material for platform PCD3D_SM5, Default Material will be used in game.
[2020.01.30-21.48.04:615][366]LogMaterial: Display: 	(Node Custom) Custom material Custom missing input 8 (opSmoothUnion)
[2020.01.30-21.48.04:621][366]LogMaterial: Display: Missing cached shader map for material FMatExpressionPreview MaterialExpressionCustom_0, compiling. 
[2020.01.30-21.48.04:623][366]LogMaterial: Display: Missing cached shader map for material NewMaterial1, compiling. 
[2020.01.30-21.48.04:624][366]LogMaterial: Warning: /Engine/Transient.NewMaterial1 (no disk path found): Failed to compile Material for platform PCD3D_SM5, Default Material will be used in game.
[2020.01.30-21.48.04:624][366]LogMaterial: Display: 	(Node Custom) Custom material Custom missing input 8 (opSmoothUnion)
[2020.01.30-21.48.06:125][417]LogWindows: Error: === Critical error: ===
[2020.01.30-21.48.06:125][417]LogWindows: Error: 
[2020.01.30-21.48.06:125][417]LogWindows: Error: Fatal error!
[2020.01.30-21.48.06:125][417]LogWindows: Error: 
[2020.01.30-21.48.06:125][417]LogWindows: Error: Unhandled Exception: EXCEPTION_ACCESS_VIOLATION reading address 0x000001e8
[2020.01.30-21.48.06:125][417]LogWindows: Error: 
[2020.01.30-21.48.06:125][417]LogWindows: Error: [Callstack] 0x00007ffdd49dfff8 UE4Editor-Core.dll!UnknownFunction []
[2020.01.30-21.48.06:125][417]LogWindows: Error: [Callstack] 0x00007ffdd49dfe37 UE4Editor-Core.dll!UnknownFunction []
[2020.01.30-21.48.06:125][417]LogWindows: Error: [Callstack] 0x00007ffd7e61f47b UE4Editor-CoreUObject.dll!UnknownFunction []
[2020.01.30-21.48.06:125][417]LogWindows: Error: [Callstack] 0x00007ffd7e5c714a UE4Editor-CoreUObject.dll!UnknownFunction []
[2020.01.30-21.48.06:125][417]LogWindows: Error: [Callstack] 0x00007ffd7e446235 UE4Editor-CoreUObject.dll!UnknownFunction []
[2020.01.30-21.48.06:125][417]LogWindows: Error: [Callstack] 0x00007ffd7e620284 UE4Editor-CoreUObject.dll!UnknownFunction []
[2020.01.30-21.48.06:125][417]LogWindows: Error: [Callstack] 0x00007ffd6eae086c UE4Editor-PropertyEditor.dll!UnknownFunction []
[2020.01.30-21.48.06:125][417]LogWindows: Error: [Callstack] 0x00007ffd6eae04b6 UE4Editor-PropertyEditor.dll!UnknownFunction []
[2020.01.30-21.48.06:125][417]LogWindows: Error: [Callstack] 0x00007ffd6eaf10cc UE4Editor-PropertyEditor.dll!UnknownFunction []
[2020.01.30-21.48.06:125][417]LogWindows: Error: [Callstack] 0x00007ffd6eaf1444 UE4Editor-PropertyEditor.dll!UnknownFunction []
[2020.01.30-21.48.06:125][417]LogWindows: Error: [Callstack] 0x00007ffd6eaf105c UE4Editor-PropertyEditor.dll!UnknownFunction []
[2020.01.30-21.48.06:125][417]LogWindows: Error: [Callstack] 0x00007ffd6ec12ba9 UE4Editor-PropertyEditor.dll!UnknownFunction []
[2020.01.30-21.48.06:125][417]LogWindows: Error: [Callstack] 0x00007ffd6ebf1bb7 UE4Editor-PropertyEditor.dll!UnknownFunction []
[2020.01.30-21.48.06:125][417]LogWindows: Error: [Callstack] 0x00007ffdc81bd644 UE4Editor-Slate.dll!UnknownFunction []
[2020.01.30-21.48.06:125][417]LogWindows: Error: [Callstack] 0x00007ffdc83ac533 UE4Editor-Slate.dll!UnknownFunction []
[2020.01.30-21.48.06:125][417]LogWindows: Error: [Callstack] 0x00007ffdc820922b UE4Editor-Slate.dll!UnknownFunction []
[2020.01.30-21.48.06:126][417]LogWindows: Error: [Callstack] 0x00007ffdc8205dfa UE4Editor-Slate.dll!UnknownFunction []
[2020.01.30-21.48.06:126][417]LogWindows: Error: [Callstack] 0x00007ffdc820538e UE4Editor-Slate.dll!UnknownFunction []
[2020.01.30-21.48.06:126][417]LogWindows: Error: [Callstack] 0x00007ff621628be4 UE4Editor.exe!UnknownFunction []
[2020.01.30-21.48.06:126][417]LogWindows: Error: [Callstack] 0x00007ff62163a91c UE4Editor.exe!UnknownFunction []
[2020.01.30-21.48.06:126][417]LogWindows: Error: [Callstack] 0x00007ff62163a9fa UE4Editor.exe!UnknownFunction []
[2020.01.30-21.48.06:126][417]LogWindows: Error: [Callstack] 0x00007ff62164b92c UE4Editor.exe!UnknownFunction []
[2020.01.30-21.48.06:126][417]LogWindows: Error: [Callstack] 0x00007ff62164e60e UE4Editor.exe!UnknownFunction []
[2020.01.30-21.48.06:126][417]LogWindows: Error: [Callstack] 0x00007ffe1f267bd4 KERNEL32.DLL!UnknownFunction []
[2020.01.30-21.48.06:126][417]LogWindows: Error: [Callstack] 0x00007ffe20c4ced1 ntdll.dll!UnknownFunction []
[2020.01.30-21.48.06:126][417]LogWindows: Error: 
[2020.01.30-21.48.06:146][417]LogExit: Executing StaticShutdownAfterError
[2020.01.30-21.48.06:147][417]LogWindows: FPlatformMisc::RequestExit(1)
[2020.01.30-21.48.06:159][417]Log file closed, 01/30/20 13:48:06
