Log file open, 09/22/19 20:50:44
LogWindows: Failed to load 'aqProf.dll' (GetLastError=126)
LogWindows: File 'aqProf.dll' does not exist
LogWindows: Failed to load 'VtuneApi.dll' (GetLastError=126)
LogWindows: File 'VtuneApi.dll' does not exist
LogWindows: Failed to load 'VtuneApi32e.dll' (GetLastError=126)
LogWindows: File 'VtuneApi32e.dll' does not exist
LogConsoleResponse: Display: Failed to find resolution value strings in scalability ini. Falling back to default.
LogInit: Display: Running engine for game: TechArt
LogPlatformFile: Not using cached read wrapper
LogTaskGraph: Started task graph with 5 named threads and 35 total threads with 3 sets of task threads.
LogStats: Stats thread started at 0.051828
LogD3D11RHI: Loaded GFSDK_Aftermath_Lib.x64.dll
LogICUInternationalization: ICU TimeZone Detection - Raw Offset: -8:00, Platform Override: ''
LogPluginManager: Mounting plugin Paper2D
LogPluginManager: Mounting plugin AISupport
LogPluginManager: Mounting plugin LightPropagationVolume
LogPluginManager: Mounting plugin ActorLayerUtilities
LogPluginManager: Mounting plugin AnimationSharing
LogPluginManager: Mounting plugin CLionSourceCodeAccess
LogPluginManager: Mounting plugin CodeLiteSourceCodeAccess
LogPluginManager: Mounting plugin GitSourceControl
LogPluginManager: Mounting plugin KDevelopSourceCodeAccess
LogPluginManager: Mounting plugin NullSourceCodeAccess
LogPluginManager: Mounting plugin PerforceSourceControl
LogPluginManager: Mounting plugin SubversionSourceControl
LogPluginManager: Mounting plugin UObjectPlugin
LogPluginManager: Mounting plugin VisualStudioCodeSourceCodeAccess
LogPluginManager: Mounting plugin VisualStudioSourceCodeAccess
LogPluginManager: Mounting plugin XCodeSourceCodeAccess
LogPluginManager: Mounting plugin AssetManagerEditor
LogPluginManager: Mounting plugin CryptoKeys
LogPluginManager: Mounting plugin CurveEditorTools
LogPluginManager: Mounting plugin DataValidation
LogPluginManager: Mounting plugin FacialAnimation
LogPluginManager: Mounting plugin GameplayTagsEditor
LogPluginManager: Mounting plugin MacGraphicsSwitching
LogPluginManager: Mounting plugin MaterialAnalyzer
LogPluginManager: Mounting plugin MobileLauncherProfileWizard
LogPluginManager: Mounting plugin PluginBrowser
LogPluginManager: Mounting plugin SpeedTreeImporter
LogPluginManager: Mounting plugin DatasmithContent
LogPluginManager: Mounting plugin VariantManagerContent
LogPluginManager: Mounting plugin AlembicImporter
LogPluginManager: Mounting plugin AutomationUtils
LogPluginManager: Mounting plugin BackChannel
LogPluginManager: Mounting plugin CharacterAI
LogPluginManager: Mounting plugin GeometryCache
LogPluginManager: Mounting plugin HTML5Networking
LogPluginManager: Mounting plugin PlatformCrypto
LogPluginManager: Mounting plugin ProxyLODPlugin
LogPluginManager: Mounting plugin SkeletalReduction
LogPluginManager: Mounting plugin MagicLeap
LogPluginManager: Mounting plugin MagicLeapMedia
LogPluginManager: Mounting plugin AndroidMedia
LogPluginManager: Mounting plugin AvfMedia
LogPluginManager: Mounting plugin ImgMedia
LogPluginManager: Mounting plugin MediaCompositing
LogPluginManager: Mounting plugin MediaPlayerEditor
LogPluginManager: Mounting plugin WebMMedia
LogPluginManager: Mounting plugin WmfMedia
LogPluginManager: Mounting plugin TcpMessaging
LogPluginManager: Mounting plugin UdpMessaging
LogPluginManager: Mounting plugin ActorSequence
LogPluginManager: Mounting plugin LevelSequenceEditor
LogPluginManager: Mounting plugin MatineeToLevelSequence
LogPluginManager: Mounting plugin NetcodeUnitTest
LogPluginManager: Mounting plugin NUTUnrealEngine4
LogPluginManager: Mounting plugin OnlineSubsystemGooglePlay
LogPluginManager: Mounting plugin OnlineSubsystemIOS
LogPluginManager: Mounting plugin OnlineSubsystem
LogPluginManager: Mounting plugin OnlineSubsystemNull
LogPluginManager: Mounting plugin OnlineSubsystemUtils
LogPluginManager: Mounting plugin LauncherChunkInstaller
LogPluginManager: Mounting plugin AndroidDeviceProfileSelector
LogPluginManager: Mounting plugin AndroidMoviePlayer
LogPluginManager: Mounting plugin AndroidPermission
LogPluginManager: Mounting plugin AppleImageUtils
LogPluginManager: Mounting plugin AppleMoviePlayer
LogPluginManager: Mounting plugin ArchVisCharacter
LogPluginManager: Mounting plugin AudioCapture
LogPluginManager: Mounting plugin CableComponent
LogPluginManager: Mounting plugin CustomMeshComponent
LogPluginManager: Mounting plugin EditableMesh
LogPluginManager: Mounting plugin ExampleDeviceProfileSelector
LogPluginManager: Mounting plugin GoogleCloudMessaging
LogPluginManager: Mounting plugin IOSDeviceProfileSelector
LogPluginManager: Mounting plugin LinuxDeviceProfileSelector
LogPluginManager: Mounting plugin LocationServicesBPLibrary
LogPluginManager: Mounting plugin MobilePatchingUtils
LogPluginManager: Mounting plugin OculusVR
LogPluginManager: Mounting plugin PhysXVehicles
LogPluginManager: Mounting plugin ProceduralMeshComponent
LogPluginManager: Mounting plugin RuntimePhysXCooking
LogPluginManager: Mounting plugin SignificanceManager
LogPluginManager: Mounting plugin SteamVR
LogPluginManager: Mounting plugin WebMMoviePlayer
LogPluginManager: Mounting plugin WindowsMoviePlayer
LogPluginManager: Mounting plugin ScreenshotTools
LogInit: Using libcurl 7.55.1-DEV
LogInit:  - built for x86_64-pc-win32
LogInit:  - supports SSL with OpenSSL/1.1.1
LogInit:  - supports HTTP deflate (compression) using libz 1.2.8
LogInit:  - other features:
LogInit:      CURL_VERSION_SSL
LogInit:      CURL_VERSION_LIBZ
LogInit:      CURL_VERSION_IPV6
LogInit:      CURL_VERSION_ASYNCHDNS
LogInit:      CURL_VERSION_LARGEFILE
LogInit:      CURL_VERSION_IDN
LogInit:  CurlRequestOptions (configurable via config and command line):
LogInit:  - bVerifyPeer = true  - Libcurl will verify peer certificate
LogInit:  - bUseHttpProxy = false  - Libcurl will NOT use HTTP proxy
LogInit:  - bDontReuseConnections = false  - Libcurl will reuse connections
LogInit:  - MaxHostConnections = 16  - Libcurl will limit the number of connections to a host
LogInit:  - LocalHostAddr = Default
LogInit:  - BufferSize = 65536
LogOnline: OSS: Creating online subsystem instance for: NULL
LogInit: WinSock: version 1.1 (2.2), MaxSocks=32767, MaxUdp=65467
LogInit: Build: ++UE4+Release-4.23-CL-8386587
LogInit: Engine Version: 4.23.0-8386587+++UE4+Release-4.23
LogInit: Compatible Engine Version: 4.23.0-8386587+++UE4+Release-4.23
LogInit: Net CL: 8386587
LogInit: OS: Windows 10 (Release 1809) (), CPU: Intel(R) Core(TM) i7-8700 CPU @ 3.20GHz, GPU: NVIDIA GeForce GTX 1070
LogInit: Compiled (64-bit): Aug 31 2019 02:04:44
LogInit: Compiled with Visual C++: 19.16.27030.01
LogInit: Build Configuration: Development
LogInit: Branch Name: ++UE4+Release-4.23
LogInit: Command Line: 
LogInit: Base Directory: D:/Program Files/Epic Games/UE_4.23/Engine/Binaries/Win64/
LogInit: Installed Engine Build: 1
LogDevObjectVersion: Number of dev versions registered: 23
LogDevObjectVersion:   Dev-Blueprints (B0D832E4-1F89-4F0D-ACCF-7EB736FD4AA2): 10
LogDevObjectVersion:   Dev-Build (E1C64328-A22C-4D53-A36C-8E866417BD8C): 0
LogDevObjectVersion:   Dev-Core (375EC13C-06E4-48FB-B500-84F0262A717E): 3
LogDevObjectVersion:   Dev-Editor (E4B068ED-F494-42E9-A231-DA0B2E46BB41): 34
LogDevObjectVersion:   Dev-Framework (CFFC743F-43B0-4480-9391-14DF171D2073): 35
LogDevObjectVersion:   Dev-Mobile (B02B49B5-BB20-44E9-A304-32B752E40360): 2
LogDevObjectVersion:   Dev-Networking (A4E4105C-59A1-49B5-A7C5-40C4547EDFEE): 0
LogDevObjectVersion:   Dev-Online (39C831C9-5AE6-47DC-9A44-9C173E1C8E7C): 0
LogDevObjectVersion:   Dev-Physics (78F01B33-EBEA-4F98-B9B4-84EACCB95AA2): 0
LogDevObjectVersion:   Dev-Platform (6631380F-2D4D-43E0-8009-CF276956A95A): 0
LogDevObjectVersion:   Dev-Rendering (12F88B9F-8875-4AFC-A67C-D90C383ABD29): 31
LogDevObjectVersion:   Dev-Sequencer (7B5AE74C-D270-4C10-A958-57980B212A5A): 11
LogDevObjectVersion:   Dev-VR (D7296918-1DD6-4BDD-9DE2-64A83CC13884): 2
LogDevObjectVersion:   Dev-LoadTimes (C2A15278-BFE7-4AFE-6C17-90FF531DF755): 1
LogDevObjectVersion:   Private-Geometry (6EACA3D4-40EC-4CC1-B786-8BED09428FC5): 3
LogDevObjectVersion:   Dev-AnimPhys (29E575DD-E0A3-4627-9D10-D276232CDCEA): 17
LogDevObjectVersion:   Dev-Anim (AF43A65D-7FD3-4947-9873-3E8ED9C1BB05): 2
LogDevObjectVersion:   Dev-ReflectionCapture (6B266CEC-1EC7-4B8F-A30B-E4D90942FC07): 1
LogDevObjectVersion:   Dev-Automation (0DF73D61-A23F-47EA-B727-89E90C41499A): 1
LogDevObjectVersion:   FortniteMain (601D1886-AC64-4F84-AA16-D3DE0DEAC7D6): 27
LogDevObjectVersion:   Dev-Enterprise (9DFFBCD6-494F-0158-E221-12823C92A888): 6
LogDevObjectVersion:   Dev-Niagara (F2AED0AC-9AFE-416F-8664-AA7FFA26D6FC): 1
LogDevObjectVersion:   Dev-Destruction (174F1F0B-B4C6-45A5-B13F-2EE8D0FB917D): 9
LogInit: Presizing for max 16777216 objects, including 0 objects not considered by GC, pre-allocating 0 bytes for permanent pool.
LogInit: Object subsystem initialized
LogConfig: Setting CVar [[con.DebugEarlyDefault:1]]
LogConfig: Setting CVar [[r.setres:1280x720]]
[2019.09.23-03.50.44:796][  0]LogConfig: Setting CVar [[r.VSync:0]]
[2019.09.23-03.50.44:796][  0]LogConfig: Setting CVar [[r.RHICmdBypass:0]]
[2019.09.23-03.50.44:796][  0]LogConfig: Applying CVar settings from Section [/Script/Engine.RendererSettings] File [D:/Git/UEGym/TechArt/Saved/Config/Windows/Engine.ini]
[2019.09.23-03.50.44:796][  0]LogConfig: Setting CVar [[r.GPUCrashDebugging:0]]
[2019.09.23-03.50.44:796][  0]LogConfig: Setting CVar [[r.DefaultFeature.AutoExposure.ExtendDefaultLuminanceRange:1]]
[2019.09.23-03.50.44:796][  0]LogConfig: Applying CVar settings from Section [/Script/Engine.RendererOverrideSettings] File [D:/Git/UEGym/TechArt/Saved/Config/Windows/Engine.ini]
[2019.09.23-03.50.44:796][  0]LogConfig: Applying CVar settings from Section [/Script/Engine.StreamingSettings] File [D:/Git/UEGym/TechArt/Saved/Config/Windows/Engine.ini]
[2019.09.23-03.50.44:796][  0]LogConfig: Setting CVar [[s.MinBulkDataSizeForAsyncLoading:131072]]
[2019.09.23-03.50.44:796][  0]LogConfig: Setting CVar [[s.AsyncLoadingThreadEnabled:0]]
[2019.09.23-03.50.44:797][  0]LogConfig: Setting CVar [[s.EventDrivenLoaderEnabled:1]]
[2019.09.23-03.50.44:797][  0]LogConfig: Setting CVar [[s.WarnIfTimeLimitExceeded:0]]
[2019.09.23-03.50.44:797][  0]LogConfig: Setting CVar [[s.TimeLimitExceededMultiplier:1.5]]
[2019.09.23-03.50.44:797][  0]LogConfig: Setting CVar [[s.TimeLimitExceededMinTime:0.005]]
[2019.09.23-03.50.44:797][  0]LogConfig: Setting CVar [[s.UseBackgroundLevelStreaming:1]]
[2019.09.23-03.50.44:797][  0]LogConfig: Setting CVar [[s.PriorityAsyncLoadingExtraTime:15.0]]
[2019.09.23-03.50.44:797][  0]LogConfig: Setting CVar [[s.LevelStreamingActorsUpdateTimeLimit:5.0]]
[2019.09.23-03.50.44:797][  0]LogConfig: Setting CVar [[s.PriorityLevelStreamingActorsUpdateExtraTime:5.0]]
[2019.09.23-03.50.44:797][  0]LogConfig: Setting CVar [[s.LevelStreamingComponentsRegistrationGranularity:10]]
[2019.09.23-03.50.44:797][  0]LogConfig: Setting CVar [[s.UnregisterComponentsTimeLimit:1.0]]
[2019.09.23-03.50.44:797][  0]LogConfig: Setting CVar [[s.LevelStreamingComponentsUnregistrationGranularity:5]]
[2019.09.23-03.50.44:797][  0]LogConfig: Applying CVar settings from Section [/Script/Engine.GarbageCollectionSettings] File [D:/Git/UEGym/TechArt/Saved/Config/Windows/Engine.ini]
[2019.09.23-03.50.44:797][  0]LogConfig: Setting CVar [[gc.MaxObjectsNotConsideredByGC:1]]
[2019.09.23-03.50.44:797][  0]LogConfig: Setting CVar [[gc.SizeOfPermanentObjectPool:0]]
[2019.09.23-03.50.44:797][  0]LogConfig: Setting CVar [[gc.FlushStreamingOnGC:0]]
[2019.09.23-03.50.44:797][  0]LogConfig: Setting CVar [[gc.NumRetriesBeforeForcingGC:10]]
[2019.09.23-03.50.44:797][  0]LogConfig: Setting CVar [[gc.AllowParallelGC:1]]
[2019.09.23-03.50.44:797][  0]LogConfig: Setting CVar [[gc.TimeBetweenPurgingPendingKillObjects:61.1]]
[2019.09.23-03.50.44:797][  0]LogConfig: Setting CVar [[gc.MaxObjectsInEditor:16777216]]
[2019.09.23-03.50.44:797][  0]LogConfig: Setting CVar [[gc.IncrementalBeginDestroyEnabled:1]]
[2019.09.23-03.50.44:797][  0]LogConfig: Setting CVar [[gc.CreateGCClusters:1]]
[2019.09.23-03.50.44:797][  0]LogConfig: Setting CVar [[gc.MinGCClusterSize:5]]
[2019.09.23-03.50.44:797][  0]LogConfig: Setting CVar [[gc.ActorClusteringEnabled:0]]
[2019.09.23-03.50.44:797][  0]LogConfig: Setting CVar [[gc.BlueprintClusteringEnabled:0]]
[2019.09.23-03.50.44:797][  0]LogConfig: Setting CVar [[gc.UseDisregardForGCOnDedicatedServers:0]]
[2019.09.23-03.50.44:797][  0]LogConfig: Applying CVar settings from Section [/Script/Engine.NetworkSettings] File [D:/Git/UEGym/TechArt/Saved/Config/Windows/Engine.ini]
[2019.09.23-03.50.44:797][  0]LogConfig: Applying CVar settings from Section [/Script/UnrealEd.CookerSettings] File [D:/Git/UEGym/TechArt/Saved/Config/Windows/Engine.ini]
[2019.09.23-03.50.44:799][  0]LogConfig: Applying CVar settings from Section [ViewDistanceQuality@3] File [D:/Git/UEGym/TechArt/Saved/Config/Windows/Scalability.ini]
[2019.09.23-03.50.44:799][  0]LogConfig: Setting CVar [[r.SkeletalMeshLODBias:0]]
[2019.09.23-03.50.44:799][  0]LogConfig: Setting CVar [[r.ViewDistanceScale:1.0]]
[2019.09.23-03.50.44:799][  0]LogConfig: Applying CVar settings from Section [AntiAliasingQuality@3] File [D:/Git/UEGym/TechArt/Saved/Config/Windows/Scalability.ini]
[2019.09.23-03.50.44:799][  0]LogConfig: Setting CVar [[r.PostProcessAAQuality:4]]
[2019.09.23-03.50.44:799][  0]LogConfig: Applying CVar settings from Section [ShadowQuality@3] File [D:/Git/UEGym/TechArt/Saved/Config/Windows/Scalability.ini]
[2019.09.23-03.50.44:799][  0]LogConfig: Setting CVar [[r.LightFunctionQuality:1]]
[2019.09.23-03.50.44:799][  0]LogConfig: Setting CVar [[r.ShadowQuality:5]]
[2019.09.23-03.50.44:799][  0]LogConfig: Setting CVar [[r.Shadow.CSM.MaxCascades:10]]
[2019.09.23-03.50.44:799][  0]LogConfig: Setting CVar [[r.Shadow.MaxResolution:2048]]
[2019.09.23-03.50.44:799][  0]LogConfig: Setting CVar [[r.Shadow.MaxCSMResolution:2048]]
[2019.09.23-03.50.44:799][  0]LogConfig: Setting CVar [[r.Shadow.RadiusThreshold:0.01]]
[2019.09.23-03.50.44:799][  0]LogConfig: Setting CVar [[r.Shadow.DistanceScale:1.0]]
[2019.09.23-03.50.44:799][  0]LogConfig: Setting CVar [[r.Shadow.CSM.TransitionScale:1.0]]
[2019.09.23-03.50.44:799][  0]LogConfig: Setting CVar [[r.Shadow.PreShadowResolutionFactor:1.0]]
[2019.09.23-03.50.44:799][  0]LogConfig: Setting CVar [[r.DistanceFieldShadowing:1]]
[2019.09.23-03.50.44:799][  0]LogConfig: Setting CVar [[r.DistanceFieldAO:1]]
[2019.09.23-03.50.44:799][  0]LogConfig: Setting CVar [[r.AOQuality:2]]
[2019.09.23-03.50.44:799][  0]LogConfig: Setting CVar [[r.VolumetricFog:1]]
[2019.09.23-03.50.44:799][  0]LogConfig: Setting CVar [[r.VolumetricFog.GridPixelSize:8]]
[2019.09.23-03.50.44:799][  0]LogConfig: Setting CVar [[r.VolumetricFog.GridSizeZ:128]]
[2019.09.23-03.50.44:799][  0]LogConfig: Setting CVar [[r.VolumetricFog.HistoryMissSupersampleCount:4]]
[2019.09.23-03.50.44:799][  0]LogConfig: Setting CVar [[r.LightMaxDrawDistanceScale:1]]
[2019.09.23-03.50.44:799][  0]LogConfig: Setting CVar [[r.CapsuleShadows:1]]
[2019.09.23-03.50.44:799][  0]LogConfig: Applying CVar settings from Section [PostProcessQuality@3] File [D:/Git/UEGym/TechArt/Saved/Config/Windows/Scalability.ini]
[2019.09.23-03.50.44:799][  0]LogConfig: Setting CVar [[r.MotionBlurQuality:4]]
[2019.09.23-03.50.44:799][  0]LogConfig: Setting CVar [[r.AmbientOcclusionMipLevelFactor:0.4]]
[2019.09.23-03.50.44:799][  0]LogConfig: Setting CVar [[r.AmbientOcclusionMaxQuality:100]]
[2019.09.23-03.50.44:799][  0]LogConfig: Setting CVar [[r.AmbientOcclusionLevels:-1]]
[2019.09.23-03.50.44:799][  0]LogConfig: Setting CVar [[r.AmbientOcclusionRadiusScale:1.0]]
[2019.09.23-03.50.44:799][  0]LogConfig: Setting CVar [[r.DepthOfFieldQuality:2]]
[2019.09.23-03.50.44:799][  0]LogConfig: Setting CVar [[r.RenderTargetPoolMin:400]]
[2019.09.23-03.50.44:799][  0]LogConfig: Setting CVar [[r.LensFlareQuality:2]]
[2019.09.23-03.50.44:799][  0]LogConfig: Setting CVar [[r.SceneColorFringeQuality:1]]
[2019.09.23-03.50.44:799][  0]LogConfig: Setting CVar [[r.EyeAdaptationQuality:2]]
[2019.09.23-03.50.44:799][  0]LogConfig: Setting CVar [[r.BloomQuality:5]]
[2019.09.23-03.50.44:799][  0]LogConfig: Setting CVar [[r.FastBlurThreshold:100]]
[2019.09.23-03.50.44:799][  0]LogConfig: Setting CVar [[r.Upscale.Quality:3]]
[2019.09.23-03.50.44:799][  0]LogConfig: Setting CVar [[r.Tonemapper.GrainQuantization:1]]
[2019.09.23-03.50.44:799][  0]LogConfig: Setting CVar [[r.LightShaftQuality:1]]
[2019.09.23-03.50.44:799][  0]LogConfig: Setting CVar [[r.Filter.SizeScale:1]]
[2019.09.23-03.50.44:799][  0]LogConfig: Setting CVar [[r.Tonemapper.Quality:5]]
[2019.09.23-03.50.44:799][  0]LogConfig: Setting CVar [[r.DOF.Gather.AccumulatorQuality:1        ; higher gathering accumulator quality]]
[2019.09.23-03.50.44:799][  0]LogConfig: Setting CVar [[r.DOF.Gather.PostfilterMethod:1          ; Median3x3 postfilering method]]
[2019.09.23-03.50.44:799][  0]LogConfig: Setting CVar [[r.DOF.Gather.EnableBokehSettings:0       ; no bokeh simulation when gathering]]
[2019.09.23-03.50.44:799][  0]LogConfig: Setting CVar [[r.DOF.Gather.RingCount:4                 ; medium number of samples when gathering]]
[2019.09.23-03.50.44:799][  0]LogConfig: Setting CVar [[r.DOF.Scatter.ForegroundCompositing:1    ; additive foreground scattering]]
[2019.09.23-03.50.44:799][  0]LogConfig: Setting CVar [[r.DOF.Scatter.BackgroundCompositing:2    ; additive background scattering]]
[2019.09.23-03.50.44:799][  0]LogConfig: Setting CVar [[r.DOF.Scatter.EnableBokehSettings:1      ; bokeh simulation when scattering]]
[2019.09.23-03.50.44:799][  0]LogConfig: Setting CVar [[r.DOF.Scatter.MaxSpriteRatio:0.1         ; only a maximum of 10% of scattered bokeh]]
[2019.09.23-03.50.44:799][  0]LogConfig: Setting CVar [[r.DOF.Recombine.Quality:1                ; cheap slight out of focus]]
[2019.09.23-03.50.44:799][  0]LogConfig: Setting CVar [[r.DOF.Recombine.EnableBokehSettings:0    ; no bokeh simulation on slight out of focus]]
[2019.09.23-03.50.44:799][  0]LogConfig: Setting CVar [[r.DOF.TemporalAAQuality:1                ; more stable temporal accumulation]]
[2019.09.23-03.50.44:799][  0]LogConfig: Setting CVar [[r.DOF.Kernel.MaxForegroundRadius:0.025]]
[2019.09.23-03.50.44:799][  0]LogConfig: Setting CVar [[r.DOF.Kernel.MaxBackgroundRadius:0.025]]
[2019.09.23-03.50.44:799][  0]LogConfig: Applying CVar settings from Section [TextureQuality@3] File [D:/Git/UEGym/TechArt/Saved/Config/Windows/Scalability.ini]
[2019.09.23-03.50.44:799][  0]LogConfig: Setting CVar [[r.Streaming.MipBias:0]]
[2019.09.23-03.50.44:799][  0]LogConfig: Setting CVar [[r.Streaming.AmortizeCPUToGPUCopy:0]]
[2019.09.23-03.50.44:799][  0]LogConfig: Setting CVar [[r.Streaming.MaxNumTexturesToStreamPerFrame:0]]
[2019.09.23-03.50.44:799][  0]LogConfig: Setting CVar [[r.Streaming.Boost:1]]
[2019.09.23-03.50.44:799][  0]LogConfig: Setting CVar [[r.MaxAnisotropy:8]]
[2019.09.23-03.50.44:799][  0]LogConfig: Setting CVar [[r.Streaming.LimitPoolSizeToVRAM:0]]
[2019.09.23-03.50.44:799][  0]LogConfig: Setting CVar [[r.Streaming.PoolSize:1000]]
[2019.09.23-03.50.44:799][  0]LogConfig: Setting CVar [[r.Streaming.MaxEffectiveScreenSize:0]]
[2019.09.23-03.50.44:799][  0]LogConfig: Applying CVar settings from Section [EffectsQuality@3] File [D:/Git/UEGym/TechArt/Saved/Config/Windows/Scalability.ini]
[2019.09.23-03.50.44:799][  0]LogConfig: Setting CVar [[r.TranslucencyLightingVolumeDim:64]]
[2019.09.23-03.50.44:799][  0]LogConfig: Setting CVar [[r.RefractionQuality:2]]
[2019.09.23-03.50.44:799][  0]LogConfig: Setting CVar [[r.SSR.Quality:3]]
[2019.09.23-03.50.44:799][  0]LogConfig: Setting CVar [[r.SceneColorFormat:4]]
[2019.09.23-03.50.44:799][  0]LogConfig: Setting CVar [[r.DetailMode:2]]
[2019.09.23-03.50.44:799][  0]LogConfig: Setting CVar [[r.TranslucencyVolumeBlur:1]]
[2019.09.23-03.50.44:799][  0]LogConfig: Setting CVar [[r.MaterialQualityLevel:1 ; High quality]]
[2019.09.23-03.50.44:799][  0]LogConfig: Setting CVar [[r.SSS.Scale:1]]
[2019.09.23-03.50.44:799][  0]LogConfig: Setting CVar [[r.SSS.SampleSet:2]]
[2019.09.23-03.50.44:799][  0]LogConfig: Setting CVar [[r.SSS.Quality:1]]
[2019.09.23-03.50.44:799][  0]LogConfig: Setting CVar [[r.SSS.HalfRes:1]]
[2019.09.23-03.50.44:799][  0]LogConfig: Setting CVar [[r.EmitterSpawnRateScale:1.0]]
[2019.09.23-03.50.44:799][  0]LogConfig: Setting CVar [[r.ParticleLightQuality:2]]
[2019.09.23-03.50.44:799][  0]LogConfig: Applying CVar settings from Section [FoliageQuality@3] File [D:/Git/UEGym/TechArt/Saved/Config/Windows/Scalability.ini]
[2019.09.23-03.50.44:799][  0]LogConfig: Setting CVar [[foliage.DensityScale:1.0]]
[2019.09.23-03.50.44:799][  0]LogConfig: Setting CVar [[grass.DensityScale:1.0]]
[2019.09.23-03.50.44:799][  0]LogInit: Selected Device Profile: [Windows]
[2019.09.23-03.50.44:799][  0]LogInit: Applying CVar settings loaded from the selected device profile: [Windows]
[2019.09.23-03.50.44:801][  0]LogHAL: Display: Platform has ~ 16 GB [16981430272 / 17179869184 / 16], which maps to Larger [LargestMinGB=32, LargerMinGB=12, DefaultMinGB=8, SmallerMinGB=6, SmallestMinGB=0)
[2019.09.23-03.50.44:801][  0]LogInit: Going up to parent DeviceProfile []
[2019.09.23-03.50.44:801][  0]LogConfig: Applying CVar settings from Section [ViewDistanceQuality@3] File [D:/Git/UEGym/TechArt/Saved/Config/Windows/Scalability.ini]
[2019.09.23-03.50.44:801][  0]LogConfig: Setting CVar [[r.SkeletalMeshLODBias:0]]
[2019.09.23-03.50.44:801][  0]LogConfig: Setting CVar [[r.ViewDistanceScale:1.0]]
[2019.09.23-03.50.44:801][  0]LogConfig: Applying CVar settings from Section [AntiAliasingQuality@3] File [D:/Git/UEGym/TechArt/Saved/Config/Windows/Scalability.ini]
[2019.09.23-03.50.44:801][  0]LogConfig: Setting CVar [[r.PostProcessAAQuality:4]]
[2019.09.23-03.50.44:801][  0]LogConfig: Applying CVar settings from Section [ShadowQuality@3] File [D:/Git/UEGym/TechArt/Saved/Config/Windows/Scalability.ini]
[2019.09.23-03.50.44:801][  0]LogConfig: Setting CVar [[r.LightFunctionQuality:1]]
[2019.09.23-03.50.44:801][  0]LogConfig: Setting CVar [[r.ShadowQuality:5]]
[2019.09.23-03.50.44:801][  0]LogConfig: Setting CVar [[r.Shadow.CSM.MaxCascades:10]]
[2019.09.23-03.50.44:801][  0]LogConfig: Setting CVar [[r.Shadow.MaxResolution:2048]]
[2019.09.23-03.50.44:801][  0]LogConfig: Setting CVar [[r.Shadow.MaxCSMResolution:2048]]
[2019.09.23-03.50.44:801][  0]LogConfig: Setting CVar [[r.Shadow.RadiusThreshold:0.01]]
[2019.09.23-03.50.44:801][  0]LogConfig: Setting CVar [[r.Shadow.DistanceScale:1.0]]
[2019.09.23-03.50.44:801][  0]LogConfig: Setting CVar [[r.Shadow.CSM.TransitionScale:1.0]]
[2019.09.23-03.50.44:801][  0]LogConfig: Setting CVar [[r.Shadow.PreShadowResolutionFactor:1.0]]
[2019.09.23-03.50.44:801][  0]LogConfig: Setting CVar [[r.DistanceFieldShadowing:1]]
[2019.09.23-03.50.44:801][  0]LogConfig: Setting CVar [[r.DistanceFieldAO:1]]
[2019.09.23-03.50.44:801][  0]LogConfig: Setting CVar [[r.AOQuality:2]]
[2019.09.23-03.50.44:801][  0]LogConfig: Setting CVar [[r.VolumetricFog:1]]
[2019.09.23-03.50.44:801][  0]LogConfig: Setting CVar [[r.VolumetricFog.GridPixelSize:8]]
[2019.09.23-03.50.44:801][  0]LogConfig: Setting CVar [[r.VolumetricFog.GridSizeZ:128]]
[2019.09.23-03.50.44:801][  0]LogConfig: Setting CVar [[r.VolumetricFog.HistoryMissSupersampleCount:4]]
[2019.09.23-03.50.44:801][  0]LogConfig: Setting CVar [[r.LightMaxDrawDistanceScale:1]]
[2019.09.23-03.50.44:801][  0]LogConfig: Setting CVar [[r.CapsuleShadows:1]]
[2019.09.23-03.50.44:801][  0]LogConfig: Applying CVar settings from Section [PostProcessQuality@3] File [D:/Git/UEGym/TechArt/Saved/Config/Windows/Scalability.ini]
[2019.09.23-03.50.44:802][  0]LogConfig: Setting CVar [[r.MotionBlurQuality:4]]
[2019.09.23-03.50.44:802][  0]LogConfig: Setting CVar [[r.AmbientOcclusionMipLevelFactor:0.4]]
[2019.09.23-03.50.44:802][  0]LogConfig: Setting CVar [[r.AmbientOcclusionMaxQuality:100]]
[2019.09.23-03.50.44:802][  0]LogConfig: Setting CVar [[r.AmbientOcclusionLevels:-1]]
[2019.09.23-03.50.44:802][  0]LogConfig: Setting CVar [[r.AmbientOcclusionRadiusScale:1.0]]
[2019.09.23-03.50.44:802][  0]LogConfig: Setting CVar [[r.DepthOfFieldQuality:2]]
[2019.09.23-03.50.44:802][  0]LogConfig: Setting CVar [[r.RenderTargetPoolMin:400]]
[2019.09.23-03.50.44:802][  0]LogConfig: Setting CVar [[r.LensFlareQuality:2]]
[2019.09.23-03.50.44:802][  0]LogConfig: Setting CVar [[r.SceneColorFringeQuality:1]]
[2019.09.23-03.50.44:802][  0]LogConfig: Setting CVar [[r.EyeAdaptationQuality:2]]
[2019.09.23-03.50.44:802][  0]LogConfig: Setting CVar [[r.BloomQuality:5]]
[2019.09.23-03.50.44:802][  0]LogConfig: Setting CVar [[r.FastBlurThreshold:100]]
[2019.09.23-03.50.44:802][  0]LogConfig: Setting CVar [[r.Upscale.Quality:3]]
[2019.09.23-03.50.44:802][  0]LogConfig: Setting CVar [[r.Tonemapper.GrainQuantization:1]]
[2019.09.23-03.50.44:802][  0]LogConfig: Setting CVar [[r.LightShaftQuality:1]]
[2019.09.23-03.50.44:802][  0]LogConfig: Setting CVar [[r.Filter.SizeScale:1]]
[2019.09.23-03.50.44:802][  0]LogConfig: Setting CVar [[r.Tonemapper.Quality:5]]
[2019.09.23-03.50.44:802][  0]LogConfig: Setting CVar [[r.DOF.Gather.AccumulatorQuality:1        ; higher gathering accumulator quality]]
[2019.09.23-03.50.44:802][  0]LogConfig: Setting CVar [[r.DOF.Gather.PostfilterMethod:1          ; Median3x3 postfilering method]]
[2019.09.23-03.50.44:802][  0]LogConfig: Setting CVar [[r.DOF.Gather.EnableBokehSettings:0       ; no bokeh simulation when gathering]]
[2019.09.23-03.50.44:802][  0]LogConfig: Setting CVar [[r.DOF.Gather.RingCount:4                 ; medium number of samples when gathering]]
[2019.09.23-03.50.44:802][  0]LogConfig: Setting CVar [[r.DOF.Scatter.ForegroundCompositing:1    ; additive foreground scattering]]
[2019.09.23-03.50.44:802][  0]LogConfig: Setting CVar [[r.DOF.Scatter.BackgroundCompositing:2    ; additive background scattering]]
[2019.09.23-03.50.44:802][  0]LogConfig: Setting CVar [[r.DOF.Scatter.EnableBokehSettings:1      ; bokeh simulation when scattering]]
[2019.09.23-03.50.44:802][  0]LogConfig: Setting CVar [[r.DOF.Scatter.MaxSpriteRatio:0.1         ; only a maximum of 10% of scattered bokeh]]
[2019.09.23-03.50.44:802][  0]LogConfig: Setting CVar [[r.DOF.Recombine.Quality:1                ; cheap slight out of focus]]
[2019.09.23-03.50.44:802][  0]LogConfig: Setting CVar [[r.DOF.Recombine.EnableBokehSettings:0    ; no bokeh simulation on slight out of focus]]
[2019.09.23-03.50.44:802][  0]LogConfig: Setting CVar [[r.DOF.TemporalAAQuality:1                ; more stable temporal accumulation]]
[2019.09.23-03.50.44:802][  0]LogConfig: Setting CVar [[r.DOF.Kernel.MaxForegroundRadius:0.025]]
[2019.09.23-03.50.44:802][  0]LogConfig: Setting CVar [[r.DOF.Kernel.MaxBackgroundRadius:0.025]]
[2019.09.23-03.50.44:802][  0]LogConfig: Applying CVar settings from Section [TextureQuality@3] File [D:/Git/UEGym/TechArt/Saved/Config/Windows/Scalability.ini]
[2019.09.23-03.50.44:802][  0]LogConfig: Setting CVar [[r.Streaming.MipBias:0]]
[2019.09.23-03.50.44:802][  0]LogConfig: Setting CVar [[r.Streaming.AmortizeCPUToGPUCopy:0]]
[2019.09.23-03.50.44:802][  0]LogConfig: Setting CVar [[r.Streaming.MaxNumTexturesToStreamPerFrame:0]]
[2019.09.23-03.50.44:802][  0]LogConfig: Setting CVar [[r.Streaming.Boost:1]]
[2019.09.23-03.50.44:802][  0]LogConfig: Setting CVar [[r.MaxAnisotropy:8]]
[2019.09.23-03.50.44:802][  0]LogConfig: Setting CVar [[r.Streaming.LimitPoolSizeToVRAM:0]]
[2019.09.23-03.50.44:802][  0]LogConfig: Setting CVar [[r.Streaming.PoolSize:1000]]
[2019.09.23-03.50.44:802][  0]LogConfig: Setting CVar [[r.Streaming.MaxEffectiveScreenSize:0]]
[2019.09.23-03.50.44:802][  0]LogConfig: Applying CVar settings from Section [EffectsQuality@3] File [D:/Git/UEGym/TechArt/Saved/Config/Windows/Scalability.ini]
[2019.09.23-03.50.44:802][  0]LogConfig: Setting CVar [[r.TranslucencyLightingVolumeDim:64]]
[2019.09.23-03.50.44:802][  0]LogConfig: Setting CVar [[r.RefractionQuality:2]]
[2019.09.23-03.50.44:802][  0]LogConfig: Setting CVar [[r.SSR.Quality:3]]
[2019.09.23-03.50.44:802][  0]LogConfig: Setting CVar [[r.SceneColorFormat:4]]
[2019.09.23-03.50.44:802][  0]LogConfig: Setting CVar [[r.DetailMode:2]]
[2019.09.23-03.50.44:802][  0]LogConfig: Setting CVar [[r.TranslucencyVolumeBlur:1]]
[2019.09.23-03.50.44:802][  0]LogConfig: Setting CVar [[r.MaterialQualityLevel:1 ; High quality]]
[2019.09.23-03.50.44:802][  0]LogConfig: Setting CVar [[r.SSS.Scale:1]]
[2019.09.23-03.50.44:802][  0]LogConfig: Setting CVar [[r.SSS.SampleSet:2]]
[2019.09.23-03.50.44:802][  0]LogConfig: Setting CVar [[r.SSS.Quality:1]]
[2019.09.23-03.50.44:802][  0]LogConfig: Setting CVar [[r.SSS.HalfRes:1]]
[2019.09.23-03.50.44:802][  0]LogConfig: Setting CVar [[r.EmitterSpawnRateScale:1.0]]
[2019.09.23-03.50.44:802][  0]LogConfig: Setting CVar [[r.ParticleLightQuality:2]]
[2019.09.23-03.50.44:802][  0]LogConfig: Applying CVar settings from Section [FoliageQuality@3] File [D:/Git/UEGym/TechArt/Saved/Config/Windows/Scalability.ini]
[2019.09.23-03.50.44:802][  0]LogConfig: Setting CVar [[foliage.DensityScale:1.0]]
[2019.09.23-03.50.44:802][  0]LogConfig: Setting CVar [[grass.DensityScale:1.0]]
[2019.09.23-03.50.44:802][  0]LogConfig: Applying CVar settings from Section [Startup] File [../../../Engine/Config/ConsoleVariables.ini]
[2019.09.23-03.50.44:802][  0]LogConfig: Setting CVar [[net.UseAdaptiveNetUpdateFrequency:0]]
[2019.09.23-03.50.44:802][  0]LogConfig: Setting CVar [[p.chaos.AllowCreatePhysxBodies:1]]
[2019.09.23-03.50.44:802][  0]LogConfig: Applying CVar settings from Section [ConsoleVariables] File [D:/Git/UEGym/TechArt/Saved/Config/Windows/Engine.ini]
[2019.09.23-03.50.44:802][  0]LogInit: Computer: DESKTOP-P65KMBH
[2019.09.23-03.50.44:802][  0]LogInit: User: viclw
[2019.09.23-03.50.44:802][  0]LogInit: CPU Page size=4096, Cores=6
[2019.09.23-03.50.44:802][  0]LogInit: High frequency timer resolution =10.000000 MHz
[2019.09.23-03.50.44:802][  0]LogMemory: Memory total: Physical=15.8GB (16GB approx)
[2019.09.23-03.50.44:802][  0]LogMemory: Platform Memory Stats for Windows
[2019.09.23-03.50.44:803][  0]LogMemory: Process Physical Memory: 100.96 MB used, 100.96 MB peak
[2019.09.23-03.50.44:803][  0]LogMemory: Process Virtual Memory: 101.55 MB used, 101.55 MB peak
[2019.09.23-03.50.44:803][  0]LogMemory: Physical Memory: 8035.24 MB used,  8159.51 MB free, 16194.75 MB total
[2019.09.23-03.50.44:803][  0]LogMemory: Virtual Memory: 4701.01 MB used,  134213024.00 MB free, 134217728.00 MB total
[2019.09.23-03.50.44:805][  0]LogWindows: WindowsPlatformFeatures enabled
[2019.09.23-03.50.44:819][  0]LogInit: Using OS detected language (en-GB).
[2019.09.23-03.50.44:819][  0]LogInit: Using OS detected locale (en-CA).
[2019.09.23-03.50.44:819][  0]LogTextLocalizationManager: No specific localization for 'en-GB' exists, so the 'en' localization will be used.
[2019.09.23-03.50.44:934][  0]LogInit: Setting process to per monitor DPI aware
[2019.09.23-03.50.44:961][  0]LogSlate: New Slate User Created.  User Index 0, Is Virtual User: 0
[2019.09.23-03.50.44:961][  0]LogSlate: Slate User Registered.  User Index 0, Is Virtual User: 0
[2019.09.23-03.50.45:062][  0]LogHMD: Failed to initialize OpenVR with code 110
[2019.09.23-03.50.45:062][  0]LogD3D11RHI: D3D11 adapters:
[2019.09.23-03.50.45:119][  0]LogD3D11RHI:    0. 'NVIDIA GeForce GTX 1070' (Feature Level 11_0)
[2019.09.23-03.50.45:119][  0]LogD3D11RHI:       8088/0/8097 MB DedicatedVideo/DedicatedSystem/SharedSystem, Outputs:1, VendorId:0x10de
[2019.09.23-03.50.45:165][  0]LogD3D11RHI:    1. 'Intel(R) UHD Graphics 630' (Feature Level 11_0)
[2019.09.23-03.50.45:165][  0]LogD3D11RHI:       128/0/8097 MB DedicatedVideo/DedicatedSystem/SharedSystem, Outputs:0, VendorId:0x8086
[2019.09.23-03.50.45:167][  0]LogD3D11RHI:    2. 'Microsoft Basic Render Driver' (Feature Level 11_0)
[2019.09.23-03.50.45:167][  0]LogD3D11RHI:       0/0/8097 MB DedicatedVideo/DedicatedSystem/SharedSystem, Outputs:0, VendorId:0x1414
[2019.09.23-03.50.45:167][  0]LogD3D11RHI: Chosen D3D11 Adapter: 0
[2019.09.23-03.50.45:173][  0]LogD3D11RHI: Creating new Direct3DDevice
[2019.09.23-03.50.45:173][  0]LogD3D11RHI:     GPU DeviceId: 0x1b81 (for the marketing name, search the web for "GPU Device Id")
[2019.09.23-03.50.45:173][  0]LogWindows: EnumDisplayDevices:
[2019.09.23-03.50.45:173][  0]LogWindows:    0. 'NVIDIA GeForce GTX 1070' (P:1 D:1)
[2019.09.23-03.50.45:173][  0]LogWindows:    1. 'NVIDIA GeForce GTX 1070' (P:0 D:0)
[2019.09.23-03.50.45:173][  0]LogWindows:    2. 'NVIDIA GeForce GTX 1070' (P:0 D:0)
[2019.09.23-03.50.45:174][  0]LogWindows:    3. 'NVIDIA GeForce GTX 1070' (P:0 D:0)
[2019.09.23-03.50.45:174][  0]LogWindows:    4. 'Intel(R) UHD Graphics 630' (P:0 D:0)
[2019.09.23-03.50.45:174][  0]LogWindows:    5. 'Intel(R) UHD Graphics 630' (P:0 D:0)
[2019.09.23-03.50.45:174][  0]LogWindows:    6. 'Intel(R) UHD Graphics 630' (P:0 D:0)
[2019.09.23-03.50.45:174][  0]LogWindows: DebugString: PrimaryIsNotTheChoosenAdapter PrimaryIsNotTheChoosenAdapter PrimaryIsNotTheChoosenAdapter FoundDriverCount:4 
[2019.09.23-03.50.45:175][  0]LogD3D11RHI:     Adapter Name: NVIDIA GeForce GTX 1070
[2019.09.23-03.50.45:175][  0]LogD3D11RHI:   Driver Version: 417.01 (internal:25.21.14.1701, unified:417.01)
[2019.09.23-03.50.45:175][  0]LogD3D11RHI:      Driver Date: 11-15-2018
[2019.09.23-03.50.45:175][  0]LogRHI: Texture pool is 5661 MB (70% of 8088 MB)
[2019.09.23-03.50.45:208][  0]LogD3D11RHI: Async texture creation enabled
[2019.09.23-03.50.45:224][  0]LogD3D11RHI: GPU Timing Frequency: 1000.000000 (Debug: 2 2)
[2019.09.23-03.50.45:490][  0]LogTemp: Display: Module 'AllDesktopTargetPlatform' loaded TargetPlatform 'AllDesktop'
[2019.09.23-03.50.45:495][  0]LogTemp: Display: Module 'MacClientTargetPlatform' loaded TargetPlatform 'MacClient'
[2019.09.23-03.50.45:501][  0]LogTemp: Display: Module 'MacNoEditorTargetPlatform' loaded TargetPlatform 'MacNoEditor'
[2019.09.23-03.50.45:506][  0]LogTemp: Display: Module 'MacServerTargetPlatform' loaded TargetPlatform 'MacServer'
[2019.09.23-03.50.45:511][  0]LogTemp: Display: Module 'MacTargetPlatform' loaded TargetPlatform 'Mac'
[2019.09.23-03.50.45:517][  0]LogTemp: Display: Module 'WindowsClientTargetPlatform' loaded TargetPlatform 'WindowsClient'
[2019.09.23-03.50.45:522][  0]LogTemp: Display: Module 'WindowsNoEditorTargetPlatform' loaded TargetPlatform 'WindowsNoEditor'
[2019.09.23-03.50.45:527][  0]LogTemp: Display: Module 'WindowsServerTargetPlatform' loaded TargetPlatform 'WindowsServer'
[2019.09.23-03.50.45:530][  0]LogTemp: Display: Module 'WindowsTargetPlatform' loaded TargetPlatform 'Windows'
[2019.09.23-03.50.45:552][  0]LogTemp: Display: Module 'AndroidTargetPlatform' loaded TargetPlatform 'Android'
[2019.09.23-03.50.45:552][  0]LogTemp: Display: Module 'AndroidTargetPlatform' loaded TargetPlatform 'Android_ASTC'
[2019.09.23-03.50.45:552][  0]LogTemp: Display: Module 'AndroidTargetPlatform' loaded TargetPlatform 'Android_ATC'
[2019.09.23-03.50.45:552][  0]LogTemp: Display: Module 'AndroidTargetPlatform' loaded TargetPlatform 'Android_DXT'
[2019.09.23-03.50.45:552][  0]LogTemp: Display: Module 'AndroidTargetPlatform' loaded TargetPlatform 'Android_ETC1'
[2019.09.23-03.50.45:552][  0]LogTemp: Display: Module 'AndroidTargetPlatform' loaded TargetPlatform 'Android_ETC1a'
[2019.09.23-03.50.45:552][  0]LogTemp: Display: Module 'AndroidTargetPlatform' loaded TargetPlatform 'Android_ETC2'
[2019.09.23-03.50.45:552][  0]LogTemp: Display: Module 'AndroidTargetPlatform' loaded TargetPlatform 'Android_PVRTC'
[2019.09.23-03.50.45:552][  0]LogTemp: Display: Module 'AndroidTargetPlatform' loaded TargetPlatform 'AndroidClient'
[2019.09.23-03.50.45:552][  0]LogTemp: Display: Module 'AndroidTargetPlatform' loaded TargetPlatform 'Android_ASTCClient'
[2019.09.23-03.50.45:552][  0]LogTemp: Display: Module 'AndroidTargetPlatform' loaded TargetPlatform 'Android_ATCClient'
[2019.09.23-03.50.45:552][  0]LogTemp: Display: Module 'AndroidTargetPlatform' loaded TargetPlatform 'Android_DXTClient'
[2019.09.23-03.50.45:552][  0]LogTemp: Display: Module 'AndroidTargetPlatform' loaded TargetPlatform 'Android_ETC1Client'
[2019.09.23-03.50.45:552][  0]LogTemp: Display: Module 'AndroidTargetPlatform' loaded TargetPlatform 'Android_ETC1aClient'
[2019.09.23-03.50.45:552][  0]LogTemp: Display: Module 'AndroidTargetPlatform' loaded TargetPlatform 'Android_ETC2Client'
[2019.09.23-03.50.45:552][  0]LogTemp: Display: Module 'AndroidTargetPlatform' loaded TargetPlatform 'Android_PVRTCClient'
[2019.09.23-03.50.45:553][  0]LogTemp: Display: Module 'AndroidTargetPlatform' loaded TargetPlatform 'Android_Multi'
[2019.09.23-03.50.45:553][  0]LogTemp: Display: Module 'AndroidTargetPlatform' loaded TargetPlatform 'Android_MultiClient'
[2019.09.23-03.50.45:553][  0]LogTemp: Display: Module 'HTML5TargetPlatform' loaded TargetPlatform 'HTML5'
[2019.09.23-03.50.45:564][  0]LogTemp: Display: Module 'IOSTargetPlatform' loaded TargetPlatform 'IOSClient'
[2019.09.23-03.50.45:565][  0]LogTemp: Display: Module 'IOSTargetPlatform' loaded TargetPlatform 'IOS'
[2019.09.23-03.50.45:574][  0]LogTemp: Display: Module 'TVOSTargetPlatform' loaded TargetPlatform 'TVOSClient'
[2019.09.23-03.50.45:574][  0]LogTemp: Display: Module 'TVOSTargetPlatform' loaded TargetPlatform 'TVOS'
[2019.09.23-03.50.45:580][  0]LogTemp: Display: Module 'LinuxClientTargetPlatform' loaded TargetPlatform 'LinuxClient'
[2019.09.23-03.50.45:585][  0]LogTemp: Display: Module 'LinuxNoEditorTargetPlatform' loaded TargetPlatform 'LinuxNoEditor'
[2019.09.23-03.50.45:589][  0]LogTemp: Display: Module 'LinuxServerTargetPlatform' loaded TargetPlatform 'LinuxServer'
[2019.09.23-03.50.45:594][  0]LogTemp: Display: Module 'LinuxTargetPlatform' loaded TargetPlatform 'Linux'
[2019.09.23-03.50.45:610][  0]LogTemp: Display: Module 'LuminTargetPlatform' loaded TargetPlatform 'Lumin'
[2019.09.23-03.50.45:610][  0]LogTemp: Display: Module 'LuminTargetPlatform' loaded TargetPlatform 'LuminClient'
[2019.09.23-03.50.45:610][  0]LogTargetPlatformManager: Display: Building Assets For Windows
[2019.09.23-03.50.45:615][  0]LogAudioDebug: Display: Lib vorbis DLL was dynamically loaded.
[2019.09.23-03.50.45:641][  0]LogShaderCompilers: Guid format shader working directory is 11 characters bigger than the processId version (../../../../../../Git/UEGym/TechArt/Intermediate/Shaders/WorkingDirectory/1884/).
[2019.09.23-03.50.45:641][  0]LogShaderCompilers: Cleaned the shader compiler working directory 'C:/Users/viclw/AppData/Local/Temp/UnrealShaderWorkingDir/2C7BEA8C44C9394DD9F246B2B46F9BB6/'.
[2019.09.23-03.50.45:642][  0]LogXGEController: Cleaning working directory: C:/Users/viclw/AppData/Local/Temp/UnrealXGEWorkingDir/
[2019.09.23-03.50.45:643][  0]LogXGEController: Cannot use XGE Controller as Incredibuild is not installed on this machine.
[2019.09.23-03.50.45:643][  0]LogShaderCompilers: Cannot use XGE Shader Compiler as Incredibuild is not installed on this machine.
[2019.09.23-03.50.45:643][  0]LogShaderCompilers: Display: Using Local Shader Compiler.
[2019.09.23-03.50.46:112][  0]LogDerivedDataCache: Display: Max Cache Size: 512 MB
[2019.09.23-03.50.46:151][  0]LogDerivedDataCache: Loaded boot cache 0.04s 73MB C:/Users/viclw/AppData/Local/UnrealEngine/4.23/DerivedDataCache/Boot.ddc.
[2019.09.23-03.50.46:151][  0]LogDerivedDataCache: Display: Loaded Boot cache: C:/Users/viclw/AppData/Local/UnrealEngine/4.23/DerivedDataCache/Boot.ddc
[2019.09.23-03.50.46:151][  0]LogDerivedDataCache: FDerivedDataBackendGraph:  Pak pak cache file ../../../../../../Git/UEGym/TechArt/DerivedDataCache/DDC.ddp not found, will not use a pak cache.
[2019.09.23-03.50.46:151][  0]LogDerivedDataCache: Unable to find inner node Pak for hierarchical cache Hierarchy.
[2019.09.23-03.50.46:151][  0]LogDerivedDataCache: FDerivedDataBackendGraph:  CompressedPak pak cache file ../../../../../../Git/UEGym/TechArt/DerivedDataCache/Compressed.ddp not found, will not use a pak cache.
[2019.09.23-03.50.46:151][  0]LogDerivedDataCache: Unable to find inner node CompressedPak for hierarchical cache Hierarchy.
[2019.09.23-03.50.46:160][  0]LogDerivedDataCache: Display: Pak cache opened for reading ../../../Engine/DerivedDataCache/Compressed.ddp.
[2019.09.23-03.50.46:160][  0]LogDerivedDataCache: FDerivedDataBackendGraph:  EnterprisePak pak cache file ../../../Enterprise/DerivedDataCache/Compressed.ddp not found, will not use a pak cache.
[2019.09.23-03.50.46:160][  0]LogDerivedDataCache: Unable to find inner node EnterprisePak for hierarchical cache Hierarchy.
[2019.09.23-03.50.46:161][  0]LogDerivedDataCache: Using Local data cache path C:/Users/viclw/AppData/Local/UnrealEngine/Common/DerivedDataCache: Writable
[2019.09.23-03.50.46:161][  0]LogDerivedDataCache: Shared data cache path not found in *engine.ini, will not use an Shared cache.
[2019.09.23-03.50.46:161][  0]LogDerivedDataCache: Unable to find inner node Shared for hierarchical cache Hierarchy.
[2019.09.23-03.50.46:178][  0]LogMaterial: Verifying Global Shaders for PCD3D_SM5
[2019.09.23-03.50.46:180][  0]LogSlate: Using FreeType 2.6.0
[2019.09.23-03.50.46:180][  0]LogSlate: SlateFontServices - WITH_FREETYPE: 1, WITH_HARFBUZZ: 1
[2019.09.23-03.50.46:218][  0]LogAssetRegistry: FAssetRegistry took 0.0019 seconds to start up
[2019.09.23-03.50.46:419][  0]LogInit: Selected Device Profile: [Windows]
[2019.09.23-03.50.46:523][  0]LogMeshReduction: Using QuadricMeshReduction for automatic static mesh reduction
[2019.09.23-03.50.46:523][  0]LogMeshReduction: Using SimplygonMeshReduction for automatic skeletal mesh reduction
[2019.09.23-03.50.46:523][  0]LogMeshReduction: Using ProxyLODMeshReduction for automatic mesh merging
[2019.09.23-03.50.46:523][  0]LogMeshReduction: No distributed automatic mesh merging module available
[2019.09.23-03.50.46:523][  0]LogMeshMerging: No distributed automatic mesh merging module available
[2019.09.23-03.50.46:530][  0]LogNetVersion: TechArt 1.0.0, NetCL: 8386587, EngineNetVer: 11, GameNetVer: 0 (Checksum: 3603757192)
[2019.09.23-03.50.46:809][  0]LogPackageLocalizationCache: Processed 12 localized package path(s) for 1 prioritized culture(s) in 0.028177 seconds
[2019.09.23-03.50.46:814][  0]LogUObjectArray: 43444 objects as part of root set at end of initial load.
[2019.09.23-03.50.46:815][  0]LogUObjectAllocator: 7548648 out of 0 bytes used by permanent object pool.
[2019.09.23-03.50.46:815][  0]LogUObjectArray: CloseDisregardForGC: 0/0 objects in disregard for GC pool
[2019.09.23-03.50.47:369][  0]LogTcpMessaging: Initializing TcpMessaging bridge
[2019.09.23-03.50.47:371][  0]LogUdpMessaging: Initializing bridge on interface 0.0.0.0:0 to multicast group 230.0.0.1:6666.
[2019.09.23-03.50.47:404][  0]SourceControl: Source control is disabled
[2019.09.23-03.50.47:404][  0]SourceControl: Source control is disabled
[2019.09.23-03.50.47:405][  0]SourceControl: Source control is disabled
[2019.09.23-03.50.47:406][  0]SourceControl: Source control is disabled
[2019.09.23-03.50.47:456][  0]LogAndroidPermission: UAndroidPermissionCallbackProxy::GetInstance
[2019.09.23-03.50.47:571][  0]LogOcInput: OculusInput pre-init called
[2019.09.23-03.50.47:574][  0]LogWindows: Failed to load 'OVRPlugin.dll' (GetLastError=126)
[2019.09.23-03.50.47:575][  0]LogWindows: File 'OVRPlugin.dll' does not exist
[2019.09.23-03.50.47:621][  0]LogEngine: Initializing Engine...
[2019.09.23-03.50.47:621][  0]LogHMD: Failed to initialize OpenVR with code 110
[2019.09.23-03.50.47:622][  0]LogStats: UGameplayTagsManager::InitializeManager -  0.000 s
[2019.09.23-03.50.47:786][  0]LogInit: Initializing FReadOnlyCVARCache
[2019.09.23-03.50.47:794][  0]LogAIModule: Creating AISystem for world Untitled
[2019.09.23-03.50.47:813][  0]LogInit: XAudio2 using 'Realtek Digital Output (Realtek(R) Audio)' : 2 channels at 48 kHz using 16 bits per sample (channel mask 0x3)
[2019.09.23-03.50.47:850][  0]LogInit: FAudioDevice initialized.
[2019.09.23-03.50.47:851][  0]LogNetVersion: Set ProjectVersion to 1.0.0.0. Version Checksum will be recalculated on next use.
[2019.09.23-03.50.47:919][  0]LogDerivedDataCache: Saved boot cache 0.07s 73MB C:/Users/viclw/AppData/Local/UnrealEngine/4.23/DerivedDataCache/Boot.ddc.
[2019.09.23-03.50.47:953][  0]LogInit: Texture streaming: Enabled
[2019.09.23-03.50.47:968][  0]LogEngineSessionManager: EngineSessionManager initialized
[2019.09.23-03.50.47:968][  0]LogEngineSessionManager: EngineSessionManager sent abnormal shutdown report. Type=Crashed, SessionId={D9028739-4182-A491-427A-FDB7B2EA8204}
[2019.09.23-03.50.48:005][  0]LogInit: Transaction tracking system initialized
[2019.09.23-03.50.48:020][  0]BlueprintLog: New page: Editor Load
[2019.09.23-03.50.48:059][  0]LocalizationService: Localization service is disabled
[2019.09.23-03.50.48:221][  0]LogFileCache: Scanning file cache for directory 'D:/Git/UEGym/TechArt/Content/' took 0.00s
[2019.09.23-03.50.48:221][  0]LogCook: Display: Max memory allowance for cook 16384mb min free memory 0mb
[2019.09.23-03.50.48:221][  0]LogCook: Display: Mobile HDR setting 1
[2019.09.23-03.50.48:331][  0]SourceControl: Source control is disabled
[2019.09.23-03.50.48:331][  0]Cmd: MAP LOAD FILE="../../../../../../Git/UEGym/TechArt/Content/StarterContent/Maps/Minimal_Default.umap" TEMPLATE=0 SHOWPROGRESS=1 FEATURELEVEL=3
[2019.09.23-03.50.48:332][  0]LightingResults: New page: Lighting Build
[2019.09.23-03.50.48:333][  0]LogWorld: UWorld::CleanupWorld for Untitled, bSessionEnded=true, bCleanupResources=true
[2019.09.23-03.50.48:333][  0]MapCheck: New page: Map Check
[2019.09.23-03.50.48:333][  0]LightingResults: New page: Lighting Build
[2019.09.23-03.50.48:358][  0]LogUObjectHash: Compacting FUObjectHashTables data took   1.22ms
[2019.09.23-03.50.48:499][  0]LogAIModule: Creating AISystem for world Minimal_Default
[2019.09.23-03.50.48:502][  0]LogEditorServer: Finished looking for orphan Actors (0.000 secs)
[2019.09.23-03.50.48:526][  0]LogUObjectHash: Compacting FUObjectHashTables data took   1.47ms
[2019.09.23-03.50.48:526][  0]Cmd: MAP CHECKDEP NOCLEARLOG
[2019.09.23-03.50.48:526][  0]MapCheck: Map check complete: 0 Error(s), 0 Warning(s), took 0.075ms to complete.
[2019.09.23-03.50.48:526][  0]LogFileHelpers: Loading map 'Minimal_Default' took 0.195
[2019.09.23-03.50.48:624][  0]LogSlate: Updating window title bar state: overlay mode, drag disabled, window buttons hidden, title bar hidden
[2019.09.23-03.50.48:629][  0]LogSlate: Updating window title bar state: overlay mode, drag disabled, window buttons hidden, title bar hidden
[2019.09.23-03.50.48:634][  0]LogSlate: Updating window title bar state: overlay mode, drag disabled, window buttons hidden, title bar hidden
[2019.09.23-03.50.48:639][  0]LogSlate: Updating window title bar state: overlay mode, drag disabled, window buttons hidden, title bar hidden
[2019.09.23-03.50.48:642][  0]LogCollectionManager: Loaded 0 collections in 0.000744 seconds
[2019.09.23-03.50.48:645][  0]LogFileCache: Scanning file cache for directory 'D:/Git/UEGym/TechArt/Saved/Collections/' took 0.00s
[2019.09.23-03.50.48:645][  0]LogFileCache: Scanning file cache for directory 'D:/Git/UEGym/TechArt/Content/Developers/viclw/Collections/' took 0.00s
[2019.09.23-03.50.48:645][  0]LogFileCache: Scanning file cache for directory 'D:/Git/UEGym/TechArt/Content/Collections/' took 0.00s
[2019.09.23-03.50.48:645][  0]LogCollectionManager: Rebuilt the GUID cache for 0 collections in 0.000001 seconds
[2019.09.23-03.50.48:652][  0]LogContentBrowser: Native class hierarchy populated in 0.0063 seconds. Added 2863 classes and 680 folders.
[2019.09.23-03.50.48:656][  0]LogContentBrowser: Native class hierarchy updated for 'WidgetCarousel' in 0.0001 seconds. Added 0 classes and 0 folders.
[2019.09.23-03.50.48:680][  0]LogContentBrowser: Native class hierarchy updated for 'AddContentDialog' in 0.0002 seconds. Added 0 classes and 0 folders.
[2019.09.23-03.50.48:684][  0]LogContentBrowser: Native class hierarchy updated for 'SceneOutliner' in 0.0002 seconds. Added 1 classes and 2 folders.
[2019.09.23-03.50.48:692][  0]LogSlate: Took 0.000103 seconds to synchronously load lazily loaded font '../../../Engine/Content/Slate/Fonts/Roboto-Regular.ttf' (155K)
[2019.09.23-03.50.48:694][  0]LogSlate: Took 0.000097 seconds to synchronously load lazily loaded font '../../../Engine/Content/Slate/Fonts/Roboto-Bold.ttf' (160K)
[2019.09.23-03.50.48:696][  0]LogSlate: Took 0.000097 seconds to synchronously load lazily loaded font '../../../Engine/Content/Editor/Slate/Fonts/FontAwesome.ttf' (139K)
[2019.09.23-03.50.48:734][  0]LogRenderer: Reallocating scene render targets to support 720x900 Format 10 NumSamples 1 (Frame:1).
[2019.09.23-03.50.48:783][  0]LogSlate: Took 0.000118 seconds to synchronously load lazily loaded font '../../../Engine/Content/Slate/Fonts/Roboto-Light.ttf' (167K)
[2019.09.23-03.50.48:808][  0]LogContentBrowser: Native class hierarchy updated for 'HierarchicalLODOutliner' in 0.0002 seconds. Added 0 classes and 0 folders.
[2019.09.23-03.50.48:809][  0]LogLoad: (Engine Initialization) Total time: 4.68 seconds
[2019.09.23-03.50.48:809][  0]LogLoad: (Engine Initialization) Total Blueprint compile time: 0.00 seconds
[2019.09.23-03.50.48:905][  0]LogAssetRegistry: Asset discovery search completed in 2.6870 seconds
[2019.09.23-03.50.48:907][  0]LogCollectionManager: Rebuilt the object cache for 0 collections in 0.000003 seconds (found 0 objects)
[2019.09.23-03.50.48:907][  0]LogCollectionManager: Fixed up redirectors for 0 collections in 0.000032 seconds (updated 0 objects)
[2019.09.23-03.50.48:908][  0]LogContentStreaming: Texture pool size now 1000 MB
[2019.09.23-03.50.49:850][ 64]LogSlate: Took 0.000114 seconds to synchronously load lazily loaded font '../../../Engine/Content/Slate/Fonts/Roboto-Light.ttf' (167K)
[2019.09.23-03.50.55:268][458]LogEditorViewport: Clicking on Actor (LMB): StaticMeshActor (EditorSphere)
[2019.09.23-03.50.56:261][526]LogSlate: FSceneViewport::OnFocusLost() reason 0
[2019.09.23-03.50.58:703][702]LogUObjectHash: Compacting FUObjectHashTables data took   0.54ms
[2019.09.23-03.50.58:800][702]LogSavePackage: Moving '../../../../../../Git/UEGym/TechArt/Saved/Minimal_Default52E23A5147BD84692EEA4E8AFC23C683.tmp' to '../../../../../../Git/UEGym/TechArt/Content/StarterContent/Maps/Minimal_Default.umap'
[2019.09.23-03.50.58:822][702]Cmd: OBJ SAVEPACKAGE PACKAGE="/Game/StarterContent/Maps/Minimal_Default_BuiltData" FILE="../../../../../../Git/UEGym/TechArt/Content/StarterContent/Maps/Minimal_Default_BuiltData.uasset" SILENT=true
[2019.09.23-03.50.58:866][702]LogSavePackage: Moving '../../../../../../Git/UEGym/TechArt/Saved/Minimal_Default_BuiltData73648BF0466286A3E708FBBBE1C58B5C.tmp' to '../../../../../../Git/UEGym/TechArt/Content/StarterContent/Maps/Minimal_Default_BuiltData.uasset'
[2019.09.23-03.50.59:334][736]LogEditorViewport: Clicking on Actor (LMB): BP_Sky_Sphere_C (BP_Sky_Sphere)
[2019.09.23-03.56.01:516][974]LogSlate: FSceneViewport::OnFocusLost() reason 0
[2019.09.23-03.56.02:740][ 61]LogAssetEditorManager: Opening Asset editor for Material /Game/M_Cloud2.M_Cloud2
[2019.09.23-03.56.02:743][ 61]LogMaterial: Display: Missing cached shader map for material M_Cloud2, compiling. 
[2019.09.23-03.56.02:973][ 61]LogMaterial: Display: Missing cached shader map for material M_Cloud2, compiling. 
[2019.09.23-03.56.02:986][ 61]LogMaterial: Display: Missing cached shader map for material M_Cloud2, compiling. 
[2019.09.23-03.56.03:001][ 61]LogShaderCompilers: Display: Worker (1/9): shaders left to compile 21
[2019.09.23-03.56.03:001][ 61]LogShaderCompilers: Display: Worker (2/9): shaders left to compile 20
[2019.09.23-03.56.03:001][ 61]LogShaderCompilers: Display: Worker (3/9): shaders left to compile 19
[2019.09.23-03.56.03:001][ 61]LogShaderCompilers: Display: Worker (4/9): shaders left to compile 18
[2019.09.23-03.56.03:001][ 61]LogShaderCompilers: Display: Worker (5/9): shaders left to compile 17
[2019.09.23-03.56.03:001][ 61]LogShaderCompilers: Display: Worker (6/9): shaders left to compile 16
[2019.09.23-03.56.03:001][ 61]LogShaderCompilers: Display: Worker (7/9): shaders left to compile 15
[2019.09.23-03.56.03:001][ 61]LogShaderCompilers: Display: Worker (8/9): shaders left to compile 14
[2019.09.23-03.56.03:005][ 61]LogMaterial: Display: Missing cached shader map for material FMatExpressionPreview MaterialExpressionCustom_0, compiling. 
[2019.09.23-03.56.03:013][ 61]LogMaterial: Display: Missing cached shader map for material FMatExpressionPreview MaterialExpressionCustom_1, compiling. 
[2019.09.23-03.56.03:037][ 61]LogSlate: Took 0.000131 seconds to synchronously load lazily loaded font '../../../Engine/Content/Slate/Fonts/Roboto-BoldCondensed.ttf' (158K)
[2019.09.23-03.56.03:287][ 73]LogShaderCompilers: Display: Worker (8/9): shaders left to compile 17
[2019.09.23-03.56.03:399][ 78]LogShaderCompilers: Display: Worker (3/9): shaders left to compile 16
[2019.09.23-03.56.03:410][ 79]LogShaderCompilers: Display: Worker (1/9): shaders left to compile 15
[2019.09.23-03.56.03:410][ 79]LogShaderCompilers: Display: Worker (5/9): shaders left to compile 14
[2019.09.23-03.56.03:427][ 79]LogShaderCompilers: Display: Worker (2/9): shaders left to compile 13
[2019.09.23-03.56.03:427][ 79]LogShaderCompilers: Display: Worker (4/9): shaders left to compile 12
[2019.09.23-03.56.03:427][ 79]LogShaderCompilers: Display: Worker (6/9): shaders left to compile 11
[2019.09.23-03.56.03:427][ 79]LogShaderCompilers: Display: Worker (7/9): shaders left to compile 10
[2019.09.23-03.56.03:496][ 83]LogShaderCompilers: Display: Worker (8/9): shaders left to compile 9
[2019.09.23-03.56.03:751][ 95]LogShaderCompilers: Display: Worker (5/9): shaders left to compile 8
[2019.09.23-03.56.03:799][ 98]LogShaderCompilers: Display: Worker (6/9): shaders left to compile 7
[2019.09.23-03.56.03:910][108]LogShaderCompilers: Display: Worker (3/9): shaders left to compile 6
[2019.09.23-03.56.03:964][113]LogShaderCompilers: Display: Worker (1/9): shaders left to compile 5
[2019.09.23-03.56.03:977][114]LogShaderCompilers: Display: Worker (2/9): shaders left to compile 4
[2019.09.23-03.56.04:000][116]LogShaderCompilers: Display: Worker (7/9): shaders left to compile 3
[2019.09.23-03.56.04:008][117]LogShaderCompilers: Display: Worker (4/9): shaders left to compile 2
[2019.09.23-03.56.04:037][120]LogShaderCompilers: Display: Worker (8/9): shaders left to compile 1
[2019.09.23-03.56.04:378][141]MaterialEditorStats: Base pass shader: 117 instructions
[2019.09.23-03.56.04:378][141]MaterialEditorStats: Base pass shader with Volumetric Lightmap: 191 instructions
[2019.09.23-03.56.04:378][141]MaterialEditorStats: Base pass vertex shader: 40 instructions
[2019.09.23-03.56.04:378][141]MaterialEditorStats: Texture samplers: 3/16
[2019.09.23-03.56.16:829][844]LogMaterial: Display: Missing cached shader map for material M_Cloud2, compiling. 
[2019.09.23-03.56.16:846][845]LogShaderCompilers: Display: Worker (1/9): shaders left to compile 21
[2019.09.23-03.56.16:846][845]LogShaderCompilers: Display: Worker (2/9): shaders left to compile 20
[2019.09.23-03.56.16:846][845]LogShaderCompilers: Display: Worker (3/9): shaders left to compile 19
[2019.09.23-03.56.16:846][845]LogShaderCompilers: Display: Worker (4/9): shaders left to compile 18
[2019.09.23-03.56.16:846][845]LogShaderCompilers: Display: Worker (5/9): shaders left to compile 17
[2019.09.23-03.56.16:846][845]LogShaderCompilers: Display: Worker (6/9): shaders left to compile 16
[2019.09.23-03.56.16:847][845]LogShaderCompilers: Display: Worker (7/9): shaders left to compile 15
[2019.09.23-03.56.16:847][845]LogShaderCompilers: Display: Worker (8/9): shaders left to compile 14
[2019.09.23-03.56.17:034][863]LogShaderCompilers: Display: Worker (8/9): shaders left to compile 13
[2019.09.23-03.56.17:084][867]LogShaderCompilers: Display: Worker (1/9): shaders left to compile 12
[2019.09.23-03.56.17:093][868]LogShaderCompilers: Display: Worker (3/9): shaders left to compile 11
[2019.09.23-03.56.17:102][869]LogShaderCompilers: Display: Worker (2/9): shaders left to compile 10
[2019.09.23-03.56.17:119][871]LogShaderCompilers: Display: Worker (4/9): shaders left to compile 9
[2019.09.23-03.56.17:128][872]LogShaderCompilers: Display: Worker (6/9): shaders left to compile 8
[2019.09.23-03.56.17:138][873]LogShaderCompilers: Display: Worker (5/9): shaders left to compile 7
[2019.09.23-03.56.17:146][874]LogShaderCompilers: Display: Worker (7/9): shaders left to compile 6
[2019.09.23-03.56.17:242][884]LogShaderCompilers: Display: Worker (8/9): shaders left to compile 5
[2019.09.23-03.56.17:430][898]LogShaderCompilers: Display: Worker (2/9): shaders left to compile 4
[2019.09.23-03.56.17:471][901]LogShaderCompilers: Display: Worker (5/9): shaders left to compile 3
[2019.09.23-03.56.17:618][913]LogShaderCompilers: Display: Worker (1/9): shaders left to compile 2
[2019.09.23-03.56.17:658][916]LogShaderCompilers: Display: Worker (3/9): shaders left to compile 1
[2019.09.23-03.56.17:981][945]MaterialEditorStats: Base pass shader: 117 instructions
[2019.09.23-03.56.17:981][945]MaterialEditorStats: Base pass shader with Volumetric Lightmap: 191 instructions
[2019.09.23-03.56.17:981][945]MaterialEditorStats: Base pass vertex shader: 40 instructions
[2019.09.23-03.56.17:981][945]MaterialEditorStats: Texture samplers: 3/16
[2019.09.23-03.56.18:499][989]LogMaterial: Display: Missing cached shader map for material M_Cloud2, compiling. 
[2019.09.23-03.56.18:516][990]LogShaderCompilers: Display: Worker (1/9): shaders left to compile 21
[2019.09.23-03.56.18:516][990]LogShaderCompilers: Display: Worker (2/9): shaders left to compile 20
[2019.09.23-03.56.18:516][990]LogShaderCompilers: Display: Worker (3/9): shaders left to compile 19
[2019.09.23-03.56.18:516][990]LogShaderCompilers: Display: Worker (4/9): shaders left to compile 18
[2019.09.23-03.56.18:516][990]LogShaderCompilers: Display: Worker (5/9): shaders left to compile 17
[2019.09.23-03.56.18:516][990]LogShaderCompilers: Display: Worker (6/9): shaders left to compile 16
[2019.09.23-03.56.18:516][990]LogShaderCompilers: Display: Worker (7/9): shaders left to compile 15
[2019.09.23-03.56.18:516][990]LogShaderCompilers: Display: Worker (8/9): shaders left to compile 14
[2019.09.23-03.56.18:691][  7]LogShaderCompilers: Display: Worker (8/9): shaders left to compile 13
[2019.09.23-03.56.18:747][ 12]LogShaderCompilers: Display: Worker (1/9): shaders left to compile 12
[2019.09.23-03.56.18:775][ 15]LogShaderCompilers: Display: Worker (2/9): shaders left to compile 11
[2019.09.23-03.56.18:784][ 16]LogShaderCompilers: Display: Worker (3/9): shaders left to compile 10
[2019.09.23-03.56.18:794][ 17]LogShaderCompilers: Display: Worker (4/9): shaders left to compile 9
[2019.09.23-03.56.18:802][ 18]LogShaderCompilers: Display: Worker (5/9): shaders left to compile 8
[2019.09.23-03.56.18:812][ 19]LogShaderCompilers: Display: Worker (6/9): shaders left to compile 7
[2019.09.23-03.56.18:812][ 19]LogShaderCompilers: Display: Worker (7/9): shaders left to compile 6
[2019.09.23-03.56.18:900][ 29]LogShaderCompilers: Display: Worker (8/9): shaders left to compile 5
[2019.09.23-03.56.19:128][ 45]LogShaderCompilers: Display: Worker (3/9): shaders left to compile 4
[2019.09.23-03.56.19:170][ 48]LogShaderCompilers: Display: Worker (6/9): shaders left to compile 3
[2019.09.23-03.56.19:284][ 57]LogShaderCompilers: Display: Worker (1/9): shaders left to compile 2
[2019.09.23-03.56.19:341][ 61]LogShaderCompilers: Display: Worker (4/9): shaders left to compile 1
[2019.09.23-03.56.19:649][ 88]MaterialEditorStats: Base pass shader: 117 instructions
[2019.09.23-03.56.19:649][ 88]MaterialEditorStats: Base pass shader with Volumetric Lightmap: 191 instructions
[2019.09.23-03.56.19:649][ 88]MaterialEditorStats: Base pass vertex shader: 40 instructions
[2019.09.23-03.56.19:649][ 88]MaterialEditorStats: Texture samplers: 3/16
[2019.09.23-03.56.22:183][309]LogMaterial: Display: Missing cached shader map for material M_Cloud2, compiling. 
[2019.09.23-03.56.22:201][309]LogShaderCompilers: Display: Worker (1/9): shaders left to compile 21
[2019.09.23-03.56.22:201][309]LogShaderCompilers: Display: Worker (2/9): shaders left to compile 20
[2019.09.23-03.56.22:201][309]LogShaderCompilers: Display: Worker (3/9): shaders left to compile 19
[2019.09.23-03.56.22:201][309]LogShaderCompilers: Display: Worker (4/9): shaders left to compile 18
[2019.09.23-03.56.22:201][309]LogShaderCompilers: Display: Worker (5/9): shaders left to compile 17
[2019.09.23-03.56.22:201][309]LogShaderCompilers: Display: Worker (6/9): shaders left to compile 16
[2019.09.23-03.56.22:201][309]LogShaderCompilers: Display: Worker (7/9): shaders left to compile 15
[2019.09.23-03.56.22:201][309]LogShaderCompilers: Display: Worker (8/9): shaders left to compile 14
[2019.09.23-03.56.22:204][309]LogMaterial: Display: Missing cached shader map for material FMatExpressionPreview MaterialExpressionCustom_1, compiling. 
[2019.09.23-03.56.22:207][309]LogMaterial: Display: Missing cached shader map for material M_Cloud2, compiling. 
[2019.09.23-03.56.22:378][322]LogShaderCompilers: Display: Worker (8/9): shaders left to compile 21
[2019.09.23-03.56.22:470][329]LogShaderCompilers: Display: Worker (1/9): shaders left to compile 20
[2019.09.23-03.56.22:484][330]LogShaderCompilers: Display: Worker (2/9): shaders left to compile 19
[2019.09.23-03.56.22:497][331]LogShaderCompilers: Display: Worker (3/9): shaders left to compile 18
[2019.09.23-03.56.22:497][331]LogShaderCompilers: Display: Worker (4/9): shaders left to compile 17
[2019.09.23-03.56.22:510][332]LogShaderCompilers: Display: Worker (6/9): shaders left to compile 16
[2019.09.23-03.56.22:523][333]LogShaderCompilers: Display: Worker (5/9): shaders left to compile 15
[2019.09.23-03.56.22:523][333]LogShaderCompilers: Display: Worker (7/9): shaders left to compile 14
[2019.09.23-03.56.22:636][341]LogShaderCompilers: Display: Worker (8/9): shaders left to compile 13
[2019.09.23-03.56.22:674][344]LogShaderCompilers: Display: Worker (7/9): shaders left to compile 12
[2019.09.23-03.56.22:729][348]LogShaderCompilers: Display: Worker (2/9): shaders left to compile 11
[2019.09.23-03.56.22:740][349]LogShaderCompilers: Display: Worker (1/9): shaders left to compile 10
[2019.09.23-03.56.22:768][351]LogShaderCompilers: Display: Worker (3/9): shaders left to compile 9
[2019.09.23-03.56.22:779][352]LogShaderCompilers: Display: Worker (4/9): shaders left to compile 8
[2019.09.23-03.56.22:782][352]LogShaderCompilers: Display: Worker (5/9): shaders left to compile 7
[2019.09.23-03.56.22:782][352]LogShaderCompilers: Display: Worker (6/9): shaders left to compile 6
[2019.09.23-03.56.22:860][358]LogShaderCompilers: Display: Worker (8/9): shaders left to compile 5
[2019.09.23-03.56.23:089][372]LogShaderCompilers: Display: Worker (1/9): shaders left to compile 4
[2019.09.23-03.56.23:119][374]LogShaderCompilers: Display: Worker (5/9): shaders left to compile 3
[2019.09.23-03.56.23:235][383]LogShaderCompilers: Display: Worker (7/9): shaders left to compile 2
[2019.09.23-03.56.23:303][388]LogShaderCompilers: Display: Worker (2/9): shaders left to compile 1
[2019.09.23-03.56.23:607][414]MaterialEditorStats: Base pass shader: 117 instructions
[2019.09.23-03.56.23:607][414]MaterialEditorStats: Base pass shader with Volumetric Lightmap: 191 instructions
[2019.09.23-03.56.23:607][414]MaterialEditorStats: Base pass vertex shader: 40 instructions
[2019.09.23-03.56.23:607][414]MaterialEditorStats: Texture samplers: 3/16
[2019.09.23-03.56.23:835][433]LogMaterial: Display: Missing cached shader map for material M_Cloud2, compiling. 
[2019.09.23-03.56.23:854][434]LogShaderCompilers: Display: Worker (1/9): shaders left to compile 21
[2019.09.23-03.56.23:854][434]LogShaderCompilers: Display: Worker (2/9): shaders left to compile 20
[2019.09.23-03.56.23:854][434]LogShaderCompilers: Display: Worker (3/9): shaders left to compile 19
[2019.09.23-03.56.23:854][434]LogShaderCompilers: Display: Worker (4/9): shaders left to compile 18
[2019.09.23-03.56.23:854][434]LogShaderCompilers: Display: Worker (5/9): shaders left to compile 17
[2019.09.23-03.56.23:854][434]LogShaderCompilers: Display: Worker (6/9): shaders left to compile 16
[2019.09.23-03.56.23:854][434]LogShaderCompilers: Display: Worker (7/9): shaders left to compile 15
[2019.09.23-03.56.23:854][434]LogShaderCompilers: Display: Worker (8/9): shaders left to compile 14
[2019.09.23-03.56.23:937][444]LogMaterialEditor: Saving and Compiling material M_Cloud2
[2019.09.23-03.56.24:433][444]LogShaderCompilers: Display: Worker (8/9): shaders left to compile 13
[2019.09.23-03.56.24:433][444]LogShaderCompilers: Display: Worker (1/9): shaders left to compile 12
[2019.09.23-03.56.24:433][444]LogShaderCompilers: Display: Worker (2/9): shaders left to compile 11
[2019.09.23-03.56.24:434][444]LogShaderCompilers: Display: Worker (3/9): shaders left to compile 10
[2019.09.23-03.56.24:434][444]LogShaderCompilers: Display: Worker (4/9): shaders left to compile 9
[2019.09.23-03.56.24:434][444]LogShaderCompilers: Display: Worker (5/9): shaders left to compile 8
[2019.09.23-03.56.24:434][444]LogShaderCompilers: Display: Worker (6/9): shaders left to compile 7
[2019.09.23-03.56.24:434][444]LogShaderCompilers: Display: Worker (7/9): shaders left to compile 6
[2019.09.23-03.56.24:434][444]LogShaderCompilers: Display: Worker (8/9): shaders left to compile 5
[2019.09.23-03.56.24:434][444]LogShaderCompilers: Display: Worker (3/9): shaders left to compile 4
[2019.09.23-03.56.24:434][444]LogShaderCompilers: Display: Worker (6/9): shaders left to compile 3
[2019.09.23-03.56.24:453][444]LogMaterial: Display: Missing cached shader map for material M_Cloud2, compiling. 
[2019.09.23-03.56.24:530][444]LogShaderCompilers: Display: Worker (1/9): shaders left to compile 21
[2019.09.23-03.56.24:530][444]LogMaterial: Display: Missing cached shader map for material M_Cloud2, compiling. 
[2019.09.23-03.56.24:558][444]LogShaderCompilers: Display: Worker (2/9): shaders left to compile 20
[2019.09.23-03.56.24:558][444]LogMaterial: Display: Missing cached shader map for material M_Cloud2, compiling. 
[2019.09.23-03.56.24:573][444]LogShaderCompilers: Display: Worker (4/9): shaders left to compile 19
[2019.09.23-03.56.24:601][444]LogUObjectHash: Compacting FUObjectHashTables data took   2.01ms
[2019.09.23-03.56.24:611][444]LogMaterial: Display: Missing cached shader map for material DebugViewMode MaterialTexCoordScale, compiling. 
[2019.09.23-03.56.25:525][444]LogShaderCompilers: Display: Worker (5/9): shaders left to compile 40
[2019.09.23-03.56.25:525][444]LogShaderCompilers: Display: Worker (7/9): shaders left to compile 41
[2019.09.23-03.56.25:525][444]LogShaderCompilers: Display: Worker (3/9): shaders left to compile 40
[2019.09.23-03.56.25:525][444]LogShaderCompilers: Display: Worker (8/9): shaders left to compile 39
[2019.09.23-03.56.25:525][444]LogShaderCompilers: Display: Worker (1/9): shaders left to compile 38
[2019.09.23-03.56.25:525][444]LogShaderCompilers: Display: Worker (4/9): shaders left to compile 37
[2019.09.23-03.56.25:525][444]LogShaderCompilers: Display: Worker (2/9): shaders left to compile 36
[2019.09.23-03.56.25:525][444]LogShaderCompilers: Display: Worker (6/9): shaders left to compile 35
[2019.09.23-03.56.25:525][444]LogShaderCompilers: Display: Worker (5/9): shaders left to compile 34
[2019.09.23-03.56.25:525][444]LogShaderCompilers: Display: Worker (7/9): shaders left to compile 33
[2019.09.23-03.56.25:525][444]LogShaderCompilers: Display: Worker (1/9): shaders left to compile 32
[2019.09.23-03.56.25:525][444]LogShaderCompilers: Display: Worker (3/9): shaders left to compile 31
[2019.09.23-03.56.25:525][444]LogShaderCompilers: Display: Worker (8/9): shaders left to compile 30
[2019.09.23-03.56.25:525][444]LogShaderCompilers: Display: Worker (4/9): shaders left to compile 29
[2019.09.23-03.56.25:525][444]LogShaderCompilers: Display: Worker (5/9): shaders left to compile 28
[2019.09.23-03.56.25:525][444]LogShaderCompilers: Display: Worker (3/9): shaders left to compile 27
[2019.09.23-03.56.25:525][444]LogShaderCompilers: Display: Worker (2/9): shaders left to compile 26
[2019.09.23-03.56.25:525][444]LogShaderCompilers: Display: Worker (6/9): shaders left to compile 25
[2019.09.23-03.56.25:525][444]LogShaderCompilers: Display: Worker (7/9): shaders left to compile 24
[2019.09.23-03.56.25:525][444]LogShaderCompilers: Display: Worker (1/9): shaders left to compile 23
[2019.09.23-03.56.25:525][444]LogShaderCompilers: Display: Worker (8/9): shaders left to compile 22
[2019.09.23-03.56.25:525][444]LogShaderCompilers: Display: Worker (5/9): shaders left to compile 19
[2019.09.23-03.56.25:525][444]LogShaderCompilers: Display: Worker (4/9): shaders left to compile 16
[2019.09.23-03.56.25:525][444]LogShaderCompilers: Display: Worker (7/9): shaders left to compile 13
[2019.09.23-03.56.25:525][444]LogShaderCompilers: Display: Worker (1/9): shaders left to compile 11
[2019.09.23-03.56.25:528][444]TextureStreamingBuild: Display: Compiling optional shaders took 0.927 seconds.
[2019.09.23-03.56.25:552][444]LogUObjectHash: Compacting FUObjectHashTables data took   0.84ms
[2019.09.23-03.56.25:562][444]LogShaderCompilers: Display: Worker (3/9): shaders left to compile 9
[2019.09.23-03.56.25:572][444]LogShaderCompilers: Display: Worker (6/9): shaders left to compile 7
[2019.09.23-03.56.26:324][444]LogShaderCompilers: Display: Worker (2/9): shaders left to compile 6
[2019.09.23-03.56.26:324][444]LogShaderCompilers: Display: Worker (4/9): shaders left to compile 5
[2019.09.23-03.56.26:324][444]LogShaderCompilers: Display: Worker (8/9): shaders left to compile 4
[2019.09.23-03.56.26:324][444]LogShaderCompilers: Display: Worker (6/9): shaders left to compile 3
[2019.09.23-03.56.26:324][444]LogShaderCompilers: Display: Worker (5/9): shaders left to compile 2
[2019.09.23-03.56.26:324][444]LogShaderCompilers: Display: Worker (2/9): shaders left to compile 1
[2019.09.23-03.56.26:360][444]Cmd: OBJ SAVEPACKAGE PACKAGE="/Game/M_Cloud2" FILE="../../../../../../Git/UEGym/TechArt/Content/M_Cloud2.uasset" SILENT=true
[2019.09.23-03.56.26:383][444]LogSavePackage: Moving '../../../../../../Git/UEGym/TechArt/Saved/M_Cloud20ACF8B0F47917A63D7C6DEA2E417FF1F.tmp' to '../../../../../../Git/UEGym/TechArt/Content/M_Cloud2.uasset'
[2019.09.23-03.56.32:782][846]LogMaterial: Display: Missing cached shader map for material M_Cloud2, compiling. 
[2019.09.23-03.56.32:799][846]LogMaterial: Display: Missing cached shader map for material FMatExpressionPreview MaterialExpressionCustom_1, compiling. 
[2019.09.23-03.56.32:800][846]LogShaderCompilers: Display: Worker (1/9): shaders left to compile 21
[2019.09.23-03.56.32:800][846]LogShaderCompilers: Display: Worker (2/9): shaders left to compile 20
[2019.09.23-03.56.32:800][846]LogShaderCompilers: Display: Worker (3/9): shaders left to compile 19
[2019.09.23-03.56.32:800][846]LogShaderCompilers: Display: Worker (4/9): shaders left to compile 18
[2019.09.23-03.56.32:800][846]LogShaderCompilers: Display: Worker (5/9): shaders left to compile 17
[2019.09.23-03.56.32:800][846]LogShaderCompilers: Display: Worker (6/9): shaders left to compile 16
[2019.09.23-03.56.32:800][846]LogShaderCompilers: Display: Worker (7/9): shaders left to compile 15
[2019.09.23-03.56.32:800][846]LogShaderCompilers: Display: Worker (8/9): shaders left to compile 14
[2019.09.23-03.56.32:802][846]LogMaterial: Display: Missing cached shader map for material M_Cloud2, compiling. 
[2019.09.23-03.56.32:998][860]LogShaderCompilers: Display: Worker (8/9): shaders left to compile 21
[2019.09.23-03.56.33:048][864]LogShaderCompilers: Display: Worker (2/9): shaders left to compile 20
[2019.09.23-03.56.33:059][865]LogShaderCompilers: Display: Worker (1/9): shaders left to compile 19
[2019.09.23-03.56.33:072][866]LogShaderCompilers: Display: Worker (3/9): shaders left to compile 18
[2019.09.23-03.56.33:086][867]LogShaderCompilers: Display: Worker (4/9): shaders left to compile 17
[2019.09.23-03.56.33:098][868]LogShaderCompilers: Display: Worker (5/9): shaders left to compile 16
[2019.09.23-03.56.33:110][869]LogShaderCompilers: Display: Worker (6/9): shaders left to compile 15
[2019.09.23-03.56.33:124][870]LogShaderCompilers: Display: Worker (7/9): shaders left to compile 14
[2019.09.23-03.56.33:243][878]LogShaderCompilers: Display: Worker (8/9): shaders left to compile 13
[2019.09.23-03.56.33:257][879]LogShaderCompilers: Display: Worker (7/9): shaders left to compile 12
[2019.09.23-03.56.33:308][883]LogShaderCompilers: Display: Worker (2/9): shaders left to compile 11
[2019.09.23-03.56.33:322][884]LogShaderCompilers: Display: Worker (1/9): shaders left to compile 10
[2019.09.23-03.56.33:333][885]LogShaderCompilers: Display: Worker (3/9): shaders left to compile 9
[2019.09.23-03.56.33:365][888]LogShaderCompilers: Display: Worker (4/9): shaders left to compile 8
[2019.09.23-03.56.33:378][889]LogShaderCompilers: Display: Worker (5/9): shaders left to compile 7
[2019.09.23-03.56.33:390][890]LogShaderCompilers: Display: Worker (6/9): shaders left to compile 6
[2019.09.23-03.56.33:479][897]LogShaderCompilers: Display: Worker (8/9): shaders left to compile 5
[2019.09.23-03.56.33:691][910]LogShaderCompilers: Display: Worker (1/9): shaders left to compile 4
[2019.09.23-03.56.33:723][912]LogShaderCompilers: Display: Worker (5/9): shaders left to compile 3
[2019.09.23-03.56.33:820][920]LogShaderCompilers: Display: Worker (7/9): shaders left to compile 2
[2019.09.23-03.56.33:858][923]LogShaderCompilers: Display: Worker (3/9): shaders left to compile 1
[2019.09.23-03.56.34:199][953]MaterialEditorStats: Base pass shader: 117 instructions
[2019.09.23-03.56.34:199][953]MaterialEditorStats: Base pass shader with Volumetric Lightmap: 191 instructions
[2019.09.23-03.56.34:199][953]MaterialEditorStats: Base pass vertex shader: 40 instructions
[2019.09.23-03.56.34:199][953]MaterialEditorStats: Texture samplers: 3/16
[2019.09.23-03.56.37:104][153]LogWindows: Error: === Critical error: ===
[2019.09.23-03.56.37:104][153]LogWindows: Error: 
[2019.09.23-03.56.37:104][153]LogWindows: Error: Fatal error!
[2019.09.23-03.56.37:104][153]LogWindows: Error: 
[2019.09.23-03.56.37:104][153]LogWindows: Error: Unhandled Exception: EXCEPTION_ACCESS_VIOLATION reading address 0x000001e8
[2019.09.23-03.56.37:104][153]LogWindows: Error: 
[2019.09.23-03.56.37:104][153]LogWindows: Error: [Callstack] 0x00007ffb8586fff8 UE4Editor-Core.dll!UnknownFunction []
[2019.09.23-03.56.37:104][153]LogWindows: Error: [Callstack] 0x00007ffb8586fe37 UE4Editor-Core.dll!UnknownFunction []
[2019.09.23-03.56.37:104][153]LogWindows: Error: [Callstack] 0x00007ffb8a18f3cd UE4Editor-CoreUObject.dll!UnknownFunction []
[2019.09.23-03.56.37:104][153]LogWindows: Error: [Callstack] 0x00007ffb7e70086c UE4Editor-PropertyEditor.dll!UnknownFunction []
[2019.09.23-03.56.37:104][153]LogWindows: Error: [Callstack] 0x00007ffb7e7004b6 UE4Editor-PropertyEditor.dll!UnknownFunction []
[2019.09.23-03.56.37:104][153]LogWindows: Error: [Callstack] 0x00007ffb7e7110cc UE4Editor-PropertyEditor.dll!UnknownFunction []
[2019.09.23-03.56.37:104][153]LogWindows: Error: [Callstack] 0x00007ffb7e711444 UE4Editor-PropertyEditor.dll!UnknownFunction []
[2019.09.23-03.56.37:104][153]LogWindows: Error: [Callstack] 0x00007ffb7e71105c UE4Editor-PropertyEditor.dll!UnknownFunction []
[2019.09.23-03.56.37:104][153]LogWindows: Error: [Callstack] 0x00007ffb7e832ba9 UE4Editor-PropertyEditor.dll!UnknownFunction []
[2019.09.23-03.56.37:104][153]LogWindows: Error: [Callstack] 0x00007ffb7e811bb7 UE4Editor-PropertyEditor.dll!UnknownFunction []
[2019.09.23-03.56.37:104][153]LogWindows: Error: [Callstack] 0x00007ffbabe9d644 UE4Editor-Slate.dll!UnknownFunction []
[2019.09.23-03.56.37:104][153]LogWindows: Error: [Callstack] 0x00007ffbac08c533 UE4Editor-Slate.dll!UnknownFunction []
[2019.09.23-03.56.37:104][153]LogWindows: Error: [Callstack] 0x00007ffbabee922b UE4Editor-Slate.dll!UnknownFunction []
[2019.09.23-03.56.37:104][153]LogWindows: Error: [Callstack] 0x00007ffbabec5738 UE4Editor-Slate.dll!UnknownFunction []
[2019.09.23-03.56.37:104][153]LogWindows: Error: [Callstack] 0x00007ffbabeb9a1e UE4Editor-Slate.dll!UnknownFunction []
[2019.09.23-03.56.37:104][153]LogWindows: Error: [Callstack] 0x00007ffbe6334c4c UE4Editor-ApplicationCore.dll!UnknownFunction []
[2019.09.23-03.56.37:104][153]LogWindows: Error: [Callstack] 0x00007ffbe63226df UE4Editor-ApplicationCore.dll!UnknownFunction []
[2019.09.23-03.56.37:104][153]LogWindows: Error: [Callstack] 0x00007ffbe6337340 UE4Editor-ApplicationCore.dll!UnknownFunction []
[2019.09.23-03.56.37:104][153]LogWindows: Error: [Callstack] 0x00007ffbe631edd0 UE4Editor-ApplicationCore.dll!UnknownFunction []
[2019.09.23-03.56.37:104][153]LogWindows: Error: [Callstack] 0x00007ffbfc2bca66 USER32.dll!UnknownFunction []
[2019.09.23-03.56.37:104][153]LogWindows: Error: [Callstack] 0x00007ffbfc2bc582 USER32.dll!UnknownFunction []
[2019.09.23-03.56.37:104][153]LogWindows: Error: [Callstack] 0x00007ffbe63388e9 UE4Editor-ApplicationCore.dll!UnknownFunction []
[2019.09.23-03.56.37:104][153]LogWindows: Error: [Callstack] 0x00007ff684eb6980 UE4Editor.exe!UnknownFunction []
[2019.09.23-03.56.37:104][153]LogWindows: Error: [Callstack] 0x00007ff684eca91c UE4Editor.exe!UnknownFunction []
[2019.09.23-03.56.37:104][153]LogWindows: Error: [Callstack] 0x00007ff684eca9fa UE4Editor.exe!UnknownFunction []
[2019.09.23-03.56.37:104][153]LogWindows: Error: [Callstack] 0x00007ff684edb92c UE4Editor.exe!UnknownFunction []
[2019.09.23-03.56.37:104][153]LogWindows: Error: [Callstack] 0x00007ff684ede60e UE4Editor.exe!UnknownFunction []
[2019.09.23-03.56.37:104][153]LogWindows: Error: [Callstack] 0x00007ffbf9d97974 KERNEL32.DLL!UnknownFunction []
[2019.09.23-03.56.37:104][153]LogWindows: Error: [Callstack] 0x00007ffbfcb5a271 ntdll.dll!UnknownFunction []
[2019.09.23-03.56.37:104][153]LogWindows: Error: 
[2019.09.23-03.56.37:138][153]LogExit: Executing StaticShutdownAfterError
[2019.09.23-03.56.37:140][153]LogWindows: FPlatformMisc::RequestExit(1)
[2019.09.23-03.56.37:154][153]Log file closed, 09/22/19 20:56:37
