Log file open, 11/01/19 14:06:09
LogWindows: Failed to load 'aqProf.dll' (GetLastError=126)
LogWindows: File 'aqProf.dll' does not exist
LogWindows: Failed to load 'VtuneApi.dll' (GetLastError=126)
LogWindows: File 'VtuneApi.dll' does not exist
LogWindows: Failed to load 'VtuneApi32e.dll' (GetLastError=126)
LogWindows: File 'VtuneApi32e.dll' does not exist
LogConsoleResponse: Display: Failed to find resolution value strings in scalability ini. Falling back to default.
LogInit: Display: Running engine for game: TechArt
LogPlatformFile: Not using cached read wrapper
LogTaskGraph: Started task graph with 5 named threads and 47 total threads with 3 sets of task threads.
LogStats: Stats thread started at 0.049705
LogD3D11RHI: Loaded GFSDK_Aftermath_Lib.x64.dll
LogICUInternationalization: ICU TimeZone Detection - Raw Offset: -8:00, Platform Override: ''
LogPluginManager: Mounting plugin Paper2D
LogPluginManager: Mounting plugin AISupport
LogPluginManager: Mounting plugin LightPropagationVolume
LogPluginManager: Mounting plugin ActorLayerUtilities
LogPluginManager: Mounting plugin AnimationSharing
LogPluginManager: Mounting plugin CLionSourceCodeAccess
LogPluginManager: Mounting plugin CodeLiteSourceCodeAccess
LogPluginManager: Mounting plugin GitSourceControl
LogPluginManager: Mounting plugin KDevelopSourceCodeAccess
LogPluginManager: Mounting plugin NullSourceCodeAccess
LogPluginManager: Mounting plugin PerforceSourceControl
LogPluginManager: Mounting plugin SubversionSourceControl
LogPluginManager: Mounting plugin UObjectPlugin
LogPluginManager: Mounting plugin VisualStudioCodeSourceCodeAccess
LogPluginManager: Mounting plugin VisualStudioSourceCodeAccess
LogPluginManager: Mounting plugin XCodeSourceCodeAccess
LogPluginManager: Mounting plugin AssetManagerEditor
LogPluginManager: Mounting plugin BlueprintMaterialTextureNodes
LogPluginManager: Mounting plugin CryptoKeys
LogPluginManager: Mounting plugin CurveEditorTools
LogPluginManager: Mounting plugin DataValidation
LogPluginManager: Mounting plugin FacialAnimation
LogPluginManager: Mounting plugin GameplayTagsEditor
LogPluginManager: Mounting plugin MacGraphicsSwitching
LogPluginManager: Mounting plugin MaterialAnalyzer
LogPluginManager: Mounting plugin MobileLauncherProfileWizard
LogPluginManager: Mounting plugin PluginBrowser
LogPluginManager: Mounting plugin SpeedTreeImporter
LogPluginManager: Mounting plugin DatasmithContent
LogPluginManager: Mounting plugin VariantManagerContent
LogPluginManager: Mounting plugin AlembicImporter
LogPluginManager: Mounting plugin AutomationUtils
LogPluginManager: Mounting plugin BackChannel
LogPluginManager: Mounting plugin CharacterAI
LogPluginManager: Mounting plugin GeometryCache
LogPluginManager: Mounting plugin HTML5Networking
LogPluginManager: Mounting plugin PlatformCrypto
LogPluginManager: Mounting plugin ProxyLODPlugin
LogPluginManager: Mounting plugin PythonScriptPlugin
LogPluginManager: Mounting plugin SkeletalReduction
LogPluginManager: Mounting plugin MagicLeap
LogPluginManager: Mounting plugin MagicLeapMedia
LogPluginManager: Mounting plugin AndroidMedia
LogPluginManager: Mounting plugin AvfMedia
LogPluginManager: Mounting plugin ImgMedia
LogPluginManager: Mounting plugin MediaCompositing
LogPluginManager: Mounting plugin MediaPlayerEditor
LogPluginManager: Mounting plugin WebMMedia
LogPluginManager: Mounting plugin WmfMedia
LogPluginManager: Mounting plugin TcpMessaging
LogPluginManager: Mounting plugin UdpMessaging
LogPluginManager: Mounting plugin ActorSequence
LogPluginManager: Mounting plugin LevelSequenceEditor
LogPluginManager: Mounting plugin MatineeToLevelSequence
LogPluginManager: Mounting plugin SequencerScripting
LogPluginManager: Mounting plugin NetcodeUnitTest
LogPluginManager: Mounting plugin NUTUnrealEngine4
LogPluginManager: Mounting plugin OnlineSubsystemGooglePlay
LogPluginManager: Mounting plugin OnlineSubsystemIOS
LogPluginManager: Mounting plugin OnlineSubsystem
LogPluginManager: Mounting plugin OnlineSubsystemNull
LogPluginManager: Mounting plugin OnlineSubsystemUtils
LogPluginManager: Mounting plugin LauncherChunkInstaller
LogPluginManager: Mounting plugin AndroidDeviceProfileSelector
LogPluginManager: Mounting plugin AndroidMoviePlayer
LogPluginManager: Mounting plugin AndroidPermission
LogPluginManager: Mounting plugin AppleImageUtils
LogPluginManager: Mounting plugin AppleMoviePlayer
LogPluginManager: Mounting plugin ArchVisCharacter
LogPluginManager: Mounting plugin AudioCapture
LogPluginManager: Mounting plugin CableComponent
LogPluginManager: Mounting plugin CustomMeshComponent
LogPluginManager: Mounting plugin EditableMesh
LogPluginManager: Mounting plugin ExampleDeviceProfileSelector
LogPluginManager: Mounting plugin GoogleCloudMessaging
LogPluginManager: Mounting plugin IOSDeviceProfileSelector
LogPluginManager: Mounting plugin LinuxDeviceProfileSelector
LogPluginManager: Mounting plugin LocationServicesBPLibrary
LogPluginManager: Mounting plugin MobilePatchingUtils
LogPluginManager: Mounting plugin OculusVR
LogPluginManager: Mounting plugin PhysXVehicles
LogPluginManager: Mounting plugin ProceduralMeshComponent
LogPluginManager: Mounting plugin RuntimePhysXCooking
LogPluginManager: Mounting plugin SignificanceManager
LogPluginManager: Mounting plugin SteamVR
LogPluginManager: Mounting plugin WebMMoviePlayer
LogPluginManager: Mounting plugin WindowsMoviePlayer
LogPluginManager: Mounting plugin ScriptPlugin
LogPluginManager: Mounting plugin ScreenshotTools
LogPluginManager: Mounting plugin ImpostorBaker
LogInit: Using libcurl 7.55.1-DEV
LogInit:  - built for x86_64-pc-win32
LogInit:  - supports SSL with OpenSSL/1.1.1
LogInit:  - supports HTTP deflate (compression) using libz 1.2.8
LogInit:  - other features:
LogInit:      CURL_VERSION_SSL
LogInit:      CURL_VERSION_LIBZ
LogInit:      CURL_VERSION_IPV6
LogInit:      CURL_VERSION_ASYNCHDNS
LogInit:      CURL_VERSION_LARGEFILE
LogInit:      CURL_VERSION_IDN
LogInit:  CurlRequestOptions (configurable via config and command line):
LogInit:  - bVerifyPeer = true  - Libcurl will verify peer certificate
LogInit:  - bUseHttpProxy = false  - Libcurl will NOT use HTTP proxy
LogInit:  - bDontReuseConnections = false  - Libcurl will reuse connections
LogInit:  - MaxHostConnections = 16  - Libcurl will limit the number of connections to a host
LogInit:  - LocalHostAddr = Default
LogInit:  - BufferSize = 65536
LogOnline: OSS: Creating online subsystem instance for: NULL
LogInit: WinSock: version 1.1 (2.2), MaxSocks=32767, MaxUdp=65467
LogInit: Build: ++UE4+Release-4.23-CL-8386587
LogInit: Engine Version: 4.23.0-8386587+++UE4+Release-4.23
LogInit: Compatible Engine Version: 4.23.0-8386587+++UE4+Release-4.23
LogInit: Net CL: 8386587
LogInit: OS: Windows 10 (Release 1903) (), CPU: Intel(R) Core(TM) i9-9900K CPU @ 3.60GHz, GPU: NVIDIA GeForce RTX 2080
LogInit: Compiled (64-bit): Aug 31 2019 02:04:44
LogInit: Compiled with Visual C++: 19.16.27030.01
LogInit: Build Configuration: Development
LogInit: Branch Name: ++UE4+Release-4.23
LogInit: Command Line: 
LogInit: Base Directory: D:/Program Files/Epic Games/UE_4.23/Engine/Binaries/Win64/
LogInit: Installed Engine Build: 1
LogDevObjectVersion: Number of dev versions registered: 23
LogDevObjectVersion:   Dev-Blueprints (B0D832E4-1F89-4F0D-ACCF-7EB736FD4AA2): 10
LogDevObjectVersion:   Dev-Build (E1C64328-A22C-4D53-A36C-8E866417BD8C): 0
LogDevObjectVersion:   Dev-Core (375EC13C-06E4-48FB-B500-84F0262A717E): 3
LogDevObjectVersion:   Dev-Editor (E4B068ED-F494-42E9-A231-DA0B2E46BB41): 34
LogDevObjectVersion:   Dev-Framework (CFFC743F-43B0-4480-9391-14DF171D2073): 35
LogDevObjectVersion:   Dev-Mobile (B02B49B5-BB20-44E9-A304-32B752E40360): 2
LogDevObjectVersion:   Dev-Networking (A4E4105C-59A1-49B5-A7C5-40C4547EDFEE): 0
LogDevObjectVersion:   Dev-Online (39C831C9-5AE6-47DC-9A44-9C173E1C8E7C): 0
LogDevObjectVersion:   Dev-Physics (78F01B33-EBEA-4F98-B9B4-84EACCB95AA2): 0
LogDevObjectVersion:   Dev-Platform (6631380F-2D4D-43E0-8009-CF276956A95A): 0
LogDevObjectVersion:   Dev-Rendering (12F88B9F-8875-4AFC-A67C-D90C383ABD29): 31
LogDevObjectVersion:   Dev-Sequencer (7B5AE74C-D270-4C10-A958-57980B212A5A): 11
LogDevObjectVersion:   Dev-VR (D7296918-1DD6-4BDD-9DE2-64A83CC13884): 2
LogDevObjectVersion:   Dev-LoadTimes (C2A15278-BFE7-4AFE-6C17-90FF531DF755): 1
LogDevObjectVersion:   Private-Geometry (6EACA3D4-40EC-4CC1-B786-8BED09428FC5): 3
LogDevObjectVersion:   Dev-AnimPhys (29E575DD-E0A3-4627-9D10-D276232CDCEA): 17
LogDevObjectVersion:   Dev-Anim (AF43A65D-7FD3-4947-9873-3E8ED9C1BB05): 2
LogDevObjectVersion:   Dev-ReflectionCapture (6B266CEC-1EC7-4B8F-A30B-E4D90942FC07): 1
LogDevObjectVersion:   Dev-Automation (0DF73D61-A23F-47EA-B727-89E90C41499A): 1
LogDevObjectVersion:   FortniteMain (601D1886-AC64-4F84-AA16-D3DE0DEAC7D6): 27
LogDevObjectVersion:   Dev-Enterprise (9DFFBCD6-494F-0158-E221-12823C92A888): 6
LogDevObjectVersion:   Dev-Niagara (F2AED0AC-9AFE-416F-8664-AA7FFA26D6FC): 1
LogDevObjectVersion:   Dev-Destruction (174F1F0B-B4C6-45A5-B13F-2EE8D0FB917D): 9
LogInit: Presizing for max 16777216 objects, including 0 objects not considered by GC, pre-allocating 0 bytes for permanent pool.
LogInit: Object subsystem initialized
LogConfig: Setting CVar [[con.DebugEarlyDefault:1]]
LogConfig: Setting CVar [[r.setres:1280x720]]
[2019.11.01-21.06.09:749][  0]LogConfig: Setting CVar [[r.VSync:0]]
[2019.11.01-21.06.09:749][  0]LogConfig: Setting CVar [[r.RHICmdBypass:0]]
[2019.11.01-21.06.09:749][  0]LogConfig: Applying CVar settings from Section [/Script/Engine.RendererSettings] File [D:/Git/UEGym/TechArt/Saved/Config/Windows/Engine.ini]
[2019.11.01-21.06.09:749][  0]LogConfig: Setting CVar [[r.GPUCrashDebugging:0]]
[2019.11.01-21.06.09:749][  0]LogConfig: Setting CVar [[r.DefaultFeature.AutoExposure.ExtendDefaultLuminanceRange:1]]
[2019.11.01-21.06.09:749][  0]LogConfig: Setting CVar [[r.DefaultFeature.AutoExposure:0]]
[2019.11.01-21.06.09:749][  0]LogConfig: Setting CVar [[r.DefaultFeature.AutoExposure.Method:2]]
[2019.11.01-21.06.09:749][  0]LogConfig: Setting CVar [[r.SkinCache.CompileShaders:1]]
[2019.11.01-21.06.09:749][  0]LogConfig: Setting CVar [[r.RayTracing:1]]
[2019.11.01-21.06.09:749][  0]LogConfig: Applying CVar settings from Section [/Script/Engine.RendererOverrideSettings] File [D:/Git/UEGym/TechArt/Saved/Config/Windows/Engine.ini]
[2019.11.01-21.06.09:749][  0]LogConfig: Applying CVar settings from Section [/Script/Engine.StreamingSettings] File [D:/Git/UEGym/TechArt/Saved/Config/Windows/Engine.ini]
[2019.11.01-21.06.09:749][  0]LogConfig: Setting CVar [[s.MinBulkDataSizeForAsyncLoading:131072]]
[2019.11.01-21.06.09:749][  0]LogConfig: Setting CVar [[s.AsyncLoadingThreadEnabled:0]]
[2019.11.01-21.06.09:749][  0]LogConfig: Setting CVar [[s.EventDrivenLoaderEnabled:1]]
[2019.11.01-21.06.09:749][  0]LogConfig: Setting CVar [[s.WarnIfTimeLimitExceeded:0]]
[2019.11.01-21.06.09:749][  0]LogConfig: Setting CVar [[s.TimeLimitExceededMultiplier:1.5]]
[2019.11.01-21.06.09:749][  0]LogConfig: Setting CVar [[s.TimeLimitExceededMinTime:0.005]]
[2019.11.01-21.06.09:749][  0]LogConfig: Setting CVar [[s.UseBackgroundLevelStreaming:1]]
[2019.11.01-21.06.09:749][  0]LogConfig: Setting CVar [[s.PriorityAsyncLoadingExtraTime:15.0]]
[2019.11.01-21.06.09:749][  0]LogConfig: Setting CVar [[s.LevelStreamingActorsUpdateTimeLimit:5.0]]
[2019.11.01-21.06.09:749][  0]LogConfig: Setting CVar [[s.PriorityLevelStreamingActorsUpdateExtraTime:5.0]]
[2019.11.01-21.06.09:749][  0]LogConfig: Setting CVar [[s.LevelStreamingComponentsRegistrationGranularity:10]]
[2019.11.01-21.06.09:749][  0]LogConfig: Setting CVar [[s.UnregisterComponentsTimeLimit:1.0]]
[2019.11.01-21.06.09:749][  0]LogConfig: Setting CVar [[s.LevelStreamingComponentsUnregistrationGranularity:5]]
[2019.11.01-21.06.09:749][  0]LogConfig: Applying CVar settings from Section [/Script/Engine.GarbageCollectionSettings] File [D:/Git/UEGym/TechArt/Saved/Config/Windows/Engine.ini]
[2019.11.01-21.06.09:749][  0]LogConfig: Setting CVar [[gc.MaxObjectsNotConsideredByGC:1]]
[2019.11.01-21.06.09:749][  0]LogConfig: Setting CVar [[gc.SizeOfPermanentObjectPool:0]]
[2019.11.01-21.06.09:749][  0]LogConfig: Setting CVar [[gc.FlushStreamingOnGC:0]]
[2019.11.01-21.06.09:749][  0]LogConfig: Setting CVar [[gc.NumRetriesBeforeForcingGC:10]]
[2019.11.01-21.06.09:749][  0]LogConfig: Setting CVar [[gc.AllowParallelGC:1]]
[2019.11.01-21.06.09:749][  0]LogConfig: Setting CVar [[gc.TimeBetweenPurgingPendingKillObjects:61.1]]
[2019.11.01-21.06.09:749][  0]LogConfig: Setting CVar [[gc.MaxObjectsInEditor:16777216]]
[2019.11.01-21.06.09:749][  0]LogConfig: Setting CVar [[gc.IncrementalBeginDestroyEnabled:1]]
[2019.11.01-21.06.09:749][  0]LogConfig: Setting CVar [[gc.CreateGCClusters:1]]
[2019.11.01-21.06.09:749][  0]LogConfig: Setting CVar [[gc.MinGCClusterSize:5]]
[2019.11.01-21.06.09:749][  0]LogConfig: Setting CVar [[gc.ActorClusteringEnabled:0]]
[2019.11.01-21.06.09:749][  0]LogConfig: Setting CVar [[gc.BlueprintClusteringEnabled:0]]
[2019.11.01-21.06.09:749][  0]LogConfig: Setting CVar [[gc.UseDisregardForGCOnDedicatedServers:0]]
[2019.11.01-21.06.09:749][  0]LogConfig: Applying CVar settings from Section [/Script/Engine.NetworkSettings] File [D:/Git/UEGym/TechArt/Saved/Config/Windows/Engine.ini]
[2019.11.01-21.06.09:749][  0]LogConfig: Applying CVar settings from Section [/Script/UnrealEd.CookerSettings] File [D:/Git/UEGym/TechArt/Saved/Config/Windows/Engine.ini]
[2019.11.01-21.06.09:753][  0]LogConfig: Applying CVar settings from Section [ViewDistanceQuality@3] File [D:/Git/UEGym/TechArt/Saved/Config/Windows/Scalability.ini]
[2019.11.01-21.06.09:753][  0]LogConfig: Setting CVar [[r.SkeletalMeshLODBias:0]]
[2019.11.01-21.06.09:753][  0]LogConfig: Setting CVar [[r.ViewDistanceScale:1.0]]
[2019.11.01-21.06.09:753][  0]LogConfig: Applying CVar settings from Section [AntiAliasingQuality@3] File [D:/Git/UEGym/TechArt/Saved/Config/Windows/Scalability.ini]
[2019.11.01-21.06.09:753][  0]LogConfig: Setting CVar [[r.PostProcessAAQuality:4]]
[2019.11.01-21.06.09:753][  0]LogConfig: Applying CVar settings from Section [ShadowQuality@3] File [D:/Git/UEGym/TechArt/Saved/Config/Windows/Scalability.ini]
[2019.11.01-21.06.09:753][  0]LogConfig: Setting CVar [[r.LightFunctionQuality:1]]
[2019.11.01-21.06.09:753][  0]LogConfig: Setting CVar [[r.ShadowQuality:5]]
[2019.11.01-21.06.09:753][  0]LogConfig: Setting CVar [[r.Shadow.CSM.MaxCascades:10]]
[2019.11.01-21.06.09:753][  0]LogConfig: Setting CVar [[r.Shadow.MaxResolution:2048]]
[2019.11.01-21.06.09:753][  0]LogConfig: Setting CVar [[r.Shadow.MaxCSMResolution:2048]]
[2019.11.01-21.06.09:753][  0]LogConfig: Setting CVar [[r.Shadow.RadiusThreshold:0.01]]
[2019.11.01-21.06.09:753][  0]LogConfig: Setting CVar [[r.Shadow.DistanceScale:1.0]]
[2019.11.01-21.06.09:753][  0]LogConfig: Setting CVar [[r.Shadow.CSM.TransitionScale:1.0]]
[2019.11.01-21.06.09:753][  0]LogConfig: Setting CVar [[r.Shadow.PreShadowResolutionFactor:1.0]]
[2019.11.01-21.06.09:753][  0]LogConfig: Setting CVar [[r.DistanceFieldShadowing:1]]
[2019.11.01-21.06.09:753][  0]LogConfig: Setting CVar [[r.DistanceFieldAO:1]]
[2019.11.01-21.06.09:753][  0]LogConfig: Setting CVar [[r.AOQuality:2]]
[2019.11.01-21.06.09:753][  0]LogConfig: Setting CVar [[r.VolumetricFog:1]]
[2019.11.01-21.06.09:753][  0]LogConfig: Setting CVar [[r.VolumetricFog.GridPixelSize:8]]
[2019.11.01-21.06.09:753][  0]LogConfig: Setting CVar [[r.VolumetricFog.GridSizeZ:128]]
[2019.11.01-21.06.09:753][  0]LogConfig: Setting CVar [[r.VolumetricFog.HistoryMissSupersampleCount:4]]
[2019.11.01-21.06.09:753][  0]LogConfig: Setting CVar [[r.LightMaxDrawDistanceScale:1]]
[2019.11.01-21.06.09:753][  0]LogConfig: Setting CVar [[r.CapsuleShadows:1]]
[2019.11.01-21.06.09:753][  0]LogConfig: Applying CVar settings from Section [PostProcessQuality@3] File [D:/Git/UEGym/TechArt/Saved/Config/Windows/Scalability.ini]
[2019.11.01-21.06.09:753][  0]LogConfig: Setting CVar [[r.MotionBlurQuality:4]]
[2019.11.01-21.06.09:753][  0]LogConfig: Setting CVar [[r.AmbientOcclusionMipLevelFactor:0.4]]
[2019.11.01-21.06.09:753][  0]LogConfig: Setting CVar [[r.AmbientOcclusionMaxQuality:100]]
[2019.11.01-21.06.09:753][  0]LogConfig: Setting CVar [[r.AmbientOcclusionLevels:-1]]
[2019.11.01-21.06.09:753][  0]LogConfig: Setting CVar [[r.AmbientOcclusionRadiusScale:1.0]]
[2019.11.01-21.06.09:753][  0]LogConfig: Setting CVar [[r.DepthOfFieldQuality:2]]
[2019.11.01-21.06.09:753][  0]LogConfig: Setting CVar [[r.RenderTargetPoolMin:400]]
[2019.11.01-21.06.09:753][  0]LogConfig: Setting CVar [[r.LensFlareQuality:2]]
[2019.11.01-21.06.09:753][  0]LogConfig: Setting CVar [[r.SceneColorFringeQuality:1]]
[2019.11.01-21.06.09:753][  0]LogConfig: Setting CVar [[r.EyeAdaptationQuality:2]]
[2019.11.01-21.06.09:753][  0]LogConfig: Setting CVar [[r.BloomQuality:5]]
[2019.11.01-21.06.09:753][  0]LogConfig: Setting CVar [[r.FastBlurThreshold:100]]
[2019.11.01-21.06.09:753][  0]LogConfig: Setting CVar [[r.Upscale.Quality:3]]
[2019.11.01-21.06.09:753][  0]LogConfig: Setting CVar [[r.Tonemapper.GrainQuantization:1]]
[2019.11.01-21.06.09:753][  0]LogConfig: Setting CVar [[r.LightShaftQuality:1]]
[2019.11.01-21.06.09:753][  0]LogConfig: Setting CVar [[r.Filter.SizeScale:1]]
[2019.11.01-21.06.09:753][  0]LogConfig: Setting CVar [[r.Tonemapper.Quality:5]]
[2019.11.01-21.06.09:753][  0]LogConfig: Setting CVar [[r.DOF.Gather.AccumulatorQuality:1        ; higher gathering accumulator quality]]
[2019.11.01-21.06.09:753][  0]LogConfig: Setting CVar [[r.DOF.Gather.PostfilterMethod:1          ; Median3x3 postfilering method]]
[2019.11.01-21.06.09:753][  0]LogConfig: Setting CVar [[r.DOF.Gather.EnableBokehSettings:0       ; no bokeh simulation when gathering]]
[2019.11.01-21.06.09:753][  0]LogConfig: Setting CVar [[r.DOF.Gather.RingCount:4                 ; medium number of samples when gathering]]
[2019.11.01-21.06.09:753][  0]LogConfig: Setting CVar [[r.DOF.Scatter.ForegroundCompositing:1    ; additive foreground scattering]]
[2019.11.01-21.06.09:753][  0]LogConfig: Setting CVar [[r.DOF.Scatter.BackgroundCompositing:2    ; additive background scattering]]
[2019.11.01-21.06.09:753][  0]LogConfig: Setting CVar [[r.DOF.Scatter.EnableBokehSettings:1      ; bokeh simulation when scattering]]
[2019.11.01-21.06.09:753][  0]LogConfig: Setting CVar [[r.DOF.Scatter.MaxSpriteRatio:0.1         ; only a maximum of 10% of scattered bokeh]]
[2019.11.01-21.06.09:753][  0]LogConfig: Setting CVar [[r.DOF.Recombine.Quality:1                ; cheap slight out of focus]]
[2019.11.01-21.06.09:753][  0]LogConfig: Setting CVar [[r.DOF.Recombine.EnableBokehSettings:0    ; no bokeh simulation on slight out of focus]]
[2019.11.01-21.06.09:753][  0]LogConfig: Setting CVar [[r.DOF.TemporalAAQuality:1                ; more stable temporal accumulation]]
[2019.11.01-21.06.09:753][  0]LogConfig: Setting CVar [[r.DOF.Kernel.MaxForegroundRadius:0.025]]
[2019.11.01-21.06.09:753][  0]LogConfig: Setting CVar [[r.DOF.Kernel.MaxBackgroundRadius:0.025]]
[2019.11.01-21.06.09:753][  0]LogConfig: Applying CVar settings from Section [TextureQuality@3] File [D:/Git/UEGym/TechArt/Saved/Config/Windows/Scalability.ini]
[2019.11.01-21.06.09:753][  0]LogConfig: Setting CVar [[r.Streaming.MipBias:0]]
[2019.11.01-21.06.09:753][  0]LogConfig: Setting CVar [[r.Streaming.AmortizeCPUToGPUCopy:0]]
[2019.11.01-21.06.09:753][  0]LogConfig: Setting CVar [[r.Streaming.MaxNumTexturesToStreamPerFrame:0]]
[2019.11.01-21.06.09:753][  0]LogConfig: Setting CVar [[r.Streaming.Boost:1]]
[2019.11.01-21.06.09:753][  0]LogConfig: Setting CVar [[r.MaxAnisotropy:8]]
[2019.11.01-21.06.09:753][  0]LogConfig: Setting CVar [[r.Streaming.LimitPoolSizeToVRAM:0]]
[2019.11.01-21.06.09:753][  0]LogConfig: Setting CVar [[r.Streaming.PoolSize:1000]]
[2019.11.01-21.06.09:753][  0]LogConfig: Setting CVar [[r.Streaming.MaxEffectiveScreenSize:0]]
[2019.11.01-21.06.09:753][  0]LogConfig: Applying CVar settings from Section [EffectsQuality@3] File [D:/Git/UEGym/TechArt/Saved/Config/Windows/Scalability.ini]
[2019.11.01-21.06.09:753][  0]LogConfig: Setting CVar [[r.TranslucencyLightingVolumeDim:64]]
[2019.11.01-21.06.09:753][  0]LogConfig: Setting CVar [[r.RefractionQuality:2]]
[2019.11.01-21.06.09:753][  0]LogConfig: Setting CVar [[r.SSR.Quality:3]]
[2019.11.01-21.06.09:753][  0]LogConfig: Setting CVar [[r.SceneColorFormat:4]]
[2019.11.01-21.06.09:753][  0]LogConfig: Setting CVar [[r.DetailMode:2]]
[2019.11.01-21.06.09:753][  0]LogConfig: Setting CVar [[r.TranslucencyVolumeBlur:1]]
[2019.11.01-21.06.09:753][  0]LogConfig: Setting CVar [[r.MaterialQualityLevel:1 ; High quality]]
[2019.11.01-21.06.09:753][  0]LogConfig: Setting CVar [[r.SSS.Scale:1]]
[2019.11.01-21.06.09:753][  0]LogConfig: Setting CVar [[r.SSS.SampleSet:2]]
[2019.11.01-21.06.09:753][  0]LogConfig: Setting CVar [[r.SSS.Quality:1]]
[2019.11.01-21.06.09:753][  0]LogConfig: Setting CVar [[r.SSS.HalfRes:1]]
[2019.11.01-21.06.09:753][  0]LogConfig: Setting CVar [[r.EmitterSpawnRateScale:1.0]]
[2019.11.01-21.06.09:753][  0]LogConfig: Setting CVar [[r.ParticleLightQuality:2]]
[2019.11.01-21.06.09:753][  0]LogConfig: Applying CVar settings from Section [FoliageQuality@3] File [D:/Git/UEGym/TechArt/Saved/Config/Windows/Scalability.ini]
[2019.11.01-21.06.09:753][  0]LogConfig: Setting CVar [[foliage.DensityScale:1.0]]
[2019.11.01-21.06.09:753][  0]LogConfig: Setting CVar [[grass.DensityScale:1.0]]
[2019.11.01-21.06.09:753][  0]LogInit: Selected Device Profile: [Windows]
[2019.11.01-21.06.09:753][  0]LogInit: Applying CVar settings loaded from the selected device profile: [Windows]
[2019.11.01-21.06.09:769][  0]LogHAL: Display: Platform has ~ 64 GB [68634533888 / 68719476736 / 64], which maps to Largest [LargestMinGB=32, LargerMinGB=12, DefaultMinGB=8, SmallerMinGB=6, SmallestMinGB=0)
[2019.11.01-21.06.09:769][  0]LogInit: Going up to parent DeviceProfile []
[2019.11.01-21.06.09:769][  0]LogConfig: Applying CVar settings from Section [ViewDistanceQuality@3] File [D:/Git/UEGym/TechArt/Saved/Config/Windows/Scalability.ini]
[2019.11.01-21.06.09:770][  0]LogConfig: Setting CVar [[r.SkeletalMeshLODBias:0]]
[2019.11.01-21.06.09:770][  0]LogConfig: Setting CVar [[r.ViewDistanceScale:1.0]]
[2019.11.01-21.06.09:770][  0]LogConfig: Applying CVar settings from Section [AntiAliasingQuality@3] File [D:/Git/UEGym/TechArt/Saved/Config/Windows/Scalability.ini]
[2019.11.01-21.06.09:770][  0]LogConfig: Setting CVar [[r.PostProcessAAQuality:4]]
[2019.11.01-21.06.09:770][  0]LogConfig: Applying CVar settings from Section [ShadowQuality@3] File [D:/Git/UEGym/TechArt/Saved/Config/Windows/Scalability.ini]
[2019.11.01-21.06.09:770][  0]LogConfig: Setting CVar [[r.LightFunctionQuality:1]]
[2019.11.01-21.06.09:770][  0]LogConfig: Setting CVar [[r.ShadowQuality:5]]
[2019.11.01-21.06.09:770][  0]LogConfig: Setting CVar [[r.Shadow.CSM.MaxCascades:10]]
[2019.11.01-21.06.09:770][  0]LogConfig: Setting CVar [[r.Shadow.MaxResolution:2048]]
[2019.11.01-21.06.09:770][  0]LogConfig: Setting CVar [[r.Shadow.MaxCSMResolution:2048]]
[2019.11.01-21.06.09:770][  0]LogConfig: Setting CVar [[r.Shadow.RadiusThreshold:0.01]]
[2019.11.01-21.06.09:770][  0]LogConfig: Setting CVar [[r.Shadow.DistanceScale:1.0]]
[2019.11.01-21.06.09:770][  0]LogConfig: Setting CVar [[r.Shadow.CSM.TransitionScale:1.0]]
[2019.11.01-21.06.09:770][  0]LogConfig: Setting CVar [[r.Shadow.PreShadowResolutionFactor:1.0]]
[2019.11.01-21.06.09:770][  0]LogConfig: Setting CVar [[r.DistanceFieldShadowing:1]]
[2019.11.01-21.06.09:770][  0]LogConfig: Setting CVar [[r.DistanceFieldAO:1]]
[2019.11.01-21.06.09:770][  0]LogConfig: Setting CVar [[r.AOQuality:2]]
[2019.11.01-21.06.09:770][  0]LogConfig: Setting CVar [[r.VolumetricFog:1]]
[2019.11.01-21.06.09:770][  0]LogConfig: Setting CVar [[r.VolumetricFog.GridPixelSize:8]]
[2019.11.01-21.06.09:770][  0]LogConfig: Setting CVar [[r.VolumetricFog.GridSizeZ:128]]
[2019.11.01-21.06.09:770][  0]LogConfig: Setting CVar [[r.VolumetricFog.HistoryMissSupersampleCount:4]]
[2019.11.01-21.06.09:770][  0]LogConfig: Setting CVar [[r.LightMaxDrawDistanceScale:1]]
[2019.11.01-21.06.09:770][  0]LogConfig: Setting CVar [[r.CapsuleShadows:1]]
[2019.11.01-21.06.09:770][  0]LogConfig: Applying CVar settings from Section [PostProcessQuality@3] File [D:/Git/UEGym/TechArt/Saved/Config/Windows/Scalability.ini]
[2019.11.01-21.06.09:770][  0]LogConfig: Setting CVar [[r.MotionBlurQuality:4]]
[2019.11.01-21.06.09:770][  0]LogConfig: Setting CVar [[r.AmbientOcclusionMipLevelFactor:0.4]]
[2019.11.01-21.06.09:770][  0]LogConfig: Setting CVar [[r.AmbientOcclusionMaxQuality:100]]
[2019.11.01-21.06.09:770][  0]LogConfig: Setting CVar [[r.AmbientOcclusionLevels:-1]]
[2019.11.01-21.06.09:770][  0]LogConfig: Setting CVar [[r.AmbientOcclusionRadiusScale:1.0]]
[2019.11.01-21.06.09:770][  0]LogConfig: Setting CVar [[r.DepthOfFieldQuality:2]]
[2019.11.01-21.06.09:770][  0]LogConfig: Setting CVar [[r.RenderTargetPoolMin:400]]
[2019.11.01-21.06.09:770][  0]LogConfig: Setting CVar [[r.LensFlareQuality:2]]
[2019.11.01-21.06.09:770][  0]LogConfig: Setting CVar [[r.SceneColorFringeQuality:1]]
[2019.11.01-21.06.09:770][  0]LogConfig: Setting CVar [[r.EyeAdaptationQuality:2]]
[2019.11.01-21.06.09:770][  0]LogConfig: Setting CVar [[r.BloomQuality:5]]
[2019.11.01-21.06.09:770][  0]LogConfig: Setting CVar [[r.FastBlurThreshold:100]]
[2019.11.01-21.06.09:770][  0]LogConfig: Setting CVar [[r.Upscale.Quality:3]]
[2019.11.01-21.06.09:770][  0]LogConfig: Setting CVar [[r.Tonemapper.GrainQuantization:1]]
[2019.11.01-21.06.09:770][  0]LogConfig: Setting CVar [[r.LightShaftQuality:1]]
[2019.11.01-21.06.09:770][  0]LogConfig: Setting CVar [[r.Filter.SizeScale:1]]
[2019.11.01-21.06.09:770][  0]LogConfig: Setting CVar [[r.Tonemapper.Quality:5]]
[2019.11.01-21.06.09:770][  0]LogConfig: Setting CVar [[r.DOF.Gather.AccumulatorQuality:1        ; higher gathering accumulator quality]]
[2019.11.01-21.06.09:770][  0]LogConfig: Setting CVar [[r.DOF.Gather.PostfilterMethod:1          ; Median3x3 postfilering method]]
[2019.11.01-21.06.09:770][  0]LogConfig: Setting CVar [[r.DOF.Gather.EnableBokehSettings:0       ; no bokeh simulation when gathering]]
[2019.11.01-21.06.09:770][  0]LogConfig: Setting CVar [[r.DOF.Gather.RingCount:4                 ; medium number of samples when gathering]]
[2019.11.01-21.06.09:770][  0]LogConfig: Setting CVar [[r.DOF.Scatter.ForegroundCompositing:1    ; additive foreground scattering]]
[2019.11.01-21.06.09:770][  0]LogConfig: Setting CVar [[r.DOF.Scatter.BackgroundCompositing:2    ; additive background scattering]]
[2019.11.01-21.06.09:770][  0]LogConfig: Setting CVar [[r.DOF.Scatter.EnableBokehSettings:1      ; bokeh simulation when scattering]]
[2019.11.01-21.06.09:770][  0]LogConfig: Setting CVar [[r.DOF.Scatter.MaxSpriteRatio:0.1         ; only a maximum of 10% of scattered bokeh]]
[2019.11.01-21.06.09:770][  0]LogConfig: Setting CVar [[r.DOF.Recombine.Quality:1                ; cheap slight out of focus]]
[2019.11.01-21.06.09:770][  0]LogConfig: Setting CVar [[r.DOF.Recombine.EnableBokehSettings:0    ; no bokeh simulation on slight out of focus]]
[2019.11.01-21.06.09:770][  0]LogConfig: Setting CVar [[r.DOF.TemporalAAQuality:1                ; more stable temporal accumulation]]
[2019.11.01-21.06.09:770][  0]LogConfig: Setting CVar [[r.DOF.Kernel.MaxForegroundRadius:0.025]]
[2019.11.01-21.06.09:770][  0]LogConfig: Setting CVar [[r.DOF.Kernel.MaxBackgroundRadius:0.025]]
[2019.11.01-21.06.09:770][  0]LogConfig: Applying CVar settings from Section [TextureQuality@3] File [D:/Git/UEGym/TechArt/Saved/Config/Windows/Scalability.ini]
[2019.11.01-21.06.09:770][  0]LogConfig: Setting CVar [[r.Streaming.MipBias:0]]
[2019.11.01-21.06.09:770][  0]LogConfig: Setting CVar [[r.Streaming.AmortizeCPUToGPUCopy:0]]
[2019.11.01-21.06.09:770][  0]LogConfig: Setting CVar [[r.Streaming.MaxNumTexturesToStreamPerFrame:0]]
[2019.11.01-21.06.09:770][  0]LogConfig: Setting CVar [[r.Streaming.Boost:1]]
[2019.11.01-21.06.09:770][  0]LogConfig: Setting CVar [[r.MaxAnisotropy:8]]
[2019.11.01-21.06.09:770][  0]LogConfig: Setting CVar [[r.Streaming.LimitPoolSizeToVRAM:0]]
[2019.11.01-21.06.09:770][  0]LogConfig: Setting CVar [[r.Streaming.PoolSize:1000]]
[2019.11.01-21.06.09:770][  0]LogConfig: Setting CVar [[r.Streaming.MaxEffectiveScreenSize:0]]
[2019.11.01-21.06.09:770][  0]LogConfig: Applying CVar settings from Section [EffectsQuality@3] File [D:/Git/UEGym/TechArt/Saved/Config/Windows/Scalability.ini]
[2019.11.01-21.06.09:770][  0]LogConfig: Setting CVar [[r.TranslucencyLightingVolumeDim:64]]
[2019.11.01-21.06.09:770][  0]LogConfig: Setting CVar [[r.RefractionQuality:2]]
[2019.11.01-21.06.09:770][  0]LogConfig: Setting CVar [[r.SSR.Quality:3]]
[2019.11.01-21.06.09:770][  0]LogConfig: Setting CVar [[r.SceneColorFormat:4]]
[2019.11.01-21.06.09:770][  0]LogConfig: Setting CVar [[r.DetailMode:2]]
[2019.11.01-21.06.09:770][  0]LogConfig: Setting CVar [[r.TranslucencyVolumeBlur:1]]
[2019.11.01-21.06.09:770][  0]LogConfig: Setting CVar [[r.MaterialQualityLevel:1 ; High quality]]
[2019.11.01-21.06.09:770][  0]LogConfig: Setting CVar [[r.SSS.Scale:1]]
[2019.11.01-21.06.09:770][  0]LogConfig: Setting CVar [[r.SSS.SampleSet:2]]
[2019.11.01-21.06.09:770][  0]LogConfig: Setting CVar [[r.SSS.Quality:1]]
[2019.11.01-21.06.09:770][  0]LogConfig: Setting CVar [[r.SSS.HalfRes:1]]
[2019.11.01-21.06.09:770][  0]LogConfig: Setting CVar [[r.EmitterSpawnRateScale:1.0]]
[2019.11.01-21.06.09:770][  0]LogConfig: Setting CVar [[r.ParticleLightQuality:2]]
[2019.11.01-21.06.09:770][  0]LogConfig: Applying CVar settings from Section [FoliageQuality@3] File [D:/Git/UEGym/TechArt/Saved/Config/Windows/Scalability.ini]
[2019.11.01-21.06.09:770][  0]LogConfig: Setting CVar [[foliage.DensityScale:1.0]]
[2019.11.01-21.06.09:770][  0]LogConfig: Setting CVar [[grass.DensityScale:1.0]]
[2019.11.01-21.06.09:770][  0]LogConfig: Applying CVar settings from Section [Startup] File [../../../Engine/Config/ConsoleVariables.ini]
[2019.11.01-21.06.09:770][  0]LogConfig: Setting CVar [[net.UseAdaptiveNetUpdateFrequency:0]]
[2019.11.01-21.06.09:770][  0]LogConfig: Setting CVar [[p.chaos.AllowCreatePhysxBodies:1]]
[2019.11.01-21.06.09:770][  0]LogConfig: Applying CVar settings from Section [ConsoleVariables] File [D:/Git/UEGym/TechArt/Saved/Config/Windows/Engine.ini]
[2019.11.01-21.06.09:771][  0]LogInit: Computer: VICTOR
[2019.11.01-21.06.09:771][  0]LogInit: User: victorl
[2019.11.01-21.06.09:771][  0]LogInit: CPU Page size=4096, Cores=8
[2019.11.01-21.06.09:771][  0]LogInit: High frequency timer resolution =10.000000 MHz
[2019.11.01-21.06.09:771][  0]LogMemory: Memory total: Physical=63.9GB (64GB approx)
[2019.11.01-21.06.09:771][  0]LogMemory: Platform Memory Stats for Windows
[2019.11.01-21.06.09:771][  0]LogMemory: Process Physical Memory: 113.39 MB used, 113.39 MB peak
[2019.11.01-21.06.09:771][  0]LogMemory: Process Virtual Memory: 106.67 MB used, 106.67 MB peak
[2019.11.01-21.06.09:771][  0]LogMemory: Physical Memory: 20188.24 MB used,  45266.75 MB free, 65454.99 MB total
[2019.11.01-21.06.09:771][  0]LogMemory: Virtual Memory: 4711.38 MB used,  134213016.00 MB free, 134217728.00 MB total
[2019.11.01-21.06.09:774][  0]LogWindows: WindowsPlatformFeatures enabled
[2019.11.01-21.06.09:786][  0]LogInit: Using OS detected language (en-US).
[2019.11.01-21.06.09:786][  0]LogInit: Using OS detected locale (en-CA).
[2019.11.01-21.06.09:786][  0]LogTextLocalizationManager: No specific localization for 'en-US' exists, so the 'en' localization will be used.
[2019.11.01-21.06.09:904][  0]LogInit: Setting process to per monitor DPI aware
[2019.11.01-21.06.09:924][  0]LogSlate: New Slate User Created.  User Index 0, Is Virtual User: 0
[2019.11.01-21.06.09:924][  0]LogSlate: Slate User Registered.  User Index 0, Is Virtual User: 0
[2019.11.01-21.06.10:029][  0]LogD3D12RHI: Aftermath initialized
[2019.11.01-21.06.10:029][  0]LogD3D12RHI: Loading WinPixEventRuntime.dll for PIX profiling (from ../../../Engine/Binaries/ThirdParty/Windows/DirectX/x64).
[2019.11.01-21.06.10:032][  0]LogHMD: Failed to initialize OpenVR with code 110
[2019.11.01-21.06.10:120][  0]LogD3D12RHI: Found D3D12 adapter 0: NVIDIA GeForce RTX 2080 (Max supported Feature Level 12_1)
[2019.11.01-21.06.10:120][  0]LogD3D12RHI: Adapter has 8010MB of dedicated video memory, 0MB of dedicated system memory, and 32727MB of shared system memory, 2 output[s]
[2019.11.01-21.06.10:126][  0]LogD3D12RHI: Found D3D12 adapter 1: Microsoft Basic Render Driver (Max supported Feature Level 12_1)
[2019.11.01-21.06.10:126][  0]LogD3D12RHI: Adapter has 0MB of dedicated video memory, 0MB of dedicated system memory, and 32727MB of shared system memory, 0 output[s]
[2019.11.01-21.06.10:126][  0]LogD3D12RHI: Forcing D3D12.AsyncDeferredDeletion=0 as a workaround for a deadlock.
[2019.11.01-21.06.10:126][  0]LogD3D12RHI: Chosen D3D12 Adapter Id = 0
[2019.11.01-21.06.10:134][  0]LogD3D12RHI: Emitting draw events for PIX profiling.
[2019.11.01-21.06.10:196][  0]LogD3D12RHI: D3D12 ray tracing enabled.
[2019.11.01-21.06.10:196][  0]LogD3D12RHI: The system supports ID3D12Device1.
[2019.11.01-21.06.10:196][  0]LogD3D12RHI: The system supports ID3D12Device2.
[2019.11.01-21.06.10:293][  0]LogD3D12RHI: Display: Not using pipeline state disk cache per r.D3D12.PSO.DiskCache=0
[2019.11.01-21.06.10:293][  0]LogD3D12RHI: Display: Not using driver-optimized pipeline state disk cache per r.D3D12.PSO.DriverOptimizedDiskCache=0
[2019.11.01-21.06.10:293][  0]LogD3D12RHI:     GPU DeviceId: 0x1e82 (for the marketing name, search the web for "GPU Device Id")
[2019.11.01-21.06.10:293][  0]LogWindows: EnumDisplayDevices:
[2019.11.01-21.06.10:293][  0]LogWindows:    0. 'NVIDIA GeForce RTX 2080' (P:1 D:1)
[2019.11.01-21.06.10:293][  0]LogWindows:    1. 'NVIDIA GeForce RTX 2080' (P:0 D:1)
[2019.11.01-21.06.10:294][  0]LogWindows:    2. 'NVIDIA GeForce RTX 2080' (P:0 D:0)
[2019.11.01-21.06.10:294][  0]LogWindows:    3. 'NVIDIA GeForce RTX 2080' (P:0 D:0)
[2019.11.01-21.06.10:294][  0]LogWindows: DebugString: FoundDriverCount:4 
[2019.11.01-21.06.10:294][  0]LogD3D12RHI:     Adapter Name: NVIDIA GeForce RTX 2080
[2019.11.01-21.06.10:294][  0]LogD3D12RHI:   Driver Version: 441.08 (internal:26.21.14.4108, unified:441.08)
[2019.11.01-21.06.10:294][  0]LogD3D12RHI:      Driver Date: 10-22-2019
[2019.11.01-21.06.10:294][  0]LogRHI: Texture pool is 4289 MB (70% of 6127 MB)
[2019.11.01-21.06.10:294][  0]LogD3D12RHI: Async texture creation enabled
[2019.11.01-21.06.10:493][  0]LogTemp: Display: Module 'AllDesktopTargetPlatform' loaded TargetPlatform 'AllDesktop'
[2019.11.01-21.06.10:510][  0]LogTemp: Display: Module 'MacClientTargetPlatform' loaded TargetPlatform 'MacClient'
[2019.11.01-21.06.10:515][  0]LogTemp: Display: Module 'MacNoEditorTargetPlatform' loaded TargetPlatform 'MacNoEditor'
[2019.11.01-21.06.10:521][  0]LogTemp: Display: Module 'MacServerTargetPlatform' loaded TargetPlatform 'MacServer'
[2019.11.01-21.06.10:526][  0]LogTemp: Display: Module 'MacTargetPlatform' loaded TargetPlatform 'Mac'
[2019.11.01-21.06.10:532][  0]LogTemp: Display: Module 'WindowsClientTargetPlatform' loaded TargetPlatform 'WindowsClient'
[2019.11.01-21.06.10:538][  0]LogTemp: Display: Module 'WindowsNoEditorTargetPlatform' loaded TargetPlatform 'WindowsNoEditor'
[2019.11.01-21.06.10:544][  0]LogTemp: Display: Module 'WindowsServerTargetPlatform' loaded TargetPlatform 'WindowsServer'
[2019.11.01-21.06.10:546][  0]LogTemp: Display: Module 'WindowsTargetPlatform' loaded TargetPlatform 'Windows'
[2019.11.01-21.06.10:568][  0]LogTemp: Display: Module 'AndroidTargetPlatform' loaded TargetPlatform 'Android'
[2019.11.01-21.06.10:568][  0]LogTemp: Display: Module 'AndroidTargetPlatform' loaded TargetPlatform 'Android_ASTC'
[2019.11.01-21.06.10:568][  0]LogTemp: Display: Module 'AndroidTargetPlatform' loaded TargetPlatform 'Android_ATC'
[2019.11.01-21.06.10:568][  0]LogTemp: Display: Module 'AndroidTargetPlatform' loaded TargetPlatform 'Android_DXT'
[2019.11.01-21.06.10:568][  0]LogTemp: Display: Module 'AndroidTargetPlatform' loaded TargetPlatform 'Android_ETC1'
[2019.11.01-21.06.10:568][  0]LogTemp: Display: Module 'AndroidTargetPlatform' loaded TargetPlatform 'Android_ETC1a'
[2019.11.01-21.06.10:568][  0]LogTemp: Display: Module 'AndroidTargetPlatform' loaded TargetPlatform 'Android_ETC2'
[2019.11.01-21.06.10:568][  0]LogTemp: Display: Module 'AndroidTargetPlatform' loaded TargetPlatform 'Android_PVRTC'
[2019.11.01-21.06.10:568][  0]LogTemp: Display: Module 'AndroidTargetPlatform' loaded TargetPlatform 'AndroidClient'
[2019.11.01-21.06.10:568][  0]LogTemp: Display: Module 'AndroidTargetPlatform' loaded TargetPlatform 'Android_ASTCClient'
[2019.11.01-21.06.10:568][  0]LogTemp: Display: Module 'AndroidTargetPlatform' loaded TargetPlatform 'Android_ATCClient'
[2019.11.01-21.06.10:569][  0]LogTemp: Display: Module 'AndroidTargetPlatform' loaded TargetPlatform 'Android_DXTClient'
[2019.11.01-21.06.10:569][  0]LogTemp: Display: Module 'AndroidTargetPlatform' loaded TargetPlatform 'Android_ETC1Client'
[2019.11.01-21.06.10:569][  0]LogTemp: Display: Module 'AndroidTargetPlatform' loaded TargetPlatform 'Android_ETC1aClient'
[2019.11.01-21.06.10:569][  0]LogTemp: Display: Module 'AndroidTargetPlatform' loaded TargetPlatform 'Android_ETC2Client'
[2019.11.01-21.06.10:569][  0]LogTemp: Display: Module 'AndroidTargetPlatform' loaded TargetPlatform 'Android_PVRTCClient'
[2019.11.01-21.06.10:569][  0]LogTemp: Display: Module 'AndroidTargetPlatform' loaded TargetPlatform 'Android_Multi'
[2019.11.01-21.06.10:569][  0]LogTemp: Display: Module 'AndroidTargetPlatform' loaded TargetPlatform 'Android_MultiClient'
[2019.11.01-21.06.10:570][  0]LogTemp: Display: Module 'HTML5TargetPlatform' loaded TargetPlatform 'HTML5'
[2019.11.01-21.06.10:581][  0]LogTemp: Display: Module 'IOSTargetPlatform' loaded TargetPlatform 'IOSClient'
[2019.11.01-21.06.10:581][  0]LogTemp: Display: Module 'IOSTargetPlatform' loaded TargetPlatform 'IOS'
[2019.11.01-21.06.10:591][  0]LogTemp: Display: Module 'TVOSTargetPlatform' loaded TargetPlatform 'TVOSClient'
[2019.11.01-21.06.10:591][  0]LogTemp: Display: Module 'TVOSTargetPlatform' loaded TargetPlatform 'TVOS'
[2019.11.01-21.06.10:596][  0]LogTemp: Display: Module 'LinuxClientTargetPlatform' loaded TargetPlatform 'LinuxClient'
[2019.11.01-21.06.10:601][  0]LogTemp: Display: Module 'LinuxNoEditorTargetPlatform' loaded TargetPlatform 'LinuxNoEditor'
[2019.11.01-21.06.10:606][  0]LogTemp: Display: Module 'LinuxServerTargetPlatform' loaded TargetPlatform 'LinuxServer'
[2019.11.01-21.06.10:611][  0]LogTemp: Display: Module 'LinuxTargetPlatform' loaded TargetPlatform 'Linux'
[2019.11.01-21.06.10:628][  0]LogTemp: Display: Module 'LuminTargetPlatform' loaded TargetPlatform 'Lumin'
[2019.11.01-21.06.10:628][  0]LogTemp: Display: Module 'LuminTargetPlatform' loaded TargetPlatform 'LuminClient'
[2019.11.01-21.06.10:628][  0]LogTargetPlatformManager: Display: Building Assets For Windows
[2019.11.01-21.06.10:636][  0]LogAudioDebug: Display: Lib vorbis DLL was dynamically loaded.
[2019.11.01-21.06.10:662][  0]LogShaderCompilers: Guid format shader working directory is 13 characters bigger than the processId version (../../../../../../Git/UEGym/TechArt/Intermediate/Shaders/WorkingDirectory/26716/).
[2019.11.01-21.06.10:662][  0]LogShaderCompilers: Cleaned the shader compiler working directory 'C:/Users/victor.l/AppData/Local/Temp/UnrealShaderWorkingDir/D33A97A646D1068A3094C189D666FA6D/'.
[2019.11.01-21.06.10:663][  0]LogXGEController: Cannot use XGE Controller as Incredibuild is not installed on this machine.
[2019.11.01-21.06.10:663][  0]LogShaderCompilers: Cannot use XGE Shader Compiler as Incredibuild is not installed on this machine.
[2019.11.01-21.06.10:663][  0]LogShaderCompilers: Display: Using Local Shader Compiler.
[2019.11.01-21.06.11:115][  0]LogDerivedDataCache: Display: Max Cache Size: 512 MB
[2019.11.01-21.06.11:162][  0]LogDerivedDataCache: Loaded boot cache 0.05s 90MB C:/Users/victor.l/AppData/Local/UnrealEngine/4.23/DerivedDataCache/Boot.ddc.
[2019.11.01-21.06.11:162][  0]LogDerivedDataCache: Display: Loaded Boot cache: C:/Users/victor.l/AppData/Local/UnrealEngine/4.23/DerivedDataCache/Boot.ddc
[2019.11.01-21.06.11:162][  0]LogDerivedDataCache: FDerivedDataBackendGraph:  Pak pak cache file ../../../../../../Git/UEGym/TechArt/DerivedDataCache/DDC.ddp not found, will not use a pak cache.
[2019.11.01-21.06.11:162][  0]LogDerivedDataCache: Unable to find inner node Pak for hierarchical cache Hierarchy.
[2019.11.01-21.06.11:162][  0]LogDerivedDataCache: FDerivedDataBackendGraph:  CompressedPak pak cache file ../../../../../../Git/UEGym/TechArt/DerivedDataCache/Compressed.ddp not found, will not use a pak cache.
[2019.11.01-21.06.11:162][  0]LogDerivedDataCache: Unable to find inner node CompressedPak for hierarchical cache Hierarchy.
[2019.11.01-21.06.11:170][  0]LogDerivedDataCache: Display: Pak cache opened for reading ../../../Engine/DerivedDataCache/Compressed.ddp.
[2019.11.01-21.06.11:170][  0]LogDerivedDataCache: FDerivedDataBackendGraph:  EnterprisePak pak cache file ../../../Enterprise/DerivedDataCache/Compressed.ddp not found, will not use a pak cache.
[2019.11.01-21.06.11:170][  0]LogDerivedDataCache: Unable to find inner node EnterprisePak for hierarchical cache Hierarchy.
[2019.11.01-21.06.11:171][  0]LogDerivedDataCache: Using Local data cache path C:/Users/victor.l/AppData/Local/UnrealEngine/Common/DerivedDataCache: Writable
[2019.11.01-21.06.11:171][  0]LogDerivedDataCache: Shared data cache path not found in *engine.ini, will not use an Shared cache.
[2019.11.01-21.06.11:171][  0]LogDerivedDataCache: Unable to find inner node Shared for hierarchical cache Hierarchy.
[2019.11.01-21.06.11:190][  0]LogMaterial: Verifying Global Shaders for PCD3D_SM5
[2019.11.01-21.06.11:192][  0]LogSlate: Using FreeType 2.6.0
[2019.11.01-21.06.11:192][  0]LogSlate: SlateFontServices - WITH_FREETYPE: 1, WITH_HARFBUZZ: 1
[2019.11.01-21.06.11:232][  0]LogAssetRegistry: FAssetRegistry took 0.0024 seconds to start up
[2019.11.01-21.06.12:635][  0]LogInit: Selected Device Profile: [Windows]
[2019.11.01-21.06.12:739][  0]LogMeshReduction: Using QuadricMeshReduction for automatic static mesh reduction
[2019.11.01-21.06.12:739][  0]LogMeshReduction: Using SimplygonMeshReduction for automatic skeletal mesh reduction
[2019.11.01-21.06.12:739][  0]LogMeshReduction: Using ProxyLODMeshReduction for automatic mesh merging
[2019.11.01-21.06.12:739][  0]LogMeshReduction: No distributed automatic mesh merging module available
[2019.11.01-21.06.12:739][  0]LogMeshMerging: No distributed automatic mesh merging module available
[2019.11.01-21.06.12:768][  0]LogNetVersion: TechArt 1.0.0, NetCL: 8386587, EngineNetVer: 11, GameNetVer: 0 (Checksum: 3603757192)
[2019.11.01-21.06.13:070][  0]LogPackageLocalizationCache: Processed 16 localized package path(s) for 1 prioritized culture(s) in 0.049590 seconds
[2019.11.01-21.06.13:077][  0]LogUObjectArray: 43444 objects as part of root set at end of initial load.
[2019.11.01-21.06.13:077][  0]LogUObjectAllocator: 7548648 out of 0 bytes used by permanent object pool.
[2019.11.01-21.06.13:077][  0]LogUObjectArray: CloseDisregardForGC: 0/0 objects in disregard for GC pool
[2019.11.01-21.06.13:459][  0]LogD3D12RHI: Creating RTPSO with 3 shaders (0 cached, 3 new) took 10.68 ms. Compile time 1.95 ms, link time 8.56 ms.
[2019.11.01-21.06.13:605][  0]LogPython: Using Python 2.7.14
[2019.11.01-21.06.14:021][  0]LogTcpMessaging: Initializing TcpMessaging bridge
[2019.11.01-21.06.14:023][  0]LogUdpMessaging: Initializing bridge on interface 0.0.0.0:0 to multicast group 230.0.0.1:6666.
[2019.11.01-21.06.14:071][  0]SourceControl: Source control is disabled
[2019.11.01-21.06.14:071][  0]SourceControl: Source control is disabled
[2019.11.01-21.06.14:072][  0]SourceControl: Source control is disabled
[2019.11.01-21.06.14:072][  0]SourceControl: Source control is disabled
[2019.11.01-21.06.14:151][  0]LogAndroidPermission: UAndroidPermissionCallbackProxy::GetInstance
[2019.11.01-21.06.14:248][  0]LogOcInput: OculusInput pre-init called
[2019.11.01-21.06.14:251][  0]LogWindows: Failed to load 'OVRPlugin.dll' (GetLastError=126)
[2019.11.01-21.06.14:252][  0]LogWindows: File 'OVRPlugin.dll' does not exist
[2019.11.01-21.06.14:298][  0]LogEngine: Initializing Engine...
[2019.11.01-21.06.14:299][  0]LogHMD: Failed to initialize OpenVR with code 110
[2019.11.01-21.06.14:299][  0]LogStats: UGameplayTagsManager::InitializeManager -  0.000 s
[2019.11.01-21.06.14:465][  0]LogInit: Initializing FReadOnlyCVARCache
[2019.11.01-21.06.14:474][  0]LogAIModule: Creating AISystem for world Untitled
[2019.11.01-21.06.14:488][  0]LogInit: XAudio2 using 'Headphones (High Definition Audio Device)' : 2 channels at 48 kHz using 32 bits per sample (channel mask 0x3)
[2019.11.01-21.06.14:501][  0]LogInit: FAudioDevice initialized.
[2019.11.01-21.06.14:501][  0]LogNetVersion: Set ProjectVersion to 1.0.0.0. Version Checksum will be recalculated on next use.
[2019.11.01-21.06.14:542][  0]LogDerivedDataCache: Saved boot cache 0.04s 90MB C:/Users/victor.l/AppData/Local/UnrealEngine/4.23/DerivedDataCache/Boot.ddc.
[2019.11.01-21.06.14:552][  0]LogInit: Texture streaming: Enabled
[2019.11.01-21.06.14:561][  0]LogEngineSessionManager: EngineSessionManager initialized
[2019.11.01-21.06.14:608][  0]LogInit: Transaction tracking system initialized
[2019.11.01-21.06.14:623][  0]BlueprintLog: New page: Editor Load
[2019.11.01-21.06.14:660][  0]LocalizationService: Localization service is disabled
[2019.11.01-21.06.14:805][  0]LogFileCache: Scanning file cache for directory 'D:/Git/UEGym/TechArt/Content/' took 0.00s
[2019.11.01-21.06.14:805][  0]LogCook: Display: Max memory allowance for cook 16384mb min free memory 0mb
[2019.11.01-21.06.14:805][  0]LogCook: Display: Mobile HDR setting 1
[2019.11.01-21.06.14:917][  0]SourceControl: Source control is disabled
[2019.11.01-21.06.14:917][  0]Cmd: MAP LOAD FILE="../../../../../../Git/UEGym/TechArt/Content/ShaderTest/L_Shadertoy.umap" TEMPLATE=0 SHOWPROGRESS=1 FEATURELEVEL=3
[2019.11.01-21.06.14:917][  0]LightingResults: New page: Lighting Build
[2019.11.01-21.06.14:919][  0]LogWorld: UWorld::CleanupWorld for Untitled, bSessionEnded=true, bCleanupResources=true
[2019.11.01-21.06.14:919][  0]MapCheck: New page: Map Check
[2019.11.01-21.06.14:919][  0]LightingResults: New page: Lighting Build
[2019.11.01-21.06.14:946][  0]LogUObjectHash: Compacting FUObjectHashTables data took   1.21ms
[2019.11.01-21.06.15:059][  0]LogAIModule: Creating AISystem for world L_Shadertoy
[2019.11.01-21.06.15:078][  0]LogEditorServer: Finished looking for orphan Actors (0.000 secs)
[2019.11.01-21.06.15:108][  0]LogUObjectHash: Compacting FUObjectHashTables data took   1.44ms
[2019.11.01-21.06.15:108][  0]Cmd: MAP CHECKDEP NOCLEARLOG
[2019.11.01-21.06.15:109][  0]MapCheck: Map check complete: 0 Error(s), 0 Warning(s), took 0.078ms to complete.
[2019.11.01-21.06.15:109][  0]LogFileHelpers: Loading map 'L_Shadertoy' took 0.191
[2019.11.01-21.06.15:183][  0]LogSlate: Updating window title bar state: overlay mode, drag disabled, window buttons hidden, title bar hidden
[2019.11.01-21.06.15:187][  0]LogSlate: Updating window title bar state: overlay mode, drag disabled, window buttons hidden, title bar hidden
[2019.11.01-21.06.15:192][  0]LogSlate: Updating window title bar state: overlay mode, drag disabled, window buttons hidden, title bar hidden
[2019.11.01-21.06.15:197][  0]LogSlate: Updating window title bar state: overlay mode, drag disabled, window buttons hidden, title bar hidden
[2019.11.01-21.06.15:200][  0]LogCollectionManager: Loaded 0 collections in 0.000685 seconds
[2019.11.01-21.06.15:203][  0]LogFileCache: Scanning file cache for directory 'D:/Git/UEGym/TechArt/Saved/Collections/' took 0.00s
[2019.11.01-21.06.15:203][  0]LogFileCache: Scanning file cache for directory 'D:/Git/UEGym/TechArt/Content/Developers/victorl/Collections/' took 0.00s
[2019.11.01-21.06.15:203][  0]LogFileCache: Scanning file cache for directory 'D:/Git/UEGym/TechArt/Content/Collections/' took 0.00s
[2019.11.01-21.06.15:203][  0]LogCollectionManager: Rebuilt the GUID cache for 0 collections in 0.000001 seconds
[2019.11.01-21.06.15:210][  0]LogContentBrowser: Native class hierarchy populated in 0.0063 seconds. Added 2911 classes and 702 folders.
[2019.11.01-21.06.15:213][  0]LogContentBrowser: Native class hierarchy updated for 'WidgetCarousel' in 0.0002 seconds. Added 0 classes and 0 folders.
[2019.11.01-21.06.15:235][  0]LogContentBrowser: Native class hierarchy updated for 'AddContentDialog' in 0.0002 seconds. Added 0 classes and 0 folders.
[2019.11.01-21.06.15:240][  0]LogContentBrowser: Native class hierarchy updated for 'SceneOutliner' in 0.0002 seconds. Added 1 classes and 2 folders.
[2019.11.01-21.06.16:084][  0]LogSlate: Only BGRA pngs, bmps or icos are supported in by External Image Picker
[2019.11.01-21.06.16:188][  0]LogSlate: Took 0.000095 seconds to synchronously load lazily loaded font '../../../Engine/Content/Slate/Fonts/Roboto-Regular.ttf' (155K)
[2019.11.01-21.06.16:190][  0]LogSlate: Took 0.000074 seconds to synchronously load lazily loaded font '../../../Engine/Content/Slate/Fonts/Roboto-Bold.ttf' (160K)
[2019.11.01-21.06.16:191][  0]LogSlate: Took 0.000069 seconds to synchronously load lazily loaded font '../../../Engine/Content/Editor/Slate/Fonts/FontAwesome.ttf' (139K)
[2019.11.01-21.06.16:192][  0]LogSlate: Took 0.000058 seconds to synchronously load lazily loaded font '../../../Engine/Content/Slate/Fonts/DroidSansMono.ttf' (77K)
[2019.11.01-21.06.16:239][  0]LogRenderer: Reallocating scene render targets to support 1240x280 Format 10 NumSamples 1 (Frame:1).
[2019.11.01-21.06.16:367][  0]LogD3D12RHI: Creating RTPSO with 45 shaders (0 cached, 45 new) took 98.53 ms. Compile time 79.65 ms, link time 18.80 ms.
[2019.11.01-21.06.16:729][  0]LogContentBrowser: Native class hierarchy updated for 'HierarchicalLODOutliner' in 0.0002 seconds. Added 0 classes and 0 folders.
[2019.11.01-21.06.16:729][  0]LogLoad: (Engine Initialization) Total time: 7.46 seconds
[2019.11.01-21.06.16:729][  0]LogLoad: (Engine Initialization) Total Blueprint compile time: 0.00 seconds
[2019.11.01-21.06.16:823][  0]LogD3D12RHI: Creating RTPSO with 48 shaders (45 cached, 3 new) took 18.43 ms. Compile time 5.06 ms, link time 13.27 ms.
[2019.11.01-21.06.16:823][  0]LogAssetRegistry: Asset discovery search completed in 5.5921 seconds
[2019.11.01-21.06.16:827][  0]LogCollectionManager: Rebuilt the object cache for 0 collections in 0.000004 seconds (found 0 objects)
[2019.11.01-21.06.16:827][  0]LogCollectionManager: Fixed up redirectors for 0 collections in 0.000151 seconds (updated 0 objects)
[2019.11.01-21.06.16:828][  0]LogContentStreaming: Texture pool size now 1000 MB
[2019.11.01-21.06.16:856][  0]LogSlate: Took 0.000099 seconds to synchronously load lazily loaded font '../../../Engine/Content/Slate/Fonts/Roboto-Light.ttf' (167K)
[2019.11.01-21.06.16:868][  1]LogPython: Warning: hello unreal
[2019.11.01-21.06.16:880][  1]LogPython: Warning: sequencer_examples is loaded!
[2019.11.01-21.06.16:884][  1]LogPython: Warning: sequencer_fbx_examples is loaded!
[2019.11.01-21.06.16:884][  1]LogPython: Warning: sequencer_key_examples is loaded!
[2019.11.01-21.06.17:418][  3]LogD3D12RHI: Creating RTPSO with 50 shaders (48 cached, 2 new) took 18.57 ms. Compile time 5.92 ms, link time 12.54 ms.
[2019.11.01-21.06.17:418][  3]LogD3D12RHI: Creating RTPSO with 51 shaders (50 cached, 1 new) took 16.09 ms. Compile time 3.36 ms, link time 12.64 ms.
[2019.11.01-21.06.18:750][  7]LogPython: Display: Generating Python API stub file...
[2019.11.01-21.06.18:823][  7]LogPython: Display:   ...generating Python API: glue code
[2019.11.01-21.06.18:971][  7]LogPython: Display:   ...generating Python API: additional code
[2019.11.01-21.06.19:011][  7]LogPython: Display:   ...generated: D:/Git/UEGym/TechArt/Intermediate/PythonStub/unreal.py
[2019.11.01-21.06.28:404][129]LogSlate: FSceneViewport::OnFocusLost() reason 0
[2019.11.01-21.06.34:767][891]LogSlate: Took 0.000087 seconds to synchronously load lazily loaded font '../../../Engine/Content/Slate/Fonts/Roboto-Light.ttf' (167K)
[2019.11.01-21.06.34:782][891]LogStaticMesh: Building static mesh FbxTest...
[2019.11.01-21.06.34:824][891]LogStaticMesh: Built static mesh [0.04s] /Game/Python/FbxTest.FbxTest
[2019.11.01-21.06.34:850][891]LogAIModule: Creating AISystem for world L_ScriptingSequencer
[2019.11.01-21.06.34:854][891]LogAssetEditorManager: Opening Asset editor for World /Game/Python/L_ScriptingSequencer.L_ScriptingSequencer
[2019.11.01-21.06.34:878][891]LogUObjectHash: Compacting FUObjectHashTables data took   1.01ms
[2019.11.01-21.06.34:878][891]Cmd: MAP LOAD FILE="../../../../../../Git/UEGym/TechArt/Content/Python/L_ScriptingSequencer.umap" TEMPLATE=0 SHOWPROGRESS=1 FEATURELEVEL=3
[2019.11.01-21.06.34:878][891]LightingResults: New page: Lighting Build
[2019.11.01-21.06.34:879][891]LoadErrors: New page: Loading map: L_ScriptingSequencer.umap
[2019.11.01-21.06.34:879][891]LogWorld: UWorld::CleanupWorld for L_Shadertoy, bSessionEnded=true, bCleanupResources=true
[2019.11.01-21.06.34:879][891]MapCheck: New page: Map Check
[2019.11.01-21.06.34:879][891]LightingResults: New page: Lighting Build
[2019.11.01-21.06.34:905][891]LogUObjectHash: Compacting FUObjectHashTables data took   1.38ms
[2019.11.01-21.06.34:906][891]LogEditorServer: Finished looking for orphan Actors (0.000 secs)
[2019.11.01-21.06.34:934][891]LogUObjectHash: Compacting FUObjectHashTables data took   1.09ms
[2019.11.01-21.06.34:951][891]Cmd: MAP CHECKDEP NOCLEARLOG
[2019.11.01-21.06.34:951][891]MapCheck: Map check complete: 0 Error(s), 0 Warning(s), took 0.059ms to complete.
[2019.11.01-21.06.34:951][891]LogFileHelpers: Loading map 'L_ScriptingSequencer' took 0.074
[2019.11.01-21.06.35:005][893]LogD3D12RHI: Creating RTPSO with 54 shaders (51 cached, 3 new) took 15.69 ms. Compile time 3.82 ms, link time 11.77 ms.
[2019.11.01-21.06.36:761][101]LogPython: Display: Generating Python API stub file...
[2019.11.01-21.06.36:832][101]LogPython: Display:   ...generating Python API: glue code
[2019.11.01-21.06.36:979][101]LogPython: Display:   ...generating Python API: additional code
[2019.11.01-21.06.37:019][101]LogPython: Display:   ...generated: D:/Git/UEGym/TechArt/Intermediate/PythonStub/unreal.py
[2019.11.01-21.07.05:944][508]LogPython: sequencer_fbx_examples.export_fbx("/Game/Python/L_Scripting_Sequencer","/Game/Python/SQ_Test1", "D:\\FBX_Test.fbx")
[2019.11.01-21.07.05:944][508]LogPython: Error: Traceback (most recent call last):
[2019.11.01-21.07.05:944][508]LogPython: Error:   File "<string>", line 1, in <module>
[2019.11.01-21.07.05:944][508]LogPython: Error: NameError: name 'sequencer_fbx_examples' is not defined
[2019.11.01-21.07.50:577][332]LogPython: import sequencer_fbx_examples
[2019.11.01-21.07.53:943][735]LogPython: sequencer_fbx_examples.export_fbx("/Game/Python/L_Scripting_Sequencer","/Game/Python/SQ_Test1", "D:\\FBX_Test.fbx")
[2019.11.01-21.07.53:944][735]Cmd: MAP LOAD FILE="../../../../../../Git/UEGym/TechArt/Content/Python/L_Scripting_Sequencer.umap" TEMPLATE=0 SHOWPROGRESS=1 FEATURELEVEL=3
[2019.11.01-21.07.53:944][735]LogEditorServer: Warning: Can't find file '../../../../../../Git/UEGym/TechArt/Content/Python/L_Scripting_Sequencer.umap'
[2019.11.01-21.07.53:944][735]Cmd: MAP CHECKDEP NOCLEARLOG
[2019.11.01-21.07.53:944][735]MapCheck: Map check complete: 0 Error(s), 0 Warning(s), took 0.043ms to complete.
[2019.11.01-21.07.53:944][735]LogFileHelpers: Loading map 'L_Scripting_Sequencer' took 0.000
[2019.11.01-21.07.53:955][735]LogFbx: Warning: FBX version number for this version of the FBX SDK is 7.5.0


[2019.11.01-21.08.10:087][660]LogPython: sequencer_fbx_examples.export_fbx("/Game/Python/L_Scripting_Sequencer","/Game/Python/SQ_Test1", "D:\\FBX_Test2.fbx")
[2019.11.01-21.08.10:087][660]Cmd: MAP LOAD FILE="../../../../../../Git/UEGym/TechArt/Content/Python/L_Scripting_Sequencer.umap" TEMPLATE=0 SHOWPROGRESS=1 FEATURELEVEL=3
[2019.11.01-21.08.10:087][660]LogEditorServer: Warning: Can't find file '../../../../../../Git/UEGym/TechArt/Content/Python/L_Scripting_Sequencer.umap'
[2019.11.01-21.08.10:087][660]Cmd: MAP CHECKDEP NOCLEARLOG
[2019.11.01-21.08.10:087][660]MapCheck: Map check complete: 0 Error(s), 0 Warning(s), took 0.042ms to complete.
[2019.11.01-21.08.10:087][660]LogFileHelpers: Loading map 'L_Scripting_Sequencer' took 0.001
[2019.11.01-21.08.10:095][660]LogFbx: Warning: FBX version number for this version of the FBX SDK is 7.5.0


[2019.11.01-21.08.23:729][798]LogPython: sequencer_fbx_examples.export_fbx("/Game/Python/L_Scripting_Sequencer","/Game/Python/SQ_Test1", "D:\\FBX_Test.fbx")
[2019.11.01-21.08.23:729][798]Cmd: MAP LOAD FILE="../../../../../../Git/UEGym/TechArt/Content/Python/L_Scripting_Sequencer.umap" TEMPLATE=0 SHOWPROGRESS=1 FEATURELEVEL=3
[2019.11.01-21.08.23:730][798]LogEditorServer: Warning: Can't find file '../../../../../../Git/UEGym/TechArt/Content/Python/L_Scripting_Sequencer.umap'
[2019.11.01-21.08.23:730][798]Cmd: MAP CHECKDEP NOCLEARLOG
[2019.11.01-21.08.23:730][798]MapCheck: Map check complete: 0 Error(s), 0 Warning(s), took 0.045ms to complete.
[2019.11.01-21.08.23:730][798]LogFileHelpers: Loading map 'L_Scripting_Sequencer' took 0.000
[2019.11.01-21.08.23:742][798]LogFbx: Warning: FBX version number for this version of the FBX SDK is 7.5.0


[2019.11.01-21.11.10:913][968]Cmd: OBJ SAVEPACKAGE PACKAGE="/Game/Python/L_ScriptingSequencer" FILE="../../../../../../Git/UEGym/TechArt/Content/Python/L_ScriptingSequencer.umap" SILENT=true AUTOSAVING=false KEEPDIRTY=false
[2019.11.01-21.11.10:940][968]LogUObjectHash: Compacting FUObjectHashTables data took   1.17ms
[2019.11.01-21.11.11:024][968]LogSavePackage: Moving '../../../../../../Git/UEGym/TechArt/Saved/L_ScriptingSequencer4BCAF4C344EA1790ABFD768963B69969.tmp' to '../../../../../../Git/UEGym/TechArt/Content/Python/L_ScriptingSequencer.umap'
[2019.11.01-21.11.13:363][246]Cmd: CLOSE_SLATE_MAINFRAME
[2019.11.01-21.11.13:392][246]LogUObjectHash: Compacting FUObjectHashTables data took   1.45ms
[2019.11.01-21.11.13:448][246]LogSlate: Window 'Project Settings' being destroyed
[2019.11.01-21.11.13:471][246]LogSlate: Window 'TechArt - Unreal Editor' being destroyed
[2019.11.01-21.11.13:701][247]Cmd: QUIT_EDITOR
[2019.11.01-21.11.13:716][247]LogWindowsTextInputMethodSystem: Display: IME system now deactivated.
[2019.11.01-21.11.13:725][247]LogExit: Preparing to exit.
[2019.11.01-21.11.13:751][247]LogUObjectHash: Compacting FUObjectHashTables data took   1.74ms
[2019.11.01-21.11.14:183][247]LogWorld: UWorld::CleanupWorld for World_0, bSessionEnded=true, bCleanupResources=true
[2019.11.01-21.11.14:183][247]LogWorld: UWorld::CleanupWorld for World_1, bSessionEnded=true, bCleanupResources=true
[2019.11.01-21.11.14:187][247]LogDemo: Cleaned up 0 splitscreen connections with owner deletion
[2019.11.01-21.11.14:194][247]LogWorld: UWorld::CleanupWorld for None, bSessionEnded=true, bCleanupResources=true
[2019.11.01-21.11.14:194][247]LogExit: Editor shut down
[2019.11.01-21.11.14:194][247]LogExit: Transaction tracking system shut down
[2019.11.01-21.11.14:359][247]LogExit: Object subsystem successfully closed.
[2019.11.01-21.11.14:381][247]LogShaderCompilers: Display: Shaders left to compile 0
[2019.11.01-21.11.14:391][247]LogModuleManager: Shutting down and abandoning module MeshBuilder (690)
[2019.11.01-21.11.14:392][247]LogModuleManager: Shutting down and abandoning module HierarchicalLODOutliner (688)
[2019.11.01-21.11.14:392][247]LogModuleManager: Shutting down and abandoning module ExternalImagePicker (686)
[2019.11.01-21.11.14:392][247]LogModuleManager: Shutting down and abandoning module SceneOutliner (684)
[2019.11.01-21.11.14:392][247]LogModuleManager: Shutting down and abandoning module AddContentDialog (682)
[2019.11.01-21.11.14:392][247]LogModuleManager: Shutting down and abandoning module WidgetCarousel (681)
[2019.11.01-21.11.14:392][247]LogModuleManager: Shutting down and abandoning module EditorWidgets (678)
[2019.11.01-21.11.14:392][247]LogModuleManager: Shutting down and abandoning module CollectionManager (676)
[2019.11.01-21.11.14:392][247]LogModuleManager: Shutting down and abandoning module StatsViewer (674)
[2019.11.01-21.11.14:392][247]LogModuleManager: Shutting down and abandoning module VirtualTexturingEditor (672)
[2019.11.01-21.11.14:392][247]LogModuleManager: Shutting down and abandoning module FoliageEdit (670)
[2019.11.01-21.11.14:392][247]LogModuleManager: Shutting down and abandoning module LandscapeEditor (668)
[2019.11.01-21.11.14:392][247]LogModuleManager: Shutting down and abandoning module MeshPaintMode (666)
[2019.11.01-21.11.14:392][247]LogModuleManager: Shutting down and abandoning module SceneDepthPickerMode (664)
[2019.11.01-21.11.14:392][247]LogModuleManager: Shutting down and abandoning module ActorPickerMode (662)
[2019.11.01-21.11.14:392][247]LogModuleManager: Shutting down and abandoning module GeometryMode (660)
[2019.11.01-21.11.14:392][247]LogModuleManager: Shutting down and abandoning module TextureAlignMode (658)
[2019.11.01-21.11.14:392][247]LogModuleManager: Shutting down and abandoning module BspMode (656)
[2019.11.01-21.11.14:392][247]LogModuleManager: Shutting down and abandoning module PIEPreviewDeviceProfileSelector (654)
[2019.11.01-21.11.14:392][247]LogModuleManager: Shutting down and abandoning module SequenceRecorderSections (652)
[2019.11.01-21.11.14:392][247]LogModuleManager: Shutting down and abandoning module AutomationWorker (650)
[2019.11.01-21.11.14:392][247]LogModuleManager: Shutting down and abandoning module OculusMR (648)
[2019.11.01-21.11.14:392][247]LogModuleManager: Shutting down and abandoning module AudioCaptureEditor (646)
[2019.11.01-21.11.14:392][247]LogModuleManager: Shutting down and abandoning module MatineeToLevelSequence (644)
[2019.11.01-21.11.14:392][247]LogModuleManager: Shutting down and abandoning module LevelSequenceEditor (642)
[2019.11.01-21.11.14:392][247]LogModuleManager: Shutting down and abandoning module PlacementMode (641)
[2019.11.01-21.11.14:392][247]LogModuleManager: Shutting down and abandoning module MaterialEditor (640)
[2019.11.01-21.11.14:392][247]LogModuleManager: Shutting down and abandoning module ActorSequenceEditor (636)
[2019.11.01-21.11.14:392][247]LogModuleManager: Shutting down and abandoning module WmfMediaFactory (634)
[2019.11.01-21.11.14:392][247]LogModuleManager: Shutting down and abandoning module WmfMediaEditor (632)
[2019.11.01-21.11.14:392][247]LogModuleManager: Shutting down and abandoning module WebMMediaFactory (630)
[2019.11.01-21.11.14:393][247]LogModuleManager: Shutting down and abandoning module WebMMediaEditor (628)
[2019.11.01-21.11.14:393][247]LogModuleManager: Shutting down and abandoning module WebMMedia (626)
[2019.11.01-21.11.14:393][247]LogModuleManager: Shutting down and abandoning module MediaPlayerEditor (624)
[2019.11.01-21.11.14:393][247]LogModuleManager: Shutting down and abandoning module MediaCompositingEditor (622)
[2019.11.01-21.11.14:393][247]LogModuleManager: Shutting down and abandoning module SequenceRecorder (621)
[2019.11.01-21.11.14:393][247]LogModuleManager: Shutting down and abandoning module OpenExrWrapper (618)
[2019.11.01-21.11.14:393][247]LogModuleManager: Shutting down and abandoning module ImgMediaFactory (616)
[2019.11.01-21.11.14:393][247]LogModuleManager: Shutting down and abandoning module ImgMediaEditor (614)
[2019.11.01-21.11.14:393][247]LogModuleManager: Shutting down and abandoning module AvfMediaFactory (612)
[2019.11.01-21.11.14:393][247]LogModuleManager: Shutting down and abandoning module AvfMediaEditor (610)
[2019.11.01-21.11.14:393][247]LogModuleManager: Shutting down and abandoning module AndroidMediaFactory (608)
[2019.11.01-21.11.14:393][247]LogModuleManager: Shutting down and abandoning module AndroidMediaEditor (606)
[2019.11.01-21.11.14:393][247]LogModuleManager: Shutting down and abandoning module MagicLeapCameraPreviewFactory (604)
[2019.11.01-21.11.14:393][247]LogModuleManager: Shutting down and abandoning module MagicLeapMediaCodecFactory (602)
[2019.11.01-21.11.14:393][247]LogModuleManager: Shutting down and abandoning module MagicLeapMediaFactory (600)
[2019.11.01-21.11.14:393][247]LogModuleManager: Shutting down and abandoning module MagicLeapMediaEditor (598)
[2019.11.01-21.11.14:393][247]LogModuleManager: Shutting down and abandoning module CharacterAI (596)
[2019.11.01-21.11.14:393][247]LogModuleManager: Shutting down and abandoning module SmartSnapping (594)
[2019.11.01-21.11.14:393][247]LogModuleManager: Shutting down and abandoning module SessionServices (592)
[2019.11.01-21.11.14:393][247]LogModuleManager: Shutting down and abandoning module MeshPaint (590)
[2019.11.01-21.11.14:393][247]LogModuleManager: Shutting down and abandoning module ViewportSnapping (588)
[2019.11.01-21.11.14:393][247]LogModuleManager: Shutting down and abandoning module ViewportInteraction (586)
[2019.11.01-21.11.14:393][247]LogModuleManager: Shutting down and abandoning module ClothPainter (584)
[2019.11.01-21.11.14:393][247]LogModuleManager: Shutting down and abandoning module SkeletalMeshEditor (583)
[2019.11.01-21.11.14:393][247]LogModuleManager: Shutting down and abandoning module LogVisualizer (580)
[2019.11.01-21.11.14:393][247]LogModuleManager: Shutting down and abandoning module IntroTutorials (578)
[2019.11.01-21.11.14:393][247]LogModuleManager: Shutting down and abandoning module GameProjectGeneration (577)
[2019.11.01-21.11.14:393][247]LogModuleManager: Shutting down and abandoning module LuminPlatformEditor (574)
[2019.11.01-21.11.14:393][247]LogModuleManager: Shutting down and abandoning module IOSPlatformEditor (572)
[2019.11.01-21.11.14:393][247]LogModuleManager: Shutting down and abandoning module HTML5PlatformEditor (570)
[2019.11.01-21.11.14:393][247]LogModuleManager: Shutting down and abandoning module AndroidPlatformEditor (568)
[2019.11.01-21.11.14:393][247]LogModuleManager: Shutting down and abandoning module AndroidDeviceDetection (567)
[2019.11.01-21.11.14:843][247]LogModuleManager: Shutting down and abandoning module WindowsPlatformEditor (564)
[2019.11.01-21.11.14:843][247]LogModuleManager: Shutting down and abandoning module LuminRuntimeSettings (562)
[2019.11.01-21.11.14:843][247]LogModuleManager: Shutting down and abandoning module IOSRuntimeSettings (560)
[2019.11.01-21.11.14:843][247]LogModuleManager: Shutting down and abandoning module AndroidRuntimeSettings (558)
[2019.11.01-21.11.14:843][247]LogModuleManager: Shutting down and abandoning module TimeManagementEditor (556)
[2019.11.01-21.11.14:843][247]LogModuleManager: Shutting down and abandoning module InputBindingEditor (554)
[2019.11.01-21.11.14:843][247]LogModuleManager: Shutting down and abandoning module MergeActors (552)
[2019.11.01-21.11.14:843][247]LogModuleManager: Shutting down and abandoning module LocalizationDashboard (550)
[2019.11.01-21.11.14:843][247]LogModuleManager: Shutting down and abandoning module LocalizationService (549)
[2019.11.01-21.11.14:843][247]LogModuleManager: Shutting down and abandoning module HardwareTargeting (546)
[2019.11.01-21.11.14:843][247]LogModuleManager: Shutting down and abandoning module DeviceProfileEditor (544)
[2019.11.01-21.11.14:843][247]LogModuleManager: Shutting down and abandoning module UndoHistory (542)
[2019.11.01-21.11.14:843][247]LogModuleManager: Shutting down and abandoning module XmlParser (540)
[2019.11.01-21.11.14:843][247]LogModuleManager: Shutting down and abandoning module Blutility (538)
[2019.11.01-21.11.14:843][247]LogModuleManager: Shutting down and abandoning module ProjectSettingsViewer (536)
[2019.11.01-21.11.14:843][247]LogModuleManager: Shutting down and abandoning module ProjectTargetPlatformEditor (535)
[2019.11.01-21.11.14:843][247]LogModuleManager: Shutting down and abandoning module EditorSettingsViewer (532)
[2019.11.01-21.11.14:843][247]LogModuleManager: Shutting down and abandoning module SettingsEditor (530)
[2019.11.01-21.11.14:843][247]LogModuleManager: Shutting down and abandoning module ProjectLauncher (528)
[2019.11.01-21.11.14:843][247]LogModuleManager: Shutting down and abandoning module SessionFrontend (526)
[2019.11.01-21.11.14:843][247]LogModuleManager: Shutting down and abandoning module ProfilerClient (524)
[2019.11.01-21.11.14:843][247]LogModuleManager: Shutting down and abandoning module DeviceManager (522)
[2019.11.01-21.11.14:843][247]LogModuleManager: Shutting down and abandoning module TargetDeviceServices (521)
[2019.11.01-21.11.14:887][247]LogModuleManager: Shutting down and abandoning module AutomationController (518)
[2019.11.01-21.11.14:887][247]LogModuleManager: Shutting down and abandoning module AutomationWindow (516)
[2019.11.01-21.11.14:887][247]LogModuleManager: Shutting down and abandoning module Layers (514)
[2019.11.01-21.11.14:887][247]LogModuleManager: Shutting down and abandoning module ComponentVisualizers (512)
[2019.11.01-21.11.14:887][247]LogModuleManager: Shutting down and abandoning module DetailCustomizations (510)
[2019.11.01-21.11.14:887][247]LogModuleManager: Shutting down and abandoning module PackagesDialog (508)
[2019.11.01-21.11.14:887][247]LogModuleManager: Shutting down and abandoning module AnimationBlueprintEditor (506)
[2019.11.01-21.11.14:887][247]LogModuleManager: Shutting down and abandoning module Persona (504)
[2019.11.01-21.11.14:887][247]LogModuleManager: Shutting down and abandoning module AdvancedPreviewScene (503)
[2019.11.01-21.11.14:887][247]LogModuleManager: Shutting down and abandoning module AnimGraph (501)
[2019.11.01-21.11.14:887][247]LogModuleManager: Shutting down and abandoning module Kismet (498)
[2019.11.01-21.11.14:887][247]LogModuleManager: Shutting down and abandoning module KismetWidgets (497)
[2019.11.01-21.11.14:887][247]LogModuleManager: Shutting down and abandoning module GraphEditor (494)
[2019.11.01-21.11.14:887][247]LogModuleManager: Shutting down and abandoning module StructViewer (492)
[2019.11.01-21.11.14:887][247]LogModuleManager: Shutting down and abandoning module ClassViewer (490)
[2019.11.01-21.11.14:887][247]LogModuleManager: Shutting down and abandoning module Toolbox (488)
[2019.11.01-21.11.14:887][247]LogModuleManager: Shutting down and abandoning module DesktopPlatform (487)
[2019.11.01-21.11.14:887][247]LogModuleManager: Shutting down and abandoning module ModuleUI (484)
[2019.11.01-21.11.14:887][247]LogModuleManager: Shutting down and abandoning module MovieSceneTools (482)
[2019.11.01-21.11.14:887][247]LogModuleManager: Shutting down and abandoning module OutputLog (480)
[2019.11.01-21.11.14:887][247]LogModuleManager: Shutting down and abandoning module GammaUI (478)
[2019.11.01-21.11.14:887][247]LogModuleManager: Shutting down and abandoning module Documentation (476)
[2019.11.01-21.11.14:887][247]LogModuleManager: Shutting down and abandoning module LiveCoding (474)
[2019.11.01-21.11.14:887][247]LogModuleManager: Shutting down and abandoning module LevelSequence (472)
[2019.11.01-21.11.14:887][247]LogModuleManager: Shutting down and abandoning module MovieSceneTracks (470)
[2019.11.01-21.11.14:887][247]LogModuleManager: Shutting down and abandoning module MovieScene (468)
[2019.11.01-21.11.14:887][247]LogModuleManager: Shutting down and abandoning module StreamingPauseRendering (466)
[2019.11.01-21.11.14:887][247]LogModuleManager: Shutting down and abandoning module LauncherPlatform (464)
[2019.11.01-21.11.14:888][247]LogModuleManager: Shutting down and abandoning module AnalyticsET (462)
[2019.11.01-21.11.14:888][247]LogModuleManager: Shutting down and abandoning module PortalServices (460)
[2019.11.01-21.11.14:888][247]LogModuleManager: Shutting down and abandoning module PortalRpc (458)
[2019.11.01-21.11.14:888][247]LogModuleManager: Shutting down and abandoning module MessagingRpc (456)
[2019.11.01-21.11.14:888][247]LogModuleManager: Shutting down and abandoning module AIModule (454)
[2019.11.01-21.11.14:888][247]LogModuleManager: Shutting down and abandoning module GameplayDebugger (453)
[2019.11.01-21.11.14:888][247]LogModuleManager: Shutting down and abandoning module AITestSuite (451)
[2019.11.01-21.11.14:888][247]LogModuleManager: Shutting down and abandoning module NavigationSystem (449)
[2019.11.01-21.11.14:888][247]LogModuleManager: Shutting down and abandoning module ImageWriteQueue (446)
[2019.11.01-21.11.14:890][247]LogModuleManager: Shutting down and abandoning module ProfilerService (444)
[2019.11.01-21.11.15:101][247]LogModuleManager: Shutting down and abandoning module TaskGraph (442)
[2019.11.01-21.11.15:101][247]LogModuleManager: Shutting down and abandoning module ScreenshotTools (440)
[2019.11.01-21.11.15:101][247]LogModuleManager: Shutting down and abandoning module ScriptEditorPlugin (438)
[2019.11.01-21.11.15:101][247]LogModuleManager: Shutting down and abandoning module SteamVRController (436)
[2019.11.01-21.11.15:101][247]LogModuleManager: Shutting down and abandoning module ProceduralMeshComponentEditor (434)
[2019.11.01-21.11.15:101][247]LogModuleManager: Shutting down and abandoning module ProceduralMeshComponent (432)
[2019.11.01-21.11.15:101][247]LogModuleManager: Shutting down and abandoning module OculusEditor (430)
[2019.11.01-21.11.15:101][247]LogModuleManager: Shutting down and abandoning module OculusInput (428)
[2019.11.01-21.11.15:101][247]LogModuleManager: Shutting down and abandoning module MobilePatchingUtils (426)
[2019.11.01-21.11.15:101][247]LogModuleManager: Shutting down and abandoning module EditableMesh (424)
[2019.11.01-21.11.15:101][247]LogModuleManager: Shutting down and abandoning module CustomMeshComponent (422)
[2019.11.01-21.11.15:101][247]LogModuleManager: Shutting down and abandoning module CableComponent (420)
[2019.11.01-21.11.15:101][247]LogModuleManager: Shutting down and abandoning module AudioCapture (418)
[2019.11.01-21.11.15:101][247]LogModuleManager: Shutting down and abandoning module ArchVisCharacter (416)
[2019.11.01-21.11.15:101][247]LogModuleManager: Shutting down and abandoning module AppleImageUtilsBlueprintSupport (414)
[2019.11.01-21.11.15:101][247]LogModuleManager: Shutting down and abandoning module AppleImageUtils (412)
[2019.11.01-21.11.15:101][247]LogModuleManager: Shutting down and abandoning module AndroidPermission (410)
[2019.11.01-21.11.15:101][247]LogModuleManager: Shutting down and abandoning module NUTUnrealEngine4 (408)
[2019.11.01-21.11.15:101][247]LogModuleManager: Shutting down and abandoning module NetcodeUnitTest (406)
[2019.11.01-21.11.15:101][247]LogModuleManager: Shutting down and abandoning module SequencerScriptingEditor (404)
[2019.11.01-21.11.15:101][247]LogModuleManager: Shutting down and abandoning module SequencerScripting (402)
[2019.11.01-21.11.15:101][247]LogModuleManager: Shutting down and abandoning module MediaCompositing (400)
[2019.11.01-21.11.15:101][247]LogModuleManager: Shutting down and abandoning module ImgMedia (398)
[2019.11.01-21.11.15:101][247]LogModuleManager: Shutting down and abandoning module MagicLeapHelperVulkan (396)
[2019.11.01-21.11.15:101][247]LogModuleManager: Shutting down and abandoning module MagicLeapHelperOpenGL (394)
[2019.11.01-21.11.15:101][247]LogModuleManager: Shutting down and abandoning module MagicLeapAudio (392)
[2019.11.01-21.11.15:101][247]LogModuleManager: Shutting down and abandoning module HTML5Networking (390)
[2019.11.01-21.11.15:102][247]LogModuleManager: Shutting down and abandoning module GeometryCacheTracks (388)
[2019.11.01-21.11.15:102][247]LogModuleManager: Shutting down and abandoning module GeometryCacheSequencer (386)
[2019.11.01-21.11.15:102][247]LogModuleManager: Shutting down and abandoning module BackChannel (384)
[2019.11.01-21.11.15:102][247]LogModuleManager: Shutting down and abandoning module AutomationUtilsEditor (382)
[2019.11.01-21.11.15:102][247]LogModuleManager: Shutting down and abandoning module AutomationUtils (380)
[2019.11.01-21.11.15:102][247]LogModuleManager: Shutting down and abandoning module AlembicImporter (378)
[2019.11.01-21.11.15:102][247]LogModuleManager: Shutting down and abandoning module AlembicLibrary (377)
[2019.11.01-21.11.15:102][247]LogModuleManager: Shutting down and abandoning module GeometryCache (376)
[2019.11.01-21.11.15:102][247]LogModuleManager: Shutting down and abandoning module GeometryCacheEd (375)
[2019.11.01-21.11.15:102][247]LogModuleManager: Shutting down and abandoning module VariantManagerContent (370)
[2019.11.01-21.11.15:102][247]LogModuleManager: Shutting down and abandoning module DatasmithContentEditor (368)
[2019.11.01-21.11.15:102][247]LogModuleManager: Shutting down and abandoning module SpeedTreeImporter (366)
[2019.11.01-21.11.15:102][247]LogModuleManager: Shutting down and abandoning module PluginBrowser (364)
[2019.11.01-21.11.15:102][247]LogModuleManager: Shutting down and abandoning module MobileLauncherProfileWizard (362)
[2019.11.01-21.11.15:102][247]LogModuleManager: Shutting down and abandoning module MaterialAnalyzer (360)
[2019.11.01-21.11.15:102][247]LogModuleManager: Shutting down and abandoning module CurveEditorTools (358)
[2019.11.01-21.11.15:102][247]LogModuleManager: Shutting down and abandoning module CurveEditor (357)
[2019.11.01-21.11.15:102][247]LogModuleManager: Shutting down and abandoning module CryptoKeysOpenSSL (354)
[2019.11.01-21.11.15:102][247]LogModuleManager: Shutting down and abandoning module CryptoKeys (352)
[2019.11.01-21.11.15:102][247]LogModuleManager: Shutting down and abandoning module VisualStudioSourceCodeAccess (350)
[2019.11.01-21.11.15:102][247]LogModuleManager: Shutting down and abandoning module VisualStudioCodeSourceCodeAccess (348)
[2019.11.01-21.11.15:102][247]LogModuleManager: Shutting down and abandoning module UObjectPlugin (346)
[2019.11.01-21.11.15:102][247]LogModuleManager: Shutting down and abandoning module SubversionSourceControl (344)
[2019.11.01-21.11.15:102][247]LogModuleManager: Shutting down and abandoning module PerforceSourceControl (342)
[2019.11.01-21.11.15:102][247]LogModuleManager: Shutting down and abandoning module GitSourceControl (340)
[2019.11.01-21.11.15:102][247]LogModuleManager: Shutting down and abandoning module SourceControl (339)
[2019.11.01-21.11.15:102][247]LogModuleManager: Shutting down and abandoning module CLionSourceCodeAccess (336)
[2019.11.01-21.11.15:102][247]LogModuleManager: Shutting down and abandoning module AnimationSharingEd (334)
[2019.11.01-21.11.15:102][247]LogModuleManager: Shutting down and abandoning module ActorLayerUtilitiesEditor (332)
[2019.11.01-21.11.15:102][247]LogModuleManager: Shutting down and abandoning module ActorLayerUtilities (330)
[2019.11.01-21.11.15:102][247]LogModuleManager: Shutting down and abandoning module LightPropagationVolumeEditor (328)
[2019.11.01-21.11.15:102][247]LogModuleManager: Shutting down and abandoning module PaperTiledImporter (326)
[2019.11.01-21.11.15:102][247]LogModuleManager: Shutting down and abandoning module PaperSpriteSheetImporter (324)
[2019.11.01-21.11.15:102][247]LogModuleManager: Shutting down and abandoning module Paper2DEditor (322)
[2019.11.01-21.11.15:102][247]LogModuleManager: Shutting down and abandoning module TechArt (320)
[2019.11.01-21.11.15:102][247]LogModuleManager: Shutting down and abandoning module ScriptPlugin (318)
[2019.11.01-21.11.15:102][247]LogModuleManager: Shutting down and abandoning module SignificanceManager (316)
[2019.11.01-21.11.15:102][247]LogModuleManager: Shutting down and abandoning module RuntimePhysXCooking (314)
[2019.11.01-21.11.15:102][247]LogModuleManager: Shutting down and abandoning module PhysXVehiclesEditor (312)
[2019.11.01-21.11.15:102][247]LogModuleManager: Shutting down and abandoning module LocationServicesBPLibrary (308)
[2019.11.01-21.11.15:102][247]LogModuleManager: Shutting down and abandoning module ActorSequence (306)
[2019.11.01-21.11.15:102][247]LogModuleManager: Shutting down and abandoning module UdpMessaging (304)
[2019.11.01-21.11.15:203][247]LogModuleManager: Shutting down and abandoning module TcpMessaging (302)
[2019.11.01-21.11.15:303][247]LogModuleManager: Shutting down and abandoning module MagicLeapIdentity (300)
[2019.11.01-21.11.15:303][247]LogModuleManager: Shutting down and abandoning module MagicLeapSecureStorage (298)
[2019.11.01-21.11.15:303][247]LogModuleManager: Shutting down and abandoning module MagicLeapHandTracking (296)
[2019.11.01-21.11.15:303][247]LogModuleManager: Shutting down and abandoning module MagicLeapEyeTracker (294)
[2019.11.01-21.11.15:303][247]LogModuleManager: Shutting down and abandoning module MagicLeapController (292)
[2019.11.01-21.11.15:303][247]LogSlate: Slate User Destroyed.  User Index 0, Is Virtual User: 0
[2019.11.01-21.11.15:303][247]LogModuleManager: Shutting down and abandoning module MagicLeapAR (290)
[2019.11.01-21.11.15:303][247]LogModuleManager: Shutting down and abandoning module AugmentedReality (289)
[2019.11.01-21.11.15:303][247]LogModuleManager: Shutting down and abandoning module PythonScriptPlugin (286)
[2019.11.01-21.11.15:311][247]LogModuleManager: Shutting down and abandoning module GameplayTagsEditor (284)
[2019.11.01-21.11.15:311][247]LogModuleManager: Shutting down and abandoning module FacialAnimationEditor (282)
[2019.11.01-21.11.15:311][247]LogModuleManager: Shutting down and abandoning module FacialAnimation (280)
[2019.11.01-21.11.15:311][247]LogModuleManager: Shutting down and abandoning module DataValidation (278)
[2019.11.01-21.11.15:311][247]LogModuleManager: Shutting down and abandoning module AssetManagerEditor (276)
[2019.11.01-21.11.15:311][247]LogModuleManager: Shutting down and abandoning module LevelEditor (275)
[2019.11.01-21.11.15:312][247]LogModuleManager: Shutting down and abandoning module PixelInspectorModule (274)
[2019.11.01-21.11.15:312][247]LogModuleManager: Shutting down and abandoning module CommonMenuExtensions (272)
[2019.11.01-21.11.15:312][247]LogModuleManager: Shutting down and abandoning module MainFrame (270)
[2019.11.01-21.11.15:312][247]LogModuleManager: Shutting down and abandoning module HotReload (269)
[2019.11.01-21.11.15:312][247]LogModuleManager: Shutting down and abandoning module ContentBrowser (265)
[2019.11.01-21.11.15:313][247]LogModuleManager: Shutting down and abandoning module TreeMap (263)
[2019.11.01-21.11.15:313][247]LogModuleManager: Shutting down and abandoning module AnimationSharing (260)
[2019.11.01-21.11.15:313][247]LogModuleManager: Shutting down and abandoning module LightPropagationVolumeRuntime (258)
[2019.11.01-21.11.15:313][247]LogModuleManager: Shutting down and abandoning module Paper2D (256)
[2019.11.01-21.11.15:313][247]LogModuleManager: Shutting down and abandoning module WindowsMoviePlayer (254)
[2019.11.01-21.11.15:314][247]LogModuleManager: Shutting down and abandoning module WebMMoviePlayer (252)
[2019.11.01-21.11.15:314][247]LogModuleManager: Shutting down and abandoning module BlueprintMaterialTextureNodes (250)
[2019.11.01-21.11.15:314][247]LogModuleManager: Shutting down and abandoning module NetworkReplayStreaming (248)
[2019.11.01-21.11.15:314][247]LogModuleManager: Shutting down and abandoning module PacketHandler (246)
[2019.11.01-21.11.15:314][247]LogModuleManager: Shutting down and abandoning module ClothingSystemEditor (244)
[2019.11.01-21.11.15:314][247]LogModuleManager: Shutting down and abandoning module ClothingSystemRuntime (242)
[2019.11.01-21.11.15:314][247]LogModuleManager: Shutting down and abandoning module MediaAssets (240)
[2019.11.01-21.11.15:314][247]LogModuleManager: Shutting down and abandoning module Overlay (238)
[2019.11.01-21.11.15:314][247]LogModuleManager: Shutting down and abandoning module OverlayEditor (237)
[2019.11.01-21.11.15:314][247]LogModuleManager: Shutting down and abandoning module VREditor (234)
[2019.11.01-21.11.15:314][247]LogModuleManager: Shutting down and abandoning module StringTableEditor (232)
[2019.11.01-21.11.15:314][247]LogModuleManager: Shutting down and abandoning module GameplayTasksEditor (230)
[2019.11.01-21.11.15:314][247]LogModuleManager: Shutting down and abandoning module BehaviorTreeEditor (228)
[2019.11.01-21.11.15:314][247]LogModuleManager: Shutting down and abandoning module FunctionalTesting (226)
[2019.11.01-21.11.15:315][247]LogModuleManager: Shutting down and abandoning module CollisionAnalyzer (224)
[2019.11.01-21.11.15:315][247]LogModuleManager: Shutting down and abandoning module WorkspaceMenuStructure (223)
[2019.11.01-21.11.15:315][247]LogModuleManager: Shutting down and abandoning module UMG (220)
[2019.11.01-21.11.15:315][247]LogModuleManager: Shutting down and abandoning module UMGEditor (219)
[2019.11.01-21.11.15:315][247]LogModuleManager: Shutting down and abandoning module Sequencer (218)
[2019.11.01-21.11.15:315][247]LogModuleManager: Shutting down and abandoning module MessageLog (215)
[2019.11.01-21.11.15:315][247]LogModuleManager: Shutting down and abandoning module SlateReflector (210)
[2019.11.01-21.11.15:315][247]LogModuleManager: Shutting down and abandoning module Slate (208)
[2019.11.01-21.11.15:315][247]LogModuleManager: Shutting down and abandoning module LandscapeEditorUtilities (206)
[2019.11.01-21.11.15:315][247]LogModuleManager: Shutting down and abandoning module EditorStyle (204)
[2019.11.01-21.11.15:315][247]LogModuleManager: Shutting down and abandoning module UnrealEd (202)
[2019.11.01-21.11.15:315][247]LogModuleManager: Shutting down and abandoning module MRMesh (200)
[2019.11.01-21.11.15:315][247]LogModuleManager: Shutting down and abandoning module SourceCodeAccess (198)
[2019.11.01-21.11.15:315][247]LogModuleManager: Shutting down and abandoning module HeadMountedDisplay (196)
[2019.11.01-21.11.15:315][247]LogModuleManager: Shutting down and abandoning module XAudio2 (194)
[2019.11.01-21.11.15:315][247]LogModuleManager: Shutting down and abandoning module Networking (192)
[2019.11.01-21.11.15:315][247]LogModuleManager: Shutting down and abandoning module Core (190)
[2019.11.01-21.11.15:315][247]LogModuleManager: Shutting down and abandoning module KismetCompiler (188)
[2019.11.01-21.11.15:315][247]LogModuleManager: Shutting down and abandoning module MeshUtilities (186)
[2019.11.01-21.11.15:315][247]LogModuleManager: Shutting down and abandoning module MeshMergeUtilities (185)
[2019.11.01-21.11.15:315][247]LogModuleManager: Shutting down and abandoning module MeshReductionInterface (184)
[2019.11.01-21.11.15:316][247]LogModuleManager: Shutting down and abandoning module SkeletalMeshReduction (183)
[2019.11.01-21.11.15:316][247]LogModuleManager: Shutting down and abandoning module ProxyLODMeshReduction (181)
[2019.11.01-21.11.15:316][247]LogModuleManager: Shutting down and abandoning module QuadricMeshReduction (179)
[2019.11.01-21.11.15:316][247]LogModuleManager: Shutting down and abandoning module MaterialBaking (175)
[2019.11.01-21.11.15:316][247]LogModuleManager: Shutting down and abandoning module NullInstallBundleManager (170)
[2019.11.01-21.11.15:316][247]LogModuleManager: Shutting down and abandoning module DerivedDataCache (168)
[2019.11.01-21.11.15:407][247]LogDerivedDataCache: Shutdown
[2019.11.01-21.11.15:407][247]LogModuleManager: Shutting down and abandoning module XGEController (166)
[2019.11.01-21.11.15:407][247]LogModuleManager: Shutting down and abandoning module TargetPlatform (164)
[2019.11.01-21.11.15:407][247]LogModuleManager: Shutting down and abandoning module VulkanShaderFormat (163)
[2019.11.01-21.11.15:407][247]LogModuleManager: Shutting down and abandoning module ShaderFormatVectorVM (161)
[2019.11.01-21.11.15:407][247]LogModuleManager: Shutting down and abandoning module ShaderFormatOpenGL (159)
[2019.11.01-21.11.15:407][247]LogModuleManager: Shutting down and abandoning module ShaderFormatD3D (157)
[2019.11.01-21.11.15:407][247]LogModuleManager: Shutting down and abandoning module MetalShaderFormat (155)
[2019.11.01-21.11.15:407][247]LogModuleManager: Shutting down and abandoning module TextureFormatUncompressed (153)
[2019.11.01-21.11.15:407][247]LogModuleManager: Shutting down and abandoning module TextureFormatPVR (151)
[2019.11.01-21.11.15:407][247]LogModuleManager: Shutting down and abandoning module TextureFormatDXT (149)
[2019.11.01-21.11.15:407][247]LogModuleManager: Shutting down and abandoning module TextureFormatIntelISPCTexComp (147)
[2019.11.01-21.11.15:407][247]LogModuleManager: Shutting down and abandoning module TextureFormatASTC (145)
[2019.11.01-21.11.15:407][247]LogModuleManager: Shutting down and abandoning module ImageWrapper (144)
[2019.11.01-21.11.15:407][247]LogModuleManager: Shutting down and abandoning module TextureFormatAndroid (141)
[2019.11.01-21.11.15:407][247]LogModuleManager: Shutting down and abandoning module AudioFormatOpus (139)
[2019.11.01-21.11.15:407][247]LogModuleManager: Shutting down and abandoning module AudioFormatOgg (137)
[2019.11.01-21.11.15:408][247]LogModuleManager: Shutting down and abandoning module AudioFormatADPCM (135)
[2019.11.01-21.11.15:408][247]LogModuleManager: Shutting down and abandoning module LuminTargetPlatform (133)
[2019.11.01-21.11.15:408][247]LogModuleManager: Shutting down and abandoning module LinuxTargetPlatform (131)
[2019.11.01-21.11.15:408][247]LogModuleManager: Shutting down and abandoning module LinuxServerTargetPlatform (129)
[2019.11.01-21.11.15:408][247]LogModuleManager: Shutting down and abandoning module LinuxNoEditorTargetPlatform (127)
[2019.11.01-21.11.15:408][247]LogModuleManager: Shutting down and abandoning module LinuxClientTargetPlatform (125)
[2019.11.01-21.11.15:408][247]LogModuleManager: Shutting down and abandoning module TVOSTargetPlatform (123)
[2019.11.01-21.11.15:409][247]LogModuleManager: Shutting down and abandoning module Messaging (121)
[2019.11.01-21.11.15:409][247]LogModuleManager: Shutting down and abandoning module IOSTargetPlatform (119)
[2019.11.01-21.11.15:409][247]LogModuleManager: Shutting down and abandoning module HTML5TargetPlatform (117)
[2019.11.01-21.11.15:409][247]LogModuleManager: Shutting down and abandoning module AndroidTargetPlatform (115)
[2019.11.01-21.11.15:414][247]LogModuleManager: Shutting down and abandoning module WindowsTargetPlatform (113)
[2019.11.01-21.11.15:414][247]LogModuleManager: Shutting down and abandoning module WindowsServerTargetPlatform (111)
[2019.11.01-21.11.15:414][247]LogModuleManager: Shutting down and abandoning module WindowsNoEditorTargetPlatform (109)
[2019.11.01-21.11.15:414][247]LogModuleManager: Shutting down and abandoning module WindowsClientTargetPlatform (107)
[2019.11.01-21.11.15:414][247]LogModuleManager: Shutting down and abandoning module MacTargetPlatform (105)
[2019.11.01-21.11.15:414][247]LogModuleManager: Shutting down and abandoning module MacServerTargetPlatform (103)
[2019.11.01-21.11.15:414][247]LogModuleManager: Shutting down and abandoning module MacNoEditorTargetPlatform (101)
[2019.11.01-21.11.15:414][247]LogModuleManager: Shutting down and abandoning module MacClientTargetPlatform (99)
[2019.11.01-21.11.15:414][247]LogModuleManager: Shutting down and abandoning module AllDesktopTargetPlatform (97)
[2019.11.01-21.11.15:414][247]LogModuleManager: Shutting down and abandoning module D3D12RHI (94)
[2019.11.01-21.11.15:414][247]LogModuleManager: Shutting down and abandoning module InputCore (92)
[2019.11.01-21.11.15:414][247]LogModuleManager: Shutting down and abandoning module Settings (90)
[2019.11.01-21.11.15:414][247]LogModuleManager: Shutting down and abandoning module DirectoryWatcher (88)
[2019.11.01-21.11.15:414][247]LogModuleManager: Shutting down and abandoning module PhysXCooking (86)
[2019.11.01-21.11.15:414][247]LogModuleManager: Shutting down and abandoning module WindowsPlatformFeatures (84)
[2019.11.01-21.11.15:414][247]LogModuleManager: Shutting down and abandoning module GameplayMediaEncoder (83)
[2019.11.01-21.11.15:415][247]LogModuleManager: Shutting down and abandoning module SteamVR (80)
[2019.11.01-21.11.15:415][247]LogHMD: Freeing OpenVRDLLHandle.
[2019.11.01-21.11.15:415][247]LogModuleManager: Shutting down and abandoning module OculusHMD (78)
[2019.11.01-21.11.15:415][247]LogModuleManager: Shutting down and abandoning module ExampleDeviceProfileSelector (76)
[2019.11.01-21.11.15:415][247]LogModuleManager: Shutting down and abandoning module LauncherChunkInstaller (74)
[2019.11.01-21.11.15:415][247]LogModuleManager: Shutting down and abandoning module OnlineBlueprintSupport (72)
[2019.11.01-21.11.15:415][247]LogModuleManager: Shutting down and abandoning module OnlineSubsystem (68)
[2019.11.01-21.11.15:415][247]LogModuleManager: Shutting down and abandoning module XMPP (63)
[2019.11.01-21.11.15:415][247]LogModuleManager: Shutting down and abandoning module WebSockets (62)
[2019.11.01-21.11.15:430][247]LogModuleManager: Shutting down and abandoning module HTTP (59)
[2019.11.01-21.11.15:430][247]LogHttp: Display: Http module shutting down, but needs to wait on 1 outstanding Http requests:
[2019.11.01-21.11.15:430][247]LogHttp: Display: 	verb=[POST] url=[https://datarouter.ol.epicgames.com/datarouter/api/v1/public/data?SessionID=%7B349F2216-4C4C-E52D-1095-469A4EAF2AAE%7D&AppID=UEEditor.Rocket.Release&AppVersion=4.23.0-8386587%2B%2B%2BUE4%2BRelease-4.23&UserID=46d13a6741ca9bd6998950bfb3e409e5%7C894d73b3c48046cb86ff7e4e99bb4209%7C3520fb30-bffa-487f-84af-b0ae783e2152&AppEnvironment=datacollector-binary&UploadType=eteventstream] status=Processing
[2019.11.01-21.11.15:451][247]LogModuleManager: Shutting down and abandoning module SSL (58)
[2019.11.01-21.11.15:452][247]LogModuleManager: Shutting down and abandoning module WmfMedia (54)
[2019.11.01-21.11.15:454][247]LogModuleManager: Shutting down and abandoning module Media (53)
[2019.11.01-21.11.15:455][247]LogModuleManager: Shutting down and abandoning module MagicLeap (50)
[2019.11.01-21.11.15:455][247]LogModuleManager: Shutting down and abandoning module DatasmithContent (48)
[2019.11.01-21.11.15:455][247]LogModuleManager: Shutting down and abandoning module AISupportModule (46)
[2019.11.01-21.11.15:455][247]LogModuleManager: Shutting down and abandoning module PythonScriptPluginPreload (44)
[2019.11.01-21.11.15:455][247]LogModuleManager: Shutting down and abandoning module PlatformCryptoOpenSSL (42)
[2019.11.01-21.11.15:455][247]LogModuleManager: Shutting down and abandoning module PlatformCrypto (40)
[2019.11.01-21.11.15:455][247]LogModuleManager: Shutting down and abandoning module AnimationModifiers (38)
[2019.11.01-21.11.15:455][247]LogModuleManager: Shutting down and abandoning module PropertyEditor (37)
[2019.11.01-21.11.15:455][247]LogModuleManager: Shutting down and abandoning module AudioEditor (34)
[2019.11.01-21.11.15:455][247]LogModuleManager: Shutting down and abandoning module TextureCompressor (32)
[2019.11.01-21.11.15:455][247]LogModuleManager: Shutting down and abandoning module RenderCore (30)
[2019.11.01-21.11.15:455][247]LogModuleManager: Shutting down and abandoning module Landscape (28)
[2019.11.01-21.11.15:455][247]LogModuleManager: Shutting down and abandoning module SlateRHIRenderer (26)
[2019.11.01-21.11.15:458][247]LogModuleManager: Shutting down and abandoning module OpenGLDrv (24)
[2019.11.01-21.11.15:458][247]LogModuleManager: Shutting down and abandoning module D3D11RHI (22)
[2019.11.01-21.11.15:458][247]LogModuleManager: Shutting down and abandoning module AnimGraphRuntime (20)
[2019.11.01-21.11.15:458][247]LogModuleManager: Shutting down and abandoning module Renderer (18)
[2019.11.01-21.11.15:458][247]LogModuleManager: Shutting down and abandoning module Engine (16)
[2019.11.01-21.11.15:458][247]LogModuleManager: Shutting down and abandoning module CoreUObject (14)
[2019.11.01-21.11.15:458][247]LogModuleManager: Shutting down and abandoning module NetworkFile (12)
[2019.11.01-21.11.15:458][247]LogModuleManager: Shutting down and abandoning module CookedIterativeFile (10)
[2019.11.01-21.11.15:458][247]LogModuleManager: Shutting down and abandoning module StreamingFile (8)
[2019.11.01-21.11.15:458][247]LogModuleManager: Shutting down and abandoning module SandboxFile (6)
[2019.11.01-21.11.15:458][247]LogModuleManager: Shutting down and abandoning module PakFile (4)
[2019.11.01-21.11.15:458][247]LogModuleManager: Shutting down and abandoning module RSA (3)
[2019.11.01-21.11.15:458][247]LogRendererCore: FGlobalDynamicReadBuffer::Cleanup()
[2019.11.01-21.11.15:458][247]LogRendererCore: FGlobalDynamicReadBuffer::Cleanup()
[2019.11.01-21.11.15:458][247]LogRendererCore: FGlobalDynamicReadBuffer::Cleanup()
[2019.11.01-21.11.15:497][247]LogD3D12RHI: ~FD3D12DynamicRHI
[2019.11.01-21.11.15:511][247]LogExit: Exiting.
[2019.11.01-21.11.15:527][247]Log file closed, 11/01/19 14:11:15
