Log file open, 11/08/19 15:44:38
LogWindows: Failed to load 'aqProf.dll' (GetLastError=126)
LogWindows: File 'aqProf.dll' does not exist
LogWindows: Failed to load 'VtuneApi.dll' (GetLastError=126)
LogWindows: File 'VtuneApi.dll' does not exist
LogWindows: Failed to load 'VtuneApi32e.dll' (GetLastError=126)
LogWindows: File 'VtuneApi32e.dll' does not exist
LogConsoleResponse: Display: Failed to find resolution value strings in scalability ini. Falling back to default.
LogInit: Display: Running engine for game: BasicScripting
LogPakFile: Registered encryption key '00000000000000000000000000000000': 0 pak files mounted, 0 remain pending
LogPlatformFile: Not using cached read wrapper
LogTaskGraph: Started task graph with 5 named threads and 47 total threads with 3 sets of task threads.
LogStats: Stats thread started at 0.515499
LogD3D11RHI: Loaded GFSDK_Aftermath_Lib.x64.dll
LogICUInternationalization: ICU TimeZone Detection - Raw Offset: -8:00, Platform Override: ''
LogPluginManager: Mounting plugin Paper2D
LogPluginManager: Mounting plugin AISupport
LogPluginManager: Mounting plugin LightPropagationVolume
LogPluginManager: Mounting plugin ActorLayerUtilities
LogPluginManager: Mounting plugin AnimationSharing
LogPluginManager: Mounting plugin CLionSourceCodeAccess
LogPluginManager: Mounting plugin CodeLiteSourceCodeAccess
LogPluginManager: Mounting plugin GitSourceControl
LogPluginManager: Mounting plugin KDevelopSourceCodeAccess
LogPluginManager: Mounting plugin NullSourceCodeAccess
LogPluginManager: Mounting plugin PerforceSourceControl
LogPluginManager: Mounting plugin SubversionSourceControl
LogPluginManager: Mounting plugin UObjectPlugin
LogPluginManager: Mounting plugin VisualStudioCodeSourceCodeAccess
LogPluginManager: Mounting plugin VisualStudioSourceCodeAccess
LogPluginManager: Mounting plugin XCodeSourceCodeAccess
LogPluginManager: Mounting plugin AssetManagerEditor
LogPluginManager: Mounting plugin CryptoKeys
LogPluginManager: Mounting plugin DataValidation
LogPluginManager: Mounting plugin EditorScriptingUtilities
LogPluginManager: Mounting plugin FacialAnimation
LogPluginManager: Mounting plugin GameplayTagsEditor
LogPluginManager: Mounting plugin MacGraphicsSwitching
LogPluginManager: Mounting plugin MaterialAnalyzer
LogPluginManager: Mounting plugin MobileLauncherProfileWizard
LogPluginManager: Mounting plugin PluginBrowser
LogPluginManager: Mounting plugin SpeedTreeImporter
LogPluginManager: Mounting plugin DatasmithContent
LogPluginManager: Mounting plugin VariantManagerContent
LogPluginManager: Mounting plugin AlembicImporter
LogPluginManager: Mounting plugin AppleImageUtils
LogPluginManager: Mounting plugin AppleVision
LogPluginManager: Mounting plugin BackChannel
LogPluginManager: Mounting plugin CharacterAI
LogPluginManager: Mounting plugin GeometryCache
LogPluginManager: Mounting plugin HTML5Networking
LogPluginManager: Mounting plugin ProxyLODPlugin
LogPluginManager: Mounting plugin PythonScriptPlugin
LogPluginManager: Mounting plugin SkeletalReduction
LogPluginManager: Mounting plugin MagicLeap
LogPluginManager: Mounting plugin MagicLeapMedia
LogPluginManager: Mounting plugin AndroidMedia
LogPluginManager: Mounting plugin AvfMedia
LogPluginManager: Mounting plugin ImgMedia
LogPluginManager: Mounting plugin LinearTimecode
LogPluginManager: Mounting plugin MediaCompositing
LogPluginManager: Mounting plugin MediaPlayerEditor
LogPluginManager: Mounting plugin WebMMedia
LogPluginManager: Mounting plugin WmfMedia
LogPluginManager: Mounting plugin TcpMessaging
LogPluginManager: Mounting plugin UdpMessaging
LogPluginManager: Mounting plugin ActorSequence
LogPluginManager: Mounting plugin LevelSequenceEditor
LogPluginManager: Mounting plugin MatineeToLevelSequence
LogPluginManager: Mounting plugin SequencerScripting
LogPluginManager: Mounting plugin NetcodeUnitTest
LogPluginManager: Mounting plugin NUTUnrealEngine4
LogPluginManager: Mounting plugin OnlineSubsystemGooglePlay
LogPluginManager: Mounting plugin OnlineSubsystemIOS
LogPluginManager: Mounting plugin OnlineSubsystem
LogPluginManager: Mounting plugin OnlineSubsystemNull
LogPluginManager: Mounting plugin OnlineSubsystemUtils
LogPluginManager: Mounting plugin LauncherChunkInstaller
LogPluginManager: Mounting plugin AndroidDeviceProfileSelector
LogPluginManager: Mounting plugin AndroidMoviePlayer
LogPluginManager: Mounting plugin AndroidPermission
LogPluginManager: Mounting plugin AppleMoviePlayer
LogPluginManager: Mounting plugin ArchVisCharacter
LogPluginManager: Mounting plugin AudioCapture
LogPluginManager: Mounting plugin CableComponent
LogPluginManager: Mounting plugin CustomMeshComponent
LogPluginManager: Mounting plugin EditableMesh
LogPluginManager: Mounting plugin ExampleDeviceProfileSelector
LogPluginManager: Mounting plugin Firebase
LogPluginManager: Mounting plugin GoogleCloudMessaging
LogPluginManager: Mounting plugin IOSDeviceProfileSelector
LogPluginManager: Mounting plugin LinuxDeviceProfileSelector
LogPluginManager: Mounting plugin LocationServicesBPLibrary
LogPluginManager: Mounting plugin MobilePatchingUtils
LogPluginManager: Mounting plugin OculusVR
LogPluginManager: Mounting plugin PhysXVehicles
LogPluginManager: Mounting plugin ProceduralMeshComponent
LogPluginManager: Mounting plugin RuntimePhysXCooking
LogPluginManager: Mounting plugin SignificanceManager
LogPluginManager: Mounting plugin SteamVR
LogPluginManager: Mounting plugin WebMMoviePlayer
LogPluginManager: Mounting plugin WindowsMoviePlayer
LogPluginManager: Mounting plugin UnrealPythonLibraryPlugin
LogInit: Using libcurl 7.55.1-DEV
LogInit:  - built for x86_64-pc-win32
LogInit:  - supports SSL with OpenSSL/1.1.1
LogInit:  - supports HTTP deflate (compression) using libz 1.2.8
LogInit:  - other features:
LogInit:      CURL_VERSION_SSL
LogInit:      CURL_VERSION_LIBZ
LogInit:      CURL_VERSION_IPV6
LogInit:      CURL_VERSION_ASYNCHDNS
LogInit:      CURL_VERSION_LARGEFILE
LogInit:      CURL_VERSION_IDN
LogInit:  CurlRequestOptions (configurable via config and command line):
LogInit:  - bVerifyPeer = true  - Libcurl will verify peer certificate
LogInit:  - bUseHttpProxy = false  - Libcurl will NOT use HTTP proxy
LogInit:  - bDontReuseConnections = false  - Libcurl will reuse connections
LogInit:  - MaxHostConnections = 16  - Libcurl will limit the number of connections to a host
LogInit:  - LocalHostAddr = Default
LogInit:  - BufferSize = 65536
LogInit: WinSock: version 1.1 (2.2), MaxSocks=32767, MaxUdp=65467
LogInit: Build: ++UE4+Release-4.22-CL-7053642
LogInit: Engine Version: 4.22.3-7053642+++UE4+Release-4.22
LogInit: Compatible Engine Version: 4.22.0-5660361+++UE4+Release-4.22
LogInit: Net CL: 5660361
LogInit: OS: Windows 10 (Release 1903) (), CPU: Intel(R) Core(TM) i9-9900K CPU @ 3.60GHz, GPU: NVIDIA GeForce RTX 2080
LogInit: Compiled (64-bit): Jun 18 2019 03:09:11
LogInit: Compiled with Visual C++: 19.16.27025.01
LogInit: Build Configuration: Development
LogInit: Branch Name: ++UE4+Release-4.22
LogInit: Command Line: 
LogInit: Base Directory: D:/Program Files/Epic Games/UE_4.22/Engine/Binaries/Win64/
LogInit: Installed Engine Build: 1
LogDevObjectVersion: Number of dev versions registered: 23
LogDevObjectVersion:   Dev-Blueprints (B0D832E4-1F89-4F0D-ACCF-7EB736FD4AA2): 10
LogDevObjectVersion:   Dev-Build (E1C64328-A22C-4D53-A36C-8E866417BD8C): 0
LogDevObjectVersion:   Dev-Core (375EC13C-06E4-48FB-B500-84F0262A717E): 3
LogDevObjectVersion:   Dev-Editor (E4B068ED-F494-42E9-A231-DA0B2E46BB41): 30
LogDevObjectVersion:   Dev-Framework (CFFC743F-43B0-4480-9391-14DF171D2073): 35
LogDevObjectVersion:   Dev-Mobile (B02B49B5-BB20-44E9-A304-32B752E40360): 2
LogDevObjectVersion:   Dev-Networking (A4E4105C-59A1-49B5-A7C5-40C4547EDFEE): 0
LogDevObjectVersion:   Dev-Online (39C831C9-5AE6-47DC-9A44-9C173E1C8E7C): 0
LogDevObjectVersion:   Dev-Physics (78F01B33-EBEA-4F98-B9B4-84EACCB95AA2): 0
LogDevObjectVersion:   Dev-Platform (6631380F-2D4D-43E0-8009-CF276956A95A): 0
LogDevObjectVersion:   Dev-Rendering (12F88B9F-8875-4AFC-A67C-D90C383ABD29): 28
LogDevObjectVersion:   Dev-Sequencer (7B5AE74C-D270-4C10-A958-57980B212A5A): 11
LogDevObjectVersion:   Dev-VR (D7296918-1DD6-4BDD-9DE2-64A83CC13884): 2
LogDevObjectVersion:   Dev-LoadTimes (C2A15278-BFE7-4AFE-6C17-90FF531DF755): 1
LogDevObjectVersion:   Private-Geometry (6EACA3D4-40EC-4CC1-B786-8BED09428FC5): 3
LogDevObjectVersion:   Dev-AnimPhys (29E575DD-E0A3-4627-9D10-D276232CDCEA): 17
LogDevObjectVersion:   Dev-Anim (AF43A65D-7FD3-4947-9873-3E8ED9C1BB05): 2
LogDevObjectVersion:   Dev-ReflectionCapture (6B266CEC-1EC7-4B8F-A30B-E4D90942FC07): 1
LogDevObjectVersion:   Dev-Automation (0DF73D61-A23F-47EA-B727-89E90C41499A): 1
LogDevObjectVersion:   FortniteMain (601D1886-AC64-4F84-AA16-D3DE0DEAC7D6): 25
LogDevObjectVersion:   Dev-Enterprise (9DFFBCD6-494F-0158-E221-12823C92A888): 6
LogDevObjectVersion:   Dev-Niagara (F2AED0AC-9AFE-416F-8664-AA7FFA26D6FC): 1
LogDevObjectVersion:   Dev-Destruction (174F1F0B-B4C6-45A5-B13F-2EE8D0FB917D): 2
LogInit: Presizing for max 16777216 objects, including 0 objects not considered by GC, pre-allocating 0 bytes for permanent pool.
LogInit: Object subsystem initialized
LogConfig: Setting CVar [[con.DebugEarlyDefault:1]]
LogConfig: Setting CVar [[r.setres:1280x720]]
[2019.11.08-23.44.38:216][  0]LogConfig: Setting CVar [[r.VSync:0]]
[2019.11.08-23.44.38:216][  0]LogConfig: Setting CVar [[r.RHICmdBypass:0]]
[2019.11.08-23.44.38:216][  0]LogConfig: Applying CVar settings from Section [/Script/Engine.RendererSettings] File [D:/Git/UEGym/BasicScripting/Saved/Config/Windows/Engine.ini]
[2019.11.08-23.44.38:216][  0]LogConfig: Setting CVar [[r.GPUCrashDebugging:0]]
[2019.11.08-23.44.38:216][  0]LogConfig: Setting CVar [[r.DefaultFeature.AutoExposure.ExtendDefaultLuminanceRange:1]]
[2019.11.08-23.44.38:216][  0]LogConfig: Applying CVar settings from Section [/Script/Engine.RendererOverrideSettings] File [D:/Git/UEGym/BasicScripting/Saved/Config/Windows/Engine.ini]
[2019.11.08-23.44.38:216][  0]LogConfig: Applying CVar settings from Section [/Script/Engine.StreamingSettings] File [D:/Git/UEGym/BasicScripting/Saved/Config/Windows/Engine.ini]
[2019.11.08-23.44.38:216][  0]LogConfig: Setting CVar [[s.MinBulkDataSizeForAsyncLoading:131072]]
[2019.11.08-23.44.38:216][  0]LogConfig: Setting CVar [[s.AsyncLoadingThreadEnabled:0]]
[2019.11.08-23.44.38:216][  0]LogConfig: Setting CVar [[s.EventDrivenLoaderEnabled:1]]
[2019.11.08-23.44.38:216][  0]LogConfig: Setting CVar [[s.WarnIfTimeLimitExceeded:0]]
[2019.11.08-23.44.38:216][  0]LogConfig: Setting CVar [[s.TimeLimitExceededMultiplier:1.5]]
[2019.11.08-23.44.38:216][  0]LogConfig: Setting CVar [[s.TimeLimitExceededMinTime:0.005]]
[2019.11.08-23.44.38:216][  0]LogConfig: Setting CVar [[s.UseBackgroundLevelStreaming:1]]
[2019.11.08-23.44.38:216][  0]LogConfig: Setting CVar [[s.PriorityAsyncLoadingExtraTime:15.0]]
[2019.11.08-23.44.38:216][  0]LogConfig: Setting CVar [[s.LevelStreamingActorsUpdateTimeLimit:5.0]]
[2019.11.08-23.44.38:216][  0]LogConfig: Setting CVar [[s.PriorityLevelStreamingActorsUpdateExtraTime:5.0]]
[2019.11.08-23.44.38:216][  0]LogConfig: Setting CVar [[s.LevelStreamingComponentsRegistrationGranularity:10]]
[2019.11.08-23.44.38:216][  0]LogConfig: Setting CVar [[s.UnregisterComponentsTimeLimit:1.0]]
[2019.11.08-23.44.38:216][  0]LogConfig: Setting CVar [[s.LevelStreamingComponentsUnregistrationGranularity:5]]
[2019.11.08-23.44.38:216][  0]LogConfig: Applying CVar settings from Section [/Script/Engine.GarbageCollectionSettings] File [D:/Git/UEGym/BasicScripting/Saved/Config/Windows/Engine.ini]
[2019.11.08-23.44.38:216][  0]LogConfig: Setting CVar [[gc.MaxObjectsNotConsideredByGC:1]]
[2019.11.08-23.44.38:216][  0]LogConfig: Setting CVar [[gc.SizeOfPermanentObjectPool:0]]
[2019.11.08-23.44.38:216][  0]LogConfig: Setting CVar [[gc.FlushStreamingOnGC:0]]
[2019.11.08-23.44.38:216][  0]LogConfig: Setting CVar [[gc.NumRetriesBeforeForcingGC:10]]
[2019.11.08-23.44.38:217][  0]LogConfig: Setting CVar [[gc.AllowParallelGC:1]]
[2019.11.08-23.44.38:217][  0]LogConfig: Setting CVar [[gc.TimeBetweenPurgingPendingKillObjects:61.1]]
[2019.11.08-23.44.38:217][  0]LogConfig: Setting CVar [[gc.MaxObjectsInEditor:16777216]]
[2019.11.08-23.44.38:217][  0]LogConfig: Setting CVar [[gc.IncrementalBeginDestroyEnabled:1]]
[2019.11.08-23.44.38:217][  0]LogConfig: Setting CVar [[gc.CreateGCClusters:1]]
[2019.11.08-23.44.38:217][  0]LogConfig: Setting CVar [[gc.MinGCClusterSize:5]]
[2019.11.08-23.44.38:217][  0]LogConfig: Setting CVar [[gc.ActorClusteringEnabled:0]]
[2019.11.08-23.44.38:217][  0]LogConfig: Setting CVar [[gc.BlueprintClusteringEnabled:0]]
[2019.11.08-23.44.38:217][  0]LogConfig: Setting CVar [[gc.UseDisregardForGCOnDedicatedServers:0]]
[2019.11.08-23.44.38:217][  0]LogConfig: Applying CVar settings from Section [/Script/Engine.NetworkSettings] File [D:/Git/UEGym/BasicScripting/Saved/Config/Windows/Engine.ini]
[2019.11.08-23.44.38:217][  0]LogConfig: Applying CVar settings from Section [/Script/UnrealEd.CookerSettings] File [D:/Git/UEGym/BasicScripting/Saved/Config/Windows/Engine.ini]
[2019.11.08-23.44.38:220][  0]LogConfig: Applying CVar settings from Section [ViewDistanceQuality@3] File [D:/Git/UEGym/BasicScripting/Saved/Config/Windows/Scalability.ini]
[2019.11.08-23.44.38:220][  0]LogConfig: Setting CVar [[r.SkeletalMeshLODBias:0]]
[2019.11.08-23.44.38:220][  0]LogConfig: Setting CVar [[r.ViewDistanceScale:1.0]]
[2019.11.08-23.44.38:220][  0]LogConfig: Applying CVar settings from Section [AntiAliasingQuality@3] File [D:/Git/UEGym/BasicScripting/Saved/Config/Windows/Scalability.ini]
[2019.11.08-23.44.38:220][  0]LogConfig: Setting CVar [[r.PostProcessAAQuality:4]]
[2019.11.08-23.44.38:220][  0]LogConfig: Applying CVar settings from Section [ShadowQuality@3] File [D:/Git/UEGym/BasicScripting/Saved/Config/Windows/Scalability.ini]
[2019.11.08-23.44.38:220][  0]LogConfig: Setting CVar [[r.LightFunctionQuality:1]]
[2019.11.08-23.44.38:220][  0]LogConfig: Setting CVar [[r.ShadowQuality:5]]
[2019.11.08-23.44.38:220][  0]LogConfig: Setting CVar [[r.Shadow.CSM.MaxCascades:10]]
[2019.11.08-23.44.38:220][  0]LogConfig: Setting CVar [[r.Shadow.MaxResolution:2048]]
[2019.11.08-23.44.38:220][  0]LogConfig: Setting CVar [[r.Shadow.MaxCSMResolution:2048]]
[2019.11.08-23.44.38:220][  0]LogConfig: Setting CVar [[r.Shadow.RadiusThreshold:0.01]]
[2019.11.08-23.44.38:220][  0]LogConfig: Setting CVar [[r.Shadow.DistanceScale:1.0]]
[2019.11.08-23.44.38:220][  0]LogConfig: Setting CVar [[r.Shadow.CSM.TransitionScale:1.0]]
[2019.11.08-23.44.38:220][  0]LogConfig: Setting CVar [[r.Shadow.PreShadowResolutionFactor:1.0]]
[2019.11.08-23.44.38:220][  0]LogConfig: Setting CVar [[r.DistanceFieldShadowing:1]]
[2019.11.08-23.44.38:220][  0]LogConfig: Setting CVar [[r.DistanceFieldAO:1]]
[2019.11.08-23.44.38:220][  0]LogConfig: Setting CVar [[r.AOQuality:2]]
[2019.11.08-23.44.38:220][  0]LogConfig: Setting CVar [[r.VolumetricFog:1]]
[2019.11.08-23.44.38:220][  0]LogConfig: Setting CVar [[r.VolumetricFog.GridPixelSize:8]]
[2019.11.08-23.44.38:220][  0]LogConfig: Setting CVar [[r.VolumetricFog.GridSizeZ:128]]
[2019.11.08-23.44.38:220][  0]LogConfig: Setting CVar [[r.VolumetricFog.HistoryMissSupersampleCount:4]]
[2019.11.08-23.44.38:220][  0]LogConfig: Setting CVar [[r.LightMaxDrawDistanceScale:1]]
[2019.11.08-23.44.38:220][  0]LogConfig: Setting CVar [[r.CapsuleShadows:1]]
[2019.11.08-23.44.38:220][  0]LogConfig: Applying CVar settings from Section [PostProcessQuality@3] File [D:/Git/UEGym/BasicScripting/Saved/Config/Windows/Scalability.ini]
[2019.11.08-23.44.38:220][  0]LogConfig: Setting CVar [[r.MotionBlurQuality:4]]
[2019.11.08-23.44.38:220][  0]LogConfig: Setting CVar [[r.AmbientOcclusionMipLevelFactor:0.4]]
[2019.11.08-23.44.38:220][  0]LogConfig: Setting CVar [[r.AmbientOcclusionMaxQuality:100]]
[2019.11.08-23.44.38:220][  0]LogConfig: Setting CVar [[r.AmbientOcclusionLevels:-1]]
[2019.11.08-23.44.38:220][  0]LogConfig: Setting CVar [[r.AmbientOcclusionRadiusScale:1.0]]
[2019.11.08-23.44.38:220][  0]LogConfig: Setting CVar [[r.DepthOfFieldQuality:2]]
[2019.11.08-23.44.38:220][  0]LogConfig: Setting CVar [[r.RenderTargetPoolMin:400]]
[2019.11.08-23.44.38:220][  0]LogConfig: Setting CVar [[r.LensFlareQuality:2]]
[2019.11.08-23.44.38:220][  0]LogConfig: Setting CVar [[r.SceneColorFringeQuality:1]]
[2019.11.08-23.44.38:220][  0]LogConfig: Setting CVar [[r.EyeAdaptationQuality:2]]
[2019.11.08-23.44.38:220][  0]LogConfig: Setting CVar [[r.BloomQuality:5]]
[2019.11.08-23.44.38:220][  0]LogConfig: Setting CVar [[r.FastBlurThreshold:100]]
[2019.11.08-23.44.38:220][  0]LogConfig: Setting CVar [[r.Upscale.Quality:3]]
[2019.11.08-23.44.38:220][  0]LogConfig: Setting CVar [[r.Tonemapper.GrainQuantization:1]]
[2019.11.08-23.44.38:220][  0]LogConfig: Setting CVar [[r.LightShaftQuality:1]]
[2019.11.08-23.44.38:220][  0]LogConfig: Setting CVar [[r.Filter.SizeScale:1]]
[2019.11.08-23.44.38:220][  0]LogConfig: Setting CVar [[r.Tonemapper.Quality:5]]
[2019.11.08-23.44.38:220][  0]LogConfig: Setting CVar [[r.DOF.Gather.AccumulatorQuality:1        ; higher gathering accumulator quality]]
[2019.11.08-23.44.38:220][  0]LogConfig: Setting CVar [[r.DOF.Gather.PostfilterMethod:1          ; Median3x3 postfilering method]]
[2019.11.08-23.44.38:220][  0]LogConfig: Setting CVar [[r.DOF.Gather.EnableBokehSettings:0       ; no bokeh simulation when gathering]]
[2019.11.08-23.44.38:220][  0]LogConfig: Setting CVar [[r.DOF.Gather.RingCount:4                 ; medium number of samples when gathering]]
[2019.11.08-23.44.38:220][  0]LogConfig: Setting CVar [[r.DOF.Scatter.ForegroundCompositing:1    ; additive foreground scattering]]
[2019.11.08-23.44.38:220][  0]LogConfig: Setting CVar [[r.DOF.Scatter.BackgroundCompositing:2    ; additive background scattering]]
[2019.11.08-23.44.38:220][  0]LogConfig: Setting CVar [[r.DOF.Scatter.EnableBokehSettings:1      ; bokeh simulation when scattering]]
[2019.11.08-23.44.38:220][  0]LogConfig: Setting CVar [[r.DOF.Scatter.MaxSpriteRatio:0.1         ; only a maximum of 10% of scattered bokeh]]
[2019.11.08-23.44.38:220][  0]LogConfig: Setting CVar [[r.DOF.Recombine.Quality:1                ; cheap slight out of focus]]
[2019.11.08-23.44.38:220][  0]LogConfig: Setting CVar [[r.DOF.Recombine.EnableBokehSettings:0    ; no bokeh simulation on slight out of focus]]
[2019.11.08-23.44.38:220][  0]LogConfig: Setting CVar [[r.DOF.TemporalAAQuality:1                ; more stable temporal accumulation]]
[2019.11.08-23.44.38:220][  0]LogConfig: Setting CVar [[r.DOF.Kernel.MaxForegroundRadius:0.025]]
[2019.11.08-23.44.38:220][  0]LogConfig: Setting CVar [[r.DOF.Kernel.MaxBackgroundRadius:0.025]]
[2019.11.08-23.44.38:220][  0]LogConfig: Applying CVar settings from Section [TextureQuality@3] File [D:/Git/UEGym/BasicScripting/Saved/Config/Windows/Scalability.ini]
[2019.11.08-23.44.38:220][  0]LogConfig: Setting CVar [[r.Streaming.MipBias:0]]
[2019.11.08-23.44.38:220][  0]LogConfig: Setting CVar [[r.Streaming.AmortizeCPUToGPUCopy:0]]
[2019.11.08-23.44.38:220][  0]LogConfig: Setting CVar [[r.Streaming.MaxNumTexturesToStreamPerFrame:0]]
[2019.11.08-23.44.38:220][  0]LogConfig: Setting CVar [[r.Streaming.Boost:1]]
[2019.11.08-23.44.38:220][  0]LogConfig: Setting CVar [[r.MaxAnisotropy:8]]
[2019.11.08-23.44.38:220][  0]LogConfig: Setting CVar [[r.Streaming.LimitPoolSizeToVRAM:0]]
[2019.11.08-23.44.38:220][  0]LogConfig: Setting CVar [[r.Streaming.PoolSize:1000]]
[2019.11.08-23.44.38:220][  0]LogConfig: Setting CVar [[r.Streaming.MaxEffectiveScreenSize:0]]
[2019.11.08-23.44.38:220][  0]LogConfig: Applying CVar settings from Section [EffectsQuality@3] File [D:/Git/UEGym/BasicScripting/Saved/Config/Windows/Scalability.ini]
[2019.11.08-23.44.38:220][  0]LogConfig: Setting CVar [[r.TranslucencyLightingVolumeDim:64]]
[2019.11.08-23.44.38:220][  0]LogConfig: Setting CVar [[r.RefractionQuality:2]]
[2019.11.08-23.44.38:220][  0]LogConfig: Setting CVar [[r.SSR.Quality:3]]
[2019.11.08-23.44.38:220][  0]LogConfig: Setting CVar [[r.SceneColorFormat:4]]
[2019.11.08-23.44.38:220][  0]LogConfig: Setting CVar [[r.DetailMode:2]]
[2019.11.08-23.44.38:220][  0]LogConfig: Setting CVar [[r.TranslucencyVolumeBlur:1]]
[2019.11.08-23.44.38:220][  0]LogConfig: Setting CVar [[r.MaterialQualityLevel:1 ; High quality]]
[2019.11.08-23.44.38:220][  0]LogConfig: Setting CVar [[r.SSS.Scale:1]]
[2019.11.08-23.44.38:220][  0]LogConfig: Setting CVar [[r.SSS.SampleSet:2]]
[2019.11.08-23.44.38:220][  0]LogConfig: Setting CVar [[r.SSS.Quality:1]]
[2019.11.08-23.44.38:220][  0]LogConfig: Setting CVar [[r.SSS.HalfRes:1]]
[2019.11.08-23.44.38:220][  0]LogConfig: Setting CVar [[r.EmitterSpawnRateScale:1.0]]
[2019.11.08-23.44.38:220][  0]LogConfig: Setting CVar [[r.ParticleLightQuality:2]]
[2019.11.08-23.44.38:220][  0]LogConfig: Applying CVar settings from Section [FoliageQuality@3] File [D:/Git/UEGym/BasicScripting/Saved/Config/Windows/Scalability.ini]
[2019.11.08-23.44.38:220][  0]LogConfig: Setting CVar [[foliage.DensityScale:1.0]]
[2019.11.08-23.44.38:220][  0]LogConfig: Setting CVar [[grass.DensityScale:1.0]]
[2019.11.08-23.44.38:220][  0]LogInit: Selected Device Profile: [Windows]
[2019.11.08-23.44.38:221][  0]LogInit: Applying CVar settings loaded from the selected device profile: [Windows]
[2019.11.08-23.44.38:229][  0]LogHAL: Display: Platform has ~ 64 GB [68634533888 / 68719476736 / 64], which maps to Largest [LargestMinGB=32, LargerMinGB=12, DefaultMinGB=8, SmallerMinGB=6, SmallestMinGB=0)
[2019.11.08-23.44.38:229][  0]LogConfig: Setting CVar [[r.Vulkan.UseRealUBs:0		; Required until we fix HLR fall-out]]
[2019.11.08-23.44.38:229][  0]LogInit: Going up to parent DeviceProfile []
[2019.11.08-23.44.38:229][  0]LogConfig: Applying CVar settings from Section [ViewDistanceQuality@3] File [D:/Git/UEGym/BasicScripting/Saved/Config/Windows/Scalability.ini]
[2019.11.08-23.44.38:229][  0]LogConfig: Setting CVar [[r.SkeletalMeshLODBias:0]]
[2019.11.08-23.44.38:229][  0]LogConfig: Setting CVar [[r.ViewDistanceScale:1.0]]
[2019.11.08-23.44.38:229][  0]LogConfig: Applying CVar settings from Section [AntiAliasingQuality@3] File [D:/Git/UEGym/BasicScripting/Saved/Config/Windows/Scalability.ini]
[2019.11.08-23.44.38:229][  0]LogConfig: Setting CVar [[r.PostProcessAAQuality:4]]
[2019.11.08-23.44.38:229][  0]LogConfig: Applying CVar settings from Section [ShadowQuality@3] File [D:/Git/UEGym/BasicScripting/Saved/Config/Windows/Scalability.ini]
[2019.11.08-23.44.38:229][  0]LogConfig: Setting CVar [[r.LightFunctionQuality:1]]
[2019.11.08-23.44.38:229][  0]LogConfig: Setting CVar [[r.ShadowQuality:5]]
[2019.11.08-23.44.38:229][  0]LogConfig: Setting CVar [[r.Shadow.CSM.MaxCascades:10]]
[2019.11.08-23.44.38:229][  0]LogConfig: Setting CVar [[r.Shadow.MaxResolution:2048]]
[2019.11.08-23.44.38:230][  0]LogConfig: Setting CVar [[r.Shadow.MaxCSMResolution:2048]]
[2019.11.08-23.44.38:230][  0]LogConfig: Setting CVar [[r.Shadow.RadiusThreshold:0.01]]
[2019.11.08-23.44.38:230][  0]LogConfig: Setting CVar [[r.Shadow.DistanceScale:1.0]]
[2019.11.08-23.44.38:230][  0]LogConfig: Setting CVar [[r.Shadow.CSM.TransitionScale:1.0]]
[2019.11.08-23.44.38:230][  0]LogConfig: Setting CVar [[r.Shadow.PreShadowResolutionFactor:1.0]]
[2019.11.08-23.44.38:230][  0]LogConfig: Setting CVar [[r.DistanceFieldShadowing:1]]
[2019.11.08-23.44.38:230][  0]LogConfig: Setting CVar [[r.DistanceFieldAO:1]]
[2019.11.08-23.44.38:230][  0]LogConfig: Setting CVar [[r.AOQuality:2]]
[2019.11.08-23.44.38:230][  0]LogConfig: Setting CVar [[r.VolumetricFog:1]]
[2019.11.08-23.44.38:230][  0]LogConfig: Setting CVar [[r.VolumetricFog.GridPixelSize:8]]
[2019.11.08-23.44.38:230][  0]LogConfig: Setting CVar [[r.VolumetricFog.GridSizeZ:128]]
[2019.11.08-23.44.38:230][  0]LogConfig: Setting CVar [[r.VolumetricFog.HistoryMissSupersampleCount:4]]
[2019.11.08-23.44.38:230][  0]LogConfig: Setting CVar [[r.LightMaxDrawDistanceScale:1]]
[2019.11.08-23.44.38:230][  0]LogConfig: Setting CVar [[r.CapsuleShadows:1]]
[2019.11.08-23.44.38:230][  0]LogConfig: Applying CVar settings from Section [PostProcessQuality@3] File [D:/Git/UEGym/BasicScripting/Saved/Config/Windows/Scalability.ini]
[2019.11.08-23.44.38:230][  0]LogConfig: Setting CVar [[r.MotionBlurQuality:4]]
[2019.11.08-23.44.38:230][  0]LogConfig: Setting CVar [[r.AmbientOcclusionMipLevelFactor:0.4]]
[2019.11.08-23.44.38:230][  0]LogConfig: Setting CVar [[r.AmbientOcclusionMaxQuality:100]]
[2019.11.08-23.44.38:230][  0]LogConfig: Setting CVar [[r.AmbientOcclusionLevels:-1]]
[2019.11.08-23.44.38:230][  0]LogConfig: Setting CVar [[r.AmbientOcclusionRadiusScale:1.0]]
[2019.11.08-23.44.38:230][  0]LogConfig: Setting CVar [[r.DepthOfFieldQuality:2]]
[2019.11.08-23.44.38:230][  0]LogConfig: Setting CVar [[r.RenderTargetPoolMin:400]]
[2019.11.08-23.44.38:230][  0]LogConfig: Setting CVar [[r.LensFlareQuality:2]]
[2019.11.08-23.44.38:230][  0]LogConfig: Setting CVar [[r.SceneColorFringeQuality:1]]
[2019.11.08-23.44.38:230][  0]LogConfig: Setting CVar [[r.EyeAdaptationQuality:2]]
[2019.11.08-23.44.38:230][  0]LogConfig: Setting CVar [[r.BloomQuality:5]]
[2019.11.08-23.44.38:230][  0]LogConfig: Setting CVar [[r.FastBlurThreshold:100]]
[2019.11.08-23.44.38:230][  0]LogConfig: Setting CVar [[r.Upscale.Quality:3]]
[2019.11.08-23.44.38:230][  0]LogConfig: Setting CVar [[r.Tonemapper.GrainQuantization:1]]
[2019.11.08-23.44.38:230][  0]LogConfig: Setting CVar [[r.LightShaftQuality:1]]
[2019.11.08-23.44.38:230][  0]LogConfig: Setting CVar [[r.Filter.SizeScale:1]]
[2019.11.08-23.44.38:230][  0]LogConfig: Setting CVar [[r.Tonemapper.Quality:5]]
[2019.11.08-23.44.38:230][  0]LogConfig: Setting CVar [[r.DOF.Gather.AccumulatorQuality:1        ; higher gathering accumulator quality]]
[2019.11.08-23.44.38:230][  0]LogConfig: Setting CVar [[r.DOF.Gather.PostfilterMethod:1          ; Median3x3 postfilering method]]
[2019.11.08-23.44.38:230][  0]LogConfig: Setting CVar [[r.DOF.Gather.EnableBokehSettings:0       ; no bokeh simulation when gathering]]
[2019.11.08-23.44.38:230][  0]LogConfig: Setting CVar [[r.DOF.Gather.RingCount:4                 ; medium number of samples when gathering]]
[2019.11.08-23.44.38:230][  0]LogConfig: Setting CVar [[r.DOF.Scatter.ForegroundCompositing:1    ; additive foreground scattering]]
[2019.11.08-23.44.38:230][  0]LogConfig: Setting CVar [[r.DOF.Scatter.BackgroundCompositing:2    ; additive background scattering]]
[2019.11.08-23.44.38:230][  0]LogConfig: Setting CVar [[r.DOF.Scatter.EnableBokehSettings:1      ; bokeh simulation when scattering]]
[2019.11.08-23.44.38:230][  0]LogConfig: Setting CVar [[r.DOF.Scatter.MaxSpriteRatio:0.1         ; only a maximum of 10% of scattered bokeh]]
[2019.11.08-23.44.38:230][  0]LogConfig: Setting CVar [[r.DOF.Recombine.Quality:1                ; cheap slight out of focus]]
[2019.11.08-23.44.38:230][  0]LogConfig: Setting CVar [[r.DOF.Recombine.EnableBokehSettings:0    ; no bokeh simulation on slight out of focus]]
[2019.11.08-23.44.38:230][  0]LogConfig: Setting CVar [[r.DOF.TemporalAAQuality:1                ; more stable temporal accumulation]]
[2019.11.08-23.44.38:230][  0]LogConfig: Setting CVar [[r.DOF.Kernel.MaxForegroundRadius:0.025]]
[2019.11.08-23.44.38:230][  0]LogConfig: Setting CVar [[r.DOF.Kernel.MaxBackgroundRadius:0.025]]
[2019.11.08-23.44.38:230][  0]LogConfig: Applying CVar settings from Section [TextureQuality@3] File [D:/Git/UEGym/BasicScripting/Saved/Config/Windows/Scalability.ini]
[2019.11.08-23.44.38:230][  0]LogConfig: Setting CVar [[r.Streaming.MipBias:0]]
[2019.11.08-23.44.38:230][  0]LogConfig: Setting CVar [[r.Streaming.AmortizeCPUToGPUCopy:0]]
[2019.11.08-23.44.38:230][  0]LogConfig: Setting CVar [[r.Streaming.MaxNumTexturesToStreamPerFrame:0]]
[2019.11.08-23.44.38:230][  0]LogConfig: Setting CVar [[r.Streaming.Boost:1]]
[2019.11.08-23.44.38:230][  0]LogConfig: Setting CVar [[r.MaxAnisotropy:8]]
[2019.11.08-23.44.38:230][  0]LogConfig: Setting CVar [[r.Streaming.LimitPoolSizeToVRAM:0]]
[2019.11.08-23.44.38:230][  0]LogConfig: Setting CVar [[r.Streaming.PoolSize:1000]]
[2019.11.08-23.44.38:230][  0]LogConfig: Setting CVar [[r.Streaming.MaxEffectiveScreenSize:0]]
[2019.11.08-23.44.38:230][  0]LogConfig: Applying CVar settings from Section [EffectsQuality@3] File [D:/Git/UEGym/BasicScripting/Saved/Config/Windows/Scalability.ini]
[2019.11.08-23.44.38:230][  0]LogConfig: Setting CVar [[r.TranslucencyLightingVolumeDim:64]]
[2019.11.08-23.44.38:230][  0]LogConfig: Setting CVar [[r.RefractionQuality:2]]
[2019.11.08-23.44.38:230][  0]LogConfig: Setting CVar [[r.SSR.Quality:3]]
[2019.11.08-23.44.38:230][  0]LogConfig: Setting CVar [[r.SceneColorFormat:4]]
[2019.11.08-23.44.38:230][  0]LogConfig: Setting CVar [[r.DetailMode:2]]
[2019.11.08-23.44.38:230][  0]LogConfig: Setting CVar [[r.TranslucencyVolumeBlur:1]]
[2019.11.08-23.44.38:230][  0]LogConfig: Setting CVar [[r.MaterialQualityLevel:1 ; High quality]]
[2019.11.08-23.44.38:230][  0]LogConfig: Setting CVar [[r.SSS.Scale:1]]
[2019.11.08-23.44.38:230][  0]LogConfig: Setting CVar [[r.SSS.SampleSet:2]]
[2019.11.08-23.44.38:230][  0]LogConfig: Setting CVar [[r.SSS.Quality:1]]
[2019.11.08-23.44.38:230][  0]LogConfig: Setting CVar [[r.SSS.HalfRes:1]]
[2019.11.08-23.44.38:230][  0]LogConfig: Setting CVar [[r.EmitterSpawnRateScale:1.0]]
[2019.11.08-23.44.38:230][  0]LogConfig: Setting CVar [[r.ParticleLightQuality:2]]
[2019.11.08-23.44.38:230][  0]LogConfig: Applying CVar settings from Section [FoliageQuality@3] File [D:/Git/UEGym/BasicScripting/Saved/Config/Windows/Scalability.ini]
[2019.11.08-23.44.38:230][  0]LogConfig: Setting CVar [[foliage.DensityScale:1.0]]
[2019.11.08-23.44.38:230][  0]LogConfig: Setting CVar [[grass.DensityScale:1.0]]
[2019.11.08-23.44.38:230][  0]LogConfig: Applying CVar settings from Section [Startup] File [../../../Engine/Config/ConsoleVariables.ini]
[2019.11.08-23.44.38:230][  0]LogConfig: Setting CVar [[net.UseAdaptiveNetUpdateFrequency:0]]
[2019.11.08-23.44.38:230][  0]LogConfig: Setting CVar [[p.chaos.AllowCreatePhysxBodies:1]]
[2019.11.08-23.44.38:230][  0]LogConfig: Applying CVar settings from Section [ConsoleVariables] File [D:/Git/UEGym/BasicScripting/Saved/Config/Windows/Engine.ini]
[2019.11.08-23.44.38:230][  0]LogInit: Computer: VICTOR
[2019.11.08-23.44.38:230][  0]LogInit: User: victorl
[2019.11.08-23.44.38:230][  0]LogInit: CPU Page size=4096, Cores=8
[2019.11.08-23.44.38:230][  0]LogInit: High frequency timer resolution =10.000000 MHz
[2019.11.08-23.44.38:231][  0]LogMemory: Memory total: Physical=63.9GB (64GB approx)
[2019.11.08-23.44.38:231][  0]LogMemory: Platform Memory Stats for Windows
[2019.11.08-23.44.38:231][  0]LogMemory: Process Physical Memory: 98.69 MB used, 98.69 MB peak
[2019.11.08-23.44.38:231][  0]LogMemory: Process Virtual Memory: 90.75 MB used, 90.75 MB peak
[2019.11.08-23.44.38:231][  0]LogMemory: Physical Memory: 26983.36 MB used,  38471.64 MB free, 65454.99 MB total
[2019.11.08-23.44.38:231][  0]LogMemory: Virtual Memory: 4677.18 MB used,  134213048.00 MB free, 134217728.00 MB total
[2019.11.08-23.44.38:243][  0]LogInit: Using OS detected language (en-US).
[2019.11.08-23.44.38:243][  0]LogInit: Using OS detected locale (en-CA).
[2019.11.08-23.44.38:243][  0]LogTextLocalizationManager: No specific localization for 'en-US' exists, so the 'en' localization will be used.
[2019.11.08-23.44.38:344][  0]LogInit: Setting process to per monitor DPI aware
[2019.11.08-23.44.38:365][  0]LogSlate: New Slate User Created.  User Index 0, Is Virtual User: 0
[2019.11.08-23.44.38:365][  0]LogSlate: Slate User Registered.  User Index 0, Is Virtual User: 0
[2019.11.08-23.44.38:467][  0]LogHMD: Failed to initialize OpenVR with code 110
[2019.11.08-23.44.38:467][  0]LogD3D11RHI: D3D11 adapters:
[2019.11.08-23.44.38:525][  0]LogD3D11RHI:    0. 'NVIDIA GeForce RTX 2080' (Feature Level 11_0)
[2019.11.08-23.44.38:525][  0]LogD3D11RHI:       8010/0/32727 MB DedicatedVideo/DedicatedSystem/SharedSystem, Outputs:2, VendorId:0x10de
[2019.11.08-23.44.38:527][  0]LogD3D11RHI:    1. 'Microsoft Basic Render Driver' (Feature Level 11_0)
[2019.11.08-23.44.38:527][  0]LogD3D11RHI:       0/0/32727 MB DedicatedVideo/DedicatedSystem/SharedSystem, Outputs:0, VendorId:0x1414
[2019.11.08-23.44.38:527][  0]LogD3D11RHI: Chosen D3D11 Adapter: 0
[2019.11.08-23.44.38:540][  0]LogD3D11RHI: Creating new Direct3DDevice
[2019.11.08-23.44.38:540][  0]LogD3D11RHI:     GPU DeviceId: 0x1e82 (for the marketing name, search the web for "GPU Device Id")
[2019.11.08-23.44.38:540][  0]LogWindows: EnumDisplayDevices:
[2019.11.08-23.44.38:540][  0]LogWindows:    0. 'NVIDIA GeForce RTX 2080' (P:1 D:1)
[2019.11.08-23.44.38:540][  0]LogWindows:    1. 'NVIDIA GeForce RTX 2080' (P:0 D:1)
[2019.11.08-23.44.38:541][  0]LogWindows:    2. 'NVIDIA GeForce RTX 2080' (P:0 D:0)
[2019.11.08-23.44.38:541][  0]LogWindows:    3. 'NVIDIA GeForce RTX 2080' (P:0 D:0)
[2019.11.08-23.44.38:541][  0]LogWindows: DebugString: FoundDriverCount:4 
[2019.11.08-23.44.38:541][  0]LogD3D11RHI:     Adapter Name: NVIDIA GeForce RTX 2080
[2019.11.08-23.44.38:541][  0]LogD3D11RHI:   Driver Version: 441.08 (internal:26.21.14.4108, unified:441.08)
[2019.11.08-23.44.38:541][  0]LogD3D11RHI:      Driver Date: 10-22-2019
[2019.11.08-23.44.38:541][  0]LogRHI: Texture pool is 5607 MB (70% of 8010 MB)
[2019.11.08-23.44.38:584][  0]LogD3D11RHI: Async texture creation enabled
[2019.11.08-23.44.38:595][  0]LogRendererCore: FGlobalReadBuffer::InitRHI
[2019.11.08-23.44.38:595][  0]LogRendererCore: FGlobalReadBuffer::InitRHI
[2019.11.08-23.44.38:596][  0]LogRendererCore: FGlobalReadBuffer::InitRHI
[2019.11.08-23.44.38:603][  0]LogD3D11RHI: GPU Timing Frequency: 1000.000000 (Debug: 2 1)
[2019.11.08-23.44.38:811][  0]LogTemp: Display: Module 'AllDesktopTargetPlatform' loaded TargetPlatform 'AllDesktop'
[2019.11.08-23.44.38:823][  0]LogTemp: Display: Module 'MacClientTargetPlatform' loaded TargetPlatform 'MacClient'
[2019.11.08-23.44.38:837][  0]LogTemp: Display: Module 'MacNoEditorTargetPlatform' loaded TargetPlatform 'MacNoEditor'
[2019.11.08-23.44.38:846][  0]LogTemp: Display: Module 'MacServerTargetPlatform' loaded TargetPlatform 'MacServer'
[2019.11.08-23.44.38:855][  0]LogTemp: Display: Module 'MacTargetPlatform' loaded TargetPlatform 'Mac'
[2019.11.08-23.44.38:864][  0]LogTemp: Display: Module 'WindowsClientTargetPlatform' loaded TargetPlatform 'WindowsClient'
[2019.11.08-23.44.38:873][  0]LogTemp: Display: Module 'WindowsNoEditorTargetPlatform' loaded TargetPlatform 'WindowsNoEditor'
[2019.11.08-23.44.38:881][  0]LogTemp: Display: Module 'WindowsServerTargetPlatform' loaded TargetPlatform 'WindowsServer'
[2019.11.08-23.44.38:885][  0]LogTemp: Display: Module 'WindowsTargetPlatform' loaded TargetPlatform 'Windows'
[2019.11.08-23.44.38:940][  0]LogTemp: Display: Module 'AndroidTargetPlatform' loaded TargetPlatform 'Android'
[2019.11.08-23.44.38:940][  0]LogTemp: Display: Module 'AndroidTargetPlatform' loaded TargetPlatform 'Android_ASTC'
[2019.11.08-23.44.38:940][  0]LogTemp: Display: Module 'AndroidTargetPlatform' loaded TargetPlatform 'Android_ATC'
[2019.11.08-23.44.38:940][  0]LogTemp: Display: Module 'AndroidTargetPlatform' loaded TargetPlatform 'Android_DXT'
[2019.11.08-23.44.38:940][  0]LogTemp: Display: Module 'AndroidTargetPlatform' loaded TargetPlatform 'Android_ETC1'
[2019.11.08-23.44.38:940][  0]LogTemp: Display: Module 'AndroidTargetPlatform' loaded TargetPlatform 'Android_ETC1a'
[2019.11.08-23.44.38:940][  0]LogTemp: Display: Module 'AndroidTargetPlatform' loaded TargetPlatform 'Android_ETC2'
[2019.11.08-23.44.38:940][  0]LogTemp: Display: Module 'AndroidTargetPlatform' loaded TargetPlatform 'Android_PVRTC'
[2019.11.08-23.44.38:940][  0]LogTemp: Display: Module 'AndroidTargetPlatform' loaded TargetPlatform 'AndroidClient'
[2019.11.08-23.44.38:940][  0]LogTemp: Display: Module 'AndroidTargetPlatform' loaded TargetPlatform 'Android_ASTCClient'
[2019.11.08-23.44.38:940][  0]LogTemp: Display: Module 'AndroidTargetPlatform' loaded TargetPlatform 'Android_ATCClient'
[2019.11.08-23.44.38:940][  0]LogTemp: Display: Module 'AndroidTargetPlatform' loaded TargetPlatform 'Android_DXTClient'
[2019.11.08-23.44.38:940][  0]LogTemp: Display: Module 'AndroidTargetPlatform' loaded TargetPlatform 'Android_ETC1Client'
[2019.11.08-23.44.38:940][  0]LogTemp: Display: Module 'AndroidTargetPlatform' loaded TargetPlatform 'Android_ETC1aClient'
[2019.11.08-23.44.38:940][  0]LogTemp: Display: Module 'AndroidTargetPlatform' loaded TargetPlatform 'Android_ETC2Client'
[2019.11.08-23.44.38:940][  0]LogTemp: Display: Module 'AndroidTargetPlatform' loaded TargetPlatform 'Android_PVRTCClient'
[2019.11.08-23.44.38:940][  0]LogTemp: Display: Module 'AndroidTargetPlatform' loaded TargetPlatform 'Android_Multi'
[2019.11.08-23.44.38:940][  0]LogTemp: Display: Module 'AndroidTargetPlatform' loaded TargetPlatform 'Android_MultiClient'
[2019.11.08-23.44.38:941][  0]LogTemp: Display: Module 'HTML5TargetPlatform' loaded TargetPlatform 'HTML5'
[2019.11.08-23.44.38:981][  0]LogTemp: Display: Module 'IOSTargetPlatform' loaded TargetPlatform 'IOSClient'
[2019.11.08-23.44.38:981][  0]LogTemp: Display: Module 'IOSTargetPlatform' loaded TargetPlatform 'IOS'
[2019.11.08-23.44.38:997][  0]LogTemp: Display: Module 'TVOSTargetPlatform' loaded TargetPlatform 'TVOSClient'
[2019.11.08-23.44.38:997][  0]LogTemp: Display: Module 'TVOSTargetPlatform' loaded TargetPlatform 'TVOS'
[2019.11.08-23.44.39:005][  0]LogTemp: Display: Module 'LinuxClientTargetPlatform' loaded TargetPlatform 'LinuxClient'
[2019.11.08-23.44.39:014][  0]LogTemp: Display: Module 'LinuxNoEditorTargetPlatform' loaded TargetPlatform 'LinuxNoEditor'
[2019.11.08-23.44.39:022][  0]LogTemp: Display: Module 'LinuxServerTargetPlatform' loaded TargetPlatform 'LinuxServer'
[2019.11.08-23.44.39:031][  0]LogTemp: Display: Module 'LinuxTargetPlatform' loaded TargetPlatform 'Linux'
[2019.11.08-23.44.39:060][  0]LogTemp: Display: Module 'LuminTargetPlatform' loaded TargetPlatform 'Lumin'
[2019.11.08-23.44.39:060][  0]LogTemp: Display: Module 'LuminTargetPlatform' loaded TargetPlatform 'LuminClient'
[2019.11.08-23.44.39:060][  0]LogTargetPlatformManager: Display: Building Assets For Windows
[2019.11.08-23.44.39:065][  0]LogAudioDebug: Display: Lib vorbis DLL was dynamically loaded.
[2019.11.08-23.44.39:089][  0]LogShaderCompilers: Guid format shader working directory is 6 characters bigger than the processId version (../../../../../../Git/UEGym/BasicScripting/Intermediate/Shaders/WorkingDirectory/25360/).
[2019.11.08-23.44.39:089][  0]LogShaderCompilers: Cleaned the shader compiler working directory 'C:/Users/victor.l/AppData/Local/Temp/UnrealShaderWorkingDir/4FA794B94D14DA97D566EA911E6F04BA/'.
[2019.11.08-23.44.39:090][  0]LogXGEController: Cannot use XGE Controller as Incredibuild is not installed on this machine.
[2019.11.08-23.44.39:090][  0]LogShaderCompilers: Cannot use XGE Shader Compiler as Incredibuild is not installed on this machine.
[2019.11.08-23.44.39:090][  0]LogShaderCompilers: Display: Using Local Shader Compiler.
[2019.11.08-23.44.39:484][  0]LogDerivedDataCache: Display: Max Cache Size: 512 MB
[2019.11.08-23.44.39:520][  0]LogDerivedDataCache: Loaded boot cache 0.04s 71MB C:/Users/victor.l/AppData/Local/UnrealEngine/4.22/DerivedDataCache/Boot.ddc.
[2019.11.08-23.44.39:520][  0]LogDerivedDataCache: Display: Loaded Boot cache: C:/Users/victor.l/AppData/Local/UnrealEngine/4.22/DerivedDataCache/Boot.ddc
[2019.11.08-23.44.39:521][  0]LogDerivedDataCache: FDerivedDataBackendGraph:  Pak pak cache file ../../../../../../Git/UEGym/BasicScripting/DerivedDataCache/DDC.ddp not found, will not use a pak cache.
[2019.11.08-23.44.39:521][  0]LogDerivedDataCache: Unable to find inner node Pak for hierarchical cache Hierarchy.
[2019.11.08-23.44.39:521][  0]LogDerivedDataCache: FDerivedDataBackendGraph:  CompressedPak pak cache file ../../../../../../Git/UEGym/BasicScripting/DerivedDataCache/Compressed.ddp not found, will not use a pak cache.
[2019.11.08-23.44.39:521][  0]LogDerivedDataCache: Unable to find inner node CompressedPak for hierarchical cache Hierarchy.
[2019.11.08-23.44.39:530][  0]LogDerivedDataCache: Display: Pak cache opened for reading ../../../Engine/DerivedDataCache/Compressed.ddp.
[2019.11.08-23.44.39:530][  0]LogDerivedDataCache: FDerivedDataBackendGraph:  EnterprisePak pak cache file ../../../Enterprise/DerivedDataCache/Compressed.ddp not found, will not use a pak cache.
[2019.11.08-23.44.39:530][  0]LogDerivedDataCache: Unable to find inner node EnterprisePak for hierarchical cache Hierarchy.
[2019.11.08-23.44.39:541][  0]LogDerivedDataCache: Using Local data cache path C:/Users/victor.l/AppData/Local/UnrealEngine/Common/DerivedDataCache: Writable
[2019.11.08-23.44.39:541][  0]LogDerivedDataCache: Shared data cache path not found in *engine.ini, will not use an Shared cache.
[2019.11.08-23.44.39:541][  0]LogDerivedDataCache: Unable to find inner node Shared for hierarchical cache Hierarchy.
[2019.11.08-23.44.39:556][  0]LogMaterial: Verifying Global Shaders for PCD3D_SM5
[2019.11.08-23.44.39:557][  0]LogSlate: Using FreeType 2.6.0
[2019.11.08-23.44.39:557][  0]LogSlate: SlateFontServices - WITH_FREETYPE: 1, WITH_HARFBUZZ: 1
[2019.11.08-23.44.39:618][  0]LogAssetRegistry: FAssetRegistry took 0.0296 seconds to start up
[2019.11.08-23.44.39:834][  0]LogInit: Selected Device Profile: [Windows]
[2019.11.08-23.44.39:923][  0]LogMeshReduction: Using QuadricMeshReduction for automatic static mesh reduction
[2019.11.08-23.44.39:923][  0]LogMeshReduction: Using SimplygonMeshReduction for automatic skeletal mesh reduction
[2019.11.08-23.44.39:923][  0]LogMeshReduction: Using ProxyLODMeshReduction for automatic mesh merging
[2019.11.08-23.44.39:923][  0]LogMeshReduction: No distributed automatic mesh merging module available
[2019.11.08-23.44.39:923][  0]LogMeshMerging: No distributed automatic mesh merging module available
[2019.11.08-23.44.39:931][  0]LogNetVersion: BasicScripting 1.0.0, NetCL: 5660361, EngineNetVer: 10, GameNetVer: 0 (Checksum: 2027260730)
[2019.11.08-23.44.40:201][  0]LogPackageLocalizationCache: Processed 13 localized package path(s) for 1 prioritized culture(s) in 0.029242 seconds
[2019.11.08-23.44.40:207][  0]LogUObjectArray: 42205 objects as part of root set at end of initial load.
[2019.11.08-23.44.40:207][  0]LogUObjectAllocator: 7325032 out of 0 bytes used by permanent object pool.
[2019.11.08-23.44.40:207][  0]LogUObjectArray: CloseDisregardForGC: 0/0 objects in disregard for GC pool
[2019.11.08-23.44.41:099][  0]LogTcpMessaging: Initializing TcpMessaging bridge
[2019.11.08-23.44.41:111][  0]LogUdpMessaging: Initializing bridge on interface 0.0.0.0:0 to multicast group 230.0.0.1:6666.
[2019.11.08-23.44.41:212][  0]SourceControl: Source control is disabled
[2019.11.08-23.44.41:212][  0]SourceControl: Source control is disabled
[2019.11.08-23.44.41:214][  0]SourceControl: Source control is disabled
[2019.11.08-23.44.41:214][  0]SourceControl: Source control is disabled
[2019.11.08-23.44.41:291][  0]LogAndroidPermission: UAndroidPermissionCallbackProxy::GetInstance
[2019.11.08-23.44.41:359][  0]LogOcInput: OculusInput pre-init called
[2019.11.08-23.44.41:807][  0]LogEngine: Initializing Engine...
[2019.11.08-23.44.41:807][  0]LogHMD: Failed to initialize OpenVR with code 110
[2019.11.08-23.44.41:808][  0]LogStats: UGameplayTagsManager::InitializeManager -  0.000 s
[2019.11.08-23.44.41:950][  0]LogInit: Initializing FReadOnlyCVARCache
[2019.11.08-23.44.41:959][  0]LogAIModule: Creating AISystem for world Untitled
[2019.11.08-23.44.41:981][  0]LogInit: XAudio2 using 'Headphones (High Definition Audio Device)' : 2 channels at 48 kHz using 32 bits per sample (channel mask 0x3)
[2019.11.08-23.44.41:994][  0]LogInit: FAudioDevice initialized.
[2019.11.08-23.44.41:995][  0]LogNetVersion: Set ProjectVersion to 1.0.0.0. Version Checksum will be recalculated on next use.
[2019.11.08-23.44.42:029][  0]LogDerivedDataCache: Saved boot cache 0.04s 71MB C:/Users/victor.l/AppData/Local/UnrealEngine/4.22/DerivedDataCache/Boot.ddc.
[2019.11.08-23.44.42:038][  0]LogInit: Texture streaming: Enabled
[2019.11.08-23.44.42:047][  0]LogEngineSessionManager: EngineSessionManager initialized
[2019.11.08-23.44.42:062][  0]LogInit: Transaction tracking system initialized
[2019.11.08-23.44.42:072][  0]BlueprintLog: New page: Editor Load
[2019.11.08-23.44.42:116][  0]LocalizationService: Localization service is disabled
[2019.11.08-23.44.42:311][  0]LogFileCache: Scanning file cache for directory 'D:/Git/UEGym/BasicScripting/Content/' took 0.01s
[2019.11.08-23.44.42:311][  0]LogCook: Display: Max memory allowance for cook 16384mb min free memory 0mb
[2019.11.08-23.44.42:311][  0]LogCook: Display: Mobile HDR setting 1
[2019.11.08-23.44.42:421][  0]SourceControl: Source control is disabled
[2019.11.08-23.44.42:421][  0]Cmd: MAP LOAD FILE="../../../../../../Git/UEGym/BasicScripting/Content/L_Test1.umap" TEMPLATE=0 SHOWPROGRESS=1 FEATURELEVEL=3
[2019.11.08-23.44.42:421][  0]LightingResults: New page: Lighting Build
[2019.11.08-23.44.42:423][  0]MapCheck: New page: Map Check
[2019.11.08-23.44.42:423][  0]LightingResults: New page: Lighting Build
[2019.11.08-23.44.42:446][  0]LogUObjectHash: Compacting FUObjectHashTables data took   1.16ms
[2019.11.08-23.44.42:493][  0]LogAIModule: Creating AISystem for world L_Test1
[2019.11.08-23.44.42:497][  0]LogPython: Error: Traceback (most recent call last):
[2019.11.08-23.44.42:497][  0]LogPython: Error:   File "<string>", line 1, in <module>
[2019.11.08-23.44.42:497][  0]LogPython: Error: ImportError: No module named QtFunctions
[2019.11.08-23.44.42:497][  0]LogStreaming: Display: ULevelStreaming::RequestLevel(/Game/SUB_Light) is flushing async loading
[2019.11.08-23.44.42:497][  0]LogStreaming: Display: Flushing async loaders.
[2019.11.08-23.44.42:499][  0]LogEditorServer: Finished looking for orphan Actors (0.000 secs)
[2019.11.08-23.44.42:521][  0]LogUObjectHash: Compacting FUObjectHashTables data took   1.28ms
[2019.11.08-23.44.42:522][  0]Cmd: MAP CHECKDEP NOCLEARLOG
[2019.11.08-23.44.42:522][  0]MapCheck: Map check complete: 0 Error(s), 0 Warning(s), took 0.098ms to complete.
[2019.11.08-23.44.42:522][  0]LogFileHelpers: Loading map 'L_Test1' took 0.101
[2019.11.08-23.44.42:602][  0]LogSlate: Updating window title bar state: overlay mode, drag disabled, window buttons hidden, title bar hidden
[2019.11.08-23.44.42:606][  0]LogSlate: Updating window title bar state: overlay mode, drag disabled, window buttons hidden, title bar hidden
[2019.11.08-23.44.42:611][  0]LogSlate: Updating window title bar state: overlay mode, drag disabled, window buttons hidden, title bar hidden
[2019.11.08-23.44.42:616][  0]LogSlate: Updating window title bar state: overlay mode, drag disabled, window buttons hidden, title bar hidden
[2019.11.08-23.44.42:617][  0]LogCollectionManager: Loaded 0 collections in 0.000560 seconds
[2019.11.08-23.44.42:631][  0]LogFileCache: Scanning file cache for directory 'D:/Git/UEGym/BasicScripting/Saved/Collections/' took 0.01s
[2019.11.08-23.44.42:631][  0]LogFileCache: Scanning file cache for directory 'D:/Git/UEGym/BasicScripting/Content/Developers/victorl/Collections/' took 0.00s
[2019.11.08-23.44.42:631][  0]LogFileCache: Scanning file cache for directory 'D:/Git/UEGym/BasicScripting/Content/Collections/' took 0.00s
[2019.11.08-23.44.42:631][  0]LogCollectionManager: Rebuilt the GUID cache for 0 collections in 0.000000 seconds
[2019.11.08-23.44.42:637][  0]LogContentBrowser: Native class hierarchy populated in 0.0061 seconds. Added 2775 classes and 676 folders.
[2019.11.08-23.44.42:640][  0]LogContentBrowser: Native class hierarchy updated for 'WidgetCarousel' in 0.0002 seconds. Added 0 classes and 0 folders.
[2019.11.08-23.44.42:641][  0]LogPakFile: Registered encryption key '00000000000000000000000000000000': 0 pak files mounted, 0 remain pending
[2019.11.08-23.44.42:642][  0]LogPakFile: Registered encryption key '00000000000000000000000000000000': 0 pak files mounted, 0 remain pending
[2019.11.08-23.44.42:642][  0]LogPakFile: Registered encryption key '00000000000000000000000000000000': 0 pak files mounted, 0 remain pending
[2019.11.08-23.44.42:642][  0]LogPakFile: Registered encryption key '00000000000000000000000000000000': 0 pak files mounted, 0 remain pending
[2019.11.08-23.44.42:642][  0]LogPakFile: Registered encryption key '00000000000000000000000000000000': 0 pak files mounted, 0 remain pending
[2019.11.08-23.44.42:643][  0]LogPakFile: Registered encryption key '00000000000000000000000000000000': 0 pak files mounted, 0 remain pending
[2019.11.08-23.44.42:643][  0]LogPakFile: Registered encryption key '00000000000000000000000000000000': 0 pak files mounted, 0 remain pending
[2019.11.08-23.44.42:643][  0]LogPakFile: Registered encryption key '00000000000000000000000000000000': 0 pak files mounted, 0 remain pending
[2019.11.08-23.44.42:643][  0]LogPakFile: Registered encryption key '00000000000000000000000000000000': 0 pak files mounted, 0 remain pending
[2019.11.08-23.44.42:644][  0]LogPakFile: Registered encryption key '00000000000000000000000000000000': 0 pak files mounted, 0 remain pending
[2019.11.08-23.44.42:644][  0]LogPakFile: Registered encryption key '00000000000000000000000000000000': 0 pak files mounted, 0 remain pending
[2019.11.08-23.44.42:644][  0]LogPakFile: Registered encryption key '00000000000000000000000000000000': 0 pak files mounted, 0 remain pending
[2019.11.08-23.44.42:644][  0]LogPakFile: Registered encryption key '00000000000000000000000000000000': 0 pak files mounted, 0 remain pending
[2019.11.08-23.44.42:645][  0]LogPakFile: Registered encryption key '00000000000000000000000000000000': 0 pak files mounted, 0 remain pending
[2019.11.08-23.44.42:645][  0]LogPakFile: Registered encryption key '00000000000000000000000000000000': 0 pak files mounted, 0 remain pending
[2019.11.08-23.44.42:645][  0]LogPakFile: Registered encryption key '00000000000000000000000000000000': 0 pak files mounted, 0 remain pending
[2019.11.08-23.44.42:645][  0]LogPakFile: Registered encryption key '00000000000000000000000000000000': 0 pak files mounted, 0 remain pending
[2019.11.08-23.44.42:646][  0]LogPakFile: Registered encryption key '00000000000000000000000000000000': 0 pak files mounted, 0 remain pending
[2019.11.08-23.44.42:646][  0]LogPakFile: Registered encryption key '00000000000000000000000000000000': 0 pak files mounted, 0 remain pending
[2019.11.08-23.44.42:646][  0]LogPakFile: Registered encryption key '00000000000000000000000000000000': 0 pak files mounted, 0 remain pending
[2019.11.08-23.44.42:646][  0]LogPakFile: Registered encryption key '00000000000000000000000000000000': 0 pak files mounted, 0 remain pending
[2019.11.08-23.44.42:647][  0]LogPakFile: Registered encryption key '00000000000000000000000000000000': 0 pak files mounted, 0 remain pending
[2019.11.08-23.44.42:647][  0]LogPakFile: Registered encryption key '00000000000000000000000000000000': 0 pak files mounted, 0 remain pending
[2019.11.08-23.44.42:647][  0]LogPakFile: Registered encryption key '00000000000000000000000000000000': 0 pak files mounted, 0 remain pending
[2019.11.08-23.44.42:647][  0]LogPakFile: Registered encryption key '00000000000000000000000000000000': 0 pak files mounted, 0 remain pending
[2019.11.08-23.44.42:648][  0]LogPakFile: Registered encryption key '00000000000000000000000000000000': 0 pak files mounted, 0 remain pending
[2019.11.08-23.44.42:660][  0]LogContentBrowser: Native class hierarchy updated for 'AddContentDialog' in 0.0002 seconds. Added 0 classes and 0 folders.
[2019.11.08-23.44.42:664][  0]LogContentBrowser: Native class hierarchy updated for 'SceneOutliner' in 0.0002 seconds. Added 1 classes and 2 folders.
[2019.11.08-23.44.42:675][  0]LogContentBrowser: Native class hierarchy updated for 'WorldBrowser' in 0.0002 seconds. Added 2 classes and 3 folders.
[2019.11.08-23.44.42:709][  0]LogContentBrowser: Native class hierarchy updated for 'HierarchicalLODOutliner' in 0.0002 seconds. Added 0 classes and 0 folders.
[2019.11.08-23.44.42:709][  0]LogLoad: (Engine Initialization) Total time: 5.98 seconds
[2019.11.08-23.44.42:709][  0]LogLoad: (Engine Initialization) Total Blueprint compile time: 0.00 seconds
[2019.11.08-23.44.42:739][  0]LogAssetRegistry: Asset discovery search completed in 3.1434 seconds
[2019.11.08-23.44.42:741][  0]LogCollectionManager: Rebuilt the object cache for 0 collections in 0.000000 seconds (found 0 objects)
[2019.11.08-23.44.42:741][  0]LogCollectionManager: Fixed up redirectors for 0 collections in 0.000037 seconds (updated 0 objects)
[2019.11.08-23.44.42:741][  0]LogContentStreaming: Texture pool size now 1000 MB
[2019.11.08-23.44.42:747][  0]LogSlate: Took 0.000092 seconds to synchronously load lazily loaded font '../../../Engine/Content/Slate/Fonts/Roboto-Regular.ttf' (155K)
[2019.11.08-23.44.42:749][  0]LogSlate: Took 0.000065 seconds to synchronously load lazily loaded font '../../../Engine/Content/Editor/Slate/Fonts/FontAwesome.ttf' (139K)
[2019.11.08-23.44.42:749][  0]LogSlate: Took 0.000063 seconds to synchronously load lazily loaded font '../../../Engine/Content/Slate/Fonts/Roboto-Bold.ttf' (160K)
[2019.11.08-23.44.42:750][  0]LogSlate: Took 0.000054 seconds to synchronously load lazily loaded font '../../../Engine/Content/Slate/Fonts/DroidSansMono.ttf' (77K)
[2019.11.08-23.44.42:795][  0]LogSlate: Took 0.000100 seconds to synchronously load lazily loaded font '../../../Engine/Content/Slate/Fonts/Roboto-Light.ttf' (167K)
[2019.11.08-23.44.42:813][  1]LogPython: Warning: hello unreal!
[2019.11.08-23.44.43:078][  2]LogRenderer: Reallocating scene render targets to support 256x256 Format 10 NumSamples 1 (Frame:1).
[2019.11.08-23.44.44:059][  4]LogSlate: Took 0.000101 seconds to synchronously load lazily loaded font '../../../Engine/Content/Slate/Fonts/Roboto-Light.ttf' (167K)
[2019.11.08-23.44.44:727][  7]LogPython: Display: Generating Python API stub file...
[2019.11.08-23.44.44:785][  7]LogPython: Display:   ...generating Python API: glue code
[2019.11.08-23.44.44:942][  7]LogPython: Display:   ...generating Python API: additional code
[2019.11.08-23.44.44:982][  7]LogPython: Display:   ...generated: D:/Git/UEGym/BasicScripting/Intermediate/PythonStub/unreal.py
[2019.11.08-23.45.00:047][444]LogAssetEditorManager: Opening Asset editor for World /Game/L_Test1.L_Test1
[2019.11.08-23.45.00:082][444]LogUObjectHash: Compacting FUObjectHashTables data took   0.56ms
[2019.11.08-23.45.00:093][444]Cmd: MAP LOAD FILE="../../../../../../Git/UEGym/BasicScripting/Content/L_Test1.umap" TEMPLATE=0 SHOWPROGRESS=1 FEATURELEVEL=3
[2019.11.08-23.45.00:093][444]LightingResults: New page: Lighting Build
[2019.11.08-23.45.00:094][444]LoadErrors: New page: Loading map: L_Test1.umap
[2019.11.08-23.45.00:099][444]MapCheck: New page: Map Check
[2019.11.08-23.45.00:099][444]LightingResults: New page: Lighting Build
[2019.11.08-23.45.00:123][444]LogUObjectHash: Compacting FUObjectHashTables data took   1.28ms
[2019.11.08-23.45.00:130][444]LogAIModule: Creating AISystem for world L_Test1
[2019.11.08-23.45.01:292][444]LogStreaming: Display: ULevelStreaming::RequestLevel(/Game/SUB_Light) is flushing async loading
[2019.11.08-23.45.01:292][444]LogStreaming: Display: Flushing async loaders.
[2019.11.08-23.45.01:295][444]LogEditorServer: Finished looking for orphan Actors (0.000 secs)
[2019.11.08-23.45.01:321][444]LogUObjectHash: Compacting FUObjectHashTables data took   1.36ms
[2019.11.08-23.45.01:343][444]Cmd: MAP CHECKDEP NOCLEARLOG
[2019.11.08-23.45.01:343][444]MapCheck: Map check complete: 0 Error(s), 0 Warning(s), took 0.088ms to complete.
[2019.11.08-23.45.01:345][444]LogFileHelpers: Loading map 'L_Test1' took 1.262
[2019.11.08-23.45.01:391][444]LogUObjectHash: Compacting FUObjectHashTables data took   0.48ms
[2019.11.08-23.45.03:255][664]LogRenderer: Reallocating scene render targets to support 700x544 Format 10 NumSamples 1 (Frame:1).
[2019.11.08-23.45.03:935][744]LogEditorViewport: Clicking on Actor (LMB): BP_ExecutePython_C (Python)
[2019.11.08-23.45.05:516][932]LogEditorViewport: Clicking on Actor (context menu): BP_ExecutePython_C (Python)
[2019.11.08-23.45.05:532][932]LogSlate: FSceneViewport::OnFocusLost() reason 2
[2019.11.08-23.45.09:797][442]LogSlate: FSceneViewport::OnFocusLost() reason 0
[2019.11.08-23.45.13:598][894]LogPython: Error: Traceback (most recent call last):

[2019.11.08-23.45.13:598][894]LogPython: Error:   File "D:\Git\UEGym\BasicScripting\Plugins\UnrealPythonLibraryPlugin\Content\Python\QtWindows\QtWindowIGG.py", line 61, in importAssets

[2019.11.08-23.45.13:598][894]LogPython: Error:     
[2019.11.08-23.45.13:598][894]LogPython: Error: print(unreal.get_project_file_path())

[2019.11.08-23.45.13:598][894]LogPython: Error: AttributeError
[2019.11.08-23.45.13:598][894]LogPython: Error: : 
[2019.11.08-23.45.13:598][894]LogPython: Error: 'module' object has no attribute 'get_project_file_path'
[2019.11.08-23.45.13:598][894]LogPython: Error: 

[2019.11.08-23.45.30:729][814]LogSlate: Took 0.000124 seconds to synchronously load lazily loaded font '../../../Engine/Content/Slate/Fonts/Roboto-Italic.ttf' (157K)
[2019.11.08-23.45.32:183][898]LogPython: ../../../../../../Git/UEGym/BasicScripting/BasicScripting.uproject
[2019.11.08-23.45.32:183][898]LogPython: 

[2019.11.08-23.46.13:861][447]LogPython: ../../../
[2019.11.08-23.46.13:861][447]LogPython: 

[2019.11.08-23.48.24:486][679]LogPython: C:/Users/victor.l/AppData/Local/UnrealEngine/4.22/
[2019.11.08-23.48.24:486][679]LogPython: 

[2019.11.08-23.48.50:381][578]LogPython: D:/Program Files/Epic Games/UE_4.22/
[2019.11.08-23.48.50:381][578]LogPython: 

[2019.11.08-23.49.34:802][610]LogPython: Error: Traceback (most recent call last):

[2019.11.08-23.49.34:802][610]LogPython: Error:   File "D:\Git\UEGym\BasicScripting\Plugins\UnrealPythonLibraryPlugin\Content\Python\QtWindows\QtWindowIGG.py", line 61, in importAssets

[2019.11.08-23.49.34:803][610]LogPython: Error:     
[2019.11.08-23.49.34:803][610]LogPython: Error: print(generated_config_dir() )

[2019.11.08-23.49.34:803][610]LogPython: Error: NameError
[2019.11.08-23.49.34:803][610]LogPython: Error: : 
[2019.11.08-23.49.34:803][610]LogPython: Error: global name 'generated_config_dir' is not defined
[2019.11.08-23.49.34:803][610]LogPython: Error: 

[2019.11.08-23.49.47:505][452]LogPython: ../../../../../../Git/UEGym/BasicScripting/Saved/Config/
[2019.11.08-23.49.47:506][452]LogPython: 

[2019.11.08-23.50.06:123][226]LogPython: ../../../../../../Git/UEGym/BasicScripting/Config/
[2019.11.08-23.50.06:123][226]LogPython: 

[2019.11.08-23.52.18:610][843]LogPython: ../../../../../../Git/UEGym/BasicScripting/Content/Developers/
[2019.11.08-23.52.18:611][843]LogPython: 

[2019.11.08-23.53.07:605][336]LogPython: ../../../../../../Git/UEGym/BasicScripting/Content/
[2019.11.08-23.53.07:606][336]LogPython: 

[2019.11.08-23.55.22:961][214]LogUObjectHash: Compacting FUObjectHashTables data took   1.00ms
[2019.11.08-23.55.22:962][214]Cmd: OBJ SAVEPACKAGE PACKAGE="/Game/L_Test1" FILE="../../../../../../Git/UEGym/BasicScripting/Saved/Autosaves/Game/L_Test1_Auto1.umap" SILENT=true AUTOSAVING=true KEEPDIRTY=false
[2019.11.08-23.55.23:035][214]LogSavePackage: Moving '../../../../../../Git/UEGym/BasicScripting/Saved/L_Test1_Auto14AF6CD2147B021CF46E2548C17844CAE.tmp' to '../../../../../../Git/UEGym/BasicScripting/Saved/Autosaves/Game/L_Test1_Auto1.umap'
[2019.11.08-23.55.23:039][214]LogFileHelpers: Editor autosave (incl. sublevels) for '/Game/L_Test1' took 0.101
[2019.11.08-23.55.23:039][214]LogFileHelpers: Editor autosave (incl. sublevels) for all levels took 0.101
[2019.11.08-23.55.47:607][429]LogPython: ../../../../../../Git/UEGym/BasicScripting/Content/
[2019.11.08-23.55.47:607][429]LogPython: 

[2019.11.08-23.56.41:468][765]LogPython: ../../../../../../Git/UEGym/BasicScripting/Content/
[2019.11.08-23.56.41:468][765]LogPython: 

[2019.11.08-23.59.28:984][457]LogPython: ../../../../../../Git/UEGym/BasicScripting/Content/
[2019.11.08-23.59.28:984][457]LogPython: 

[2019.11.09-00.03.02:537][504]LogEditorScripting: Error: RenameDirectory. Failed to convert the source path. Can't convert the path '../../../../../../Git/UEGym/BasicScripting/Content/_shotTEM_0000' because of an internal error. TryConvertFilenameToLongPackageName should have return false.
[2019.11.09-00.03.02:537][504]LogPython: ../../../../../../Git/UEGym/BasicScripting/Content/
[2019.11.09-00.03.02:537][504]LogPython: 

[2019.11.09-00.04.32:031][181]LogEditorScripting: Error: RenameDirectory. Failed to convert the source path. Can't convert the path '../../../../../../Git/UEGym/BasicScripting/Content/_shot/TEM_0000' because of an internal error. TryConvertFilenameToLongPackageName should have return false.
[2019.11.09-00.04.32:031][181]LogPython: ../../../../../../Git/UEGym/BasicScripting/Content/
[2019.11.09-00.04.32:031][181]LogPython: 

[2019.11.09-00.06.33:713][765]LogPython: ../../../../../../Git/UEGym/BasicScripting/Content/
[2019.11.09-00.06.33:713][765]LogPython: 

[2019.11.09-00.08.35:322][985]LogEditorScripting: Error: RenameDirectory. Failed to convert the source path. Can't convert the path '../../../../../../Git/UEGym/BasicScripting/Content/_shot/JG/TEM_0000' because of an internal error. TryConvertFilenameToLongPackageName should have return false.
[2019.11.09-00.08.35:322][985]LogPython: ../../../../../../Git/UEGym/BasicScripting/Content/
[2019.11.09-00.08.35:322][985]LogPython: 

[2019.11.09-00.12.51:456][336]LogPython: ../../../../../../Git/UEGym/BasicScripting/Content/
[2019.11.09-00.12.51:456][336]LogPython: 

[2019.11.09-00.22.21:167][279]LogEditorScripting: Error: RenameDirectory. Failed to convert the source path. Can't convert the path '../../../../../../Git/UEGym/BasicScripting/Content/_shot/JG/TEM_0000' because of an internal error. TryConvertFilenameToLongPackageName should have return false.
[2019.11.09-00.22.21:168][279]LogPython: ../../../../../../Git/UEGym/BasicScripting/Content/_shot/JG/JG_130
[2019.11.09-00.22.21:168][279]LogPython: 

[2019.11.09-00.27.57:415][379]LogPython: ../../../../../../Git/UEGym/BasicScripting/Content/_shot/JG/JG_0130
[2019.11.09-00.27.57:415][379]LogPython: 

[2019.11.09-00.36.01:576][195]LogPython: Error: Traceback (most recent call last):

[2019.11.09-00.36.01:576][195]LogPython: Error:   File "D:\Git\UEGym\BasicScripting\Plugins\UnrealPythonLibraryPlugin\Content\Python\QtWindows\QtWindowIGG.py", line 57, in importAssets

[2019.11.09-00.36.01:576][195]LogPython: Error:     
[2019.11.09-00.36.01:576][195]LogPython: Error: self.createShotFolders('JG', '0130')

[2019.11.09-00.36.01:576][195]LogPython: Error:   File "D:\Git\UEGym\BasicScripting\Plugins\UnrealPythonLibraryPlugin\Content\Python\QtWindows\QtWindowIGG.py", line 80, in createShotFolders

[2019.11.09-00.36.01:576][195]LogPython: Error:     
[2019.11.09-00.36.01:576][195]LogPython: Error: unreal.checkout_directory(tempName, True)

[2019.11.09-00.36.01:576][195]LogPython: Error: AttributeError
[2019.11.09-00.36.01:577][195]LogPython: Error: : 
[2019.11.09-00.36.01:577][195]LogPython: Error: 'module' object has no attribute 'checkout_directory'
[2019.11.09-00.36.01:577][195]LogPython: Error: 

[2019.11.09-00.36.31:300][507]LogEditorScripting: Error: CheckoutAssets. Failed to checkout. Can't convert the path '../../../../../../Git/UEGym/BasicScripting/Content/_shot/JG' because of an internal error. TryConvertFilenameToLongPackageName should have return false.
[2019.11.09-00.36.31:300][507]LogPython: Created new folder structure:../../../../../../Git/UEGym/BasicScripting/Content/_shot/JG/JG_0130
[2019.11.09-00.36.31:300][507]LogPython: 

[2019.11.09-00.37.44:427][ 19]LogEditorScripting: Error: CheckoutAssets. Failed to checkout. Can't convert the path '../../../../../../Git/UEGym/BasicScripting/Content/_shot/' because of an internal error. TryConvertFilenameToLongPackageName should have return false.
[2019.11.09-00.37.44:428][ 19]LogPython: Created new folder structure:../../../../../../Git/UEGym/BasicScripting/Content/_shot/JG/JG_0130
[2019.11.09-00.37.44:428][ 19]LogPython: 

[2019.11.09-00.45.17:689][819]LogPython: Created new folder structure:../../../../../../Git/UEGym/BasicScripting/Content/_shot/JG/JG_0130
[2019.11.09-00.45.17:689][819]LogPython: 

[2019.11.09-00.46.02:581][917]LogPython: Directory not copied. Error: [Error 183] Cannot create a file when that file already exists: '../../../../../../Git/UEGym/BasicScripting/Content/_shot/JG/'
[2019.11.09-00.46.02:582][917]LogPython: 

[2019.11.09-00.46.02:582][917]LogPython: Error: Traceback (most recent call last):

[2019.11.09-00.46.02:582][917]LogPython: Error:   File "D:\Git\UEGym\BasicScripting\Plugins\UnrealPythonLibraryPlugin\Content\Python\QtWindows\QtWindowIGG.py", line 57, in importAssets

[2019.11.09-00.46.02:582][917]LogPython: Error:     
[2019.11.09-00.46.02:582][917]LogPython: Error: self.createShotFolders('JG', '0130')

[2019.11.09-00.46.02:582][917]LogPython: Error:   File "D:\Git\UEGym\BasicScripting\Plugins\UnrealPythonLibraryPlugin\Content\Python\QtWindows\QtWindowIGG.py", line 80, in createShotFolders

[2019.11.09-00.46.02:582][917]LogPython: Error:     
[2019.11.09-00.46.02:582][917]LogPython: Error: os.rename(destPath + 'TEM_0000', destPath + name)

[2019.11.09-00.46.02:582][917]LogPython: Error: WindowsError
[2019.11.09-00.46.02:583][917]LogPython: Error: : 
[2019.11.09-00.46.02:583][917]LogPython: Error: [Error 2] The system cannot find the file specified
[2019.11.09-00.46.02:583][917]LogPython: Error: 

[2019.11.09-00.46.15:570][111]LogPython: Created new folder structure: /n../../../../../../Git/UEGym/BasicScripting/Content/_shot/JG/JG_0130
[2019.11.09-00.46.15:570][111]LogPython: 

[2019.11.09-00.46.32:947][245]LogPython: Directory not copied. Error: [Error 183] Cannot create a file when that file already exists: '../../../../../../Git/UEGym/BasicScripting/Content/_shot/JG/'
[2019.11.09-00.46.32:947][245]LogPython: 

[2019.11.09-00.46.32:947][245]LogPython: Error: Traceback (most recent call last):

[2019.11.09-00.46.32:947][245]LogPython: Error:   File "D:\Git\UEGym\BasicScripting\Plugins\UnrealPythonLibraryPlugin\Content\Python\QtWindows\QtWindowIGG.py", line 57, in importAssets

[2019.11.09-00.46.32:947][245]LogPython: Error:     
[2019.11.09-00.46.32:948][245]LogPython: Error: self.createShotFolders('JG', '0130')

[2019.11.09-00.46.32:948][245]LogPython: Error:   File "D:\Git\UEGym\BasicScripting\Plugins\UnrealPythonLibraryPlugin\Content\Python\QtWindows\QtWindowIGG.py", line 80, in createShotFolders

[2019.11.09-00.46.32:948][245]LogPython: Error:     
[2019.11.09-00.46.32:948][245]LogPython: Error: os.rename(destPath + 'TEM_0000', destPath + name)

[2019.11.09-00.46.32:948][245]LogPython: Error: WindowsError
[2019.11.09-00.46.32:948][245]LogPython: Error: : 
[2019.11.09-00.46.32:948][245]LogPython: Error: [Error 2] The system cannot find the file specified
[2019.11.09-00.46.32:948][245]LogPython: Error: 

[2019.11.09-00.46.53:422][100]LogPython: Created new folder structure: 
../../../../../../Git/UEGym/BasicScripting/Content/_shot/JG/JG_0130
[2019.11.09-00.46.53:422][100]LogPython: 

[2019.11.09-00.48.28:232][967]LogPython: Created new folder structure: 
../../../../../../Git/UEGym/BasicScripting/Content/_shot/JG/JG_0130
[2019.11.09-00.48.28:232][967]LogPython: 

[2019.11.09-00.48.47:320][580]LogPython: createShotFolders('JG', '0130')
[2019.11.09-00.48.47:321][580]LogPython: Error: Traceback (most recent call last):
[2019.11.09-00.48.47:321][580]LogPython: Error:   File "<string>", line 1, in <module>
[2019.11.09-00.48.47:321][580]LogPython: Error: NameError: name 'createShotFolders' is not defined
[2019.11.09-00.49.10:322][337]LogPython: QtQindowIGG.createShotFolders('JG', '0140')
[2019.11.09-00.49.10:322][337]LogPython: Error: Traceback (most recent call last):
[2019.11.09-00.49.10:322][337]LogPython: Error:   File "<string>", line 1, in <module>
[2019.11.09-00.49.10:322][337]LogPython: Error: NameError: name 'QtQindowIGG' is not defined
[2019.11.09-00.49.55:401][183]LogPython: reload(AssetFunctions)
[2019.11.09-00.49.55:401][183]LogPython: Error: Traceback (most recent call last):
[2019.11.09-00.49.55:401][183]LogPython: Error:   File "<string>", line 1, in <module>
[2019.11.09-00.49.55:401][183]LogPython: Error: NameError: name 'AssetFunctions' is not defined
[2019.11.09-00.50.14:304][450]LogPython: reload(AssetFunctions)
AssetFunctions('JG', '0140')
[2019.11.09-00.50.14:304][450]LogPython: Error: Traceback (most recent call last):
[2019.11.09-00.50.14:304][450]LogPython: Error:   File "<string>", line 1, in <module>
[2019.11.09-00.50.14:304][450]LogPython: Error: NameError: name 'AssetFunctions' is not defined
[2019.11.09-00.50.59:782][128]LogPython: reload(AssetFunctions)
AssetFunctions.createShotFolders('JG', '0140')
[2019.11.09-00.50.59:782][128]LogPython: Error: Traceback (most recent call last):
[2019.11.09-00.50.59:783][128]LogPython: Error:   File "<string>", line 1, in <module>
[2019.11.09-00.50.59:783][128]LogPython: Error: NameError: name 'AssetFunctions' is not defined
[2019.11.09-00.51.11:879][578]LogPython: import AssetFunctions
reload(AssetFunctions)
AssetFunctions.createShotFolders('JG', '0140')
[2019.11.09-00.51.11:920][578]LogPython: Created new folder structure: 
../../../../../../Git/UEGym/BasicScripting/Content/_shot/JG/JG_0140
[2019.11.09-00.51.11:920][578]LogPython: 

[2019.11.09-00.51.21:119][678]LogPython: import AssetFunctions
reload(AssetFunctions)
AssetFunctions.createShotFolders('JG', '0130')
[2019.11.09-00.51.21:120][678]LogPython: Directory not copied. Error: [Error 183] Cannot create a file when that file already exists: '../../../../../../Git/UEGym/BasicScripting/Content/_shot/JG/'
[2019.11.09-00.51.21:120][678]LogPython: 

[2019.11.09-00.51.21:120][678]LogPython: Error: Traceback (most recent call last):
[2019.11.09-00.51.21:120][678]LogPython: Error:   File "<string>", line 3, in <module>
[2019.11.09-00.51.21:120][678]LogPython: Error:   File "D:\Git\UEGym\BasicScripting\Plugins\UnrealPythonLibraryPlugin\Content\Python\PythonLibraries\AssetFunctions.py", line 374, in createShotFolders
[2019.11.09-00.51.21:120][678]LogPython: Error:     os.rename(destPath + 'TEM_0000', destPath + name)
[2019.11.09-00.51.21:121][678]LogPython: Error: WindowsError: [Error 2] The system cannot find the file specified
[2019.11.09-00.52.39:618][446]LogPython: import AssetFunctions
reload(AssetFunctions)
AssetFunctions.createShotFolders('JG', '0100')
[2019.11.09-00.52.39:619][446]LogPython: Directory not copied. Error: [Error 183] Cannot create a file when that file already exists: '../../../../../../Git/UEGym/BasicScripting/Content/_shot/JG/'
[2019.11.09-00.52.39:619][446]LogPython: 

[2019.11.09-00.52.39:619][446]LogPython: Error: Traceback (most recent call last):
[2019.11.09-00.52.39:619][446]LogPython: Error:   File "<string>", line 3, in <module>
[2019.11.09-00.52.39:620][446]LogPython: Error:   File "D:\Git\UEGym\BasicScripting\Plugins\UnrealPythonLibraryPlugin\Content\Python\PythonLibraries\AssetFunctions.py", line 374, in createShotFolders
[2019.11.09-00.52.39:620][446]LogPython: Error:     os.rename(destPath + 'TEM_0000', destPath + name)
[2019.11.09-00.52.39:620][446]LogPython: Error: WindowsError: [Error 2] The system cannot find the file specified
[2019.11.09-00.53.58:275][174]LogPython: import AssetFunctions
reload(AssetFunctions)
AssetFunctions.createShotFolders('JG', '0100')
[2019.11.09-00.53.58:284][174]LogPython: Directory not copied. Error: [Error 183] Cannot create a file when that file already exists: '../../../../../../Git/UEGym/BasicScripting/Content/_shot/JG/'
[2019.11.09-00.53.58:284][174]LogPython: 

[2019.11.09-00.53.58:284][174]LogPython: Created new folder structure: 
../../../../../../Git/UEGym/BasicScripting/Content/_shot/JG/JG_0100
[2019.11.09-00.53.58:284][174]LogPython: 

[2019.11.09-00.54.04:287][894]LogPython: import AssetFunctions
reload(AssetFunctions)
AssetFunctions.createShotFolders('JG', '0100')
[2019.11.09-00.54.04:288][894]LogPython: Directory not copied. Error: [Error 183] Cannot create a file when that file already exists: '../../../../../../Git/UEGym/BasicScripting/Content/_shot/JG/'
[2019.11.09-00.54.04:288][894]LogPython: 

[2019.11.09-00.54.04:288][894]LogPython: Created new folder structure: 
../../../../../../Git/UEGym/BasicScripting/Content/_shot/JG/JG_0100
[2019.11.09-00.54.04:288][894]LogPython: 

[2019.11.09-00.55.05:772][559]LogPython: import AssetFunctions
reload(AssetFunctions)
AssetFunctions.createShotFolders('JG', '0100')
[2019.11.09-00.55.05:808][559]LogPython: Created new folder structure: 
../../../../../../Git/UEGym/BasicScripting/Content/_shot/JG/JG_0100JG_0100
[2019.11.09-00.55.05:808][559]LogPython: 

[2019.11.09-00.55.09:342][982]LogPython: import AssetFunctions
reload(AssetFunctions)
AssetFunctions.createShotFolders('JG', '0120')
[2019.11.09-00.55.09:370][982]LogPython: Created new folder structure: 
../../../../../../Git/UEGym/BasicScripting/Content/_shot/JG/JG_0120JG_0120
[2019.11.09-00.55.09:371][982]LogPython: 

[2019.11.09-00.55.37:973][211]LogPython: import AssetFunctions
reload(AssetFunctions)
AssetFunctions.createShotFolders('JG', '0080')
[2019.11.09-00.55.38:009][211]LogPython: Created new folder structure: 
../../../../../../Git/UEGym/BasicScripting/Content/_shot/JG/JG_0080
[2019.11.09-00.55.38:009][211]LogPython: 

[2019.11.09-00.56.06:294][311]LogPython: import AssetFunctions
reload(AssetFunctions)
AssetFunctions.createShotFolders('JG', '0090')
[2019.11.09-00.56.06:330][311]LogPython: Created new folder structure: 
../../../../../../Git/UEGym/BasicScripting/Content/_shot/JG/JG_0090
[2019.11.09-00.56.06:330][311]LogPython: 

[2019.11.09-00.56.46:227][404]LogPython: import AssetFunctions
reload(AssetFunctions)
AssetFunctions.createShotFolders('JG', '0090')
[2019.11.09-00.56.46:264][404]LogPython: Created new folder structure: 
../../../../../../Git/UEGym/BasicScripting/Content/_shot/JG/JG_0090
[2019.11.09-00.56.46:264][404]LogPython: 

[2019.11.09-00.57.18:481][162]LogAssetEditorManager: Opening Asset editor for Blueprint /Game/BP_ExecutePython.BP_ExecutePython
[2019.11.09-00.57.18:707][162]LogContentBrowser: Native class hierarchy updated for 'BlueprintGraph' in 0.0005 seconds. Added 121 classes and 0 folders.
[2019.11.09-00.57.19:305][162]LogSlate: Took 0.003074 seconds to synchronously load lazily loaded font '../../../Engine/Content/Slate/Fonts/Roboto-BoldCondensed.ttf' (158K)
[2019.11.09-00.57.20:467][298]LogPython: Display: Generating Python API stub file...
[2019.11.09-00.57.20:633][298]LogPython: Display:   ...generating Python API: glue code
[2019.11.09-00.57.20:792][298]LogPython: Display:   ...generating Python API: additional code
[2019.11.09-00.57.20:906][298]LogPython: Display:   ...generated: D:/Git/UEGym/BasicScripting/Intermediate/PythonStub/unreal.py
[2019.11.09-01.07.41:444][230]LogPython: Error: Traceback (most recent call last):
[2019.11.09-01.07.41:444][230]LogPython: Error:   File "<string>", line 1, in <module>
[2019.11.09-01.07.41:444][230]LogPython: Error:   File "D:\Git\UEGym\BasicScripting\Plugins\UnrealPythonLibraryPlugin\Content\Python\QtWindows\QtWindowIGG.py", line 61
[2019.11.09-01.07.41:445][230]LogPython: Error:     def moveSelectedActorInScene(self):
[2019.11.09-01.07.41:445][230]LogPython: Error:       ^
[2019.11.09-01.07.41:445][230]LogPython: Error: IndentationError: expected an indented block
[2019.11.09-01.08.07:957][668]LogPython: 
[2019.11.09-01.08.07:957][668]LogPython: 

[2019.11.09-01.08.23:225][206]LogPython: 
[2019.11.09-01.08.23:225][206]LogPython: 

[2019.11.09-01.08.28:255][553]LogPython: 
[2019.11.09-01.08.28:255][553]LogPython: 

[2019.11.09-01.08.49:386][876]LogBlueprintActionDatabase: Requesting refresh due to module change: PortalProxies (loaded)
[2019.11.09-01.08.51:069][976]LogPython: Display: Generating Python API stub file...
[2019.11.09-01.08.51:248][976]LogPython: Display:   ...generating Python API: glue code
[2019.11.09-01.08.51:401][976]LogPython: Display:   ...generating Python API: additional code
[2019.11.09-01.08.51:443][976]LogPython: Display:   ...generated: D:/Git/UEGym/BasicScripting/Intermediate/PythonStub/unreal.py
[2019.11.09-01.09.43:500][890]LogPython: 
[2019.11.09-01.09.43:500][890]LogPython: 

[2019.11.09-01.09.55:086][  2]LogPython: 
[2019.11.09-01.09.55:087][  2]LogPython: 

[2019.11.09-01.10.41:163][520]LogPython: import AssetFunctions
reload(AssetFunctions)
AssetFunctions.createShotFolders('JG', '0090')
[2019.11.09-01.10.41:200][520]LogPython: Created new folder structure: 
../../../../../../Git/UEGym/BasicScripting/Content/_shot/JG/JG_0090
[2019.11.09-01.10.41:200][520]LogPython: 

[2019.11.09-01.10.54:594][125]LogPython: import AssetFunctions
reload(AssetFunctions)
AssetFunctions.createShotFolders('JG', '0100')
[2019.11.09-01.10.54:624][125]LogPython: Created new folder structure: 
../../../../../../Git/UEGym/BasicScripting/Content/_shot/JG/JG_0100
[2019.11.09-01.10.54:624][125]LogPython: 

[2019.11.09-01.11.11:251][119]LogPython: import AssetFunctions
reload(AssetFunctions)
AssetFunctions.createShotFolders('BT', '0220')
[2019.11.09-01.11.11:280][119]LogPython: Created new folder structure: 
../../../../../../Git/UEGym/BasicScripting/Content/_shot/BT/BT_0220
[2019.11.09-01.11.11:280][119]LogPython: 

[2019.11.09-01.11.34:412][665]LogPython: 
[2019.11.09-01.11.34:412][665]LogPython: 

[2019.11.09-01.14.11:070][448]LogPython: 
[2019.11.09-01.14.11:070][448]LogPython: 

[2019.11.09-01.14.14:229][534]LogPython: 
[2019.11.09-01.14.14:229][534]LogPython: 

[2019.11.09-01.14.56:887][  8]LogPython: import AssetFunctions
reload(AssetFunctions)
AssetFunctions.createShotFolders('JG', '0120')
[2019.11.09-01.14.56:915][  8]LogPython: Created new folder structure: 
../../../../../../Git/UEGym/BasicScripting/Content/_shot/JG/JG_0120
[2019.11.09-01.14.56:915][  8]LogPython: 

[2019.11.09-01.15.24:004][256]LogPython: import AssetFunctions
reload(AssetFunctions)
AssetFunctions.createShotFolders('HJ', '0120')
[2019.11.09-01.15.24:032][256]LogPython: Created new folder structure: 
../../../../../../Git/UEGym/BasicScripting/Content/_shot/HJ/HJ_0120
[2019.11.09-01.15.24:032][256]LogPython: 

[2019.11.09-01.15.41:334][ 99]LogPython: 
[2019.11.09-01.15.41:334][ 99]LogPython: 

[2019.11.09-01.30.09:037][707]LogPython: import AssetFunctions
reload(AssetFunctions)
AssetFunctions.createShotFolders('HJ', '0120')
[2019.11.09-01.30.09:046][707]LogPython: Directory not copied. Error: [Error 183] Cannot create a file when that file already exists: '../../../../../../Git/UEGym/BasicScripting/Content/_shot/HJ/HJ_0120'
[2019.11.09-01.30.09:046][707]LogPython: 

[2019.11.09-01.30.09:046][707]LogPython: Created new folder structure: 
../../../../../../Git/UEGym/BasicScripting/Content/_shot/HJ/HJ_0120
[2019.11.09-01.30.09:047][707]LogPython: 

[2019.11.09-01.30.22:691][969]Cmd: OBJ SAVEPACKAGE PACKAGE="/Game/L_Test1" FILE="../../../../../../Git/UEGym/BasicScripting/Content/L_Test1.umap" SILENT=true AUTOSAVING=false KEEPDIRTY=false
[2019.11.09-01.30.22:738][969]LogUObjectHash: Compacting FUObjectHashTables data took   4.31ms
[2019.11.09-01.30.22:864][969]LogSavePackage: Moving '../../../../../../Git/UEGym/BasicScripting/Saved/L_Test134940CC94FCE83590AAE2781B3CA4A9B.tmp' to '../../../../../../Git/UEGym/BasicScripting/Content/L_Test1.umap'
[2019.11.09-01.33.51:774][968]LogEditorViewport: Clicking Background
[2019.11.09-01.33.53:503][162]LogSlate: FSceneViewport::OnFocusLost() reason 2
[2019.11.09-01.33.58:353][713]LogEditorViewport: Clicking on Actor (LMB): BP_ExecutePython_C (Python)
[2019.11.09-01.34.01:118][ 43]LogSlate: FSceneViewport::OnFocusLost() reason 0
[2019.11.09-01.54.32:219][435]LogEditorViewport: Clicking on Actor (LMB): StaticMeshActor (bunny_low3)
[2019.11.09-01.54.34:787][738]LogEditorViewport: Clicking on Actor (LMB): StaticMeshActor (bunny_low2)
[2019.11.09-01.54.44:750][720]LogSlate: FSceneViewport::OnFocusLost() reason 2
[2019.11.09-01.58.08:883][649]LogEditorViewport: Clicking on Actor (LMB): BP_ExecutePython_C (Python)
[2019.11.09-01.58.09:772][754]LogSlate: FSceneViewport::OnFocusLost() reason 0
[2019.11.09-02.02.00:853][468]LogAudio: Warning: Current Audio Device with ID {0.0.0.00000000}.{581224ba-b5d7-4297-b207-107f3e8319a2} was removed. Shutting down audio device.
[2019.11.09-02.02.00:853][468]LogInit: XAudio2 using 'Digital Audio (S/PDIF) (High Definition Audio Device)' : 2 channels at 48 kHz using 16 bits per sample (channel mask 0x3)
[2019.11.09-02.03.20:481][215]LogUObjectHash: Compacting FUObjectHashTables data took   2.83ms
