Log file open, 11/15/19 11:27:11
LogWindows: Failed to load 'aqProf.dll' (GetLastError=126)
LogWindows: File 'aqProf.dll' does not exist
LogWindows: Failed to load 'VtuneApi.dll' (GetLastError=126)
LogWindows: File 'VtuneApi.dll' does not exist
LogWindows: Failed to load 'VtuneApi32e.dll' (GetLastError=126)
LogWindows: File 'VtuneApi32e.dll' does not exist
LogConsoleResponse: Display: Failed to find resolution value strings in scalability ini. Falling back to default.
LogInit: Display: Running engine for game: BasicScripting
LogPakFile: Registered encryption key '00000000000000000000000000000000': 0 pak files mounted, 0 remain pending
LogPlatformFile: Not using cached read wrapper
LogTaskGraph: Started task graph with 5 named threads and 47 total threads with 3 sets of task threads.
LogStats: Stats thread started at 0.516493
LogD3D11RHI: Loaded GFSDK_Aftermath_Lib.x64.dll
LogICUInternationalization: ICU TimeZone Detection - Raw Offset: -8:00, Platform Override: ''
LogPluginManager: Mounting plugin Paper2D
LogPluginManager: Mounting plugin AISupport
LogPluginManager: Mounting plugin LightPropagationVolume
LogPluginManager: Mounting plugin ActorLayerUtilities
LogPluginManager: Mounting plugin AnimationSharing
LogPluginManager: Mounting plugin CLionSourceCodeAccess
LogPluginManager: Mounting plugin CodeLiteSourceCodeAccess
LogPluginManager: Mounting plugin GitSourceControl
LogPluginManager: Mounting plugin KDevelopSourceCodeAccess
LogPluginManager: Mounting plugin NullSourceCodeAccess
LogPluginManager: Mounting plugin PerforceSourceControl
LogPluginManager: Mounting plugin SubversionSourceControl
LogPluginManager: Mounting plugin UObjectPlugin
LogPluginManager: Mounting plugin VisualStudioCodeSourceCodeAccess
LogPluginManager: Mounting plugin VisualStudioSourceCodeAccess
LogPluginManager: Mounting plugin XCodeSourceCodeAccess
LogPluginManager: Mounting plugin AssetManagerEditor
LogPluginManager: Mounting plugin CryptoKeys
LogPluginManager: Mounting plugin DataValidation
LogPluginManager: Mounting plugin EditorScriptingUtilities
LogPluginManager: Mounting plugin FacialAnimation
LogPluginManager: Mounting plugin GameplayTagsEditor
LogPluginManager: Mounting plugin MacGraphicsSwitching
LogPluginManager: Mounting plugin MaterialAnalyzer
LogPluginManager: Mounting plugin MobileLauncherProfileWizard
LogPluginManager: Mounting plugin PluginBrowser
LogPluginManager: Mounting plugin SpeedTreeImporter
LogPluginManager: Mounting plugin DatasmithContent
LogPluginManager: Mounting plugin VariantManagerContent
LogPluginManager: Mounting plugin AlembicImporter
LogPluginManager: Mounting plugin AppleImageUtils
LogPluginManager: Mounting plugin AppleVision
LogPluginManager: Mounting plugin BackChannel
LogPluginManager: Mounting plugin CharacterAI
LogPluginManager: Mounting plugin GeometryCache
LogPluginManager: Mounting plugin HTML5Networking
LogPluginManager: Mounting plugin ProxyLODPlugin
LogPluginManager: Mounting plugin PythonScriptPlugin
LogPluginManager: Mounting plugin SkeletalReduction
LogPluginManager: Mounting plugin MagicLeap
LogPluginManager: Mounting plugin MagicLeapMedia
LogPluginManager: Mounting plugin AndroidMedia
LogPluginManager: Mounting plugin AvfMedia
LogPluginManager: Mounting plugin ImgMedia
LogPluginManager: Mounting plugin LinearTimecode
LogPluginManager: Mounting plugin MediaCompositing
LogPluginManager: Mounting plugin MediaPlayerEditor
LogPluginManager: Mounting plugin WebMMedia
LogPluginManager: Mounting plugin WmfMedia
LogPluginManager: Mounting plugin TcpMessaging
LogPluginManager: Mounting plugin UdpMessaging
LogPluginManager: Mounting plugin ActorSequence
LogPluginManager: Mounting plugin LevelSequenceEditor
LogPluginManager: Mounting plugin MatineeToLevelSequence
LogPluginManager: Mounting plugin SequencerScripting
LogPluginManager: Mounting plugin NetcodeUnitTest
LogPluginManager: Mounting plugin NUTUnrealEngine4
LogPluginManager: Mounting plugin OnlineSubsystemGooglePlay
LogPluginManager: Mounting plugin OnlineSubsystemIOS
LogPluginManager: Mounting plugin OnlineSubsystem
LogPluginManager: Mounting plugin OnlineSubsystemNull
LogPluginManager: Mounting plugin OnlineSubsystemUtils
LogPluginManager: Mounting plugin LauncherChunkInstaller
LogPluginManager: Mounting plugin AndroidDeviceProfileSelector
LogPluginManager: Mounting plugin AndroidMoviePlayer
LogPluginManager: Mounting plugin AndroidPermission
LogPluginManager: Mounting plugin AppleMoviePlayer
LogPluginManager: Mounting plugin ArchVisCharacter
LogPluginManager: Mounting plugin AudioCapture
LogPluginManager: Mounting plugin CableComponent
LogPluginManager: Mounting plugin CustomMeshComponent
LogPluginManager: Mounting plugin EditableMesh
LogPluginManager: Mounting plugin ExampleDeviceProfileSelector
LogPluginManager: Mounting plugin Firebase
LogPluginManager: Mounting plugin GoogleCloudMessaging
LogPluginManager: Mounting plugin IOSDeviceProfileSelector
LogPluginManager: Mounting plugin LinuxDeviceProfileSelector
LogPluginManager: Mounting plugin LocationServicesBPLibrary
LogPluginManager: Mounting plugin MobilePatchingUtils
LogPluginManager: Mounting plugin OculusVR
LogPluginManager: Mounting plugin PhysXVehicles
LogPluginManager: Mounting plugin ProceduralMeshComponent
LogPluginManager: Mounting plugin RuntimePhysXCooking
LogPluginManager: Mounting plugin SignificanceManager
LogPluginManager: Mounting plugin SteamVR
LogPluginManager: Mounting plugin WebMMoviePlayer
LogPluginManager: Mounting plugin WindowsMoviePlayer
LogPluginManager: Mounting plugin UnrealPythonLibraryPlugin
LogInit: Using libcurl 7.55.1-DEV
LogInit:  - built for x86_64-pc-win32
LogInit:  - supports SSL with OpenSSL/1.1.1
LogInit:  - supports HTTP deflate (compression) using libz 1.2.8
LogInit:  - other features:
LogInit:      CURL_VERSION_SSL
LogInit:      CURL_VERSION_LIBZ
LogInit:      CURL_VERSION_IPV6
LogInit:      CURL_VERSION_ASYNCHDNS
LogInit:      CURL_VERSION_LARGEFILE
LogInit:      CURL_VERSION_IDN
LogInit:  CurlRequestOptions (configurable via config and command line):
LogInit:  - bVerifyPeer = true  - Libcurl will verify peer certificate
LogInit:  - bUseHttpProxy = false  - Libcurl will NOT use HTTP proxy
LogInit:  - bDontReuseConnections = false  - Libcurl will reuse connections
LogInit:  - MaxHostConnections = 16  - Libcurl will limit the number of connections to a host
LogInit:  - LocalHostAddr = Default
LogInit:  - BufferSize = 65536
LogInit: WinSock: version 1.1 (2.2), MaxSocks=32767, MaxUdp=65467
LogInit: Build: ++UE4+Release-4.22-CL-7053642
LogInit: Engine Version: 4.22.3-7053642+++UE4+Release-4.22
LogInit: Compatible Engine Version: 4.22.0-5660361+++UE4+Release-4.22
LogInit: Net CL: 5660361
LogInit: OS: Windows 10 (Release 1903) (), CPU: Intel(R) Core(TM) i9-9900K CPU @ 3.60GHz, GPU: NVIDIA GeForce RTX 2080
LogInit: Compiled (64-bit): Jun 18 2019 03:09:11
LogInit: Compiled with Visual C++: 19.16.27025.01
LogInit: Build Configuration: Development
LogInit: Branch Name: ++UE4+Release-4.22
LogInit: Command Line: 
LogInit: Base Directory: D:/Program Files/Epic Games/UE_4.22/Engine/Binaries/Win64/
LogInit: Installed Engine Build: 1
LogDevObjectVersion: Number of dev versions registered: 23
LogDevObjectVersion:   Dev-Blueprints (B0D832E4-1F89-4F0D-ACCF-7EB736FD4AA2): 10
LogDevObjectVersion:   Dev-Build (E1C64328-A22C-4D53-A36C-8E866417BD8C): 0
LogDevObjectVersion:   Dev-Core (375EC13C-06E4-48FB-B500-84F0262A717E): 3
LogDevObjectVersion:   Dev-Editor (E4B068ED-F494-42E9-A231-DA0B2E46BB41): 30
LogDevObjectVersion:   Dev-Framework (CFFC743F-43B0-4480-9391-14DF171D2073): 35
LogDevObjectVersion:   Dev-Mobile (B02B49B5-BB20-44E9-A304-32B752E40360): 2
LogDevObjectVersion:   Dev-Networking (A4E4105C-59A1-49B5-A7C5-40C4547EDFEE): 0
LogDevObjectVersion:   Dev-Online (39C831C9-5AE6-47DC-9A44-9C173E1C8E7C): 0
LogDevObjectVersion:   Dev-Physics (78F01B33-EBEA-4F98-B9B4-84EACCB95AA2): 0
LogDevObjectVersion:   Dev-Platform (6631380F-2D4D-43E0-8009-CF276956A95A): 0
LogDevObjectVersion:   Dev-Rendering (12F88B9F-8875-4AFC-A67C-D90C383ABD29): 28
LogDevObjectVersion:   Dev-Sequencer (7B5AE74C-D270-4C10-A958-57980B212A5A): 11
LogDevObjectVersion:   Dev-VR (D7296918-1DD6-4BDD-9DE2-64A83CC13884): 2
LogDevObjectVersion:   Dev-LoadTimes (C2A15278-BFE7-4AFE-6C17-90FF531DF755): 1
LogDevObjectVersion:   Private-Geometry (6EACA3D4-40EC-4CC1-B786-8BED09428FC5): 3
LogDevObjectVersion:   Dev-AnimPhys (29E575DD-E0A3-4627-9D10-D276232CDCEA): 17
LogDevObjectVersion:   Dev-Anim (AF43A65D-7FD3-4947-9873-3E8ED9C1BB05): 2
LogDevObjectVersion:   Dev-ReflectionCapture (6B266CEC-1EC7-4B8F-A30B-E4D90942FC07): 1
LogDevObjectVersion:   Dev-Automation (0DF73D61-A23F-47EA-B727-89E90C41499A): 1
LogDevObjectVersion:   FortniteMain (601D1886-AC64-4F84-AA16-D3DE0DEAC7D6): 25
LogDevObjectVersion:   Dev-Enterprise (9DFFBCD6-494F-0158-E221-12823C92A888): 6
LogDevObjectVersion:   Dev-Niagara (F2AED0AC-9AFE-416F-8664-AA7FFA26D6FC): 1
LogDevObjectVersion:   Dev-Destruction (174F1F0B-B4C6-45A5-B13F-2EE8D0FB917D): 2
LogInit: Presizing for max 16777216 objects, including 0 objects not considered by GC, pre-allocating 0 bytes for permanent pool.
LogInit: Object subsystem initialized
LogConfig: Setting CVar [[con.DebugEarlyDefault:1]]
LogConfig: Setting CVar [[r.setres:1280x720]]
[2019.11.15-19.27.11:654][  0]LogConfig: Setting CVar [[r.VSync:0]]
[2019.11.15-19.27.11:654][  0]LogConfig: Setting CVar [[r.RHICmdBypass:0]]
[2019.11.15-19.27.11:654][  0]LogConfig: Applying CVar settings from Section [/Script/Engine.RendererSettings] File [D:/Git/UEGym/BasicScripting/Saved/Config/Windows/Engine.ini]
[2019.11.15-19.27.11:654][  0]LogConfig: Setting CVar [[r.GPUCrashDebugging:0]]
[2019.11.15-19.27.11:654][  0]LogConfig: Setting CVar [[r.DefaultFeature.AutoExposure.ExtendDefaultLuminanceRange:1]]
[2019.11.15-19.27.11:654][  0]LogConfig: Applying CVar settings from Section [/Script/Engine.RendererOverrideSettings] File [D:/Git/UEGym/BasicScripting/Saved/Config/Windows/Engine.ini]
[2019.11.15-19.27.11:654][  0]LogConfig: Applying CVar settings from Section [/Script/Engine.StreamingSettings] File [D:/Git/UEGym/BasicScripting/Saved/Config/Windows/Engine.ini]
[2019.11.15-19.27.11:654][  0]LogConfig: Setting CVar [[s.MinBulkDataSizeForAsyncLoading:131072]]
[2019.11.15-19.27.11:654][  0]LogConfig: Setting CVar [[s.AsyncLoadingThreadEnabled:0]]
[2019.11.15-19.27.11:654][  0]LogConfig: Setting CVar [[s.EventDrivenLoaderEnabled:1]]
[2019.11.15-19.27.11:654][  0]LogConfig: Setting CVar [[s.WarnIfTimeLimitExceeded:0]]
[2019.11.15-19.27.11:655][  0]LogConfig: Setting CVar [[s.TimeLimitExceededMultiplier:1.5]]
[2019.11.15-19.27.11:655][  0]LogConfig: Setting CVar [[s.TimeLimitExceededMinTime:0.005]]
[2019.11.15-19.27.11:655][  0]LogConfig: Setting CVar [[s.UseBackgroundLevelStreaming:1]]
[2019.11.15-19.27.11:655][  0]LogConfig: Setting CVar [[s.PriorityAsyncLoadingExtraTime:15.0]]
[2019.11.15-19.27.11:655][  0]LogConfig: Setting CVar [[s.LevelStreamingActorsUpdateTimeLimit:5.0]]
[2019.11.15-19.27.11:655][  0]LogConfig: Setting CVar [[s.PriorityLevelStreamingActorsUpdateExtraTime:5.0]]
[2019.11.15-19.27.11:655][  0]LogConfig: Setting CVar [[s.LevelStreamingComponentsRegistrationGranularity:10]]
[2019.11.15-19.27.11:655][  0]LogConfig: Setting CVar [[s.UnregisterComponentsTimeLimit:1.0]]
[2019.11.15-19.27.11:655][  0]LogConfig: Setting CVar [[s.LevelStreamingComponentsUnregistrationGranularity:5]]
[2019.11.15-19.27.11:655][  0]LogConfig: Applying CVar settings from Section [/Script/Engine.GarbageCollectionSettings] File [D:/Git/UEGym/BasicScripting/Saved/Config/Windows/Engine.ini]
[2019.11.15-19.27.11:655][  0]LogConfig: Setting CVar [[gc.MaxObjectsNotConsideredByGC:1]]
[2019.11.15-19.27.11:655][  0]LogConfig: Setting CVar [[gc.SizeOfPermanentObjectPool:0]]
[2019.11.15-19.27.11:655][  0]LogConfig: Setting CVar [[gc.FlushStreamingOnGC:0]]
[2019.11.15-19.27.11:655][  0]LogConfig: Setting CVar [[gc.NumRetriesBeforeForcingGC:10]]
[2019.11.15-19.27.11:655][  0]LogConfig: Setting CVar [[gc.AllowParallelGC:1]]
[2019.11.15-19.27.11:655][  0]LogConfig: Setting CVar [[gc.TimeBetweenPurgingPendingKillObjects:61.1]]
[2019.11.15-19.27.11:655][  0]LogConfig: Setting CVar [[gc.MaxObjectsInEditor:16777216]]
[2019.11.15-19.27.11:656][  0]LogConfig: Setting CVar [[gc.IncrementalBeginDestroyEnabled:1]]
[2019.11.15-19.27.11:656][  0]LogConfig: Setting CVar [[gc.CreateGCClusters:1]]
[2019.11.15-19.27.11:656][  0]LogConfig: Setting CVar [[gc.MinGCClusterSize:5]]
[2019.11.15-19.27.11:656][  0]LogConfig: Setting CVar [[gc.ActorClusteringEnabled:0]]
[2019.11.15-19.27.11:656][  0]LogConfig: Setting CVar [[gc.BlueprintClusteringEnabled:0]]
[2019.11.15-19.27.11:656][  0]LogConfig: Setting CVar [[gc.UseDisregardForGCOnDedicatedServers:0]]
[2019.11.15-19.27.11:656][  0]LogConfig: Applying CVar settings from Section [/Script/Engine.NetworkSettings] File [D:/Git/UEGym/BasicScripting/Saved/Config/Windows/Engine.ini]
[2019.11.15-19.27.11:656][  0]LogConfig: Applying CVar settings from Section [/Script/UnrealEd.CookerSettings] File [D:/Git/UEGym/BasicScripting/Saved/Config/Windows/Engine.ini]
[2019.11.15-19.27.11:671][  0]LogConfig: Applying CVar settings from Section [ViewDistanceQuality@3] File [D:/Git/UEGym/BasicScripting/Saved/Config/Windows/Scalability.ini]
[2019.11.15-19.27.11:671][  0]LogConfig: Setting CVar [[r.SkeletalMeshLODBias:0]]
[2019.11.15-19.27.11:671][  0]LogConfig: Setting CVar [[r.ViewDistanceScale:1.0]]
[2019.11.15-19.27.11:671][  0]LogConfig: Applying CVar settings from Section [AntiAliasingQuality@3] File [D:/Git/UEGym/BasicScripting/Saved/Config/Windows/Scalability.ini]
[2019.11.15-19.27.11:671][  0]LogConfig: Setting CVar [[r.PostProcessAAQuality:4]]
[2019.11.15-19.27.11:671][  0]LogConfig: Applying CVar settings from Section [ShadowQuality@3] File [D:/Git/UEGym/BasicScripting/Saved/Config/Windows/Scalability.ini]
[2019.11.15-19.27.11:671][  0]LogConfig: Setting CVar [[r.LightFunctionQuality:1]]
[2019.11.15-19.27.11:671][  0]LogConfig: Setting CVar [[r.ShadowQuality:5]]
[2019.11.15-19.27.11:671][  0]LogConfig: Setting CVar [[r.Shadow.CSM.MaxCascades:10]]
[2019.11.15-19.27.11:671][  0]LogConfig: Setting CVar [[r.Shadow.MaxResolution:2048]]
[2019.11.15-19.27.11:672][  0]LogConfig: Setting CVar [[r.Shadow.MaxCSMResolution:2048]]
[2019.11.15-19.27.11:672][  0]LogConfig: Setting CVar [[r.Shadow.RadiusThreshold:0.01]]
[2019.11.15-19.27.11:672][  0]LogConfig: Setting CVar [[r.Shadow.DistanceScale:1.0]]
[2019.11.15-19.27.11:672][  0]LogConfig: Setting CVar [[r.Shadow.CSM.TransitionScale:1.0]]
[2019.11.15-19.27.11:672][  0]LogConfig: Setting CVar [[r.Shadow.PreShadowResolutionFactor:1.0]]
[2019.11.15-19.27.11:672][  0]LogConfig: Setting CVar [[r.DistanceFieldShadowing:1]]
[2019.11.15-19.27.11:672][  0]LogConfig: Setting CVar [[r.DistanceFieldAO:1]]
[2019.11.15-19.27.11:672][  0]LogConfig: Setting CVar [[r.AOQuality:2]]
[2019.11.15-19.27.11:672][  0]LogConfig: Setting CVar [[r.VolumetricFog:1]]
[2019.11.15-19.27.11:672][  0]LogConfig: Setting CVar [[r.VolumetricFog.GridPixelSize:8]]
[2019.11.15-19.27.11:672][  0]LogConfig: Setting CVar [[r.VolumetricFog.GridSizeZ:128]]
[2019.11.15-19.27.11:672][  0]LogConfig: Setting CVar [[r.VolumetricFog.HistoryMissSupersampleCount:4]]
[2019.11.15-19.27.11:672][  0]LogConfig: Setting CVar [[r.LightMaxDrawDistanceScale:1]]
[2019.11.15-19.27.11:672][  0]LogConfig: Setting CVar [[r.CapsuleShadows:1]]
[2019.11.15-19.27.11:672][  0]LogConfig: Applying CVar settings from Section [PostProcessQuality@3] File [D:/Git/UEGym/BasicScripting/Saved/Config/Windows/Scalability.ini]
[2019.11.15-19.27.11:672][  0]LogConfig: Setting CVar [[r.MotionBlurQuality:4]]
[2019.11.15-19.27.11:672][  0]LogConfig: Setting CVar [[r.AmbientOcclusionMipLevelFactor:0.4]]
[2019.11.15-19.27.11:672][  0]LogConfig: Setting CVar [[r.AmbientOcclusionMaxQuality:100]]
[2019.11.15-19.27.11:672][  0]LogConfig: Setting CVar [[r.AmbientOcclusionLevels:-1]]
[2019.11.15-19.27.11:672][  0]LogConfig: Setting CVar [[r.AmbientOcclusionRadiusScale:1.0]]
[2019.11.15-19.27.11:672][  0]LogConfig: Setting CVar [[r.DepthOfFieldQuality:2]]
[2019.11.15-19.27.11:672][  0]LogConfig: Setting CVar [[r.RenderTargetPoolMin:400]]
[2019.11.15-19.27.11:672][  0]LogConfig: Setting CVar [[r.LensFlareQuality:2]]
[2019.11.15-19.27.11:672][  0]LogConfig: Setting CVar [[r.SceneColorFringeQuality:1]]
[2019.11.15-19.27.11:672][  0]LogConfig: Setting CVar [[r.EyeAdaptationQuality:2]]
[2019.11.15-19.27.11:672][  0]LogConfig: Setting CVar [[r.BloomQuality:5]]
[2019.11.15-19.27.11:672][  0]LogConfig: Setting CVar [[r.FastBlurThreshold:100]]
[2019.11.15-19.27.11:672][  0]LogConfig: Setting CVar [[r.Upscale.Quality:3]]
[2019.11.15-19.27.11:672][  0]LogConfig: Setting CVar [[r.Tonemapper.GrainQuantization:1]]
[2019.11.15-19.27.11:672][  0]LogConfig: Setting CVar [[r.LightShaftQuality:1]]
[2019.11.15-19.27.11:672][  0]LogConfig: Setting CVar [[r.Filter.SizeScale:1]]
[2019.11.15-19.27.11:672][  0]LogConfig: Setting CVar [[r.Tonemapper.Quality:5]]
[2019.11.15-19.27.11:672][  0]LogConfig: Setting CVar [[r.DOF.Gather.AccumulatorQuality:1        ; higher gathering accumulator quality]]
[2019.11.15-19.27.11:672][  0]LogConfig: Setting CVar [[r.DOF.Gather.PostfilterMethod:1          ; Median3x3 postfilering method]]
[2019.11.15-19.27.11:672][  0]LogConfig: Setting CVar [[r.DOF.Gather.EnableBokehSettings:0       ; no bokeh simulation when gathering]]
[2019.11.15-19.27.11:673][  0]LogConfig: Setting CVar [[r.DOF.Gather.RingCount:4                 ; medium number of samples when gathering]]
[2019.11.15-19.27.11:673][  0]LogConfig: Setting CVar [[r.DOF.Scatter.ForegroundCompositing:1    ; additive foreground scattering]]
[2019.11.15-19.27.11:673][  0]LogConfig: Setting CVar [[r.DOF.Scatter.BackgroundCompositing:2    ; additive background scattering]]
[2019.11.15-19.27.11:673][  0]LogConfig: Setting CVar [[r.DOF.Scatter.EnableBokehSettings:1      ; bokeh simulation when scattering]]
[2019.11.15-19.27.11:673][  0]LogConfig: Setting CVar [[r.DOF.Scatter.MaxSpriteRatio:0.1         ; only a maximum of 10% of scattered bokeh]]
[2019.11.15-19.27.11:673][  0]LogConfig: Setting CVar [[r.DOF.Recombine.Quality:1                ; cheap slight out of focus]]
[2019.11.15-19.27.11:673][  0]LogConfig: Setting CVar [[r.DOF.Recombine.EnableBokehSettings:0    ; no bokeh simulation on slight out of focus]]
[2019.11.15-19.27.11:673][  0]LogConfig: Setting CVar [[r.DOF.TemporalAAQuality:1                ; more stable temporal accumulation]]
[2019.11.15-19.27.11:673][  0]LogConfig: Setting CVar [[r.DOF.Kernel.MaxForegroundRadius:0.025]]
[2019.11.15-19.27.11:673][  0]LogConfig: Setting CVar [[r.DOF.Kernel.MaxBackgroundRadius:0.025]]
[2019.11.15-19.27.11:673][  0]LogConfig: Applying CVar settings from Section [TextureQuality@3] File [D:/Git/UEGym/BasicScripting/Saved/Config/Windows/Scalability.ini]
[2019.11.15-19.27.11:673][  0]LogConfig: Setting CVar [[r.Streaming.MipBias:0]]
[2019.11.15-19.27.11:673][  0]LogConfig: Setting CVar [[r.Streaming.AmortizeCPUToGPUCopy:0]]
[2019.11.15-19.27.11:673][  0]LogConfig: Setting CVar [[r.Streaming.MaxNumTexturesToStreamPerFrame:0]]
[2019.11.15-19.27.11:673][  0]LogConfig: Setting CVar [[r.Streaming.Boost:1]]
[2019.11.15-19.27.11:673][  0]LogConfig: Setting CVar [[r.MaxAnisotropy:8]]
[2019.11.15-19.27.11:673][  0]LogConfig: Setting CVar [[r.Streaming.LimitPoolSizeToVRAM:0]]
[2019.11.15-19.27.11:673][  0]LogConfig: Setting CVar [[r.Streaming.PoolSize:1000]]
[2019.11.15-19.27.11:673][  0]LogConfig: Setting CVar [[r.Streaming.MaxEffectiveScreenSize:0]]
[2019.11.15-19.27.11:673][  0]LogConfig: Applying CVar settings from Section [EffectsQuality@3] File [D:/Git/UEGym/BasicScripting/Saved/Config/Windows/Scalability.ini]
[2019.11.15-19.27.11:673][  0]LogConfig: Setting CVar [[r.TranslucencyLightingVolumeDim:64]]
[2019.11.15-19.27.11:673][  0]LogConfig: Setting CVar [[r.RefractionQuality:2]]
[2019.11.15-19.27.11:673][  0]LogConfig: Setting CVar [[r.SSR.Quality:3]]
[2019.11.15-19.27.11:673][  0]LogConfig: Setting CVar [[r.SceneColorFormat:4]]
[2019.11.15-19.27.11:673][  0]LogConfig: Setting CVar [[r.DetailMode:2]]
[2019.11.15-19.27.11:673][  0]LogConfig: Setting CVar [[r.TranslucencyVolumeBlur:1]]
[2019.11.15-19.27.11:673][  0]LogConfig: Setting CVar [[r.MaterialQualityLevel:1 ; High quality]]
[2019.11.15-19.27.11:673][  0]LogConfig: Setting CVar [[r.SSS.Scale:1]]
[2019.11.15-19.27.11:673][  0]LogConfig: Setting CVar [[r.SSS.SampleSet:2]]
[2019.11.15-19.27.11:673][  0]LogConfig: Setting CVar [[r.SSS.Quality:1]]
[2019.11.15-19.27.11:673][  0]LogConfig: Setting CVar [[r.SSS.HalfRes:1]]
[2019.11.15-19.27.11:673][  0]LogConfig: Setting CVar [[r.EmitterSpawnRateScale:1.0]]
[2019.11.15-19.27.11:674][  0]LogConfig: Setting CVar [[r.ParticleLightQuality:2]]
[2019.11.15-19.27.11:674][  0]LogConfig: Applying CVar settings from Section [FoliageQuality@3] File [D:/Git/UEGym/BasicScripting/Saved/Config/Windows/Scalability.ini]
[2019.11.15-19.27.11:674][  0]LogConfig: Setting CVar [[foliage.DensityScale:1.0]]
[2019.11.15-19.27.11:674][  0]LogConfig: Setting CVar [[grass.DensityScale:1.0]]
[2019.11.15-19.27.11:674][  0]LogInit: Selected Device Profile: [Windows]
[2019.11.15-19.27.11:674][  0]LogInit: Applying CVar settings loaded from the selected device profile: [Windows]
[2019.11.15-19.27.11:683][  0]LogHAL: Display: Platform has ~ 64 GB [68634533888 / 68719476736 / 64], which maps to Largest [LargestMinGB=32, LargerMinGB=12, DefaultMinGB=8, SmallerMinGB=6, SmallestMinGB=0)
[2019.11.15-19.27.11:683][  0]LogConfig: Setting CVar [[r.Vulkan.UseRealUBs:0		; Required until we fix HLR fall-out]]
[2019.11.15-19.27.11:683][  0]LogInit: Going up to parent DeviceProfile []
[2019.11.15-19.27.11:683][  0]LogConfig: Applying CVar settings from Section [ViewDistanceQuality@3] File [D:/Git/UEGym/BasicScripting/Saved/Config/Windows/Scalability.ini]
[2019.11.15-19.27.11:683][  0]LogConfig: Setting CVar [[r.SkeletalMeshLODBias:0]]
[2019.11.15-19.27.11:683][  0]LogConfig: Setting CVar [[r.ViewDistanceScale:1.0]]
[2019.11.15-19.27.11:683][  0]LogConfig: Applying CVar settings from Section [AntiAliasingQuality@3] File [D:/Git/UEGym/BasicScripting/Saved/Config/Windows/Scalability.ini]
[2019.11.15-19.27.11:683][  0]LogConfig: Setting CVar [[r.PostProcessAAQuality:4]]
[2019.11.15-19.27.11:683][  0]LogConfig: Applying CVar settings from Section [ShadowQuality@3] File [D:/Git/UEGym/BasicScripting/Saved/Config/Windows/Scalability.ini]
[2019.11.15-19.27.11:683][  0]LogConfig: Setting CVar [[r.LightFunctionQuality:1]]
[2019.11.15-19.27.11:683][  0]LogConfig: Setting CVar [[r.ShadowQuality:5]]
[2019.11.15-19.27.11:683][  0]LogConfig: Setting CVar [[r.Shadow.CSM.MaxCascades:10]]
[2019.11.15-19.27.11:683][  0]LogConfig: Setting CVar [[r.Shadow.MaxResolution:2048]]
[2019.11.15-19.27.11:683][  0]LogConfig: Setting CVar [[r.Shadow.MaxCSMResolution:2048]]
[2019.11.15-19.27.11:683][  0]LogConfig: Setting CVar [[r.Shadow.RadiusThreshold:0.01]]
[2019.11.15-19.27.11:683][  0]LogConfig: Setting CVar [[r.Shadow.DistanceScale:1.0]]
[2019.11.15-19.27.11:683][  0]LogConfig: Setting CVar [[r.Shadow.CSM.TransitionScale:1.0]]
[2019.11.15-19.27.11:683][  0]LogConfig: Setting CVar [[r.Shadow.PreShadowResolutionFactor:1.0]]
[2019.11.15-19.27.11:683][  0]LogConfig: Setting CVar [[r.DistanceFieldShadowing:1]]
[2019.11.15-19.27.11:683][  0]LogConfig: Setting CVar [[r.DistanceFieldAO:1]]
[2019.11.15-19.27.11:683][  0]LogConfig: Setting CVar [[r.AOQuality:2]]
[2019.11.15-19.27.11:683][  0]LogConfig: Setting CVar [[r.VolumetricFog:1]]
[2019.11.15-19.27.11:683][  0]LogConfig: Setting CVar [[r.VolumetricFog.GridPixelSize:8]]
[2019.11.15-19.27.11:683][  0]LogConfig: Setting CVar [[r.VolumetricFog.GridSizeZ:128]]
[2019.11.15-19.27.11:683][  0]LogConfig: Setting CVar [[r.VolumetricFog.HistoryMissSupersampleCount:4]]
[2019.11.15-19.27.11:683][  0]LogConfig: Setting CVar [[r.LightMaxDrawDistanceScale:1]]
[2019.11.15-19.27.11:683][  0]LogConfig: Setting CVar [[r.CapsuleShadows:1]]
[2019.11.15-19.27.11:683][  0]LogConfig: Applying CVar settings from Section [PostProcessQuality@3] File [D:/Git/UEGym/BasicScripting/Saved/Config/Windows/Scalability.ini]
[2019.11.15-19.27.11:683][  0]LogConfig: Setting CVar [[r.MotionBlurQuality:4]]
[2019.11.15-19.27.11:683][  0]LogConfig: Setting CVar [[r.AmbientOcclusionMipLevelFactor:0.4]]
[2019.11.15-19.27.11:683][  0]LogConfig: Setting CVar [[r.AmbientOcclusionMaxQuality:100]]
[2019.11.15-19.27.11:683][  0]LogConfig: Setting CVar [[r.AmbientOcclusionLevels:-1]]
[2019.11.15-19.27.11:683][  0]LogConfig: Setting CVar [[r.AmbientOcclusionRadiusScale:1.0]]
[2019.11.15-19.27.11:683][  0]LogConfig: Setting CVar [[r.DepthOfFieldQuality:2]]
[2019.11.15-19.27.11:683][  0]LogConfig: Setting CVar [[r.RenderTargetPoolMin:400]]
[2019.11.15-19.27.11:683][  0]LogConfig: Setting CVar [[r.LensFlareQuality:2]]
[2019.11.15-19.27.11:683][  0]LogConfig: Setting CVar [[r.SceneColorFringeQuality:1]]
[2019.11.15-19.27.11:683][  0]LogConfig: Setting CVar [[r.EyeAdaptationQuality:2]]
[2019.11.15-19.27.11:683][  0]LogConfig: Setting CVar [[r.BloomQuality:5]]
[2019.11.15-19.27.11:683][  0]LogConfig: Setting CVar [[r.FastBlurThreshold:100]]
[2019.11.15-19.27.11:683][  0]LogConfig: Setting CVar [[r.Upscale.Quality:3]]
[2019.11.15-19.27.11:683][  0]LogConfig: Setting CVar [[r.Tonemapper.GrainQuantization:1]]
[2019.11.15-19.27.11:683][  0]LogConfig: Setting CVar [[r.LightShaftQuality:1]]
[2019.11.15-19.27.11:683][  0]LogConfig: Setting CVar [[r.Filter.SizeScale:1]]
[2019.11.15-19.27.11:683][  0]LogConfig: Setting CVar [[r.Tonemapper.Quality:5]]
[2019.11.15-19.27.11:683][  0]LogConfig: Setting CVar [[r.DOF.Gather.AccumulatorQuality:1        ; higher gathering accumulator quality]]
[2019.11.15-19.27.11:683][  0]LogConfig: Setting CVar [[r.DOF.Gather.PostfilterMethod:1          ; Median3x3 postfilering method]]
[2019.11.15-19.27.11:683][  0]LogConfig: Setting CVar [[r.DOF.Gather.EnableBokehSettings:0       ; no bokeh simulation when gathering]]
[2019.11.15-19.27.11:683][  0]LogConfig: Setting CVar [[r.DOF.Gather.RingCount:4                 ; medium number of samples when gathering]]
[2019.11.15-19.27.11:683][  0]LogConfig: Setting CVar [[r.DOF.Scatter.ForegroundCompositing:1    ; additive foreground scattering]]
[2019.11.15-19.27.11:683][  0]LogConfig: Setting CVar [[r.DOF.Scatter.BackgroundCompositing:2    ; additive background scattering]]
[2019.11.15-19.27.11:683][  0]LogConfig: Setting CVar [[r.DOF.Scatter.EnableBokehSettings:1      ; bokeh simulation when scattering]]
[2019.11.15-19.27.11:683][  0]LogConfig: Setting CVar [[r.DOF.Scatter.MaxSpriteRatio:0.1         ; only a maximum of 10% of scattered bokeh]]
[2019.11.15-19.27.11:683][  0]LogConfig: Setting CVar [[r.DOF.Recombine.Quality:1                ; cheap slight out of focus]]
[2019.11.15-19.27.11:683][  0]LogConfig: Setting CVar [[r.DOF.Recombine.EnableBokehSettings:0    ; no bokeh simulation on slight out of focus]]
[2019.11.15-19.27.11:683][  0]LogConfig: Setting CVar [[r.DOF.TemporalAAQuality:1                ; more stable temporal accumulation]]
[2019.11.15-19.27.11:683][  0]LogConfig: Setting CVar [[r.DOF.Kernel.MaxForegroundRadius:0.025]]
[2019.11.15-19.27.11:683][  0]LogConfig: Setting CVar [[r.DOF.Kernel.MaxBackgroundRadius:0.025]]
[2019.11.15-19.27.11:683][  0]LogConfig: Applying CVar settings from Section [TextureQuality@3] File [D:/Git/UEGym/BasicScripting/Saved/Config/Windows/Scalability.ini]
[2019.11.15-19.27.11:683][  0]LogConfig: Setting CVar [[r.Streaming.MipBias:0]]
[2019.11.15-19.27.11:683][  0]LogConfig: Setting CVar [[r.Streaming.AmortizeCPUToGPUCopy:0]]
[2019.11.15-19.27.11:683][  0]LogConfig: Setting CVar [[r.Streaming.MaxNumTexturesToStreamPerFrame:0]]
[2019.11.15-19.27.11:683][  0]LogConfig: Setting CVar [[r.Streaming.Boost:1]]
[2019.11.15-19.27.11:683][  0]LogConfig: Setting CVar [[r.MaxAnisotropy:8]]
[2019.11.15-19.27.11:683][  0]LogConfig: Setting CVar [[r.Streaming.LimitPoolSizeToVRAM:0]]
[2019.11.15-19.27.11:683][  0]LogConfig: Setting CVar [[r.Streaming.PoolSize:1000]]
[2019.11.15-19.27.11:683][  0]LogConfig: Setting CVar [[r.Streaming.MaxEffectiveScreenSize:0]]
[2019.11.15-19.27.11:683][  0]LogConfig: Applying CVar settings from Section [EffectsQuality@3] File [D:/Git/UEGym/BasicScripting/Saved/Config/Windows/Scalability.ini]
[2019.11.15-19.27.11:683][  0]LogConfig: Setting CVar [[r.TranslucencyLightingVolumeDim:64]]
[2019.11.15-19.27.11:683][  0]LogConfig: Setting CVar [[r.RefractionQuality:2]]
[2019.11.15-19.27.11:683][  0]LogConfig: Setting CVar [[r.SSR.Quality:3]]
[2019.11.15-19.27.11:683][  0]LogConfig: Setting CVar [[r.SceneColorFormat:4]]
[2019.11.15-19.27.11:683][  0]LogConfig: Setting CVar [[r.DetailMode:2]]
[2019.11.15-19.27.11:683][  0]LogConfig: Setting CVar [[r.TranslucencyVolumeBlur:1]]
[2019.11.15-19.27.11:683][  0]LogConfig: Setting CVar [[r.MaterialQualityLevel:1 ; High quality]]
[2019.11.15-19.27.11:683][  0]LogConfig: Setting CVar [[r.SSS.Scale:1]]
[2019.11.15-19.27.11:683][  0]LogConfig: Setting CVar [[r.SSS.SampleSet:2]]
[2019.11.15-19.27.11:683][  0]LogConfig: Setting CVar [[r.SSS.Quality:1]]
[2019.11.15-19.27.11:683][  0]LogConfig: Setting CVar [[r.SSS.HalfRes:1]]
[2019.11.15-19.27.11:683][  0]LogConfig: Setting CVar [[r.EmitterSpawnRateScale:1.0]]
[2019.11.15-19.27.11:683][  0]LogConfig: Setting CVar [[r.ParticleLightQuality:2]]
[2019.11.15-19.27.11:684][  0]LogConfig: Applying CVar settings from Section [FoliageQuality@3] File [D:/Git/UEGym/BasicScripting/Saved/Config/Windows/Scalability.ini]
[2019.11.15-19.27.11:684][  0]LogConfig: Setting CVar [[foliage.DensityScale:1.0]]
[2019.11.15-19.27.11:684][  0]LogConfig: Setting CVar [[grass.DensityScale:1.0]]
[2019.11.15-19.27.11:684][  0]LogConfig: Applying CVar settings from Section [Startup] File [../../../Engine/Config/ConsoleVariables.ini]
[2019.11.15-19.27.11:684][  0]LogConfig: Setting CVar [[net.UseAdaptiveNetUpdateFrequency:0]]
[2019.11.15-19.27.11:684][  0]LogConfig: Setting CVar [[p.chaos.AllowCreatePhysxBodies:1]]
[2019.11.15-19.27.11:684][  0]LogConfig: Applying CVar settings from Section [ConsoleVariables] File [D:/Git/UEGym/BasicScripting/Saved/Config/Windows/Engine.ini]
[2019.11.15-19.27.11:684][  0]LogInit: Computer: VICTOR
[2019.11.15-19.27.11:684][  0]LogInit: User: victorl
[2019.11.15-19.27.11:684][  0]LogInit: CPU Page size=4096, Cores=8
[2019.11.15-19.27.11:684][  0]LogInit: High frequency timer resolution =10.000000 MHz
[2019.11.15-19.27.11:684][  0]LogMemory: Memory total: Physical=63.9GB (64GB approx)
[2019.11.15-19.27.11:684][  0]LogMemory: Platform Memory Stats for Windows
[2019.11.15-19.27.11:684][  0]LogMemory: Process Physical Memory: 98.88 MB used, 98.88 MB peak
[2019.11.15-19.27.11:684][  0]LogMemory: Process Virtual Memory: 90.83 MB used, 90.83 MB peak
[2019.11.15-19.27.11:684][  0]LogMemory: Physical Memory: 10462.53 MB used,  54992.46 MB free, 65454.99 MB total
[2019.11.15-19.27.11:684][  0]LogMemory: Virtual Memory: 4677.18 MB used,  134213048.00 MB free, 134217728.00 MB total
[2019.11.15-19.27.11:696][  0]LogInit: Using OS detected language (en-US).
[2019.11.15-19.27.11:696][  0]LogInit: Using OS detected locale (en-CA).
[2019.11.15-19.27.11:696][  0]LogTextLocalizationManager: No specific localization for 'en-US' exists, so the 'en' localization will be used.
[2019.11.15-19.27.11:797][  0]LogInit: Setting process to per monitor DPI aware
[2019.11.15-19.27.11:819][  0]LogSlate: New Slate User Created.  User Index 0, Is Virtual User: 0
[2019.11.15-19.27.11:819][  0]LogSlate: Slate User Registered.  User Index 0, Is Virtual User: 0
[2019.11.15-19.27.11:927][  0]LogHMD: Failed to initialize OpenVR with code 110
[2019.11.15-19.27.11:927][  0]LogD3D11RHI: D3D11 adapters:
[2019.11.15-19.27.11:987][  0]LogD3D11RHI:    0. 'NVIDIA GeForce RTX 2080' (Feature Level 11_0)
[2019.11.15-19.27.11:987][  0]LogD3D11RHI:       8010/0/32727 MB DedicatedVideo/DedicatedSystem/SharedSystem, Outputs:2, VendorId:0x10de
[2019.11.15-19.27.11:988][  0]LogD3D11RHI:    1. 'Microsoft Basic Render Driver' (Feature Level 11_0)
[2019.11.15-19.27.11:988][  0]LogD3D11RHI:       0/0/32727 MB DedicatedVideo/DedicatedSystem/SharedSystem, Outputs:0, VendorId:0x1414
[2019.11.15-19.27.11:988][  0]LogD3D11RHI: Chosen D3D11 Adapter: 0
[2019.11.15-19.27.11:994][  0]LogD3D11RHI: Creating new Direct3DDevice
[2019.11.15-19.27.11:994][  0]LogD3D11RHI:     GPU DeviceId: 0x1e82 (for the marketing name, search the web for "GPU Device Id")
[2019.11.15-19.27.11:994][  0]LogWindows: EnumDisplayDevices:
[2019.11.15-19.27.11:994][  0]LogWindows:    0. 'NVIDIA GeForce RTX 2080' (P:1 D:1)
[2019.11.15-19.27.11:994][  0]LogWindows:    1. 'NVIDIA GeForce RTX 2080' (P:0 D:1)
[2019.11.15-19.27.11:995][  0]LogWindows:    2. 'NVIDIA GeForce RTX 2080' (P:0 D:0)
[2019.11.15-19.27.11:995][  0]LogWindows:    3. 'NVIDIA GeForce RTX 2080' (P:0 D:0)
[2019.11.15-19.27.11:995][  0]LogWindows: DebugString: FoundDriverCount:4 
[2019.11.15-19.27.11:995][  0]LogD3D11RHI:     Adapter Name: NVIDIA GeForce RTX 2080
[2019.11.15-19.27.11:995][  0]LogD3D11RHI:   Driver Version: 441.08 (internal:26.21.14.4108, unified:441.08)
[2019.11.15-19.27.11:995][  0]LogD3D11RHI:      Driver Date: 10-22-2019
[2019.11.15-19.27.11:995][  0]LogRHI: Texture pool is 5607 MB (70% of 8010 MB)
[2019.11.15-19.27.12:044][  0]LogD3D11RHI: Async texture creation enabled
[2019.11.15-19.27.12:047][  0]LogRendererCore: FGlobalReadBuffer::InitRHI
[2019.11.15-19.27.12:047][  0]LogRendererCore: FGlobalReadBuffer::InitRHI
[2019.11.15-19.27.12:047][  0]LogRendererCore: FGlobalReadBuffer::InitRHI
[2019.11.15-19.27.12:055][  0]LogD3D11RHI: GPU Timing Frequency: 1000.000000 (Debug: 2 1)
[2019.11.15-19.27.12:269][  0]LogTemp: Display: Module 'AllDesktopTargetPlatform' loaded TargetPlatform 'AllDesktop'
[2019.11.15-19.27.12:278][  0]LogTemp: Display: Module 'MacClientTargetPlatform' loaded TargetPlatform 'MacClient'
[2019.11.15-19.27.12:286][  0]LogTemp: Display: Module 'MacNoEditorTargetPlatform' loaded TargetPlatform 'MacNoEditor'
[2019.11.15-19.27.12:295][  0]LogTemp: Display: Module 'MacServerTargetPlatform' loaded TargetPlatform 'MacServer'
[2019.11.15-19.27.12:304][  0]LogTemp: Display: Module 'MacTargetPlatform' loaded TargetPlatform 'Mac'
[2019.11.15-19.27.12:313][  0]LogTemp: Display: Module 'WindowsClientTargetPlatform' loaded TargetPlatform 'WindowsClient'
[2019.11.15-19.27.12:321][  0]LogTemp: Display: Module 'WindowsNoEditorTargetPlatform' loaded TargetPlatform 'WindowsNoEditor'
[2019.11.15-19.27.12:329][  0]LogTemp: Display: Module 'WindowsServerTargetPlatform' loaded TargetPlatform 'WindowsServer'
[2019.11.15-19.27.12:333][  0]LogTemp: Display: Module 'WindowsTargetPlatform' loaded TargetPlatform 'Windows'
[2019.11.15-19.27.12:388][  0]LogTemp: Display: Module 'AndroidTargetPlatform' loaded TargetPlatform 'Android'
[2019.11.15-19.27.12:388][  0]LogTemp: Display: Module 'AndroidTargetPlatform' loaded TargetPlatform 'Android_ASTC'
[2019.11.15-19.27.12:388][  0]LogTemp: Display: Module 'AndroidTargetPlatform' loaded TargetPlatform 'Android_ATC'
[2019.11.15-19.27.12:388][  0]LogTemp: Display: Module 'AndroidTargetPlatform' loaded TargetPlatform 'Android_DXT'
[2019.11.15-19.27.12:388][  0]LogTemp: Display: Module 'AndroidTargetPlatform' loaded TargetPlatform 'Android_ETC1'
[2019.11.15-19.27.12:388][  0]LogTemp: Display: Module 'AndroidTargetPlatform' loaded TargetPlatform 'Android_ETC1a'
[2019.11.15-19.27.12:388][  0]LogTemp: Display: Module 'AndroidTargetPlatform' loaded TargetPlatform 'Android_ETC2'
[2019.11.15-19.27.12:388][  0]LogTemp: Display: Module 'AndroidTargetPlatform' loaded TargetPlatform 'Android_PVRTC'
[2019.11.15-19.27.12:388][  0]LogTemp: Display: Module 'AndroidTargetPlatform' loaded TargetPlatform 'AndroidClient'
[2019.11.15-19.27.12:388][  0]LogTemp: Display: Module 'AndroidTargetPlatform' loaded TargetPlatform 'Android_ASTCClient'
[2019.11.15-19.27.12:388][  0]LogTemp: Display: Module 'AndroidTargetPlatform' loaded TargetPlatform 'Android_ATCClient'
[2019.11.15-19.27.12:388][  0]LogTemp: Display: Module 'AndroidTargetPlatform' loaded TargetPlatform 'Android_DXTClient'
[2019.11.15-19.27.12:388][  0]LogTemp: Display: Module 'AndroidTargetPlatform' loaded TargetPlatform 'Android_ETC1Client'
[2019.11.15-19.27.12:388][  0]LogTemp: Display: Module 'AndroidTargetPlatform' loaded TargetPlatform 'Android_ETC1aClient'
[2019.11.15-19.27.12:388][  0]LogTemp: Display: Module 'AndroidTargetPlatform' loaded TargetPlatform 'Android_ETC2Client'
[2019.11.15-19.27.12:388][  0]LogTemp: Display: Module 'AndroidTargetPlatform' loaded TargetPlatform 'Android_PVRTCClient'
[2019.11.15-19.27.12:388][  0]LogTemp: Display: Module 'AndroidTargetPlatform' loaded TargetPlatform 'Android_Multi'
[2019.11.15-19.27.12:388][  0]LogTemp: Display: Module 'AndroidTargetPlatform' loaded TargetPlatform 'Android_MultiClient'
[2019.11.15-19.27.12:389][  0]LogTemp: Display: Module 'HTML5TargetPlatform' loaded TargetPlatform 'HTML5'
[2019.11.15-19.27.12:428][  0]LogTemp: Display: Module 'IOSTargetPlatform' loaded TargetPlatform 'IOSClient'
[2019.11.15-19.27.12:428][  0]LogTemp: Display: Module 'IOSTargetPlatform' loaded TargetPlatform 'IOS'
[2019.11.15-19.27.12:443][  0]LogTemp: Display: Module 'TVOSTargetPlatform' loaded TargetPlatform 'TVOSClient'
[2019.11.15-19.27.12:444][  0]LogTemp: Display: Module 'TVOSTargetPlatform' loaded TargetPlatform 'TVOS'
[2019.11.15-19.27.12:452][  0]LogTemp: Display: Module 'LinuxClientTargetPlatform' loaded TargetPlatform 'LinuxClient'
[2019.11.15-19.27.12:460][  0]LogTemp: Display: Module 'LinuxNoEditorTargetPlatform' loaded TargetPlatform 'LinuxNoEditor'
[2019.11.15-19.27.12:468][  0]LogTemp: Display: Module 'LinuxServerTargetPlatform' loaded TargetPlatform 'LinuxServer'
[2019.11.15-19.27.12:475][  0]LogTemp: Display: Module 'LinuxTargetPlatform' loaded TargetPlatform 'Linux'
[2019.11.15-19.27.12:504][  0]LogTemp: Display: Module 'LuminTargetPlatform' loaded TargetPlatform 'Lumin'
[2019.11.15-19.27.12:504][  0]LogTemp: Display: Module 'LuminTargetPlatform' loaded TargetPlatform 'LuminClient'
[2019.11.15-19.27.12:504][  0]LogTargetPlatformManager: Display: Building Assets For Windows
[2019.11.15-19.27.12:508][  0]LogAudioDebug: Display: Lib vorbis DLL was dynamically loaded.
[2019.11.15-19.27.12:531][  0]LogShaderCompilers: Guid format shader working directory is 6 characters bigger than the processId version (../../../../../../Git/UEGym/BasicScripting/Intermediate/Shaders/WorkingDirectory/29928/).
[2019.11.15-19.27.12:532][  0]LogShaderCompilers: Cleaned the shader compiler working directory 'C:/Users/victor.l/AppData/Local/Temp/UnrealShaderWorkingDir/688FD30B402E93E8B2180CACD1C24000/'.
[2019.11.15-19.27.12:532][  0]LogXGEController: Cleaning working directory: C:/Users/victor.l/AppData/Local/Temp/UnrealXGEWorkingDir/
[2019.11.15-19.27.12:533][  0]LogXGEController: Cannot use XGE Controller as Incredibuild is not installed on this machine.
[2019.11.15-19.27.12:533][  0]LogShaderCompilers: Cannot use XGE Shader Compiler as Incredibuild is not installed on this machine.
[2019.11.15-19.27.12:533][  0]LogShaderCompilers: Display: Using Local Shader Compiler.
[2019.11.15-19.27.12:912][  0]LogDerivedDataCache: Display: Max Cache Size: 512 MB
[2019.11.15-19.27.12:948][  0]LogDerivedDataCache: Loaded boot cache 0.04s 71MB C:/Users/victor.l/AppData/Local/UnrealEngine/4.22/DerivedDataCache/Boot.ddc.
[2019.11.15-19.27.12:948][  0]LogDerivedDataCache: Display: Loaded Boot cache: C:/Users/victor.l/AppData/Local/UnrealEngine/4.22/DerivedDataCache/Boot.ddc
[2019.11.15-19.27.12:948][  0]LogDerivedDataCache: FDerivedDataBackendGraph:  Pak pak cache file ../../../../../../Git/UEGym/BasicScripting/DerivedDataCache/DDC.ddp not found, will not use a pak cache.
[2019.11.15-19.27.12:948][  0]LogDerivedDataCache: Unable to find inner node Pak for hierarchical cache Hierarchy.
[2019.11.15-19.27.12:948][  0]LogDerivedDataCache: FDerivedDataBackendGraph:  CompressedPak pak cache file ../../../../../../Git/UEGym/BasicScripting/DerivedDataCache/Compressed.ddp not found, will not use a pak cache.
[2019.11.15-19.27.12:948][  0]LogDerivedDataCache: Unable to find inner node CompressedPak for hierarchical cache Hierarchy.
[2019.11.15-19.27.12:957][  0]LogDerivedDataCache: Display: Pak cache opened for reading ../../../Engine/DerivedDataCache/Compressed.ddp.
[2019.11.15-19.27.12:957][  0]LogDerivedDataCache: FDerivedDataBackendGraph:  EnterprisePak pak cache file ../../../Enterprise/DerivedDataCache/Compressed.ddp not found, will not use a pak cache.
[2019.11.15-19.27.12:957][  0]LogDerivedDataCache: Unable to find inner node EnterprisePak for hierarchical cache Hierarchy.
[2019.11.15-19.27.12:969][  0]LogDerivedDataCache: Using Local data cache path C:/Users/victor.l/AppData/Local/UnrealEngine/Common/DerivedDataCache: Writable
[2019.11.15-19.27.12:969][  0]LogDerivedDataCache: Shared data cache path not found in *engine.ini, will not use an Shared cache.
[2019.11.15-19.27.12:969][  0]LogDerivedDataCache: Unable to find inner node Shared for hierarchical cache Hierarchy.
[2019.11.15-19.27.12:984][  0]LogMaterial: Verifying Global Shaders for PCD3D_SM5
[2019.11.15-19.27.12:985][  0]LogSlate: Using FreeType 2.6.0
[2019.11.15-19.27.12:985][  0]LogSlate: SlateFontServices - WITH_FREETYPE: 1, WITH_HARFBUZZ: 1
[2019.11.15-19.27.13:046][  0]LogAssetRegistry: FAssetRegistry took 0.0294 seconds to start up
[2019.11.15-19.27.13:256][  0]LogInit: Selected Device Profile: [Windows]
[2019.11.15-19.27.13:343][  0]LogMeshReduction: Using QuadricMeshReduction for automatic static mesh reduction
[2019.11.15-19.27.13:343][  0]LogMeshReduction: Using SimplygonMeshReduction for automatic skeletal mesh reduction
[2019.11.15-19.27.13:343][  0]LogMeshReduction: Using ProxyLODMeshReduction for automatic mesh merging
[2019.11.15-19.27.13:343][  0]LogMeshReduction: No distributed automatic mesh merging module available
[2019.11.15-19.27.13:343][  0]LogMeshMerging: No distributed automatic mesh merging module available
[2019.11.15-19.27.13:351][  0]LogNetVersion: BasicScripting 1.0.0, NetCL: 5660361, EngineNetVer: 10, GameNetVer: 0 (Checksum: 2027260730)
[2019.11.15-19.27.13:612][  0]LogPackageLocalizationCache: Processed 13 localized package path(s) for 1 prioritized culture(s) in 0.025990 seconds
[2019.11.15-19.27.13:616][  0]LogUObjectArray: 42205 objects as part of root set at end of initial load.
[2019.11.15-19.27.13:616][  0]LogUObjectAllocator: 7325032 out of 0 bytes used by permanent object pool.
[2019.11.15-19.27.13:616][  0]LogUObjectArray: CloseDisregardForGC: 0/0 objects in disregard for GC pool
[2019.11.15-19.27.14:504][  0]LogTcpMessaging: Initializing TcpMessaging bridge
[2019.11.15-19.27.14:517][  0]LogUdpMessaging: Initializing bridge on interface 0.0.0.0:0 to multicast group 230.0.0.1:6666.
[2019.11.15-19.27.14:612][  0]SourceControl: Source control is disabled
[2019.11.15-19.27.14:612][  0]SourceControl: Source control is disabled
[2019.11.15-19.27.14:613][  0]SourceControl: Source control is disabled
[2019.11.15-19.27.14:613][  0]SourceControl: Source control is disabled
[2019.11.15-19.27.14:688][  0]LogAndroidPermission: UAndroidPermissionCallbackProxy::GetInstance
[2019.11.15-19.27.14:755][  0]LogOcInput: OculusInput pre-init called
[2019.11.15-19.27.15:235][  0]LogEngine: Initializing Engine...
[2019.11.15-19.27.15:235][  0]LogHMD: Failed to initialize OpenVR with code 110
[2019.11.15-19.27.15:236][  0]LogStats: UGameplayTagsManager::InitializeManager -  0.000 s
[2019.11.15-19.27.15:377][  0]LogInit: Initializing FReadOnlyCVARCache
[2019.11.15-19.27.15:384][  0]LogAIModule: Creating AISystem for world Untitled
[2019.11.15-19.27.15:406][  0]LogInit: XAudio2 using 'Headphones (High Definition Audio Device)' : 2 channels at 48 kHz using 32 bits per sample (channel mask 0x3)
[2019.11.15-19.27.15:419][  0]LogInit: FAudioDevice initialized.
[2019.11.15-19.27.15:419][  0]LogNetVersion: Set ProjectVersion to 1.0.0.0. Version Checksum will be recalculated on next use.
[2019.11.15-19.27.15:466][  0]LogDerivedDataCache: Saved boot cache 0.05s 71MB C:/Users/victor.l/AppData/Local/UnrealEngine/4.22/DerivedDataCache/Boot.ddc.
[2019.11.15-19.27.15:475][  0]LogInit: Texture streaming: Enabled
[2019.11.15-19.27.15:484][  0]LogEngineSessionManager: EngineSessionManager initialized
[2019.11.15-19.27.15:495][  0]LogInit: Transaction tracking system initialized
[2019.11.15-19.27.15:506][  0]BlueprintLog: New page: Editor Load
[2019.11.15-19.27.15:550][  0]LocalizationService: Localization service is disabled
[2019.11.15-19.27.15:736][  0]LogFileCache: Scanning file cache for directory 'D:/Git/UEGym/BasicScripting/Content/' took 0.01s
[2019.11.15-19.27.15:736][  0]LogCook: Display: Max memory allowance for cook 16384mb min free memory 0mb
[2019.11.15-19.27.15:736][  0]LogCook: Display: Mobile HDR setting 1
[2019.11.15-19.27.15:840][  0]SourceControl: Source control is disabled
[2019.11.15-19.27.15:840][  0]Cmd: MAP LOAD FILE="../../../../../../Git/UEGym/BasicScripting/Content/L_Test1.umap" TEMPLATE=0 SHOWPROGRESS=1 FEATURELEVEL=3
[2019.11.15-19.27.15:841][  0]LightingResults: New page: Lighting Build
[2019.11.15-19.27.15:842][  0]MapCheck: New page: Map Check
[2019.11.15-19.27.15:842][  0]LightingResults: New page: Lighting Build
[2019.11.15-19.27.15:867][  0]LogUObjectHash: Compacting FUObjectHashTables data took   1.15ms
[2019.11.15-19.27.15:913][  0]LogAIModule: Creating AISystem for world L_Test1
[2019.11.15-19.27.15:917][  0]LogPython: Error: Traceback (most recent call last):
[2019.11.15-19.27.15:917][  0]LogPython: Error:   File "<string>", line 1, in <module>
[2019.11.15-19.27.15:917][  0]LogPython: Error: ImportError: No module named QtFunctions
[2019.11.15-19.27.15:917][  0]LogStreaming: Display: ULevelStreaming::RequestLevel(/Game/SUB_Light) is flushing async loading
[2019.11.15-19.27.15:917][  0]LogStreaming: Display: Flushing async loaders.
[2019.11.15-19.27.15:919][  0]LogEditorServer: Finished looking for orphan Actors (0.000 secs)
[2019.11.15-19.27.15:943][  0]LogUObjectHash: Compacting FUObjectHashTables data took   1.31ms
[2019.11.15-19.27.15:943][  0]Cmd: MAP CHECKDEP NOCLEARLOG
[2019.11.15-19.27.15:943][  0]MapCheck: Map check complete: 0 Error(s), 0 Warning(s), took 0.095ms to complete.
[2019.11.15-19.27.15:943][  0]LogFileHelpers: Loading map 'L_Test1' took 0.102
[2019.11.15-19.27.16:028][  0]LogSlate: Updating window title bar state: overlay mode, drag disabled, window buttons hidden, title bar hidden
[2019.11.15-19.27.16:033][  0]LogSlate: Updating window title bar state: overlay mode, drag disabled, window buttons hidden, title bar hidden
[2019.11.15-19.27.16:038][  0]LogSlate: Updating window title bar state: overlay mode, drag disabled, window buttons hidden, title bar hidden
[2019.11.15-19.27.16:043][  0]LogSlate: Updating window title bar state: overlay mode, drag disabled, window buttons hidden, title bar hidden
[2019.11.15-19.27.16:045][  0]LogCollectionManager: Loaded 0 collections in 0.000548 seconds
[2019.11.15-19.27.16:070][  0]LogFileCache: Scanning file cache for directory 'D:/Git/UEGym/BasicScripting/Saved/Collections/' took 0.01s
[2019.11.15-19.27.16:070][  0]LogFileCache: Scanning file cache for directory 'D:/Git/UEGym/BasicScripting/Content/Developers/victorl/Collections/' took 0.00s
[2019.11.15-19.27.16:070][  0]LogFileCache: Scanning file cache for directory 'D:/Git/UEGym/BasicScripting/Content/Collections/' took 0.01s
[2019.11.15-19.27.16:070][  0]LogCollectionManager: Rebuilt the GUID cache for 0 collections in 0.000000 seconds
[2019.11.15-19.27.16:076][  0]LogContentBrowser: Native class hierarchy populated in 0.0062 seconds. Added 2775 classes and 676 folders.
[2019.11.15-19.27.16:081][  0]LogContentBrowser: Native class hierarchy updated for 'WidgetCarousel' in 0.0002 seconds. Added 0 classes and 0 folders.
[2019.11.15-19.27.16:081][  0]LogPakFile: Registered encryption key '00000000000000000000000000000000': 0 pak files mounted, 0 remain pending
[2019.11.15-19.27.16:082][  0]LogPakFile: Registered encryption key '00000000000000000000000000000000': 0 pak files mounted, 0 remain pending
[2019.11.15-19.27.16:082][  0]LogPakFile: Registered encryption key '00000000000000000000000000000000': 0 pak files mounted, 0 remain pending
[2019.11.15-19.27.16:082][  0]LogPakFile: Registered encryption key '00000000000000000000000000000000': 0 pak files mounted, 0 remain pending
[2019.11.15-19.27.16:083][  0]LogPakFile: Registered encryption key '00000000000000000000000000000000': 0 pak files mounted, 0 remain pending
[2019.11.15-19.27.16:083][  0]LogPakFile: Registered encryption key '00000000000000000000000000000000': 0 pak files mounted, 0 remain pending
[2019.11.15-19.27.16:083][  0]LogPakFile: Registered encryption key '00000000000000000000000000000000': 0 pak files mounted, 0 remain pending
[2019.11.15-19.27.16:083][  0]LogPakFile: Registered encryption key '00000000000000000000000000000000': 0 pak files mounted, 0 remain pending
[2019.11.15-19.27.16:083][  0]LogPakFile: Registered encryption key '00000000000000000000000000000000': 0 pak files mounted, 0 remain pending
[2019.11.15-19.27.16:084][  0]LogPakFile: Registered encryption key '00000000000000000000000000000000': 0 pak files mounted, 0 remain pending
[2019.11.15-19.27.16:084][  0]LogPakFile: Registered encryption key '00000000000000000000000000000000': 0 pak files mounted, 0 remain pending
[2019.11.15-19.27.16:084][  0]LogPakFile: Registered encryption key '00000000000000000000000000000000': 0 pak files mounted, 0 remain pending
[2019.11.15-19.27.16:084][  0]LogPakFile: Registered encryption key '00000000000000000000000000000000': 0 pak files mounted, 0 remain pending
[2019.11.15-19.27.16:085][  0]LogPakFile: Registered encryption key '00000000000000000000000000000000': 0 pak files mounted, 0 remain pending
[2019.11.15-19.27.16:085][  0]LogPakFile: Registered encryption key '00000000000000000000000000000000': 0 pak files mounted, 0 remain pending
[2019.11.15-19.27.16:085][  0]LogPakFile: Registered encryption key '00000000000000000000000000000000': 0 pak files mounted, 0 remain pending
[2019.11.15-19.27.16:085][  0]LogPakFile: Registered encryption key '00000000000000000000000000000000': 0 pak files mounted, 0 remain pending
[2019.11.15-19.27.16:086][  0]LogPakFile: Registered encryption key '00000000000000000000000000000000': 0 pak files mounted, 0 remain pending
[2019.11.15-19.27.16:086][  0]LogPakFile: Registered encryption key '00000000000000000000000000000000': 0 pak files mounted, 0 remain pending
[2019.11.15-19.27.16:086][  0]LogPakFile: Registered encryption key '00000000000000000000000000000000': 0 pak files mounted, 0 remain pending
[2019.11.15-19.27.16:087][  0]LogPakFile: Registered encryption key '00000000000000000000000000000000': 0 pak files mounted, 0 remain pending
[2019.11.15-19.27.16:087][  0]LogPakFile: Registered encryption key '00000000000000000000000000000000': 0 pak files mounted, 0 remain pending
[2019.11.15-19.27.16:087][  0]LogPakFile: Registered encryption key '00000000000000000000000000000000': 0 pak files mounted, 0 remain pending
[2019.11.15-19.27.16:087][  0]LogPakFile: Registered encryption key '00000000000000000000000000000000': 0 pak files mounted, 0 remain pending
[2019.11.15-19.27.16:088][  0]LogPakFile: Registered encryption key '00000000000000000000000000000000': 0 pak files mounted, 0 remain pending
[2019.11.15-19.27.16:088][  0]LogPakFile: Registered encryption key '00000000000000000000000000000000': 0 pak files mounted, 0 remain pending
[2019.11.15-19.27.16:103][  0]LogContentBrowser: Native class hierarchy updated for 'AddContentDialog' in 0.0002 seconds. Added 0 classes and 0 folders.
[2019.11.15-19.27.16:107][  0]LogContentBrowser: Native class hierarchy updated for 'SceneOutliner' in 0.0002 seconds. Added 1 classes and 2 folders.
[2019.11.15-19.27.16:148][  0]LogContentBrowser: Native class hierarchy updated for 'WorldBrowser' in 0.0002 seconds. Added 2 classes and 3 folders.
[2019.11.15-19.27.16:179][  0]LogContentBrowser: Native class hierarchy updated for 'HierarchicalLODOutliner' in 0.0002 seconds. Added 0 classes and 0 folders.
[2019.11.15-19.27.16:179][  0]LogLoad: (Engine Initialization) Total time: 6.16 seconds
[2019.11.15-19.27.16:179][  0]LogLoad: (Engine Initialization) Total Blueprint compile time: 0.00 seconds
[2019.11.15-19.27.16:204][  0]LogAssetRegistry: Asset discovery search completed in 3.1800 seconds
[2019.11.15-19.27.16:206][  0]LogCollectionManager: Rebuilt the object cache for 0 collections in 0.000000 seconds (found 0 objects)
[2019.11.15-19.27.16:206][  0]LogCollectionManager: Fixed up redirectors for 0 collections in 0.000038 seconds (updated 0 objects)
[2019.11.15-19.27.16:206][  0]LogContentStreaming: Texture pool size now 1000 MB
[2019.11.15-19.27.16:211][  0]LogSlate: Took 0.000086 seconds to synchronously load lazily loaded font '../../../Engine/Content/Slate/Fonts/Roboto-Regular.ttf' (155K)
[2019.11.15-19.27.16:213][  0]LogSlate: Took 0.000067 seconds to synchronously load lazily loaded font '../../../Engine/Content/Editor/Slate/Fonts/FontAwesome.ttf' (139K)
[2019.11.15-19.27.16:214][  0]LogSlate: Took 0.000064 seconds to synchronously load lazily loaded font '../../../Engine/Content/Slate/Fonts/Roboto-Bold.ttf' (160K)
[2019.11.15-19.27.16:215][  0]LogSlate: Took 0.000052 seconds to synchronously load lazily loaded font '../../../Engine/Content/Slate/Fonts/DroidSansMono.ttf' (77K)
[2019.11.15-19.27.16:279][  1]LogPython: Warning: hello unreal!
[2019.11.15-19.27.16:345][  3]LogRenderer: Reallocating scene render targets to support 128x128 Format 10 NumSamples 1 (Frame:0).
[2019.11.15-19.27.18:191][220]LogPython: Display: Generating Python API stub file...
[2019.11.15-19.27.18:249][220]LogPython: Display:   ...generating Python API: glue code
[2019.11.15-19.27.18:396][220]LogPython: Display:   ...generating Python API: additional code
[2019.11.15-19.27.18:434][220]LogPython: Display:   ...generated: D:/Git/UEGym/BasicScripting/Intermediate/PythonStub/unreal.py
[2019.11.15-19.27.20:971][521]LogRenderer: Reallocating scene render targets to support 640x540 Format 10 NumSamples 1 (Frame:1).
[2019.11.15-19.27.21:563][590]LogEditorViewport: Clicking on Actor (LMB): BP_ExecutePython_C (Python)
[2019.11.15-19.27.22:452][695]LogSlate: FSceneViewport::OnFocusLost() reason 0
[2019.11.15-19.27.33:851][ 16]LogPython: Loading asset: D:/Git/UEGym/BasicScripting/Assets/bunny_low.FBX
[2019.11.15-19.27.33:852][ 16]LogPython: 

[2019.11.15-19.30.29:351][ 10]LogPython: Loading asset: D:/Git/UEGym/BasicScripting/Assets/bunny_low.FBX
[2019.11.15-19.30.29:351][ 10]LogPython: 

[2019.11.15-19.31.50:783][426]LogPython: Error: Traceback (most recent call last):

[2019.11.15-19.31.50:783][426]LogPython: Error:   File "D:\Git\UEGym\BasicScripting\Plugins\UnrealPythonLibraryPlugin\Content\Python\QtWindows\QtWindowIGG.py", line 95, in importSM

[2019.11.15-19.31.50:783][426]LogPython: Error:     
[2019.11.15-19.31.50:783][426]LogPython: Error: importPath = '/Game/' + self.importPath.split('Content\\')[1]

[2019.11.15-19.31.50:783][426]LogPython: Error: AttributeError
[2019.11.15-19.31.50:783][426]LogPython: Error: : 
[2019.11.15-19.31.50:783][426]LogPython: Error: 'NoneType' object has no attribute 'split'
[2019.11.15-19.31.50:783][426]LogPython: Error: 

[2019.11.15-19.33.32:270][376]LogPython: Loading asset: D:/Git/UEGym/BasicScripting/Assets/bunny_low.FBX
[2019.11.15-19.33.32:270][376]LogPython: 

[2019.11.15-19.33.39:758][ 13]LogPython: Error: Traceback (most recent call last):

[2019.11.15-19.33.39:758][ 13]LogPython: Error:   File "D:\Git\UEGym\BasicScripting\Plugins\UnrealPythonLibraryPlugin\Content\Python\QtWindows\QtWindowIGG.py", line 97, in importSM

[2019.11.15-19.33.39:758][ 13]LogPython: Error:     
[2019.11.15-19.33.39:758][ 13]LogPython: Error: unreal.logWarning(importPath)

[2019.11.15-19.33.39:758][ 13]LogPython: Error: AttributeError
[2019.11.15-19.33.39:758][ 13]LogPython: Error: : 
[2019.11.15-19.33.39:758][ 13]LogPython: Error: 'module' object has no attribute 'logWarning'
[2019.11.15-19.33.39:759][ 13]LogPython: Error: 

[2019.11.15-19.35.10:790][763]LogPython: Loading asset: D:/Git/UEGym/BasicScripting/Assets/bunny_low.FBX
[2019.11.15-19.35.10:790][763]LogPython: 

[2019.11.15-19.35.17:001][158]LogSlate: Took 0.000116 seconds to synchronously load lazily loaded font '../../../Engine/Content/Slate/Fonts/Roboto-Italic.ttf' (157K)
[2019.11.15-19.35.20:328][557]LogPython: D:\Git\UEGym\BasicScripting\Content\Animation
[2019.11.15-19.35.20:328][557]LogPython: 

[2019.11.15-19.35.20:330][557]LogSlate: Took 0.000097 seconds to synchronously load lazily loaded font '../../../Engine/Content/Slate/Fonts/Roboto-Light.ttf' (167K)
[2019.11.15-19.35.20:341][557]LogPackageName: Error: DoesPackageExist: DoesPackageExist FAILED: 'D__Git_UEGym_BasicScripting_Content_Animation/bunny_low' is not a standard unreal filename or a long path name. Reason: Path should start with a '/'
[2019.11.15-19.35.20:341][557]LogPackageName: Error: DoesPackageExist: DoesPackageExist FAILED: 'D__Git_UEGym_BasicScripting_Content_Animation/bunny_low' is not a standard unreal filename or a long path name. Reason: Path should start with a '/'
[2019.11.15-19.35.20:342][557]LogPackageName: Error: DoesPackageExist: DoesPackageExist FAILED: 'D__Git_UEGym_BasicScripting_Content_Animation/bunny_low' is not a standard unreal filename or a long path name. Reason: Path should start with a '/'
[2019.11.15-19.35.20:342][557]LogPackageName: Error: DoesPackageExist: DoesPackageExist FAILED: 'D__Git_UEGym_BasicScripting_Content_Animation/bunny_low' is not a standard unreal filename or a long path name. Reason: Path should start with a '/'
[2019.11.15-19.35.20:343][557]LogFactory: FactoryCreateFile: StaticMesh with FbxFactory (0 0 D:/Git/UEGym/BasicScripting/Assets/bunny_low.FBX)
[2019.11.15-19.35.20:351][557]LogFbx: Loading FBX Scene from D:/Git/UEGym/BasicScripting/Assets/bunny_low.FBX
[2019.11.15-19.35.20:359][557]LogFbx: FBX Scene Loaded Succesfully
[2019.11.15-19.35.20:359][557]LogPackageName: Error: DoesPackageExist: DoesPackageExist FAILED: 'D__Git_UEGym_BasicScripting_Content_Animation/bunny_low' is not a standard unreal filename or a long path name. Reason: Path should start with a '/'
[2019.11.15-19.35.20:360][557]LogPackageName: Error: DoesPackageExist: DoesPackageExist FAILED: 'D__Git_UEGym_BasicScripting_Content_Animation/WorldGridMaterial' is not a standard unreal filename or a long path name. Reason: Path should start with a '/'
[2019.11.15-19.35.20:381][557]LogOutputDevice: Warning: 

Script Stack (1 frames):
AssetTools.ImportAssetTasks

[2019.11.15-19.35.20:382][557]LogWindows: Windows GetLastError: The operation completed successfully. (0)
[2019.11.15-19.35.21:626][557]LogWindows: Error: === Critical error: ===
[2019.11.15-19.35.21:626][557]LogWindows: Error: 
[2019.11.15-19.35.21:626][557]LogWindows: Error: Fatal error: [File:D:\Build\++UE4\Sync\Engine\Source\Runtime\CoreUObject\Private\Misc\PackageName.cpp] [Line: 446] 
[2019.11.15-19.35.21:626][557]LogWindows: Error: LongPackageNameToFilename failed to convert 'D__Git_UEGym_BasicScripting_Content_Animation/bunny_low'. Path does not map to any roots.
[2019.11.15-19.35.21:626][557]LogWindows: Error: 
[2019.11.15-19.35.21:626][557]LogWindows: Error: 
[2019.11.15-19.35.21:626][557]LogWindows: Error: [Callstack] 0x00007ffca81ea839 KERNELBASE.dll!UnknownFunction []
[2019.11.15-19.35.21:626][557]LogWindows: Error: [Callstack] 0x00007ffc83d51f37 UE4Editor-Core.dll!UnknownFunction []
[2019.11.15-19.35.21:626][557]LogWindows: Error: [Callstack] 0x00007ffc83d546e7 UE4Editor-Core.dll!UnknownFunction []
[2019.11.15-19.35.21:626][557]LogWindows: Error: [Callstack] 0x00007ffc83b67d1a UE4Editor-Core.dll!UnknownFunction []
[2019.11.15-19.35.21:626][557]LogWindows: Error: [Callstack] 0x00007ffc83aefe33 UE4Editor-Core.dll!UnknownFunction []
[2019.11.15-19.35.21:626][557]LogWindows: Error: [Callstack] 0x00007ffc83aefd18 UE4Editor-Core.dll!UnknownFunction []
[2019.11.15-19.35.21:626][557]LogWindows: Error: [Callstack] 0x00007ffc833c2b76 UE4Editor-CoreUObject.dll!UnknownFunction []
[2019.11.15-19.35.21:626][557]LogWindows: Error: [Callstack] 0x00007ffc70ad4fa5 UE4Editor-Engine.dll!UnknownFunction []
[2019.11.15-19.35.21:626][557]LogWindows: Error: [Callstack] 0x00007ffc70ae4101 UE4Editor-Engine.dll!UnknownFunction []
[2019.11.15-19.35.21:626][557]LogWindows: Error: [Callstack] 0x00007ffc6d107b34 UE4Editor-UnrealEd.dll!UnknownFunction []
[2019.11.15-19.35.21:626][557]LogWindows: Error: [Callstack] 0x00007ffc6cfb679e UE4Editor-UnrealEd.dll!UnknownFunction []
[2019.11.15-19.35.21:626][557]LogWindows: Error: [Callstack] 0x00007ffc6cf4cb66 UE4Editor-UnrealEd.dll!UnknownFunction []
[2019.11.15-19.35.21:626][557]LogWindows: Error: [Callstack] 0x00007ffc609dfc99 UE4Editor-AssetTools.dll!UnknownFunction []
[2019.11.15-19.35.21:626][557]LogWindows: Error: [Callstack] 0x00007ffc609dcf4b UE4Editor-AssetTools.dll!UnknownFunction []
[2019.11.15-19.35.21:626][557]LogWindows: Error: [Callstack] 0x00007ffc60a2168a UE4Editor-AssetTools.dll!UnknownFunction []
[2019.11.15-19.35.21:626][557]LogWindows: Error: [Callstack] 0x00007ffc8342bac8 UE4Editor-CoreUObject.dll!UnknownFunction []
[2019.11.15-19.35.21:626][557]LogWindows: Error: [Callstack] 0x00007ffc8363df07 UE4Editor-CoreUObject.dll!UnknownFunction []
[2019.11.15-19.35.21:626][557]LogWindows: Error: [Callstack] 0x00007ffc5f2367db UE4Editor-PythonScriptPlugin.dll!UnknownFunction []
[2019.11.15-19.35.21:626][557]LogWindows: Error: [Callstack] 0x00007ffc5f277799 UE4Editor-PythonScriptPlugin.dll!UnknownFunction []
[2019.11.15-19.35.21:626][557]LogWindows: Error: [Callstack] 0x00007ffc5f2782c4 UE4Editor-PythonScriptPlugin.dll!UnknownFunction []
[2019.11.15-19.35.21:627][557]LogWindows: Error: [Callstack] 0x00007ffc5f21f39f UE4Editor-PythonScriptPlugin.dll!UnknownFunction []
[2019.11.15-19.35.21:627][557]LogWindows: Error: [Callstack] 0x000000006a014dd3 python27.dll!UnknownFunction []
[2019.11.15-19.35.21:627][557]LogWindows: Error: [Callstack] 0x000000006a0c1fbb python27.dll!UnknownFunction []
[2019.11.15-19.35.21:627][557]LogWindows: Error: [Callstack] 0x000000006a0c1a55 python27.dll!UnknownFunction []
[2019.11.15-19.35.21:627][557]LogWindows: Error: [Callstack] 0x000000006a0beeab python27.dll!UnknownFunction []
[2019.11.15-19.35.21:627][557]LogWindows: Error: [Callstack] 0x000000006a0c0421 python27.dll!UnknownFunction []
[2019.11.15-19.35.21:627][557]LogWindows: Error: [Callstack] 0x000000006a0c1bf9 python27.dll!UnknownFunction []
[2019.11.15-19.35.21:627][557]LogWindows: Error: [Callstack] 0x000000006a0c1a3f python27.dll!UnknownFunction []
[2019.11.15-19.35.21:627][557]LogWindows: Error: [Callstack] 0x000000006a0beeab python27.dll!UnknownFunction []
[2019.11.15-19.35.21:627][557]LogWindows: Error: [Callstack] 0x000000006a0c0421 python27.dll!UnknownFunction []
[2019.11.15-19.35.21:627][557]LogWindows: Error: [Callstack] 0x000000006a0499d8 python27.dll!UnknownFunction []
[2019.11.15-19.35.21:627][557]LogWindows: Error: [Callstack] 0x000000006a014dd3 python27.dll!UnknownFunction []
[2019.11.15-19.35.21:627][557]LogWindows: Error: [Callstack] 0x000000006a029df9 python27.dll!UnknownFunction []
[2019.11.15-19.35.21:627][557]LogWindows: Error: [Callstack] 0x000000006a014dd3 python27.dll!UnknownFunction []
[2019.11.15-19.35.21:627][557]LogWindows: Error: [Callstack] 0x000000006a0c1551 python27.dll!UnknownFunction []
[2019.11.15-19.35.21:627][557]LogWindows: Error: [Callstack] 0x000001a60ed456ef pyside-python2.7.dll!UnknownFunction []
[2019.11.15-19.35.21:627][557]LogWindows: Error: [Callstack] 0x000001a60ed458ab pyside-python2.7.dll!UnknownFunction []
[2019.11.15-19.35.21:627][557]LogWindows: Error: [Callstack] 0x000001a60ed45baf pyside-python2.7.dll!UnknownFunction []
[2019.11.15-19.35.21:627][557]LogWindows: Error: [Callstack] 0x000001a615f6082a QtGui.pyd!UnknownFunction []
[2019.11.15-19.35.21:627][557]LogWindows: Error: [Callstack] 0x0000000069c8fa71 QtCore4.dll!UnknownFunction []
[2019.11.15-19.35.21:627][557]LogWindows: Error: [Callstack] 0x0000000069488723 QtGui4.dll!UnknownFunction []
[2019.11.15-19.35.21:627][557]LogWindows: Error: [Callstack] 0x0000000069225f6f QtGui4.dll!UnknownFunction []
[2019.11.15-19.35.21:627][557]LogWindows: Error: [Callstack] 0x0000000069227635 QtGui4.dll!UnknownFunction []
[2019.11.15-19.35.21:627][557]LogWindows: Error: [Callstack] 0x00000000692278ca QtGui4.dll!UnknownFunction []
[2019.11.15-19.35.21:627][557]LogWindows: Error: [Callstack] 0x0000000068f1e0fb QtGui4.dll!UnknownFunction []
[2019.11.15-19.35.21:627][557]LogWindows: Error: [Callstack] 0x0000000068ed2b72 QtGui4.dll!UnknownFunction []
[2019.11.15-19.35.21:627][557]LogWindows: Error: [Callstack] 0x0000000068ed4653 QtGui4.dll!UnknownFunction []
[2019.11.15-19.35.21:627][557]LogWindows: Error: [Callstack] 0x000001a615b51558 QtGui.pyd!UnknownFunction []
[2019.11.15-19.35.21:627][557]LogWindows: Error: [Callstack] 0x0000000069c79c21 QtCore4.dll!UnknownFunction []
[2019.11.15-19.35.21:627][557]LogWindows: Error: [Callstack] 0x0000000068ed3b03 QtGui4.dll!UnknownFunction []
[2019.11.15-19.35.21:627][557]LogWindows: Error: [Callstack] 0x0000000068f362e8 QtGui4.dll!UnknownFunction []
[2019.11.15-19.35.21:627][557]LogWindows: Error: [Callstack] 0x0000000068f38fab QtGui4.dll!UnknownFunction []
[2019.11.15-19.35.21:627][557]LogWindows: Error: [Callstack] 0x00007ffca9e063ed USER32.dll!UnknownFunction []
[2019.11.15-19.35.21:627][557]LogWindows: Error: [Callstack] 0x00007ffca9e05de2 USER32.dll!UnknownFunction []
[2019.11.15-19.35.21:627][557]LogWindows: Error: [Callstack] 0x00007ffc9e11e946 UE4Editor-ApplicationCore.dll!UnknownFunction []
[2019.11.15-19.35.21:627][557]LogWindows: Error: [Callstack] 0x00007ff790e05d3e UE4Editor.exe!UnknownFunction []
[2019.11.15-19.35.21:627][557]LogWindows: Error: [Callstack] 0x00007ff790e1554c UE4Editor.exe!UnknownFunction []
[2019.11.15-19.35.21:627][557]LogWindows: Error: [Callstack] 0x00007ff790e155ca UE4Editor.exe!UnknownFunction []
[2019.11.15-19.35.21:627][557]LogWindows: Error: [Callstack] 0x00007ff790e2316c UE4Editor.exe!UnknownFunction []
[2019.11.15-19.35.21:627][557]LogWindows: Error: [Callstack] 0x00007ff790e25b8e UE4Editor.exe!UnknownFunction []
[2019.11.15-19.35.21:627][557]LogWindows: Error: [Callstack] 0x00007ffcaa917bd4 KERNEL32.DLL!UnknownFunction []
[2019.11.15-19.35.21:627][557]LogWindows: Error: [Callstack] 0x00007ffcab12ced1 ntdll.dll!UnknownFunction []
[2019.11.15-19.35.21:627][557]LogWindows: Error: 
[2019.11.15-19.35.21:638][557]LogExit: Executing StaticShutdownAfterError
[2019.11.15-19.35.21:642][557]LogWindows: FPlatformMisc::RequestExit(1)
[2019.11.15-19.35.21:645][557]Log file closed, 11/15/19 11:35:21
