Log file open, 11/07/19 11:07:59
LogWindows: Failed to load 'aqProf.dll' (GetLastError=126)
LogWindows: File 'aqProf.dll' does not exist
LogWindows: Failed to load 'VtuneApi.dll' (GetLastError=126)
LogWindows: File 'VtuneApi.dll' does not exist
LogWindows: Failed to load 'VtuneApi32e.dll' (GetLastError=126)
LogWindows: File 'VtuneApi32e.dll' does not exist
LogConsoleResponse: Display: Failed to find resolution value strings in scalability ini. Falling back to default.
LogInit: Display: Running engine for game: BasicScripting
LogPakFile: Registered encryption key '00000000000000000000000000000000': 0 pak files mounted, 0 remain pending
LogPlatformFile: Not using cached read wrapper
LogTaskGraph: Started task graph with 5 named threads and 47 total threads with 3 sets of task threads.
LogStats: Stats thread started at 0.551353
LogD3D11RHI: Loaded GFSDK_Aftermath_Lib.x64.dll
LogICUInternationalization: ICU TimeZone Detection - Raw Offset: -8:00, Platform Override: ''
LogPluginManager: Mounting plugin Paper2D
LogPluginManager: Mounting plugin AISupport
LogPluginManager: Mounting plugin LightPropagationVolume
LogPluginManager: Mounting plugin ActorLayerUtilities
LogPluginManager: Mounting plugin AnimationSharing
LogPluginManager: Mounting plugin CLionSourceCodeAccess
LogPluginManager: Mounting plugin CodeLiteSourceCodeAccess
LogPluginManager: Mounting plugin GitSourceControl
LogPluginManager: Mounting plugin KDevelopSourceCodeAccess
LogPluginManager: Mounting plugin NullSourceCodeAccess
LogPluginManager: Mounting plugin PerforceSourceControl
LogPluginManager: Mounting plugin SubversionSourceControl
LogPluginManager: Mounting plugin UObjectPlugin
LogPluginManager: Mounting plugin VisualStudioCodeSourceCodeAccess
LogPluginManager: Mounting plugin VisualStudioSourceCodeAccess
LogPluginManager: Mounting plugin XCodeSourceCodeAccess
LogPluginManager: Mounting plugin AssetManagerEditor
LogPluginManager: Mounting plugin CryptoKeys
LogPluginManager: Mounting plugin DataValidation
LogPluginManager: Mounting plugin EditorScriptingUtilities
LogPluginManager: Mounting plugin FacialAnimation
LogPluginManager: Mounting plugin GameplayTagsEditor
LogPluginManager: Mounting plugin MacGraphicsSwitching
LogPluginManager: Mounting plugin MaterialAnalyzer
LogPluginManager: Mounting plugin MobileLauncherProfileWizard
LogPluginManager: Mounting plugin PluginBrowser
LogPluginManager: Mounting plugin SpeedTreeImporter
LogPluginManager: Mounting plugin DatasmithContent
LogPluginManager: Mounting plugin VariantManagerContent
LogPluginManager: Mounting plugin AlembicImporter
LogPluginManager: Mounting plugin AppleImageUtils
LogPluginManager: Mounting plugin AppleVision
LogPluginManager: Mounting plugin BackChannel
LogPluginManager: Mounting plugin CharacterAI
LogPluginManager: Mounting plugin GeometryCache
LogPluginManager: Mounting plugin HTML5Networking
LogPluginManager: Mounting plugin ProxyLODPlugin
LogPluginManager: Mounting plugin PythonScriptPlugin
LogPluginManager: Mounting plugin SkeletalReduction
LogPluginManager: Mounting plugin MagicLeap
LogPluginManager: Mounting plugin MagicLeapMedia
LogPluginManager: Mounting plugin AndroidMedia
LogPluginManager: Mounting plugin AvfMedia
LogPluginManager: Mounting plugin ImgMedia
LogPluginManager: Mounting plugin LinearTimecode
LogPluginManager: Mounting plugin MediaCompositing
LogPluginManager: Mounting plugin MediaPlayerEditor
LogPluginManager: Mounting plugin WebMMedia
LogPluginManager: Mounting plugin WmfMedia
LogPluginManager: Mounting plugin TcpMessaging
LogPluginManager: Mounting plugin UdpMessaging
LogPluginManager: Mounting plugin ActorSequence
LogPluginManager: Mounting plugin LevelSequenceEditor
LogPluginManager: Mounting plugin MatineeToLevelSequence
LogPluginManager: Mounting plugin SequencerScripting
LogPluginManager: Mounting plugin NetcodeUnitTest
LogPluginManager: Mounting plugin NUTUnrealEngine4
LogPluginManager: Mounting plugin OnlineSubsystemGooglePlay
LogPluginManager: Mounting plugin OnlineSubsystemIOS
LogPluginManager: Mounting plugin OnlineSubsystem
LogPluginManager: Mounting plugin OnlineSubsystemNull
LogPluginManager: Mounting plugin OnlineSubsystemUtils
LogPluginManager: Mounting plugin LauncherChunkInstaller
LogPluginManager: Mounting plugin AndroidDeviceProfileSelector
LogPluginManager: Mounting plugin AndroidMoviePlayer
LogPluginManager: Mounting plugin AndroidPermission
LogPluginManager: Mounting plugin AppleMoviePlayer
LogPluginManager: Mounting plugin ArchVisCharacter
LogPluginManager: Mounting plugin AudioCapture
LogPluginManager: Mounting plugin CableComponent
LogPluginManager: Mounting plugin CustomMeshComponent
LogPluginManager: Mounting plugin EditableMesh
LogPluginManager: Mounting plugin ExampleDeviceProfileSelector
LogPluginManager: Mounting plugin Firebase
LogPluginManager: Mounting plugin GoogleCloudMessaging
LogPluginManager: Mounting plugin IOSDeviceProfileSelector
LogPluginManager: Mounting plugin LinuxDeviceProfileSelector
LogPluginManager: Mounting plugin LocationServicesBPLibrary
LogPluginManager: Mounting plugin MobilePatchingUtils
LogPluginManager: Mounting plugin OculusVR
LogPluginManager: Mounting plugin PhysXVehicles
LogPluginManager: Mounting plugin ProceduralMeshComponent
LogPluginManager: Mounting plugin RuntimePhysXCooking
LogPluginManager: Mounting plugin SignificanceManager
LogPluginManager: Mounting plugin SteamVR
LogPluginManager: Mounting plugin WebMMoviePlayer
LogPluginManager: Mounting plugin WindowsMoviePlayer
LogPluginManager: Mounting plugin UnrealPythonLibraryPlugin
LogInit: Using libcurl 7.55.1-DEV
LogInit:  - built for x86_64-pc-win32
LogInit:  - supports SSL with OpenSSL/1.1.1
LogInit:  - supports HTTP deflate (compression) using libz 1.2.8
LogInit:  - other features:
LogInit:      CURL_VERSION_SSL
LogInit:      CURL_VERSION_LIBZ
LogInit:      CURL_VERSION_IPV6
LogInit:      CURL_VERSION_ASYNCHDNS
LogInit:      CURL_VERSION_LARGEFILE
LogInit:      CURL_VERSION_IDN
LogInit:  CurlRequestOptions (configurable via config and command line):
LogInit:  - bVerifyPeer = true  - Libcurl will verify peer certificate
LogInit:  - bUseHttpProxy = false  - Libcurl will NOT use HTTP proxy
LogInit:  - bDontReuseConnections = false  - Libcurl will reuse connections
LogInit:  - MaxHostConnections = 16  - Libcurl will limit the number of connections to a host
LogInit:  - LocalHostAddr = Default
LogInit:  - BufferSize = 65536
LogInit: WinSock: version 1.1 (2.2), MaxSocks=32767, MaxUdp=65467
LogInit: Build: ++UE4+Release-4.22-CL-7053642
LogInit: Engine Version: 4.22.3-7053642+++UE4+Release-4.22
LogInit: Compatible Engine Version: 4.22.0-5660361+++UE4+Release-4.22
LogInit: Net CL: 5660361
LogInit: OS: Windows 10 (Release 1903) (), CPU: Intel(R) Core(TM) i9-9900K CPU @ 3.60GHz, GPU: NVIDIA GeForce RTX 2080
LogInit: Compiled (64-bit): Jun 18 2019 03:09:11
LogInit: Compiled with Visual C++: 19.16.27025.01
LogInit: Build Configuration: Development
LogInit: Branch Name: ++UE4+Release-4.22
LogInit: Command Line: 
LogInit: Base Directory: D:/Program Files/Epic Games/UE_4.22/Engine/Binaries/Win64/
LogInit: Installed Engine Build: 1
LogDevObjectVersion: Number of dev versions registered: 23
LogDevObjectVersion:   Dev-Blueprints (B0D832E4-1F89-4F0D-ACCF-7EB736FD4AA2): 10
LogDevObjectVersion:   Dev-Build (E1C64328-A22C-4D53-A36C-8E866417BD8C): 0
LogDevObjectVersion:   Dev-Core (375EC13C-06E4-48FB-B500-84F0262A717E): 3
LogDevObjectVersion:   Dev-Editor (E4B068ED-F494-42E9-A231-DA0B2E46BB41): 30
LogDevObjectVersion:   Dev-Framework (CFFC743F-43B0-4480-9391-14DF171D2073): 35
LogDevObjectVersion:   Dev-Mobile (B02B49B5-BB20-44E9-A304-32B752E40360): 2
LogDevObjectVersion:   Dev-Networking (A4E4105C-59A1-49B5-A7C5-40C4547EDFEE): 0
LogDevObjectVersion:   Dev-Online (39C831C9-5AE6-47DC-9A44-9C173E1C8E7C): 0
LogDevObjectVersion:   Dev-Physics (78F01B33-EBEA-4F98-B9B4-84EACCB95AA2): 0
LogDevObjectVersion:   Dev-Platform (6631380F-2D4D-43E0-8009-CF276956A95A): 0
LogDevObjectVersion:   Dev-Rendering (12F88B9F-8875-4AFC-A67C-D90C383ABD29): 28
LogDevObjectVersion:   Dev-Sequencer (7B5AE74C-D270-4C10-A958-57980B212A5A): 11
LogDevObjectVersion:   Dev-VR (D7296918-1DD6-4BDD-9DE2-64A83CC13884): 2
LogDevObjectVersion:   Dev-LoadTimes (C2A15278-BFE7-4AFE-6C17-90FF531DF755): 1
LogDevObjectVersion:   Private-Geometry (6EACA3D4-40EC-4CC1-B786-8BED09428FC5): 3
LogDevObjectVersion:   Dev-AnimPhys (29E575DD-E0A3-4627-9D10-D276232CDCEA): 17
LogDevObjectVersion:   Dev-Anim (AF43A65D-7FD3-4947-9873-3E8ED9C1BB05): 2
LogDevObjectVersion:   Dev-ReflectionCapture (6B266CEC-1EC7-4B8F-A30B-E4D90942FC07): 1
LogDevObjectVersion:   Dev-Automation (0DF73D61-A23F-47EA-B727-89E90C41499A): 1
LogDevObjectVersion:   FortniteMain (601D1886-AC64-4F84-AA16-D3DE0DEAC7D6): 25
LogDevObjectVersion:   Dev-Enterprise (9DFFBCD6-494F-0158-E221-12823C92A888): 6
LogDevObjectVersion:   Dev-Niagara (F2AED0AC-9AFE-416F-8664-AA7FFA26D6FC): 1
LogDevObjectVersion:   Dev-Destruction (174F1F0B-B4C6-45A5-B13F-2EE8D0FB917D): 2
LogInit: Presizing for max 16777216 objects, including 0 objects not considered by GC, pre-allocating 0 bytes for permanent pool.
LogInit: Object subsystem initialized
LogConfig: Setting CVar [[con.DebugEarlyDefault:1]]
LogConfig: Setting CVar [[r.setres:1280x720]]
[2019.11.07-19.08.00:201][  0]LogConfig: Setting CVar [[r.VSync:0]]
[2019.11.07-19.08.00:201][  0]LogConfig: Setting CVar [[r.RHICmdBypass:0]]
[2019.11.07-19.08.00:201][  0]LogConfig: Applying CVar settings from Section [/Script/Engine.RendererSettings] File [D:/Git/UEGym/BasicScripting/Saved/Config/Windows/Engine.ini]
[2019.11.07-19.08.00:201][  0]LogConfig: Setting CVar [[r.GPUCrashDebugging:0]]
[2019.11.07-19.08.00:201][  0]LogConfig: Setting CVar [[r.DefaultFeature.AutoExposure.ExtendDefaultLuminanceRange:1]]
[2019.11.07-19.08.00:201][  0]LogConfig: Applying CVar settings from Section [/Script/Engine.RendererOverrideSettings] File [D:/Git/UEGym/BasicScripting/Saved/Config/Windows/Engine.ini]
[2019.11.07-19.08.00:201][  0]LogConfig: Applying CVar settings from Section [/Script/Engine.StreamingSettings] File [D:/Git/UEGym/BasicScripting/Saved/Config/Windows/Engine.ini]
[2019.11.07-19.08.00:201][  0]LogConfig: Setting CVar [[s.MinBulkDataSizeForAsyncLoading:131072]]
[2019.11.07-19.08.00:201][  0]LogConfig: Setting CVar [[s.AsyncLoadingThreadEnabled:0]]
[2019.11.07-19.08.00:201][  0]LogConfig: Setting CVar [[s.EventDrivenLoaderEnabled:1]]
[2019.11.07-19.08.00:201][  0]LogConfig: Setting CVar [[s.WarnIfTimeLimitExceeded:0]]
[2019.11.07-19.08.00:202][  0]LogConfig: Setting CVar [[s.TimeLimitExceededMultiplier:1.5]]
[2019.11.07-19.08.00:202][  0]LogConfig: Setting CVar [[s.TimeLimitExceededMinTime:0.005]]
[2019.11.07-19.08.00:202][  0]LogConfig: Setting CVar [[s.UseBackgroundLevelStreaming:1]]
[2019.11.07-19.08.00:202][  0]LogConfig: Setting CVar [[s.PriorityAsyncLoadingExtraTime:15.0]]
[2019.11.07-19.08.00:202][  0]LogConfig: Setting CVar [[s.LevelStreamingActorsUpdateTimeLimit:5.0]]
[2019.11.07-19.08.00:202][  0]LogConfig: Setting CVar [[s.PriorityLevelStreamingActorsUpdateExtraTime:5.0]]
[2019.11.07-19.08.00:202][  0]LogConfig: Setting CVar [[s.LevelStreamingComponentsRegistrationGranularity:10]]
[2019.11.07-19.08.00:202][  0]LogConfig: Setting CVar [[s.UnregisterComponentsTimeLimit:1.0]]
[2019.11.07-19.08.00:202][  0]LogConfig: Setting CVar [[s.LevelStreamingComponentsUnregistrationGranularity:5]]
[2019.11.07-19.08.00:202][  0]LogConfig: Applying CVar settings from Section [/Script/Engine.GarbageCollectionSettings] File [D:/Git/UEGym/BasicScripting/Saved/Config/Windows/Engine.ini]
[2019.11.07-19.08.00:202][  0]LogConfig: Setting CVar [[gc.MaxObjectsNotConsideredByGC:1]]
[2019.11.07-19.08.00:202][  0]LogConfig: Setting CVar [[gc.SizeOfPermanentObjectPool:0]]
[2019.11.07-19.08.00:202][  0]LogConfig: Setting CVar [[gc.FlushStreamingOnGC:0]]
[2019.11.07-19.08.00:202][  0]LogConfig: Setting CVar [[gc.NumRetriesBeforeForcingGC:10]]
[2019.11.07-19.08.00:202][  0]LogConfig: Setting CVar [[gc.AllowParallelGC:1]]
[2019.11.07-19.08.00:202][  0]LogConfig: Setting CVar [[gc.TimeBetweenPurgingPendingKillObjects:61.1]]
[2019.11.07-19.08.00:203][  0]LogConfig: Setting CVar [[gc.MaxObjectsInEditor:16777216]]
[2019.11.07-19.08.00:203][  0]LogConfig: Setting CVar [[gc.IncrementalBeginDestroyEnabled:1]]
[2019.11.07-19.08.00:203][  0]LogConfig: Setting CVar [[gc.CreateGCClusters:1]]
[2019.11.07-19.08.00:203][  0]LogConfig: Setting CVar [[gc.MinGCClusterSize:5]]
[2019.11.07-19.08.00:203][  0]LogConfig: Setting CVar [[gc.ActorClusteringEnabled:0]]
[2019.11.07-19.08.00:203][  0]LogConfig: Setting CVar [[gc.BlueprintClusteringEnabled:0]]
[2019.11.07-19.08.00:203][  0]LogConfig: Setting CVar [[gc.UseDisregardForGCOnDedicatedServers:0]]
[2019.11.07-19.08.00:203][  0]LogConfig: Applying CVar settings from Section [/Script/Engine.NetworkSettings] File [D:/Git/UEGym/BasicScripting/Saved/Config/Windows/Engine.ini]
[2019.11.07-19.08.00:203][  0]LogConfig: Applying CVar settings from Section [/Script/UnrealEd.CookerSettings] File [D:/Git/UEGym/BasicScripting/Saved/Config/Windows/Engine.ini]
[2019.11.07-19.08.00:222][  0]LogConfig: Applying CVar settings from Section [ViewDistanceQuality@3] File [D:/Git/UEGym/BasicScripting/Saved/Config/Windows/Scalability.ini]
[2019.11.07-19.08.00:222][  0]LogConfig: Setting CVar [[r.SkeletalMeshLODBias:0]]
[2019.11.07-19.08.00:222][  0]LogConfig: Setting CVar [[r.ViewDistanceScale:1.0]]
[2019.11.07-19.08.00:222][  0]LogConfig: Applying CVar settings from Section [AntiAliasingQuality@3] File [D:/Git/UEGym/BasicScripting/Saved/Config/Windows/Scalability.ini]
[2019.11.07-19.08.00:222][  0]LogConfig: Setting CVar [[r.PostProcessAAQuality:4]]
[2019.11.07-19.08.00:222][  0]LogConfig: Applying CVar settings from Section [ShadowQuality@3] File [D:/Git/UEGym/BasicScripting/Saved/Config/Windows/Scalability.ini]
[2019.11.07-19.08.00:222][  0]LogConfig: Setting CVar [[r.LightFunctionQuality:1]]
[2019.11.07-19.08.00:222][  0]LogConfig: Setting CVar [[r.ShadowQuality:5]]
[2019.11.07-19.08.00:222][  0]LogConfig: Setting CVar [[r.Shadow.CSM.MaxCascades:10]]
[2019.11.07-19.08.00:222][  0]LogConfig: Setting CVar [[r.Shadow.MaxResolution:2048]]
[2019.11.07-19.08.00:222][  0]LogConfig: Setting CVar [[r.Shadow.MaxCSMResolution:2048]]
[2019.11.07-19.08.00:222][  0]LogConfig: Setting CVar [[r.Shadow.RadiusThreshold:0.01]]
[2019.11.07-19.08.00:222][  0]LogConfig: Setting CVar [[r.Shadow.DistanceScale:1.0]]
[2019.11.07-19.08.00:222][  0]LogConfig: Setting CVar [[r.Shadow.CSM.TransitionScale:1.0]]
[2019.11.07-19.08.00:222][  0]LogConfig: Setting CVar [[r.Shadow.PreShadowResolutionFactor:1.0]]
[2019.11.07-19.08.00:222][  0]LogConfig: Setting CVar [[r.DistanceFieldShadowing:1]]
[2019.11.07-19.08.00:222][  0]LogConfig: Setting CVar [[r.DistanceFieldAO:1]]
[2019.11.07-19.08.00:222][  0]LogConfig: Setting CVar [[r.AOQuality:2]]
[2019.11.07-19.08.00:222][  0]LogConfig: Setting CVar [[r.VolumetricFog:1]]
[2019.11.07-19.08.00:222][  0]LogConfig: Setting CVar [[r.VolumetricFog.GridPixelSize:8]]
[2019.11.07-19.08.00:222][  0]LogConfig: Setting CVar [[r.VolumetricFog.GridSizeZ:128]]
[2019.11.07-19.08.00:222][  0]LogConfig: Setting CVar [[r.VolumetricFog.HistoryMissSupersampleCount:4]]
[2019.11.07-19.08.00:222][  0]LogConfig: Setting CVar [[r.LightMaxDrawDistanceScale:1]]
[2019.11.07-19.08.00:223][  0]LogConfig: Setting CVar [[r.CapsuleShadows:1]]
[2019.11.07-19.08.00:223][  0]LogConfig: Applying CVar settings from Section [PostProcessQuality@3] File [D:/Git/UEGym/BasicScripting/Saved/Config/Windows/Scalability.ini]
[2019.11.07-19.08.00:223][  0]LogConfig: Setting CVar [[r.MotionBlurQuality:4]]
[2019.11.07-19.08.00:223][  0]LogConfig: Setting CVar [[r.AmbientOcclusionMipLevelFactor:0.4]]
[2019.11.07-19.08.00:223][  0]LogConfig: Setting CVar [[r.AmbientOcclusionMaxQuality:100]]
[2019.11.07-19.08.00:223][  0]LogConfig: Setting CVar [[r.AmbientOcclusionLevels:-1]]
[2019.11.07-19.08.00:223][  0]LogConfig: Setting CVar [[r.AmbientOcclusionRadiusScale:1.0]]
[2019.11.07-19.08.00:223][  0]LogConfig: Setting CVar [[r.DepthOfFieldQuality:2]]
[2019.11.07-19.08.00:223][  0]LogConfig: Setting CVar [[r.RenderTargetPoolMin:400]]
[2019.11.07-19.08.00:223][  0]LogConfig: Setting CVar [[r.LensFlareQuality:2]]
[2019.11.07-19.08.00:223][  0]LogConfig: Setting CVar [[r.SceneColorFringeQuality:1]]
[2019.11.07-19.08.00:223][  0]LogConfig: Setting CVar [[r.EyeAdaptationQuality:2]]
[2019.11.07-19.08.00:223][  0]LogConfig: Setting CVar [[r.BloomQuality:5]]
[2019.11.07-19.08.00:223][  0]LogConfig: Setting CVar [[r.FastBlurThreshold:100]]
[2019.11.07-19.08.00:223][  0]LogConfig: Setting CVar [[r.Upscale.Quality:3]]
[2019.11.07-19.08.00:223][  0]LogConfig: Setting CVar [[r.Tonemapper.GrainQuantization:1]]
[2019.11.07-19.08.00:223][  0]LogConfig: Setting CVar [[r.LightShaftQuality:1]]
[2019.11.07-19.08.00:223][  0]LogConfig: Setting CVar [[r.Filter.SizeScale:1]]
[2019.11.07-19.08.00:223][  0]LogConfig: Setting CVar [[r.Tonemapper.Quality:5]]
[2019.11.07-19.08.00:223][  0]LogConfig: Setting CVar [[r.DOF.Gather.AccumulatorQuality:1        ; higher gathering accumulator quality]]
[2019.11.07-19.08.00:223][  0]LogConfig: Setting CVar [[r.DOF.Gather.PostfilterMethod:1          ; Median3x3 postfilering method]]
[2019.11.07-19.08.00:223][  0]LogConfig: Setting CVar [[r.DOF.Gather.EnableBokehSettings:0       ; no bokeh simulation when gathering]]
[2019.11.07-19.08.00:223][  0]LogConfig: Setting CVar [[r.DOF.Gather.RingCount:4                 ; medium number of samples when gathering]]
[2019.11.07-19.08.00:223][  0]LogConfig: Setting CVar [[r.DOF.Scatter.ForegroundCompositing:1    ; additive foreground scattering]]
[2019.11.07-19.08.00:223][  0]LogConfig: Setting CVar [[r.DOF.Scatter.BackgroundCompositing:2    ; additive background scattering]]
[2019.11.07-19.08.00:223][  0]LogConfig: Setting CVar [[r.DOF.Scatter.EnableBokehSettings:1      ; bokeh simulation when scattering]]
[2019.11.07-19.08.00:223][  0]LogConfig: Setting CVar [[r.DOF.Scatter.MaxSpriteRatio:0.1         ; only a maximum of 10% of scattered bokeh]]
[2019.11.07-19.08.00:224][  0]LogConfig: Setting CVar [[r.DOF.Recombine.Quality:1                ; cheap slight out of focus]]
[2019.11.07-19.08.00:224][  0]LogConfig: Setting CVar [[r.DOF.Recombine.EnableBokehSettings:0    ; no bokeh simulation on slight out of focus]]
[2019.11.07-19.08.00:224][  0]LogConfig: Setting CVar [[r.DOF.TemporalAAQuality:1                ; more stable temporal accumulation]]
[2019.11.07-19.08.00:224][  0]LogConfig: Setting CVar [[r.DOF.Kernel.MaxForegroundRadius:0.025]]
[2019.11.07-19.08.00:224][  0]LogConfig: Setting CVar [[r.DOF.Kernel.MaxBackgroundRadius:0.025]]
[2019.11.07-19.08.00:224][  0]LogConfig: Applying CVar settings from Section [TextureQuality@3] File [D:/Git/UEGym/BasicScripting/Saved/Config/Windows/Scalability.ini]
[2019.11.07-19.08.00:224][  0]LogConfig: Setting CVar [[r.Streaming.MipBias:0]]
[2019.11.07-19.08.00:224][  0]LogConfig: Setting CVar [[r.Streaming.AmortizeCPUToGPUCopy:0]]
[2019.11.07-19.08.00:224][  0]LogConfig: Setting CVar [[r.Streaming.MaxNumTexturesToStreamPerFrame:0]]
[2019.11.07-19.08.00:224][  0]LogConfig: Setting CVar [[r.Streaming.Boost:1]]
[2019.11.07-19.08.00:224][  0]LogConfig: Setting CVar [[r.MaxAnisotropy:8]]
[2019.11.07-19.08.00:224][  0]LogConfig: Setting CVar [[r.Streaming.LimitPoolSizeToVRAM:0]]
[2019.11.07-19.08.00:224][  0]LogConfig: Setting CVar [[r.Streaming.PoolSize:1000]]
[2019.11.07-19.08.00:224][  0]LogConfig: Setting CVar [[r.Streaming.MaxEffectiveScreenSize:0]]
[2019.11.07-19.08.00:224][  0]LogConfig: Applying CVar settings from Section [EffectsQuality@3] File [D:/Git/UEGym/BasicScripting/Saved/Config/Windows/Scalability.ini]
[2019.11.07-19.08.00:224][  0]LogConfig: Setting CVar [[r.TranslucencyLightingVolumeDim:64]]
[2019.11.07-19.08.00:224][  0]LogConfig: Setting CVar [[r.RefractionQuality:2]]
[2019.11.07-19.08.00:224][  0]LogConfig: Setting CVar [[r.SSR.Quality:3]]
[2019.11.07-19.08.00:224][  0]LogConfig: Setting CVar [[r.SceneColorFormat:4]]
[2019.11.07-19.08.00:224][  0]LogConfig: Setting CVar [[r.DetailMode:2]]
[2019.11.07-19.08.00:224][  0]LogConfig: Setting CVar [[r.TranslucencyVolumeBlur:1]]
[2019.11.07-19.08.00:224][  0]LogConfig: Setting CVar [[r.MaterialQualityLevel:1 ; High quality]]
[2019.11.07-19.08.00:224][  0]LogConfig: Setting CVar [[r.SSS.Scale:1]]
[2019.11.07-19.08.00:224][  0]LogConfig: Setting CVar [[r.SSS.SampleSet:2]]
[2019.11.07-19.08.00:224][  0]LogConfig: Setting CVar [[r.SSS.Quality:1]]
[2019.11.07-19.08.00:224][  0]LogConfig: Setting CVar [[r.SSS.HalfRes:1]]
[2019.11.07-19.08.00:224][  0]LogConfig: Setting CVar [[r.EmitterSpawnRateScale:1.0]]
[2019.11.07-19.08.00:224][  0]LogConfig: Setting CVar [[r.ParticleLightQuality:2]]
[2019.11.07-19.08.00:225][  0]LogConfig: Applying CVar settings from Section [FoliageQuality@3] File [D:/Git/UEGym/BasicScripting/Saved/Config/Windows/Scalability.ini]
[2019.11.07-19.08.00:225][  0]LogConfig: Setting CVar [[foliage.DensityScale:1.0]]
[2019.11.07-19.08.00:225][  0]LogConfig: Setting CVar [[grass.DensityScale:1.0]]
[2019.11.07-19.08.00:225][  0]LogInit: Selected Device Profile: [Windows]
[2019.11.07-19.08.00:225][  0]LogInit: Applying CVar settings loaded from the selected device profile: [Windows]
[2019.11.07-19.08.00:252][  0]LogHAL: Display: Platform has ~ 64 GB [68634533888 / 68719476736 / 64], which maps to Largest [LargestMinGB=32, LargerMinGB=12, DefaultMinGB=8, SmallerMinGB=6, SmallestMinGB=0)
[2019.11.07-19.08.00:252][  0]LogConfig: Setting CVar [[r.Vulkan.UseRealUBs:0		; Required until we fix HLR fall-out]]
[2019.11.07-19.08.00:252][  0]LogInit: Going up to parent DeviceProfile []
[2019.11.07-19.08.00:252][  0]LogConfig: Applying CVar settings from Section [ViewDistanceQuality@3] File [D:/Git/UEGym/BasicScripting/Saved/Config/Windows/Scalability.ini]
[2019.11.07-19.08.00:252][  0]LogConfig: Setting CVar [[r.SkeletalMeshLODBias:0]]
[2019.11.07-19.08.00:252][  0]LogConfig: Setting CVar [[r.ViewDistanceScale:1.0]]
[2019.11.07-19.08.00:252][  0]LogConfig: Applying CVar settings from Section [AntiAliasingQuality@3] File [D:/Git/UEGym/BasicScripting/Saved/Config/Windows/Scalability.ini]
[2019.11.07-19.08.00:252][  0]LogConfig: Setting CVar [[r.PostProcessAAQuality:4]]
[2019.11.07-19.08.00:252][  0]LogConfig: Applying CVar settings from Section [ShadowQuality@3] File [D:/Git/UEGym/BasicScripting/Saved/Config/Windows/Scalability.ini]
[2019.11.07-19.08.00:252][  0]LogConfig: Setting CVar [[r.LightFunctionQuality:1]]
[2019.11.07-19.08.00:252][  0]LogConfig: Setting CVar [[r.ShadowQuality:5]]
[2019.11.07-19.08.00:252][  0]LogConfig: Setting CVar [[r.Shadow.CSM.MaxCascades:10]]
[2019.11.07-19.08.00:252][  0]LogConfig: Setting CVar [[r.Shadow.MaxResolution:2048]]
[2019.11.07-19.08.00:252][  0]LogConfig: Setting CVar [[r.Shadow.MaxCSMResolution:2048]]
[2019.11.07-19.08.00:252][  0]LogConfig: Setting CVar [[r.Shadow.RadiusThreshold:0.01]]
[2019.11.07-19.08.00:252][  0]LogConfig: Setting CVar [[r.Shadow.DistanceScale:1.0]]
[2019.11.07-19.08.00:252][  0]LogConfig: Setting CVar [[r.Shadow.CSM.TransitionScale:1.0]]
[2019.11.07-19.08.00:252][  0]LogConfig: Setting CVar [[r.Shadow.PreShadowResolutionFactor:1.0]]
[2019.11.07-19.08.00:252][  0]LogConfig: Setting CVar [[r.DistanceFieldShadowing:1]]
[2019.11.07-19.08.00:252][  0]LogConfig: Setting CVar [[r.DistanceFieldAO:1]]
[2019.11.07-19.08.00:252][  0]LogConfig: Setting CVar [[r.AOQuality:2]]
[2019.11.07-19.08.00:252][  0]LogConfig: Setting CVar [[r.VolumetricFog:1]]
[2019.11.07-19.08.00:252][  0]LogConfig: Setting CVar [[r.VolumetricFog.GridPixelSize:8]]
[2019.11.07-19.08.00:252][  0]LogConfig: Setting CVar [[r.VolumetricFog.GridSizeZ:128]]
[2019.11.07-19.08.00:252][  0]LogConfig: Setting CVar [[r.VolumetricFog.HistoryMissSupersampleCount:4]]
[2019.11.07-19.08.00:252][  0]LogConfig: Setting CVar [[r.LightMaxDrawDistanceScale:1]]
[2019.11.07-19.08.00:252][  0]LogConfig: Setting CVar [[r.CapsuleShadows:1]]
[2019.11.07-19.08.00:252][  0]LogConfig: Applying CVar settings from Section [PostProcessQuality@3] File [D:/Git/UEGym/BasicScripting/Saved/Config/Windows/Scalability.ini]
[2019.11.07-19.08.00:252][  0]LogConfig: Setting CVar [[r.MotionBlurQuality:4]]
[2019.11.07-19.08.00:252][  0]LogConfig: Setting CVar [[r.AmbientOcclusionMipLevelFactor:0.4]]
[2019.11.07-19.08.00:252][  0]LogConfig: Setting CVar [[r.AmbientOcclusionMaxQuality:100]]
[2019.11.07-19.08.00:252][  0]LogConfig: Setting CVar [[r.AmbientOcclusionLevels:-1]]
[2019.11.07-19.08.00:252][  0]LogConfig: Setting CVar [[r.AmbientOcclusionRadiusScale:1.0]]
[2019.11.07-19.08.00:252][  0]LogConfig: Setting CVar [[r.DepthOfFieldQuality:2]]
[2019.11.07-19.08.00:252][  0]LogConfig: Setting CVar [[r.RenderTargetPoolMin:400]]
[2019.11.07-19.08.00:252][  0]LogConfig: Setting CVar [[r.LensFlareQuality:2]]
[2019.11.07-19.08.00:252][  0]LogConfig: Setting CVar [[r.SceneColorFringeQuality:1]]
[2019.11.07-19.08.00:252][  0]LogConfig: Setting CVar [[r.EyeAdaptationQuality:2]]
[2019.11.07-19.08.00:252][  0]LogConfig: Setting CVar [[r.BloomQuality:5]]
[2019.11.07-19.08.00:252][  0]LogConfig: Setting CVar [[r.FastBlurThreshold:100]]
[2019.11.07-19.08.00:252][  0]LogConfig: Setting CVar [[r.Upscale.Quality:3]]
[2019.11.07-19.08.00:252][  0]LogConfig: Setting CVar [[r.Tonemapper.GrainQuantization:1]]
[2019.11.07-19.08.00:252][  0]LogConfig: Setting CVar [[r.LightShaftQuality:1]]
[2019.11.07-19.08.00:252][  0]LogConfig: Setting CVar [[r.Filter.SizeScale:1]]
[2019.11.07-19.08.00:252][  0]LogConfig: Setting CVar [[r.Tonemapper.Quality:5]]
[2019.11.07-19.08.00:252][  0]LogConfig: Setting CVar [[r.DOF.Gather.AccumulatorQuality:1        ; higher gathering accumulator quality]]
[2019.11.07-19.08.00:252][  0]LogConfig: Setting CVar [[r.DOF.Gather.PostfilterMethod:1          ; Median3x3 postfilering method]]
[2019.11.07-19.08.00:252][  0]LogConfig: Setting CVar [[r.DOF.Gather.EnableBokehSettings:0       ; no bokeh simulation when gathering]]
[2019.11.07-19.08.00:252][  0]LogConfig: Setting CVar [[r.DOF.Gather.RingCount:4                 ; medium number of samples when gathering]]
[2019.11.07-19.08.00:252][  0]LogConfig: Setting CVar [[r.DOF.Scatter.ForegroundCompositing:1    ; additive foreground scattering]]
[2019.11.07-19.08.00:252][  0]LogConfig: Setting CVar [[r.DOF.Scatter.BackgroundCompositing:2    ; additive background scattering]]
[2019.11.07-19.08.00:252][  0]LogConfig: Setting CVar [[r.DOF.Scatter.EnableBokehSettings:1      ; bokeh simulation when scattering]]
[2019.11.07-19.08.00:252][  0]LogConfig: Setting CVar [[r.DOF.Scatter.MaxSpriteRatio:0.1         ; only a maximum of 10% of scattered bokeh]]
[2019.11.07-19.08.00:252][  0]LogConfig: Setting CVar [[r.DOF.Recombine.Quality:1                ; cheap slight out of focus]]
[2019.11.07-19.08.00:252][  0]LogConfig: Setting CVar [[r.DOF.Recombine.EnableBokehSettings:0    ; no bokeh simulation on slight out of focus]]
[2019.11.07-19.08.00:252][  0]LogConfig: Setting CVar [[r.DOF.TemporalAAQuality:1                ; more stable temporal accumulation]]
[2019.11.07-19.08.00:252][  0]LogConfig: Setting CVar [[r.DOF.Kernel.MaxForegroundRadius:0.025]]
[2019.11.07-19.08.00:252][  0]LogConfig: Setting CVar [[r.DOF.Kernel.MaxBackgroundRadius:0.025]]
[2019.11.07-19.08.00:252][  0]LogConfig: Applying CVar settings from Section [TextureQuality@3] File [D:/Git/UEGym/BasicScripting/Saved/Config/Windows/Scalability.ini]
[2019.11.07-19.08.00:252][  0]LogConfig: Setting CVar [[r.Streaming.MipBias:0]]
[2019.11.07-19.08.00:252][  0]LogConfig: Setting CVar [[r.Streaming.AmortizeCPUToGPUCopy:0]]
[2019.11.07-19.08.00:252][  0]LogConfig: Setting CVar [[r.Streaming.MaxNumTexturesToStreamPerFrame:0]]
[2019.11.07-19.08.00:252][  0]LogConfig: Setting CVar [[r.Streaming.Boost:1]]
[2019.11.07-19.08.00:252][  0]LogConfig: Setting CVar [[r.MaxAnisotropy:8]]
[2019.11.07-19.08.00:252][  0]LogConfig: Setting CVar [[r.Streaming.LimitPoolSizeToVRAM:0]]
[2019.11.07-19.08.00:252][  0]LogConfig: Setting CVar [[r.Streaming.PoolSize:1000]]
[2019.11.07-19.08.00:252][  0]LogConfig: Setting CVar [[r.Streaming.MaxEffectiveScreenSize:0]]
[2019.11.07-19.08.00:252][  0]LogConfig: Applying CVar settings from Section [EffectsQuality@3] File [D:/Git/UEGym/BasicScripting/Saved/Config/Windows/Scalability.ini]
[2019.11.07-19.08.00:253][  0]LogConfig: Setting CVar [[r.TranslucencyLightingVolumeDim:64]]
[2019.11.07-19.08.00:253][  0]LogConfig: Setting CVar [[r.RefractionQuality:2]]
[2019.11.07-19.08.00:253][  0]LogConfig: Setting CVar [[r.SSR.Quality:3]]
[2019.11.07-19.08.00:253][  0]LogConfig: Setting CVar [[r.SceneColorFormat:4]]
[2019.11.07-19.08.00:253][  0]LogConfig: Setting CVar [[r.DetailMode:2]]
[2019.11.07-19.08.00:253][  0]LogConfig: Setting CVar [[r.TranslucencyVolumeBlur:1]]
[2019.11.07-19.08.00:253][  0]LogConfig: Setting CVar [[r.MaterialQualityLevel:1 ; High quality]]
[2019.11.07-19.08.00:253][  0]LogConfig: Setting CVar [[r.SSS.Scale:1]]
[2019.11.07-19.08.00:253][  0]LogConfig: Setting CVar [[r.SSS.SampleSet:2]]
[2019.11.07-19.08.00:253][  0]LogConfig: Setting CVar [[r.SSS.Quality:1]]
[2019.11.07-19.08.00:253][  0]LogConfig: Setting CVar [[r.SSS.HalfRes:1]]
[2019.11.07-19.08.00:253][  0]LogConfig: Setting CVar [[r.EmitterSpawnRateScale:1.0]]
[2019.11.07-19.08.00:253][  0]LogConfig: Setting CVar [[r.ParticleLightQuality:2]]
[2019.11.07-19.08.00:253][  0]LogConfig: Applying CVar settings from Section [FoliageQuality@3] File [D:/Git/UEGym/BasicScripting/Saved/Config/Windows/Scalability.ini]
[2019.11.07-19.08.00:253][  0]LogConfig: Setting CVar [[foliage.DensityScale:1.0]]
[2019.11.07-19.08.00:253][  0]LogConfig: Setting CVar [[grass.DensityScale:1.0]]
[2019.11.07-19.08.00:253][  0]LogConfig: Applying CVar settings from Section [Startup] File [../../../Engine/Config/ConsoleVariables.ini]
[2019.11.07-19.08.00:256][  0]LogConfig: Setting CVar [[net.UseAdaptiveNetUpdateFrequency:0]]
[2019.11.07-19.08.00:256][  0]LogConfig: Setting CVar [[p.chaos.AllowCreatePhysxBodies:1]]
[2019.11.07-19.08.00:256][  0]LogConfig: Applying CVar settings from Section [ConsoleVariables] File [D:/Git/UEGym/BasicScripting/Saved/Config/Windows/Engine.ini]
[2019.11.07-19.08.00:256][  0]LogInit: Computer: VICTOR
[2019.11.07-19.08.00:256][  0]LogInit: User: victorl
[2019.11.07-19.08.00:256][  0]LogInit: CPU Page size=4096, Cores=8
[2019.11.07-19.08.00:256][  0]LogInit: High frequency timer resolution =10.000000 MHz
[2019.11.07-19.08.00:256][  0]LogMemory: Memory total: Physical=63.9GB (64GB approx)
[2019.11.07-19.08.00:256][  0]LogMemory: Platform Memory Stats for Windows
[2019.11.07-19.08.00:256][  0]LogMemory: Process Physical Memory: 98.65 MB used, 98.66 MB peak
[2019.11.07-19.08.00:256][  0]LogMemory: Process Virtual Memory: 91.05 MB used, 91.05 MB peak
[2019.11.07-19.08.00:256][  0]LogMemory: Physical Memory: 22178.95 MB used,  43276.04 MB free, 65454.99 MB total
[2019.11.07-19.08.00:257][  0]LogMemory: Virtual Memory: 4677.18 MB used,  134213048.00 MB free, 134217728.00 MB total
[2019.11.07-19.08.00:351][  0]LogInit: Using OS detected language (en-US).
[2019.11.07-19.08.00:351][  0]LogInit: Using OS detected locale (en-CA).
[2019.11.07-19.08.00:351][  0]LogTextLocalizationManager: No specific localization for 'en-US' exists, so the 'en' localization will be used.
[2019.11.07-19.08.00:488][  0]LogInit: Setting process to per monitor DPI aware
[2019.11.07-19.08.00:552][  0]LogSlate: New Slate User Created.  User Index 0, Is Virtual User: 0
[2019.11.07-19.08.00:552][  0]LogSlate: Slate User Registered.  User Index 0, Is Virtual User: 0
[2019.11.07-19.08.01:784][  0]LogHMD: Failed to initialize OpenVR with code 110
[2019.11.07-19.08.01:784][  0]LogD3D11RHI: D3D11 adapters:
[2019.11.07-19.08.01:839][  0]LogD3D11RHI:    0. 'NVIDIA GeForce RTX 2080' (Feature Level 11_0)
[2019.11.07-19.08.01:839][  0]LogD3D11RHI:       8010/0/32727 MB DedicatedVideo/DedicatedSystem/SharedSystem, Outputs:2, VendorId:0x10de
[2019.11.07-19.08.01:841][  0]LogD3D11RHI:    1. 'Microsoft Basic Render Driver' (Feature Level 11_0)
[2019.11.07-19.08.01:841][  0]LogD3D11RHI:       0/0/32727 MB DedicatedVideo/DedicatedSystem/SharedSystem, Outputs:0, VendorId:0x1414
[2019.11.07-19.08.01:841][  0]LogD3D11RHI: Chosen D3D11 Adapter: 0
[2019.11.07-19.08.01:849][  0]LogD3D11RHI: Creating new Direct3DDevice
[2019.11.07-19.08.01:849][  0]LogD3D11RHI:     GPU DeviceId: 0x1e82 (for the marketing name, search the web for "GPU Device Id")
[2019.11.07-19.08.01:849][  0]LogWindows: EnumDisplayDevices:
[2019.11.07-19.08.01:849][  0]LogWindows:    0. 'NVIDIA GeForce RTX 2080' (P:1 D:1)
[2019.11.07-19.08.01:850][  0]LogWindows:    1. 'NVIDIA GeForce RTX 2080' (P:0 D:1)
[2019.11.07-19.08.01:850][  0]LogWindows:    2. 'NVIDIA GeForce RTX 2080' (P:0 D:0)
[2019.11.07-19.08.01:850][  0]LogWindows:    3. 'NVIDIA GeForce RTX 2080' (P:0 D:0)
[2019.11.07-19.08.01:850][  0]LogWindows: DebugString: FoundDriverCount:4 
[2019.11.07-19.08.01:850][  0]LogD3D11RHI:     Adapter Name: NVIDIA GeForce RTX 2080
[2019.11.07-19.08.01:850][  0]LogD3D11RHI:   Driver Version: 441.08 (internal:26.21.14.4108, unified:441.08)
[2019.11.07-19.08.01:850][  0]LogD3D11RHI:      Driver Date: 10-22-2019
[2019.11.07-19.08.01:850][  0]LogRHI: Texture pool is 5607 MB (70% of 8010 MB)
[2019.11.07-19.08.01:881][  0]LogD3D11RHI: Async texture creation enabled
[2019.11.07-19.08.01:895][  0]LogRendererCore: FGlobalReadBuffer::InitRHI
[2019.11.07-19.08.01:895][  0]LogRendererCore: FGlobalReadBuffer::InitRHI
[2019.11.07-19.08.01:895][  0]LogRendererCore: FGlobalReadBuffer::InitRHI
[2019.11.07-19.08.01:902][  0]LogD3D11RHI: GPU Timing Frequency: 1000.000000 (Debug: 2 1)
[2019.11.07-19.08.02:330][  0]LogTemp: Display: Module 'AllDesktopTargetPlatform' loaded TargetPlatform 'AllDesktop'
[2019.11.07-19.08.02:347][  0]LogTemp: Display: Module 'MacClientTargetPlatform' loaded TargetPlatform 'MacClient'
[2019.11.07-19.08.02:367][  0]LogTemp: Display: Module 'MacNoEditorTargetPlatform' loaded TargetPlatform 'MacNoEditor'
[2019.11.07-19.08.02:385][  0]LogTemp: Display: Module 'MacServerTargetPlatform' loaded TargetPlatform 'MacServer'
[2019.11.07-19.08.02:413][  0]LogTemp: Display: Module 'MacTargetPlatform' loaded TargetPlatform 'Mac'
[2019.11.07-19.08.02:442][  0]LogTemp: Display: Module 'WindowsClientTargetPlatform' loaded TargetPlatform 'WindowsClient'
[2019.11.07-19.08.02:469][  0]LogTemp: Display: Module 'WindowsNoEditorTargetPlatform' loaded TargetPlatform 'WindowsNoEditor'
[2019.11.07-19.08.02:487][  0]LogTemp: Display: Module 'WindowsServerTargetPlatform' loaded TargetPlatform 'WindowsServer'
[2019.11.07-19.08.02:507][  0]LogTemp: Display: Module 'WindowsTargetPlatform' loaded TargetPlatform 'Windows'
[2019.11.07-19.08.02:574][  0]LogTemp: Display: Module 'AndroidTargetPlatform' loaded TargetPlatform 'Android'
[2019.11.07-19.08.02:574][  0]LogTemp: Display: Module 'AndroidTargetPlatform' loaded TargetPlatform 'Android_ASTC'
[2019.11.07-19.08.02:574][  0]LogTemp: Display: Module 'AndroidTargetPlatform' loaded TargetPlatform 'Android_ATC'
[2019.11.07-19.08.02:574][  0]LogTemp: Display: Module 'AndroidTargetPlatform' loaded TargetPlatform 'Android_DXT'
[2019.11.07-19.08.02:574][  0]LogTemp: Display: Module 'AndroidTargetPlatform' loaded TargetPlatform 'Android_ETC1'
[2019.11.07-19.08.02:574][  0]LogTemp: Display: Module 'AndroidTargetPlatform' loaded TargetPlatform 'Android_ETC1a'
[2019.11.07-19.08.02:574][  0]LogTemp: Display: Module 'AndroidTargetPlatform' loaded TargetPlatform 'Android_ETC2'
[2019.11.07-19.08.02:574][  0]LogTemp: Display: Module 'AndroidTargetPlatform' loaded TargetPlatform 'Android_PVRTC'
[2019.11.07-19.08.02:574][  0]LogTemp: Display: Module 'AndroidTargetPlatform' loaded TargetPlatform 'AndroidClient'
[2019.11.07-19.08.02:574][  0]LogTemp: Display: Module 'AndroidTargetPlatform' loaded TargetPlatform 'Android_ASTCClient'
[2019.11.07-19.08.02:574][  0]LogTemp: Display: Module 'AndroidTargetPlatform' loaded TargetPlatform 'Android_ATCClient'
[2019.11.07-19.08.02:574][  0]LogTemp: Display: Module 'AndroidTargetPlatform' loaded TargetPlatform 'Android_DXTClient'
[2019.11.07-19.08.02:574][  0]LogTemp: Display: Module 'AndroidTargetPlatform' loaded TargetPlatform 'Android_ETC1Client'
[2019.11.07-19.08.02:574][  0]LogTemp: Display: Module 'AndroidTargetPlatform' loaded TargetPlatform 'Android_ETC1aClient'
[2019.11.07-19.08.02:574][  0]LogTemp: Display: Module 'AndroidTargetPlatform' loaded TargetPlatform 'Android_ETC2Client'
[2019.11.07-19.08.02:574][  0]LogTemp: Display: Module 'AndroidTargetPlatform' loaded TargetPlatform 'Android_PVRTCClient'
[2019.11.07-19.08.02:574][  0]LogTemp: Display: Module 'AndroidTargetPlatform' loaded TargetPlatform 'Android_Multi'
[2019.11.07-19.08.02:574][  0]LogTemp: Display: Module 'AndroidTargetPlatform' loaded TargetPlatform 'Android_MultiClient'
[2019.11.07-19.08.02:588][  0]LogTemp: Display: Module 'HTML5TargetPlatform' loaded TargetPlatform 'HTML5'
[2019.11.07-19.08.02:662][  0]LogTemp: Display: Module 'IOSTargetPlatform' loaded TargetPlatform 'IOSClient'
[2019.11.07-19.08.02:662][  0]LogTemp: Display: Module 'IOSTargetPlatform' loaded TargetPlatform 'IOS'
[2019.11.07-19.08.02:693][  0]LogTemp: Display: Module 'TVOSTargetPlatform' loaded TargetPlatform 'TVOSClient'
[2019.11.07-19.08.02:693][  0]LogTemp: Display: Module 'TVOSTargetPlatform' loaded TargetPlatform 'TVOS'
[2019.11.07-19.08.02:720][  0]LogTemp: Display: Module 'LinuxClientTargetPlatform' loaded TargetPlatform 'LinuxClient'
[2019.11.07-19.08.02:737][  0]LogTemp: Display: Module 'LinuxNoEditorTargetPlatform' loaded TargetPlatform 'LinuxNoEditor'
[2019.11.07-19.08.02:754][  0]LogTemp: Display: Module 'LinuxServerTargetPlatform' loaded TargetPlatform 'LinuxServer'
[2019.11.07-19.08.02:777][  0]LogTemp: Display: Module 'LinuxTargetPlatform' loaded TargetPlatform 'Linux'
[2019.11.07-19.08.02:827][  0]LogTemp: Display: Module 'LuminTargetPlatform' loaded TargetPlatform 'Lumin'
[2019.11.07-19.08.02:827][  0]LogTemp: Display: Module 'LuminTargetPlatform' loaded TargetPlatform 'LuminClient'
[2019.11.07-19.08.02:827][  0]LogTargetPlatformManager: Display: Building Assets For Windows
[2019.11.07-19.08.02:875][  0]LogAudioDebug: Display: Lib vorbis DLL was dynamically loaded.
[2019.11.07-19.08.03:042][  0]LogShaderCompilers: Guid format shader working directory is 6 characters bigger than the processId version (../../../../../../Git/UEGym/BasicScripting/Intermediate/Shaders/WorkingDirectory/28792/).
[2019.11.07-19.08.03:042][  0]LogShaderCompilers: Cleaned the shader compiler working directory 'C:/Users/victor.l/AppData/Local/Temp/UnrealShaderWorkingDir/1B7710424F031279705F6EA23B4B9C9B/'.
[2019.11.07-19.08.03:043][  0]LogXGEController: Cleaning working directory: C:/Users/victor.l/AppData/Local/Temp/UnrealXGEWorkingDir/
[2019.11.07-19.08.03:043][  0]LogXGEController: Cannot use XGE Controller as Incredibuild is not installed on this machine.
[2019.11.07-19.08.03:043][  0]LogShaderCompilers: Cannot use XGE Shader Compiler as Incredibuild is not installed on this machine.
[2019.11.07-19.08.03:043][  0]LogShaderCompilers: Display: Using Local Shader Compiler.
[2019.11.07-19.08.04:412][  0]LogDerivedDataCache: Display: Max Cache Size: 512 MB
[2019.11.07-19.08.04:453][  0]LogDerivedDataCache: Loaded boot cache 0.04s 71MB C:/Users/victor.l/AppData/Local/UnrealEngine/4.22/DerivedDataCache/Boot.ddc.
[2019.11.07-19.08.04:453][  0]LogDerivedDataCache: Display: Loaded Boot cache: C:/Users/victor.l/AppData/Local/UnrealEngine/4.22/DerivedDataCache/Boot.ddc
[2019.11.07-19.08.04:453][  0]LogDerivedDataCache: FDerivedDataBackendGraph:  Pak pak cache file ../../../../../../Git/UEGym/BasicScripting/DerivedDataCache/DDC.ddp not found, will not use a pak cache.
[2019.11.07-19.08.04:453][  0]LogDerivedDataCache: Unable to find inner node Pak for hierarchical cache Hierarchy.
[2019.11.07-19.08.04:453][  0]LogDerivedDataCache: FDerivedDataBackendGraph:  CompressedPak pak cache file ../../../../../../Git/UEGym/BasicScripting/DerivedDataCache/Compressed.ddp not found, will not use a pak cache.
[2019.11.07-19.08.04:453][  0]LogDerivedDataCache: Unable to find inner node CompressedPak for hierarchical cache Hierarchy.
[2019.11.07-19.08.04:466][  0]LogDerivedDataCache: Display: Pak cache opened for reading ../../../Engine/DerivedDataCache/Compressed.ddp.
[2019.11.07-19.08.04:466][  0]LogDerivedDataCache: FDerivedDataBackendGraph:  EnterprisePak pak cache file ../../../Enterprise/DerivedDataCache/Compressed.ddp not found, will not use a pak cache.
[2019.11.07-19.08.04:466][  0]LogDerivedDataCache: Unable to find inner node EnterprisePak for hierarchical cache Hierarchy.
[2019.11.07-19.08.04:478][  0]LogDerivedDataCache: Using Local data cache path C:/Users/victor.l/AppData/Local/UnrealEngine/Common/DerivedDataCache: Writable
[2019.11.07-19.08.04:478][  0]LogDerivedDataCache: Shared data cache path not found in *engine.ini, will not use an Shared cache.
[2019.11.07-19.08.04:478][  0]LogDerivedDataCache: Unable to find inner node Shared for hierarchical cache Hierarchy.
[2019.11.07-19.08.04:493][  0]LogMaterial: Verifying Global Shaders for PCD3D_SM5
[2019.11.07-19.08.04:494][  0]LogSlate: Using FreeType 2.6.0
[2019.11.07-19.08.04:504][  0]LogSlate: SlateFontServices - WITH_FREETYPE: 1, WITH_HARFBUZZ: 1
[2019.11.07-19.08.04:660][  0]LogAssetRegistry: FAssetRegistry took 0.0300 seconds to start up
[2019.11.07-19.08.04:884][  0]LogInit: Selected Device Profile: [Windows]
[2019.11.07-19.08.05:133][  0]LogMeshReduction: Using QuadricMeshReduction for automatic static mesh reduction
[2019.11.07-19.08.05:134][  0]LogMeshReduction: Using SimplygonMeshReduction for automatic skeletal mesh reduction
[2019.11.07-19.08.05:134][  0]LogMeshReduction: Using ProxyLODMeshReduction for automatic mesh merging
[2019.11.07-19.08.05:134][  0]LogMeshReduction: No distributed automatic mesh merging module available
[2019.11.07-19.08.05:134][  0]LogMeshMerging: No distributed automatic mesh merging module available
[2019.11.07-19.08.05:156][  0]LogNetVersion: BasicScripting 1.0.0, NetCL: 5660361, EngineNetVer: 10, GameNetVer: 0 (Checksum: 2027260730)
[2019.11.07-19.08.05:736][  0]LogPackageLocalizationCache: Processed 13 localized package path(s) for 1 prioritized culture(s) in 0.033090 seconds
[2019.11.07-19.08.05:739][  0]LogUObjectArray: 42205 objects as part of root set at end of initial load.
[2019.11.07-19.08.05:739][  0]LogUObjectAllocator: 7325032 out of 0 bytes used by permanent object pool.
[2019.11.07-19.08.05:739][  0]LogUObjectArray: CloseDisregardForGC: 0/0 objects in disregard for GC pool
[2019.11.07-19.08.08:383][  0]LogTcpMessaging: Initializing TcpMessaging bridge
[2019.11.07-19.08.08:405][  0]LogUdpMessaging: Initializing bridge on interface 0.0.0.0:0 to multicast group 230.0.0.1:6666.
[2019.11.07-19.08.08:658][  0]SourceControl: Source control is disabled
[2019.11.07-19.08.08:658][  0]SourceControl: Source control is disabled
[2019.11.07-19.08.08:669][  0]SourceControl: Source control is disabled
[2019.11.07-19.08.08:678][  0]SourceControl: Source control is disabled
[2019.11.07-19.08.09:131][  0]LogAndroidPermission: UAndroidPermissionCallbackProxy::GetInstance
[2019.11.07-19.08.09:330][  0]LogOcInput: OculusInput pre-init called
[2019.11.07-19.08.09:944][  0]LogEngine: Initializing Engine...
[2019.11.07-19.08.09:945][  0]LogHMD: Failed to initialize OpenVR with code 110
[2019.11.07-19.08.09:945][  0]LogStats: UGameplayTagsManager::InitializeManager -  0.000 s
[2019.11.07-19.08.10:195][  0]LogInit: Initializing FReadOnlyCVARCache
[2019.11.07-19.08.10:212][  0]LogAIModule: Creating AISystem for world Untitled
[2019.11.07-19.08.10:226][  0]LogInit: XAudio2 using 'Headphones (High Definition Audio Device)' : 2 channels at 48 kHz using 32 bits per sample (channel mask 0x3)
[2019.11.07-19.08.10:241][  0]LogInit: FAudioDevice initialized.
[2019.11.07-19.08.10:241][  0]LogNetVersion: Set ProjectVersion to 1.0.0.0. Version Checksum will be recalculated on next use.
[2019.11.07-19.08.10:276][  0]LogDerivedDataCache: Saved boot cache 0.04s 71MB C:/Users/victor.l/AppData/Local/UnrealEngine/4.22/DerivedDataCache/Boot.ddc.
[2019.11.07-19.08.10:285][  0]LogInit: Texture streaming: Enabled
[2019.11.07-19.08.10:326][  0]LogEngineSessionManager: EngineSessionManager initialized
[2019.11.07-19.08.10:365][  0]LogInit: Transaction tracking system initialized
[2019.11.07-19.08.10:418][  0]BlueprintLog: New page: Editor Load
[2019.11.07-19.08.10:653][  0]LocalizationService: Localization service is disabled
[2019.11.07-19.08.11:188][  0]LogFileCache: Scanning file cache for directory 'D:/Git/UEGym/BasicScripting/Content/' took 0.02s
[2019.11.07-19.08.11:188][  0]LogCook: Display: Max memory allowance for cook 16384mb min free memory 0mb
[2019.11.07-19.08.11:188][  0]LogCook: Display: Mobile HDR setting 1
[2019.11.07-19.08.11:681][  0]SourceControl: Source control is disabled
[2019.11.07-19.08.11:681][  0]Cmd: MAP LOAD FILE="../../../../../../Git/UEGym/BasicScripting/Content/L_Test1.umap" TEMPLATE=0 SHOWPROGRESS=1 FEATURELEVEL=3
[2019.11.07-19.08.11:681][  0]LightingResults: New page: Lighting Build
[2019.11.07-19.08.11:683][  0]MapCheck: New page: Map Check
[2019.11.07-19.08.11:683][  0]LightingResults: New page: Lighting Build
[2019.11.07-19.08.11:710][  0]LogUObjectHash: Compacting FUObjectHashTables data took   1.18ms
[2019.11.07-19.08.11:775][  0]LogAIModule: Creating AISystem for world L_Test1
[2019.11.07-19.08.11:786][  0]LogStreaming: Display: ULevelStreaming::RequestLevel(/Game/SUB_Light) is flushing async loading
[2019.11.07-19.08.11:786][  0]LogStreaming: Display: Flushing async loaders.
[2019.11.07-19.08.11:816][  0]LogEditorServer: Finished looking for orphan Actors (0.000 secs)
[2019.11.07-19.08.11:843][  0]LogUObjectHash: Compacting FUObjectHashTables data took   1.39ms
[2019.11.07-19.08.11:844][  0]Cmd: MAP CHECKDEP NOCLEARLOG
[2019.11.07-19.08.11:844][  0]MapCheck: Map check complete: 0 Error(s), 0 Warning(s), took 0.098ms to complete.
[2019.11.07-19.08.11:844][  0]LogFileHelpers: Loading map 'L_Test1' took 0.163
[2019.11.07-19.08.11:938][  0]LogSlate: Updating window title bar state: overlay mode, drag disabled, window buttons hidden, title bar hidden
[2019.11.07-19.08.11:943][  0]LogSlate: Updating window title bar state: overlay mode, drag disabled, window buttons hidden, title bar hidden
[2019.11.07-19.08.11:949][  0]LogSlate: Updating window title bar state: overlay mode, drag disabled, window buttons hidden, title bar hidden
[2019.11.07-19.08.11:953][  0]LogSlate: Updating window title bar state: overlay mode, drag disabled, window buttons hidden, title bar hidden
[2019.11.07-19.08.11:968][  0]LogCollectionManager: Loaded 0 collections in 0.000577 seconds
[2019.11.07-19.08.11:982][  0]LogFileCache: Scanning file cache for directory 'D:/Git/UEGym/BasicScripting/Saved/Collections/' took 0.01s
[2019.11.07-19.08.11:982][  0]LogFileCache: Scanning file cache for directory 'D:/Git/UEGym/BasicScripting/Content/Developers/victorl/Collections/' took 0.00s
[2019.11.07-19.08.11:982][  0]LogFileCache: Scanning file cache for directory 'D:/Git/UEGym/BasicScripting/Content/Collections/' took 0.00s
[2019.11.07-19.08.11:982][  0]LogCollectionManager: Rebuilt the GUID cache for 0 collections in 0.000000 seconds
[2019.11.07-19.08.11:988][  0]LogContentBrowser: Native class hierarchy populated in 0.0063 seconds. Added 2775 classes and 676 folders.
[2019.11.07-19.08.11:991][  0]LogContentBrowser: Native class hierarchy updated for 'WidgetCarousel' in 0.0001 seconds. Added 0 classes and 0 folders.
[2019.11.07-19.08.11:996][  0]LogPakFile: Registered encryption key '00000000000000000000000000000000': 0 pak files mounted, 0 remain pending
[2019.11.07-19.08.12:000][  0]LogPakFile: Registered encryption key '00000000000000000000000000000000': 0 pak files mounted, 0 remain pending
[2019.11.07-19.08.12:009][  0]LogPakFile: Registered encryption key '00000000000000000000000000000000': 0 pak files mounted, 0 remain pending
[2019.11.07-19.08.12:012][  0]LogPakFile: Registered encryption key '00000000000000000000000000000000': 0 pak files mounted, 0 remain pending
[2019.11.07-19.08.12:015][  0]LogPakFile: Registered encryption key '00000000000000000000000000000000': 0 pak files mounted, 0 remain pending
[2019.11.07-19.08.12:017][  0]LogPakFile: Registered encryption key '00000000000000000000000000000000': 0 pak files mounted, 0 remain pending
[2019.11.07-19.08.12:020][  0]LogPakFile: Registered encryption key '00000000000000000000000000000000': 0 pak files mounted, 0 remain pending
[2019.11.07-19.08.12:023][  0]LogPakFile: Registered encryption key '00000000000000000000000000000000': 0 pak files mounted, 0 remain pending
[2019.11.07-19.08.12:026][  0]LogPakFile: Registered encryption key '00000000000000000000000000000000': 0 pak files mounted, 0 remain pending
[2019.11.07-19.08.12:029][  0]LogPakFile: Registered encryption key '00000000000000000000000000000000': 0 pak files mounted, 0 remain pending
[2019.11.07-19.08.12:032][  0]LogPakFile: Registered encryption key '00000000000000000000000000000000': 0 pak files mounted, 0 remain pending
[2019.11.07-19.08.12:034][  0]LogPakFile: Registered encryption key '00000000000000000000000000000000': 0 pak files mounted, 0 remain pending
[2019.11.07-19.08.12:037][  0]LogPakFile: Registered encryption key '00000000000000000000000000000000': 0 pak files mounted, 0 remain pending
[2019.11.07-19.08.12:040][  0]LogPakFile: Registered encryption key '00000000000000000000000000000000': 0 pak files mounted, 0 remain pending
[2019.11.07-19.08.12:042][  0]LogPakFile: Registered encryption key '00000000000000000000000000000000': 0 pak files mounted, 0 remain pending
[2019.11.07-19.08.12:045][  0]LogPakFile: Registered encryption key '00000000000000000000000000000000': 0 pak files mounted, 0 remain pending
[2019.11.07-19.08.12:063][  0]LogPakFile: Registered encryption key '00000000000000000000000000000000': 0 pak files mounted, 0 remain pending
[2019.11.07-19.08.12:066][  0]LogPakFile: Registered encryption key '00000000000000000000000000000000': 0 pak files mounted, 0 remain pending
[2019.11.07-19.08.12:069][  0]LogPakFile: Registered encryption key '00000000000000000000000000000000': 0 pak files mounted, 0 remain pending
[2019.11.07-19.08.12:072][  0]LogPakFile: Registered encryption key '00000000000000000000000000000000': 0 pak files mounted, 0 remain pending
[2019.11.07-19.08.12:075][  0]LogPakFile: Registered encryption key '00000000000000000000000000000000': 0 pak files mounted, 0 remain pending
[2019.11.07-19.08.12:077][  0]LogPakFile: Registered encryption key '00000000000000000000000000000000': 0 pak files mounted, 0 remain pending
[2019.11.07-19.08.12:080][  0]LogPakFile: Registered encryption key '00000000000000000000000000000000': 0 pak files mounted, 0 remain pending
[2019.11.07-19.08.12:083][  0]LogPakFile: Registered encryption key '00000000000000000000000000000000': 0 pak files mounted, 0 remain pending
[2019.11.07-19.08.12:086][  0]LogPakFile: Registered encryption key '00000000000000000000000000000000': 0 pak files mounted, 0 remain pending
[2019.11.07-19.08.12:088][  0]LogPakFile: Registered encryption key '00000000000000000000000000000000': 0 pak files mounted, 0 remain pending
[2019.11.07-19.08.12:152][  0]LogContentBrowser: Native class hierarchy updated for 'AddContentDialog' in 0.0002 seconds. Added 0 classes and 0 folders.
[2019.11.07-19.08.12:179][  0]LogContentBrowser: Native class hierarchy updated for 'SceneOutliner' in 0.0002 seconds. Added 1 classes and 2 folders.
[2019.11.07-19.08.12:256][  0]LogContentBrowser: Native class hierarchy updated for 'WorldBrowser' in 0.0002 seconds. Added 2 classes and 3 folders.
[2019.11.07-19.08.12:301][  0]LogContentBrowser: Native class hierarchy updated for 'HierarchicalLODOutliner' in 0.0002 seconds. Added 0 classes and 0 folders.
[2019.11.07-19.08.12:301][  0]LogLoad: (Engine Initialization) Total time: 14.86 seconds
[2019.11.07-19.08.12:301][  0]LogLoad: (Engine Initialization) Total Blueprint compile time: 0.00 seconds
[2019.11.07-19.08.12:331][  0]LogAssetRegistry: Asset discovery search completed in 7.6934 seconds
[2019.11.07-19.08.12:332][  0]LogCollectionManager: Rebuilt the object cache for 0 collections in 0.000000 seconds (found 0 objects)
[2019.11.07-19.08.12:333][  0]LogCollectionManager: Fixed up redirectors for 0 collections in 0.000047 seconds (updated 0 objects)
[2019.11.07-19.08.12:333][  0]LogContentStreaming: Texture pool size now 1000 MB
[2019.11.07-19.08.12:341][  0]LogSlate: Took 0.002952 seconds to synchronously load lazily loaded font '../../../Engine/Content/Slate/Fonts/Roboto-Regular.ttf' (155K)
[2019.11.07-19.08.12:346][  0]LogSlate: Took 0.002633 seconds to synchronously load lazily loaded font '../../../Engine/Content/Slate/Fonts/Roboto-Bold.ttf' (160K)
[2019.11.07-19.08.12:350][  0]LogSlate: Took 0.003065 seconds to synchronously load lazily loaded font '../../../Engine/Content/Editor/Slate/Fonts/FontAwesome.ttf' (139K)
[2019.11.07-19.08.12:354][  0]LogSlate: Took 0.003262 seconds to synchronously load lazily loaded font '../../../Engine/Content/Slate/Fonts/DroidSansMono.ttf' (77K)
[2019.11.07-19.08.12:486][  1]LogPython: Warning: hello unreal!
[2019.11.07-19.08.12:677][  2]LogRenderer: Reallocating scene render targets to support 824x268 Format 10 NumSamples 1 (Frame:1).
[2019.11.07-19.08.14:321][  7]LogPython: Display: Generating Python API stub file...
[2019.11.07-19.08.14:379][  7]LogPython: Display:   ...generating Python API: glue code
[2019.11.07-19.08.14:528][  7]LogPython: Display:   ...generating Python API: additional code
[2019.11.07-19.08.14:644][  7]LogPython: Display:   ...generated: D:/Git/UEGym/BasicScripting/Intermediate/PythonStub/unreal.py
[2019.11.07-19.09.20:022][190]LogRenderer: Reallocating scene render targets to support 824x408 Format 10 NumSamples 1 (Frame:3).
[2019.11.07-19.09.28:554][216]LogSlate: FSceneViewport::OnFocusLost() reason 0
[2019.11.07-19.09.34:552][906]LogPython: import QtFunctions
[2019.11.07-19.09.42:086][640]LogPython: QtFunctions.spawnQtWindow
[2019.11.07-19.10.03:304][521]LogPython: QtFunctions.spawnQtWindow()
[2019.11.07-19.10.03:304][521]LogPython: Error: Traceback (most recent call last):
[2019.11.07-19.10.03:304][521]LogPython: Error:   File "<string>", line 1, in <module>
[2019.11.07-19.10.03:305][521]LogPython: Error:   File "D:/Git/UEGym/BasicScripting/Plugins/UnrealPythonLibraryPlugin/Content/Python/PythonLibraries\QtFunctions.py", line 38, in spawnQtWindow
[2019.11.07-19.10.03:305][521]LogPython: Error:     window = desired_window_class()
[2019.11.07-19.10.03:305][521]LogPython: Error: TypeError: 'NoneType' object is not callable
[2019.11.07-19.10.34:379][135]LogPython: QtFunctions.spawnQtWindow(None)
[2019.11.07-19.10.34:379][135]LogPython: Error: Traceback (most recent call last):
[2019.11.07-19.10.34:379][135]LogPython: Error:   File "<string>", line 1, in <module>
[2019.11.07-19.10.34:379][135]LogPython: Error:   File "D:/Git/UEGym/BasicScripting/Plugins/UnrealPythonLibraryPlugin/Content/Python/PythonLibraries\QtFunctions.py", line 38, in spawnQtWindow
[2019.11.07-19.10.34:380][135]LogPython: Error:     window = desired_window_class()
[2019.11.07-19.10.34:380][135]LogPython: Error: TypeError: 'NoneType' object is not callable
[2019.11.07-19.11.47:107][416]LogPython: import sys
from PyQt4 import QtGui

app = QtGui.QApplication(sys.argv)

window = QtGui.QWidget()
window.setGeometry(0, 0, 500, 300)
window.setWindowTitle("PyQT Tuts!")

window.show()
[2019.11.07-19.11.47:108][416]LogPython: Error: Traceback (most recent call last):
[2019.11.07-19.11.47:108][416]LogPython: Error:   File "<string>", line 2, in <module>
[2019.11.07-19.11.47:108][416]LogPython: Error: ImportError: No module named PyQt4
[2019.11.07-19.12.08:602][406]LogPython: import sys
from PySide import QtGui

app = QtGui.QApplication(sys.argv)

window = QtGui.QWidget()
window.setGeometry(0, 0, 500, 300)
window.setWindowTitle("PyQT Tuts!")

window.show()
[2019.11.07-19.12.08:602][406]LogPython: Error: Traceback (most recent call last):
[2019.11.07-19.12.08:602][406]LogPython: Error:   File "<string>", line 4, in <module>
[2019.11.07-19.12.08:602][406]LogPython: Error: RuntimeError: A QApplication instance already exists.
[2019.11.07-19.13.03:102][206]LogPython: QtFunctions.spawnQtWindow(None)
[2019.11.07-19.13.03:102][206]LogPython: Error: Traceback (most recent call last):
[2019.11.07-19.13.03:102][206]LogPython: Error:   File "<string>", line 1, in <module>
[2019.11.07-19.13.03:102][206]LogPython: Error:   File "D:/Git/UEGym/BasicScripting/Plugins/UnrealPythonLibraryPlugin/Content/Python/PythonLibraries\QtFunctions.py", line 38, in spawnQtWindow
[2019.11.07-19.13.03:102][206]LogPython: Error:     window = desired_window_class()
[2019.11.07-19.13.03:102][206]LogPython: Error: TypeError: 'NoneType' object is not callable
[2019.11.07-19.18.47:579][745]LogPython: import QtFunctions
import QtWindowOne
QtFunctions.spawnQtWindow(QtWindowOne, QtWindowOne)
[2019.11.07-19.18.47:580][745]LogPython: Error: Traceback (most recent call last):
[2019.11.07-19.18.47:580][745]LogPython: Error:   File "<string>", line 2, in <module>
[2019.11.07-19.18.47:580][745]LogPython: Error: ImportError: No module named QtWindowOne
[2019.11.07-19.19.01:872][460]LogPython: import QtFunctions
import QtWindowOne
QtFunctions.spawnQtWindow(QtWindowOne.QtWindowOne)
[2019.11.07-19.19.01:873][460]LogPython: Error: Traceback (most recent call last):
[2019.11.07-19.19.01:873][460]LogPython: Error:   File "<string>", line 2, in <module>
[2019.11.07-19.19.01:873][460]LogPython: Error: ImportError: No module named QtWindowOne
[2019.11.07-19.19.35:208][613]LogSlate: Only BGRA pngs, bmps or icos are supported in by External Image Picker
[2019.11.07-19.19.36:507][752]LogPython: Display: Generating Python API stub file...
[2019.11.07-19.19.36:568][752]LogPython: Display:   ...generating Python API: glue code
[2019.11.07-19.19.36:724][752]LogPython: Display:   ...generating Python API: additional code
[2019.11.07-19.19.36:767][752]LogPython: Display:   ...generated: D:/Git/UEGym/BasicScripting/Intermediate/PythonStub/unreal.py
[2019.11.07-19.19.49:236][241]LogSlate: Took 0.003761 seconds to synchronously load lazily loaded font '../../../Engine/Content/Slate/Fonts/Roboto-Light.ttf' (167K)
[2019.11.07-19.19.59:553][363]Cmd: CLOSE_SLATE_MAINFRAME
[2019.11.07-19.19.59:575][363]LogUObjectHash: Compacting FUObjectHashTables data took   0.55ms
[2019.11.07-19.19.59:620][363]LogSlate: Window 'Project Settings' being destroyed
[2019.11.07-19.19.59:638][363]LogSlate: Window 'BasicScripting - Unreal Editor' being destroyed
[2019.11.07-19.19.59:889][364]Cmd: QUIT_EDITOR
[2019.11.07-19.19.59:910][364]LogWindowsTextInputMethodSystem: Display: IME system now deactivated.
[2019.11.07-19.19.59:918][364]LogExit: Preparing to exit.
[2019.11.07-19.20.00:794][364]LogExit: Editor shut down
[2019.11.07-19.20.00:794][364]LogExit: Transaction tracking system shut down
[2019.11.07-19.20.00:968][364]LogExit: Object subsystem successfully closed.
[2019.11.07-19.20.00:990][364]LogShaderCompilers: Display: Shaders left to compile 0
[2019.11.07-19.20.00:992][364]LogD3D11RHI: Shutdown
[2019.11.07-19.20.00:992][364]LogD3D11RHI: CleanupD3DDevice
[2019.11.07-19.20.00:993][364]LogRendererCore: FGlobalReadBuffer::ReleaseRHI
[2019.11.07-19.20.00:993][364]LogRendererCore: FGlobalDynamicReadBuffer::Cleanup()
[2019.11.07-19.20.00:993][364]LogRendererCore: FGlobalReadBuffer::ReleaseRHI
[2019.11.07-19.20.00:993][364]LogRendererCore: FGlobalDynamicReadBuffer::Cleanup()
[2019.11.07-19.20.00:993][364]LogRendererCore: FGlobalReadBuffer::ReleaseRHI
[2019.11.07-19.20.00:993][364]LogRendererCore: FGlobalDynamicReadBuffer::Cleanup()
[2019.11.07-19.20.01:039][364]LogD3D11RHI: ~FD3D11DynamicRHI
[2019.11.07-19.20.01:047][364]LogModuleManager: Shutting down and abandoning module ExternalImagePicker (658)
[2019.11.07-19.20.01:047][364]LogModuleManager: Shutting down and abandoning module HierarchicalLODOutliner (656)
[2019.11.07-19.20.01:047][364]LogModuleManager: Shutting down and abandoning module WorldBrowser (654)
[2019.11.07-19.20.01:047][364]LogModuleManager: Shutting down and abandoning module SceneOutliner (652)
[2019.11.07-19.20.01:047][364]LogModuleManager: Shutting down and abandoning module AddContentDialog (650)
[2019.11.07-19.20.01:047][364]LogModuleManager: Shutting down and abandoning module WidgetCarousel (649)
[2019.11.07-19.20.01:047][364]LogModuleManager: Shutting down and abandoning module EditorWidgets (646)
[2019.11.07-19.20.01:047][364]LogModuleManager: Shutting down and abandoning module CollectionManager (644)
[2019.11.07-19.20.01:048][364]LogModuleManager: Shutting down and abandoning module StatsViewer (642)
[2019.11.07-19.20.01:048][364]LogModuleManager: Shutting down and abandoning module FoliageEdit (640)
[2019.11.07-19.20.01:048][364]LogModuleManager: Shutting down and abandoning module LandscapeEditor (638)
[2019.11.07-19.20.01:048][364]LogModuleManager: Shutting down and abandoning module MeshPaintMode (636)
[2019.11.07-19.20.01:048][364]LogModuleManager: Shutting down and abandoning module SceneDepthPickerMode (634)
[2019.11.07-19.20.01:048][364]LogModuleManager: Shutting down and abandoning module ActorPickerMode (632)
[2019.11.07-19.20.01:048][364]LogModuleManager: Shutting down and abandoning module GeometryMode (630)
[2019.11.07-19.20.01:048][364]LogModuleManager: Shutting down and abandoning module TextureAlignMode (628)
[2019.11.07-19.20.01:048][364]LogModuleManager: Shutting down and abandoning module BspMode (626)
[2019.11.07-19.20.01:048][364]LogModuleManager: Shutting down and abandoning module PIEPreviewDeviceProfileSelector (624)
[2019.11.07-19.20.01:048][364]LogModuleManager: Shutting down and abandoning module SequenceRecorderSections (622)
[2019.11.07-19.20.01:048][364]LogModuleManager: Shutting down and abandoning module AutomationWorker (620)
[2019.11.07-19.20.01:048][364]LogModuleManager: Shutting down and abandoning module OculusMR (618)
[2019.11.07-19.20.01:048][364]LogModuleManager: Shutting down and abandoning module AudioCaptureEditor (616)
[2019.11.07-19.20.01:048][364]LogModuleManager: Shutting down and abandoning module MatineeToLevelSequence (614)
[2019.11.07-19.20.01:048][364]LogModuleManager: Shutting down and abandoning module LevelSequenceEditor (612)
[2019.11.07-19.20.01:048][364]LogModuleManager: Shutting down and abandoning module PlacementMode (611)
[2019.11.07-19.20.01:048][364]LogModuleManager: Shutting down and abandoning module MaterialEditor (610)
[2019.11.07-19.20.01:048][364]LogModuleManager: Shutting down and abandoning module ActorSequenceEditor (606)
[2019.11.07-19.20.01:048][364]LogModuleManager: Shutting down and abandoning module WmfMediaFactory (604)
[2019.11.07-19.20.01:048][364]LogModuleManager: Shutting down and abandoning module WmfMediaEditor (602)
[2019.11.07-19.20.01:048][364]LogModuleManager: Shutting down and abandoning module WebMMediaFactory (600)
[2019.11.07-19.20.01:048][364]LogModuleManager: Shutting down and abandoning module WebMMediaEditor (598)
[2019.11.07-19.20.01:048][364]LogModuleManager: Shutting down and abandoning module WebMMedia (596)
[2019.11.07-19.20.01:048][364]LogModuleManager: Shutting down and abandoning module MediaPlayerEditor (594)
[2019.11.07-19.20.01:048][364]LogModuleManager: Shutting down and abandoning module MediaCompositingEditor (592)
[2019.11.07-19.20.01:048][364]LogModuleManager: Shutting down and abandoning module SequenceRecorder (591)
[2019.11.07-19.20.01:048][364]LogModuleManager: Shutting down and abandoning module OpenExrWrapper (588)
[2019.11.07-19.20.01:048][364]LogModuleManager: Shutting down and abandoning module ImgMediaFactory (586)
[2019.11.07-19.20.01:048][364]LogModuleManager: Shutting down and abandoning module ImgMediaEditor (584)
[2019.11.07-19.20.01:048][364]LogModuleManager: Shutting down and abandoning module AvfMediaFactory (582)
[2019.11.07-19.20.01:048][364]LogModuleManager: Shutting down and abandoning module AvfMediaEditor (580)
[2019.11.07-19.20.01:048][364]LogModuleManager: Shutting down and abandoning module AndroidMediaFactory (578)
[2019.11.07-19.20.01:048][364]LogModuleManager: Shutting down and abandoning module AndroidMediaEditor (576)
[2019.11.07-19.20.01:048][364]LogModuleManager: Shutting down and abandoning module MagicLeapCameraPreviewFactory (574)
[2019.11.07-19.20.01:048][364]LogModuleManager: Shutting down and abandoning module MagicLeapMediaCodecFactory (572)
[2019.11.07-19.20.01:048][364]LogModuleManager: Shutting down and abandoning module MagicLeapMediaFactory (570)
[2019.11.07-19.20.01:048][364]LogModuleManager: Shutting down and abandoning module MagicLeapMediaEditor (568)
[2019.11.07-19.20.01:048][364]LogModuleManager: Shutting down and abandoning module CharacterAI (566)
[2019.11.07-19.20.01:048][364]LogModuleManager: Shutting down and abandoning module SmartSnapping (564)
[2019.11.07-19.20.01:048][364]LogModuleManager: Shutting down and abandoning module SessionServices (562)
[2019.11.07-19.20.01:048][364]LogModuleManager: Shutting down and abandoning module MeshPaint (560)
[2019.11.07-19.20.01:048][364]LogModuleManager: Shutting down and abandoning module ViewportSnapping (558)
[2019.11.07-19.20.01:048][364]LogModuleManager: Shutting down and abandoning module ViewportInteraction (556)
[2019.11.07-19.20.01:048][364]LogModuleManager: Shutting down and abandoning module ClothPainter (554)
[2019.11.07-19.20.01:048][364]LogModuleManager: Shutting down and abandoning module SkeletalMeshEditor (553)
[2019.11.07-19.20.01:048][364]LogModuleManager: Shutting down and abandoning module LogVisualizer (550)
[2019.11.07-19.20.01:048][364]LogModuleManager: Shutting down and abandoning module IntroTutorials (548)
[2019.11.07-19.20.01:048][364]LogModuleManager: Shutting down and abandoning module GameProjectGeneration (547)
[2019.11.07-19.20.01:048][364]LogModuleManager: Shutting down and abandoning module LuminPlatformEditor (544)
[2019.11.07-19.20.01:048][364]LogModuleManager: Shutting down and abandoning module IOSPlatformEditor (542)
[2019.11.07-19.20.01:048][364]LogModuleManager: Shutting down and abandoning module HTML5PlatformEditor (540)
[2019.11.07-19.20.01:048][364]LogModuleManager: Shutting down and abandoning module AndroidPlatformEditor (538)
[2019.11.07-19.20.01:048][364]LogModuleManager: Shutting down and abandoning module AndroidDeviceDetection (537)
[2019.11.07-19.20.01:235][364]LogModuleManager: Shutting down and abandoning module WindowsPlatformEditor (534)
[2019.11.07-19.20.01:235][364]LogModuleManager: Shutting down and abandoning module LuminRuntimeSettings (532)
[2019.11.07-19.20.01:235][364]LogModuleManager: Shutting down and abandoning module IOSRuntimeSettings (530)
[2019.11.07-19.20.01:235][364]LogModuleManager: Shutting down and abandoning module AndroidRuntimeSettings (528)
[2019.11.07-19.20.01:235][364]LogModuleManager: Shutting down and abandoning module TimeManagementEditor (526)
[2019.11.07-19.20.01:235][364]LogModuleManager: Shutting down and abandoning module InputBindingEditor (524)
[2019.11.07-19.20.01:236][364]LogModuleManager: Shutting down and abandoning module MergeActors (522)
[2019.11.07-19.20.01:236][364]LogModuleManager: Shutting down and abandoning module LocalizationDashboard (520)
[2019.11.07-19.20.01:236][364]LogModuleManager: Shutting down and abandoning module LocalizationService (519)
[2019.11.07-19.20.01:236][364]LogModuleManager: Shutting down and abandoning module HardwareTargeting (516)
[2019.11.07-19.20.01:236][364]LogModuleManager: Shutting down and abandoning module DeviceProfileEditor (514)
[2019.11.07-19.20.01:236][364]LogModuleManager: Shutting down and abandoning module UndoHistory (512)
[2019.11.07-19.20.01:236][364]LogModuleManager: Shutting down and abandoning module XmlParser (510)
[2019.11.07-19.20.01:236][364]LogModuleManager: Shutting down and abandoning module Blutility (508)
[2019.11.07-19.20.01:236][364]LogModuleManager: Shutting down and abandoning module ProjectSettingsViewer (506)
[2019.11.07-19.20.01:236][364]LogModuleManager: Shutting down and abandoning module ProjectTargetPlatformEditor (505)
[2019.11.07-19.20.01:236][364]LogModuleManager: Shutting down and abandoning module EditorSettingsViewer (502)
[2019.11.07-19.20.01:236][364]LogModuleManager: Shutting down and abandoning module SettingsEditor (500)
[2019.11.07-19.20.01:236][364]LogModuleManager: Shutting down and abandoning module ProjectLauncher (498)
[2019.11.07-19.20.01:236][364]LogModuleManager: Shutting down and abandoning module SessionFrontend (496)
[2019.11.07-19.20.01:236][364]LogModuleManager: Shutting down and abandoning module ProfilerClient (494)
[2019.11.07-19.20.01:236][364]LogModuleManager: Shutting down and abandoning module DeviceManager (492)
[2019.11.07-19.20.01:236][364]LogModuleManager: Shutting down and abandoning module TargetDeviceServices (491)
[2019.11.07-19.20.01:280][364]LogModuleManager: Shutting down and abandoning module AutomationController (488)
[2019.11.07-19.20.01:280][364]LogModuleManager: Shutting down and abandoning module AutomationWindow (486)
[2019.11.07-19.20.01:280][364]LogModuleManager: Shutting down and abandoning module Layers (484)
[2019.11.07-19.20.01:280][364]LogModuleManager: Shutting down and abandoning module ComponentVisualizers (482)
[2019.11.07-19.20.01:280][364]LogModuleManager: Shutting down and abandoning module DetailCustomizations (480)
[2019.11.07-19.20.01:280][364]LogModuleManager: Shutting down and abandoning module PackagesDialog (478)
[2019.11.07-19.20.01:280][364]LogModuleManager: Shutting down and abandoning module AnimationBlueprintEditor (476)
[2019.11.07-19.20.01:280][364]LogModuleManager: Shutting down and abandoning module Persona (474)
[2019.11.07-19.20.01:280][364]LogModuleManager: Shutting down and abandoning module AdvancedPreviewScene (473)
[2019.11.07-19.20.01:280][364]LogModuleManager: Shutting down and abandoning module AnimGraph (471)
[2019.11.07-19.20.01:280][364]LogModuleManager: Shutting down and abandoning module Kismet (468)
[2019.11.07-19.20.01:280][364]LogModuleManager: Shutting down and abandoning module GraphEditor (466)
[2019.11.07-19.20.01:280][364]LogModuleManager: Shutting down and abandoning module ClassViewer (464)
[2019.11.07-19.20.01:280][364]LogModuleManager: Shutting down and abandoning module Toolbox (462)
[2019.11.07-19.20.01:280][364]LogModuleManager: Shutting down and abandoning module ModuleUI (460)
[2019.11.07-19.20.01:280][364]LogModuleManager: Shutting down and abandoning module MovieSceneTools (458)
[2019.11.07-19.20.01:280][364]LogModuleManager: Shutting down and abandoning module OutputLog (456)
[2019.11.07-19.20.01:280][364]LogModuleManager: Shutting down and abandoning module GammaUI (454)
[2019.11.07-19.20.01:280][364]LogModuleManager: Shutting down and abandoning module Documentation (452)
[2019.11.07-19.20.01:280][364]LogModuleManager: Shutting down and abandoning module LiveCoding (450)
[2019.11.07-19.20.01:280][364]LogModuleManager: Shutting down and abandoning module LevelSequence (448)
[2019.11.07-19.20.01:280][364]LogModuleManager: Shutting down and abandoning module MovieSceneTracks (446)
[2019.11.07-19.20.01:280][364]LogModuleManager: Shutting down and abandoning module MovieScene (444)
[2019.11.07-19.20.01:280][364]LogModuleManager: Shutting down and abandoning module StreamingPauseRendering (442)
[2019.11.07-19.20.01:280][364]LogModuleManager: Shutting down and abandoning module LauncherPlatform (440)
[2019.11.07-19.20.01:280][364]LogModuleManager: Shutting down and abandoning module AnalyticsET (438)
[2019.11.07-19.20.01:280][364]LogModuleManager: Shutting down and abandoning module PortalServices (436)
[2019.11.07-19.20.01:280][364]LogModuleManager: Shutting down and abandoning module PortalRpc (434)
[2019.11.07-19.20.01:280][364]LogModuleManager: Shutting down and abandoning module MessagingRpc (432)
[2019.11.07-19.20.01:280][364]LogModuleManager: Shutting down and abandoning module AIModule (430)
[2019.11.07-19.20.01:280][364]LogModuleManager: Shutting down and abandoning module GameplayDebugger (429)
[2019.11.07-19.20.01:280][364]LogModuleManager: Shutting down and abandoning module AITestSuite (427)
[2019.11.07-19.20.01:280][364]LogModuleManager: Shutting down and abandoning module NavigationSystem (425)
[2019.11.07-19.20.01:280][364]LogModuleManager: Shutting down and abandoning module DesktopPlatform (422)
[2019.11.07-19.20.01:280][364]LogModuleManager: Shutting down and abandoning module ImageWriteQueue (420)
[2019.11.07-19.20.01:283][364]LogModuleManager: Shutting down and abandoning module ProfilerService (418)
[2019.11.07-19.20.01:452][364]LogModuleManager: Shutting down and abandoning module TaskGraph (416)
[2019.11.07-19.20.01:452][364]LogModuleManager: Shutting down and abandoning module SteamVRController (414)
[2019.11.07-19.20.01:452][364]LogModuleManager: Shutting down and abandoning module ProceduralMeshComponentEditor (412)
[2019.11.07-19.20.01:452][364]LogModuleManager: Shutting down and abandoning module ProceduralMeshComponent (410)
[2019.11.07-19.20.01:452][364]LogModuleManager: Shutting down and abandoning module OculusEditor (408)
[2019.11.07-19.20.01:452][364]LogModuleManager: Shutting down and abandoning module OculusInput (406)
[2019.11.07-19.20.01:452][364]LogModuleManager: Shutting down and abandoning module MobilePatchingUtils (404)
[2019.11.07-19.20.01:452][364]LogModuleManager: Shutting down and abandoning module EditableMesh (402)
[2019.11.07-19.20.01:452][364]LogModuleManager: Shutting down and abandoning module CustomMeshComponent (400)
[2019.11.07-19.20.01:452][364]LogModuleManager: Shutting down and abandoning module CableComponent (398)
[2019.11.07-19.20.01:452][364]LogModuleManager: Shutting down and abandoning module AudioCapture (396)
[2019.11.07-19.20.01:452][364]LogModuleManager: Shutting down and abandoning module ArchVisCharacter (394)
[2019.11.07-19.20.01:452][364]LogModuleManager: Shutting down and abandoning module AndroidPermission (392)
[2019.11.07-19.20.01:452][364]LogModuleManager: Shutting down and abandoning module NUTUnrealEngine4 (390)
[2019.11.07-19.20.01:452][364]LogModuleManager: Shutting down and abandoning module NetcodeUnitTest (388)
[2019.11.07-19.20.01:452][364]LogModuleManager: Shutting down and abandoning module SequencerScriptingEditor (386)
[2019.11.07-19.20.01:452][364]LogModuleManager: Shutting down and abandoning module SequencerScripting (384)
[2019.11.07-19.20.01:452][364]LogModuleManager: Shutting down and abandoning module MediaCompositing (382)
[2019.11.07-19.20.01:452][364]LogModuleManager: Shutting down and abandoning module LinearTimecode (380)
[2019.11.07-19.20.01:452][364]LogModuleManager: Shutting down and abandoning module ImgMedia (378)
[2019.11.07-19.20.01:452][364]LogModuleManager: Shutting down and abandoning module MagicLeapHelperVulkan (376)
[2019.11.07-19.20.01:452][364]LogModuleManager: Shutting down and abandoning module MagicLeapHelperOpenGL (374)
[2019.11.07-19.20.01:452][364]LogModuleManager: Shutting down and abandoning module MagicLeapAudio (372)
[2019.11.07-19.20.01:452][364]LogModuleManager: Shutting down and abandoning module HTML5Networking (370)
[2019.11.07-19.20.01:452][364]LogModuleManager: Shutting down and abandoning module GeometryCacheTracks (368)
[2019.11.07-19.20.01:452][364]LogModuleManager: Shutting down and abandoning module GeometryCacheSequencer (366)
[2019.11.07-19.20.01:452][364]LogModuleManager: Shutting down and abandoning module BackChannel (364)
[2019.11.07-19.20.01:452][364]LogModuleManager: Shutting down and abandoning module AppleVision (362)
[2019.11.07-19.20.01:452][364]LogModuleManager: Shutting down and abandoning module AppleImageUtilsBlueprintSupport (360)
[2019.11.07-19.20.01:452][364]LogModuleManager: Shutting down and abandoning module AppleImageUtils (358)
[2019.11.07-19.20.01:452][364]LogModuleManager: Shutting down and abandoning module AlembicImporter (356)
[2019.11.07-19.20.01:452][364]LogModuleManager: Shutting down and abandoning module AlembicLibrary (355)
[2019.11.07-19.20.01:452][364]LogModuleManager: Shutting down and abandoning module GeometryCache (354)
[2019.11.07-19.20.01:452][364]LogModuleManager: Shutting down and abandoning module GeometryCacheEd (353)
[2019.11.07-19.20.01:452][364]LogModuleManager: Shutting down and abandoning module VariantManagerContent (348)
[2019.11.07-19.20.01:452][364]LogModuleManager: Shutting down and abandoning module DatasmithContentEditor (346)
[2019.11.07-19.20.01:452][364]LogModuleManager: Shutting down and abandoning module SpeedTreeImporter (344)
[2019.11.07-19.20.01:452][364]LogModuleManager: Shutting down and abandoning module PluginBrowser (342)
[2019.11.07-19.20.01:452][364]LogModuleManager: Shutting down and abandoning module MobileLauncherProfileWizard (340)
[2019.11.07-19.20.01:452][364]LogModuleManager: Shutting down and abandoning module MaterialAnalyzer (338)
[2019.11.07-19.20.01:452][364]LogModuleManager: Shutting down and abandoning module EditorScriptingUtilities (336)
[2019.11.07-19.20.01:452][364]LogModuleManager: Shutting down and abandoning module CryptoKeysOpenSSL (334)
[2019.11.07-19.20.01:452][364]LogModuleManager: Shutting down and abandoning module CryptoKeys (332)
[2019.11.07-19.20.01:452][364]LogModuleManager: Shutting down and abandoning module VisualStudioSourceCodeAccess (330)
[2019.11.07-19.20.01:452][364]LogModuleManager: Shutting down and abandoning module VisualStudioCodeSourceCodeAccess (328)
[2019.11.07-19.20.01:452][364]LogModuleManager: Shutting down and abandoning module UObjectPlugin (326)
[2019.11.07-19.20.01:452][364]LogModuleManager: Shutting down and abandoning module SubversionSourceControl (324)
[2019.11.07-19.20.01:452][364]LogModuleManager: Shutting down and abandoning module PerforceSourceControl (322)
[2019.11.07-19.20.01:452][364]LogModuleManager: Shutting down and abandoning module GitSourceControl (320)
[2019.11.07-19.20.01:452][364]LogModuleManager: Shutting down and abandoning module SourceControl (319)
[2019.11.07-19.20.01:452][364]LogModuleManager: Shutting down and abandoning module CLionSourceCodeAccess (316)
[2019.11.07-19.20.01:452][364]LogModuleManager: Shutting down and abandoning module AnimationSharingEd (314)
[2019.11.07-19.20.01:452][364]LogModuleManager: Shutting down and abandoning module ActorLayerUtilitiesEditor (312)
[2019.11.07-19.20.01:452][364]LogModuleManager: Shutting down and abandoning module ActorLayerUtilities (310)
[2019.11.07-19.20.01:452][364]LogModuleManager: Shutting down and abandoning module LightPropagationVolumeEditor (308)
[2019.11.07-19.20.01:452][364]LogModuleManager: Shutting down and abandoning module PaperTiledImporter (306)
[2019.11.07-19.20.01:452][364]LogModuleManager: Shutting down and abandoning module PaperSpriteSheetImporter (304)
[2019.11.07-19.20.01:452][364]LogModuleManager: Shutting down and abandoning module Paper2DEditor (302)
[2019.11.07-19.20.01:452][364]LogModuleManager: Shutting down and abandoning module SignificanceManager (300)
[2019.11.07-19.20.01:452][364]LogModuleManager: Shutting down and abandoning module RuntimePhysXCooking (298)
[2019.11.07-19.20.01:452][364]LogModuleManager: Shutting down and abandoning module PhysXVehiclesEditor (296)
[2019.11.07-19.20.01:453][364]LogModuleManager: Shutting down and abandoning module PhysXVehicles (294)
[2019.11.07-19.20.01:453][364]LogModuleManager: Shutting down and abandoning module LocationServicesBPLibrary (292)
[2019.11.07-19.20.01:453][364]LogModuleManager: Shutting down and abandoning module ActorSequence (290)
[2019.11.07-19.20.01:453][364]LogModuleManager: Shutting down and abandoning module UdpMessaging (288)
[2019.11.07-19.20.01:554][364]LogModuleManager: Shutting down and abandoning module TcpMessaging (286)
[2019.11.07-19.20.01:655][364]LogModuleManager: Shutting down and abandoning module MagicLeapIdentity (284)
[2019.11.07-19.20.01:655][364]LogModuleManager: Shutting down and abandoning module MagicLeapSecureStorage (282)
[2019.11.07-19.20.01:655][364]LogModuleManager: Shutting down and abandoning module MagicLeapHandTracking (280)
[2019.11.07-19.20.01:655][364]LogModuleManager: Shutting down and abandoning module MagicLeapEyeTracker (278)
[2019.11.07-19.20.01:655][364]LogModuleManager: Shutting down and abandoning module MagicLeapController (276)
[2019.11.07-19.20.01:655][364]LogSlate: Slate User Destroyed.  User Index 0, Is Virtual User: 0
[2019.11.07-19.20.01:655][364]LogModuleManager: Shutting down and abandoning module MagicLeapAR (274)
[2019.11.07-19.20.01:655][364]LogModuleManager: Shutting down and abandoning module AugmentedReality (273)
[2019.11.07-19.20.01:655][364]LogModuleManager: Shutting down and abandoning module PythonScriptPlugin (270)
[2019.11.07-19.20.01:655][364]LogModuleManager: Shutting down and abandoning module PythonScriptPluginPreload (268)
[2019.11.07-19.20.01:655][364]LogModuleManager: Shutting down and abandoning module GameplayTagsEditor (266)
[2019.11.07-19.20.01:655][364]LogModuleManager: Shutting down and abandoning module FacialAnimationEditor (264)
[2019.11.07-19.20.01:655][364]LogModuleManager: Shutting down and abandoning module FacialAnimation (262)
[2019.11.07-19.20.01:655][364]LogModuleManager: Shutting down and abandoning module DataValidation (260)
[2019.11.07-19.20.01:655][364]LogModuleManager: Shutting down and abandoning module AssetManagerEditor (258)
[2019.11.07-19.20.01:655][364]LogModuleManager: Shutting down and abandoning module LevelEditor (257)
[2019.11.07-19.20.01:655][364]LogModuleManager: Shutting down and abandoning module PixelInspectorModule (256)
[2019.11.07-19.20.01:655][364]LogModuleManager: Shutting down and abandoning module CommonMenuExtensions (254)
[2019.11.07-19.20.01:655][364]LogModuleManager: Shutting down and abandoning module MainFrame (252)
[2019.11.07-19.20.01:656][364]LogModuleManager: Shutting down and abandoning module HotReload (251)
[2019.11.07-19.20.01:656][364]LogModuleManager: Shutting down and abandoning module ContentBrowser (247)
[2019.11.07-19.20.01:656][364]LogModuleManager: Shutting down and abandoning module TreeMap (245)
[2019.11.07-19.20.01:656][364]LogModuleManager: Shutting down and abandoning module AnimationSharing (242)
[2019.11.07-19.20.01:656][364]LogModuleManager: Shutting down and abandoning module LightPropagationVolumeRuntime (240)
[2019.11.07-19.20.01:656][364]LogModuleManager: Shutting down and abandoning module AISupportModule (238)
[2019.11.07-19.20.01:656][364]LogModuleManager: Shutting down and abandoning module Paper2D (236)
[2019.11.07-19.20.01:656][364]LogModuleManager: Shutting down and abandoning module UnrealPythonLibraryPlugin (234)
[2019.11.07-19.20.01:656][364]LogModuleManager: Shutting down and abandoning module WindowsMoviePlayer (232)
[2019.11.07-19.20.01:656][364]LogModuleManager: Shutting down and abandoning module WebMMoviePlayer (230)
[2019.11.07-19.20.01:656][364]LogModuleManager: Shutting down and abandoning module PacketHandler (228)
[2019.11.07-19.20.01:656][364]LogModuleManager: Shutting down and abandoning module ClothingSystemEditor (226)
[2019.11.07-19.20.01:656][364]LogModuleManager: Shutting down and abandoning module ClothingSystemRuntime (224)
[2019.11.07-19.20.01:656][364]LogModuleManager: Shutting down and abandoning module MediaAssets (222)
[2019.11.07-19.20.01:657][364]LogModuleManager: Shutting down and abandoning module Overlay (220)
[2019.11.07-19.20.01:657][364]LogModuleManager: Shutting down and abandoning module OverlayEditor (219)
[2019.11.07-19.20.01:657][364]LogModuleManager: Shutting down and abandoning module VREditor (216)
[2019.11.07-19.20.01:657][364]LogModuleManager: Shutting down and abandoning module StringTableEditor (214)
[2019.11.07-19.20.01:657][364]LogModuleManager: Shutting down and abandoning module GameplayTasksEditor (212)
[2019.11.07-19.20.01:657][364]LogModuleManager: Shutting down and abandoning module BehaviorTreeEditor (210)
[2019.11.07-19.20.01:657][364]LogModuleManager: Shutting down and abandoning module FunctionalTesting (208)
[2019.11.07-19.20.01:657][364]LogModuleManager: Shutting down and abandoning module CollisionAnalyzer (206)
[2019.11.07-19.20.01:657][364]LogModuleManager: Shutting down and abandoning module WorkspaceMenuStructure (205)
[2019.11.07-19.20.01:657][364]LogModuleManager: Shutting down and abandoning module UMG (202)
[2019.11.07-19.20.01:657][364]LogModuleManager: Shutting down and abandoning module UMGEditor (201)
[2019.11.07-19.20.01:657][364]LogModuleManager: Shutting down and abandoning module Sequencer (200)
[2019.11.07-19.20.01:657][364]LogModuleManager: Shutting down and abandoning module MessageLog (197)
[2019.11.07-19.20.01:657][364]LogModuleManager: Shutting down and abandoning module SlateReflector (192)
[2019.11.07-19.20.01:657][364]LogModuleManager: Shutting down and abandoning module Slate (190)
[2019.11.07-19.20.01:657][364]LogModuleManager: Shutting down and abandoning module EditorStyle (188)
[2019.11.07-19.20.01:658][364]LogModuleManager: Shutting down and abandoning module UnrealEd (186)
[2019.11.07-19.20.01:658][364]LogModuleManager: Shutting down and abandoning module MRMesh (184)
[2019.11.07-19.20.01:658][364]LogModuleManager: Shutting down and abandoning module SourceCodeAccess (182)
[2019.11.07-19.20.01:658][364]LogModuleManager: Shutting down and abandoning module HeadMountedDisplay (180)
[2019.11.07-19.20.01:658][364]LogModuleManager: Shutting down and abandoning module XAudio2 (178)
[2019.11.07-19.20.01:658][364]LogModuleManager: Shutting down and abandoning module Networking (176)
[2019.11.07-19.20.01:658][364]LogModuleManager: Shutting down and abandoning module Core (174)
[2019.11.07-19.20.01:658][364]LogModuleManager: Shutting down and abandoning module KismetCompiler (172)
[2019.11.07-19.20.01:658][364]LogModuleManager: Shutting down and abandoning module MeshUtilities (170)
[2019.11.07-19.20.01:658][364]LogModuleManager: Shutting down and abandoning module MeshMergeUtilities (169)
[2019.11.07-19.20.01:658][364]LogModuleManager: Shutting down and abandoning module MeshReductionInterface (168)
[2019.11.07-19.20.01:658][364]LogModuleManager: Shutting down and abandoning module SkeletalMeshReduction (167)
[2019.11.07-19.20.01:658][364]LogModuleManager: Shutting down and abandoning module ProxyLODMeshReduction (165)
[2019.11.07-19.20.01:658][364]LogModuleManager: Shutting down and abandoning module QuadricMeshReduction (163)
[2019.11.07-19.20.01:658][364]LogModuleManager: Shutting down and abandoning module MaterialBaking (159)
[2019.11.07-19.20.01:658][364]LogModuleManager: Shutting down and abandoning module DerivedDataCache (154)
[2019.11.07-19.20.01:705][364]LogDerivedDataCache: Shutdown
[2019.11.07-19.20.01:705][364]LogModuleManager: Shutting down and abandoning module XGEController (152)
[2019.11.07-19.20.01:705][364]LogXGEController: Cleaning working directory: C:/Users/victor.l/AppData/Local/Temp/UnrealXGEWorkingDir/
[2019.11.07-19.20.01:705][364]LogModuleManager: Shutting down and abandoning module TargetPlatform (150)
[2019.11.07-19.20.01:705][364]LogModuleManager: Shutting down and abandoning module VulkanShaderFormat (149)
[2019.11.07-19.20.01:705][364]LogModuleManager: Shutting down and abandoning module ShaderFormatVectorVM (147)
[2019.11.07-19.20.01:705][364]LogModuleManager: Shutting down and abandoning module ShaderFormatOpenGL (145)
[2019.11.07-19.20.01:705][364]LogModuleManager: Shutting down and abandoning module ShaderFormatD3D (143)
[2019.11.07-19.20.01:705][364]LogModuleManager: Shutting down and abandoning module MetalShaderFormat (141)
[2019.11.07-19.20.01:705][364]LogModuleManager: Shutting down and abandoning module TextureFormatUncompressed (139)
[2019.11.07-19.20.01:705][364]LogModuleManager: Shutting down and abandoning module TextureFormatPVR (137)
[2019.11.07-19.20.01:705][364]LogModuleManager: Shutting down and abandoning module TextureFormatDXT (135)
[2019.11.07-19.20.01:705][364]LogModuleManager: Shutting down and abandoning module TextureFormatIntelISPCTexComp (133)
[2019.11.07-19.20.01:706][364]LogModuleManager: Shutting down and abandoning module TextureFormatASTC (131)
[2019.11.07-19.20.01:706][364]LogModuleManager: Shutting down and abandoning module ImageWrapper (130)
[2019.11.07-19.20.01:706][364]LogModuleManager: Shutting down and abandoning module TextureFormatAndroid (127)
[2019.11.07-19.20.01:706][364]LogModuleManager: Shutting down and abandoning module AudioFormatOpus (125)
[2019.11.07-19.20.01:706][364]LogModuleManager: Shutting down and abandoning module AudioFormatOgg (123)
[2019.11.07-19.20.01:706][364]LogModuleManager: Shutting down and abandoning module AudioFormatADPCM (121)
[2019.11.07-19.20.01:706][364]LogModuleManager: Shutting down and abandoning module LuminTargetPlatform (119)
[2019.11.07-19.20.01:706][364]LogModuleManager: Shutting down and abandoning module LinuxTargetPlatform (117)
[2019.11.07-19.20.01:706][364]LogModuleManager: Shutting down and abandoning module LinuxServerTargetPlatform (115)
[2019.11.07-19.20.01:706][364]LogModuleManager: Shutting down and abandoning module LinuxNoEditorTargetPlatform (113)
[2019.11.07-19.20.01:706][364]LogModuleManager: Shutting down and abandoning module LinuxClientTargetPlatform (111)
[2019.11.07-19.20.01:706][364]LogModuleManager: Shutting down and abandoning module TVOSTargetPlatform (109)
[2019.11.07-19.20.01:707][364]LogModuleManager: Shutting down and abandoning module Messaging (107)
[2019.11.07-19.20.01:707][364]LogModuleManager: Shutting down and abandoning module IOSTargetPlatform (105)
[2019.11.07-19.20.01:707][364]LogModuleManager: Shutting down and abandoning module HTML5TargetPlatform (103)
[2019.11.07-19.20.01:707][364]LogModuleManager: Shutting down and abandoning module AndroidTargetPlatform (101)
[2019.11.07-19.20.01:711][364]LogModuleManager: Shutting down and abandoning module WindowsTargetPlatform (99)
[2019.11.07-19.20.01:711][364]LogModuleManager: Shutting down and abandoning module WindowsServerTargetPlatform (97)
[2019.11.07-19.20.01:711][364]LogModuleManager: Shutting down and abandoning module WindowsNoEditorTargetPlatform (95)
[2019.11.07-19.20.01:711][364]LogModuleManager: Shutting down and abandoning module WindowsClientTargetPlatform (93)
[2019.11.07-19.20.01:711][364]LogModuleManager: Shutting down and abandoning module MacTargetPlatform (91)
[2019.11.07-19.20.01:711][364]LogModuleManager: Shutting down and abandoning module MacServerTargetPlatform (89)
[2019.11.07-19.20.01:711][364]LogModuleManager: Shutting down and abandoning module MacNoEditorTargetPlatform (87)
[2019.11.07-19.20.01:711][364]LogModuleManager: Shutting down and abandoning module MacClientTargetPlatform (85)
[2019.11.07-19.20.01:711][364]LogModuleManager: Shutting down and abandoning module AllDesktopTargetPlatform (83)
[2019.11.07-19.20.01:711][364]LogModuleManager: Shutting down and abandoning module InputCore (80)
[2019.11.07-19.20.01:711][364]LogModuleManager: Shutting down and abandoning module Settings (78)
[2019.11.07-19.20.01:711][364]LogModuleManager: Shutting down and abandoning module DirectoryWatcher (76)
[2019.11.07-19.20.01:711][364]LogModuleManager: Shutting down and abandoning module PhysXCooking (74)
[2019.11.07-19.20.01:711][364]LogModuleManager: Shutting down and abandoning module SteamVR (72)
[2019.11.07-19.20.01:711][364]LogHMD: Freeing OpenVRDLLHandle.
[2019.11.07-19.20.01:711][364]LogModuleManager: Shutting down and abandoning module OculusHMD (70)
[2019.11.07-19.20.01:711][364]LogModuleManager: Shutting down and abandoning module ExampleDeviceProfileSelector (68)
[2019.11.07-19.20.01:711][364]LogModuleManager: Shutting down and abandoning module LauncherChunkInstaller (66)
[2019.11.07-19.20.01:711][364]LogModuleManager: Shutting down and abandoning module OnlineBlueprintSupport (64)
[2019.11.07-19.20.01:711][364]LogModuleManager: Shutting down and abandoning module OnlineSubsystem (60)
[2019.11.07-19.20.01:712][364]LogModuleManager: Shutting down and abandoning module XMPP (55)
[2019.11.07-19.20.01:712][364]LogModuleManager: Shutting down and abandoning module WebSockets (54)
[2019.11.07-19.20.01:734][364]LogModuleManager: Shutting down and abandoning module HTTP (51)
[2019.11.07-19.20.01:734][364]LogHttp: Display: Http module shutting down, but needs to wait on 1 outstanding Http requests:
[2019.11.07-19.20.01:734][364]LogHttp: Display: 	verb=[POST] url=[https://datarouter.ol.epicgames.com/datarouter/api/v1/public/data?SessionID=%7B4DA6BBA9-4709-301B-48D4-4AAFC5584F69%7D&AppID=UEEditor.Rocket.Release&AppVersion=4.22.3-7053642%2B%2B%2BUE4%2BRelease-4.22&UserID=46d13a6741ca9bd6998950bfb3e409e5%7C894d73b3c48046cb86ff7e4e99bb4209%7C3520fb30-bffa-487f-84af-b0ae783e2152&AppEnvironment=datacollector-binary&UploadType=eteventstream] status=Processing
[2019.11.07-19.20.01:751][364]LogModuleManager: Shutting down and abandoning module SSL (50)
[2019.11.07-19.20.01:752][364]LogModuleManager: Shutting down and abandoning module WmfMedia (46)
[2019.11.07-19.20.01:753][364]LogModuleManager: Shutting down and abandoning module Media (45)
[2019.11.07-19.20.01:759][364]LogModuleManager: Shutting down and abandoning module MagicLeap (42)
[2019.11.07-19.20.01:759][364]LogModuleManager: Shutting down and abandoning module DatasmithContent (40)
[2019.11.07-19.20.01:759][364]LogModuleManager: Shutting down and abandoning module AnimationModifiers (38)
[2019.11.07-19.20.01:759][364]LogModuleManager: Shutting down and abandoning module PropertyEditor (37)
[2019.11.07-19.20.01:759][364]LogModuleManager: Shutting down and abandoning module AudioEditor (34)
[2019.11.07-19.20.01:759][364]LogModuleManager: Shutting down and abandoning module TextureCompressor (32)
[2019.11.07-19.20.01:759][364]LogModuleManager: Shutting down and abandoning module RenderCore (30)
[2019.11.07-19.20.01:759][364]LogModuleManager: Shutting down and abandoning module Landscape (28)
[2019.11.07-19.20.01:759][364]LogModuleManager: Shutting down and abandoning module SlateRHIRenderer (26)
[2019.11.07-19.20.01:760][364]LogModuleManager: Shutting down and abandoning module OpenGLDrv (24)
[2019.11.07-19.20.01:760][364]LogModuleManager: Shutting down and abandoning module D3D11RHI (22)
[2019.11.07-19.20.01:760][364]LogModuleManager: Shutting down and abandoning module AnimGraphRuntime (20)
[2019.11.07-19.20.01:760][364]LogModuleManager: Shutting down and abandoning module Renderer (18)
[2019.11.07-19.20.01:760][364]LogModuleManager: Shutting down and abandoning module Engine (16)
[2019.11.07-19.20.01:760][364]LogModuleManager: Shutting down and abandoning module CoreUObject (14)
[2019.11.07-19.20.01:760][364]LogModuleManager: Shutting down and abandoning module NetworkFile (12)
[2019.11.07-19.20.01:760][364]LogModuleManager: Shutting down and abandoning module CookedIterativeFile (10)
[2019.11.07-19.20.01:760][364]LogModuleManager: Shutting down and abandoning module StreamingFile (8)
[2019.11.07-19.20.01:760][364]LogModuleManager: Shutting down and abandoning module SandboxFile (6)
[2019.11.07-19.20.01:760][364]LogModuleManager: Shutting down and abandoning module PakFile (4)
[2019.11.07-19.20.01:760][364]LogModuleManager: Shutting down and abandoning module RSA (3)
[2019.11.07-19.20.01:771][364]LogExit: Exiting.
[2019.11.07-19.20.01:781][364]Log file closed, 11/07/19 11:20:01
