Log file open, 11/28/19 15:27:52
LogWindows: Failed to load 'aqProf.dll' (GetLastError=126)
LogWindows: File 'aqProf.dll' does not exist
LogWindows: Failed to load 'VtuneApi.dll' (GetLastError=126)
LogWindows: File 'VtuneApi.dll' does not exist
LogWindows: Failed to load 'VtuneApi32e.dll' (GetLastError=126)
LogWindows: File 'VtuneApi32e.dll' does not exist
LogConsoleResponse: Display: Failed to find resolution value strings in scalability ini. Falling back to default.
LogInit: Display: Running engine for game: BasicScripting
LogPakFile: Registered encryption key '00000000000000000000000000000000': 0 pak files mounted, 0 remain pending
LogPlatformFile: Not using cached read wrapper
LogTaskGraph: Started task graph with 5 named threads and 47 total threads with 3 sets of task threads.
LogStats: Stats thread started at 0.511787
LogD3D12RHI: Aftermath initialized
LogD3D12RHI: Loading WinPixEventRuntime.dll for PIX profiling (from ../../../Engine/Binaries/ThirdParty/Windows/DirectX/x64).
LogD3D11RHI: Loaded GFSDK_Aftermath_Lib.x64.dll
LogICUInternationalization: ICU TimeZone Detection - Raw Offset: -8:00, Platform Override: ''
LogPluginManager: Mounting plugin Paper2D
LogPluginManager: Mounting plugin AISupport
LogPluginManager: Mounting plugin LightPropagationVolume
LogPluginManager: Mounting plugin ActorLayerUtilities
LogPluginManager: Mounting plugin AnimationSharing
LogPluginManager: Mounting plugin BlankPlugin
LogPluginManager: Mounting plugin CLionSourceCodeAccess
LogPluginManager: Mounting plugin CodeLiteSourceCodeAccess
LogPluginManager: Mounting plugin GitSourceControl
LogPluginManager: Mounting plugin KDevelopSourceCodeAccess
LogPluginManager: Mounting plugin NullSourceCodeAccess
LogPluginManager: Mounting plugin PerforceSourceControl
LogPluginManager: Mounting plugin SubversionSourceControl
LogPluginManager: Mounting plugin UObjectPlugin
LogPluginManager: Mounting plugin VisualStudioCodeSourceCodeAccess
LogPluginManager: Mounting plugin VisualStudioSourceCodeAccess
LogPluginManager: Mounting plugin XCodeSourceCodeAccess
LogPluginManager: Mounting plugin AssetManagerEditor
LogPluginManager: Mounting plugin CryptoKeys
LogPluginManager: Mounting plugin DataValidation
LogPluginManager: Mounting plugin EditorScriptingUtilities
LogPluginManager: Mounting plugin FacialAnimation
LogPluginManager: Mounting plugin GameplayTagsEditor
LogPluginManager: Mounting plugin MacGraphicsSwitching
LogPluginManager: Mounting plugin MaterialAnalyzer
LogPluginManager: Mounting plugin MobileLauncherProfileWizard
LogPluginManager: Mounting plugin PluginBrowser
LogPluginManager: Mounting plugin SpeedTreeImporter
LogPluginManager: Mounting plugin DatasmithContent
LogPluginManager: Mounting plugin VariantManagerContent
LogPluginManager: Mounting plugin AlembicImporter
LogPluginManager: Mounting plugin AppleImageUtils
LogPluginManager: Mounting plugin AppleVision
LogPluginManager: Mounting plugin BackChannel
LogPluginManager: Mounting plugin CharacterAI
LogPluginManager: Mounting plugin GeometryCache
LogPluginManager: Mounting plugin HTML5Networking
LogPluginManager: Mounting plugin ProxyLODPlugin
LogPluginManager: Mounting plugin PythonScriptPlugin
LogPluginManager: Mounting plugin SkeletalReduction
LogPluginManager: Mounting plugin MagicLeap
LogPluginManager: Mounting plugin MagicLeapMedia
LogPluginManager: Mounting plugin AndroidMedia
LogPluginManager: Mounting plugin AvfMedia
LogPluginManager: Mounting plugin ImgMedia
LogPluginManager: Mounting plugin LinearTimecode
LogPluginManager: Mounting plugin MediaCompositing
LogPluginManager: Mounting plugin MediaPlayerEditor
LogPluginManager: Mounting plugin WebMMedia
LogPluginManager: Mounting plugin WmfMedia
LogPluginManager: Mounting plugin TcpMessaging
LogPluginManager: Mounting plugin UdpMessaging
LogPluginManager: Mounting plugin ActorSequence
LogPluginManager: Mounting plugin LevelSequenceEditor
LogPluginManager: Mounting plugin MatineeToLevelSequence
LogPluginManager: Mounting plugin SequencerScripting
LogPluginManager: Mounting plugin NetcodeUnitTest
LogPluginManager: Mounting plugin NUTUnrealEngine4
LogPluginManager: Mounting plugin OnlineSubsystemGooglePlay
LogPluginManager: Mounting plugin OnlineSubsystemIOS
LogPluginManager: Mounting plugin OnlineSubsystem
LogPluginManager: Mounting plugin OnlineSubsystemNull
LogPluginManager: Mounting plugin OnlineSubsystemUtils
LogPluginManager: Mounting plugin LauncherChunkInstaller
LogPluginManager: Mounting plugin AndroidDeviceProfileSelector
LogPluginManager: Mounting plugin AndroidMoviePlayer
LogPluginManager: Mounting plugin AndroidPermission
LogPluginManager: Mounting plugin AppleMoviePlayer
LogPluginManager: Mounting plugin ArchVisCharacter
LogPluginManager: Mounting plugin AudioCapture
LogPluginManager: Mounting plugin CableComponent
LogPluginManager: Mounting plugin CustomMeshComponent
LogPluginManager: Mounting plugin EditableMesh
LogPluginManager: Mounting plugin ExampleDeviceProfileSelector
LogPluginManager: Mounting plugin Firebase
LogPluginManager: Mounting plugin GoogleCloudMessaging
LogPluginManager: Mounting plugin IOSDeviceProfileSelector
LogPluginManager: Mounting plugin LinuxDeviceProfileSelector
LogPluginManager: Mounting plugin LocationServicesBPLibrary
LogPluginManager: Mounting plugin MobilePatchingUtils
LogPluginManager: Mounting plugin OculusVR
LogPluginManager: Mounting plugin PhysXVehicles
LogPluginManager: Mounting plugin ProceduralMeshComponent
LogPluginManager: Mounting plugin RuntimePhysXCooking
LogPluginManager: Mounting plugin SignificanceManager
LogPluginManager: Mounting plugin SteamVR
LogPluginManager: Mounting plugin WebMMoviePlayer
LogPluginManager: Mounting plugin WindowsMoviePlayer
LogPluginManager: Mounting plugin UnrealPythonLibraryPlugin
LogInit: Using libcurl 7.55.1-DEV
LogInit:  - built for x86_64-pc-win32
LogInit:  - supports SSL with OpenSSL/1.1.1
LogInit:  - supports HTTP deflate (compression) using libz 1.2.8
LogInit:  - other features:
LogInit:      CURL_VERSION_SSL
LogInit:      CURL_VERSION_LIBZ
LogInit:      CURL_VERSION_IPV6
LogInit:      CURL_VERSION_ASYNCHDNS
LogInit:      CURL_VERSION_LARGEFILE
LogInit:      CURL_VERSION_IDN
LogInit:  CurlRequestOptions (configurable via config and command line):
LogInit:  - bVerifyPeer = true  - Libcurl will verify peer certificate
LogInit:  - bUseHttpProxy = false  - Libcurl will NOT use HTTP proxy
LogInit:  - bDontReuseConnections = false  - Libcurl will reuse connections
LogInit:  - MaxHostConnections = 16  - Libcurl will limit the number of connections to a host
LogInit:  - LocalHostAddr = Default
LogInit:  - BufferSize = 65536
LogInit: WinSock: version 1.1 (2.2), MaxSocks=32767, MaxUdp=65467
LogInit: Build: ++UE4+Release-4.22-CL-7053642
LogInit: Engine Version: 4.22.3-7053642+++UE4+Release-4.22
LogInit: Compatible Engine Version: 4.22.0-5660361+++UE4+Release-4.22
LogInit: Net CL: 5660361
LogInit: OS: Windows 10 (Release 1903) (), CPU: Intel(R) Core(TM) i9-9900K CPU @ 3.60GHz, GPU: NVIDIA GeForce RTX 2080
LogInit: Compiled (64-bit): Jun 18 2019 03:09:11
LogInit: Compiled with Visual C++: 19.16.27025.01
LogInit: Build Configuration: Development
LogInit: Branch Name: ++UE4+Release-4.22
LogInit: Command Line:  /Game/L_Test1 -game -DX12 -LevelSequence=/Game/BP_Test -MovieFolder=C:\Users\victor.l\Desktop\BatchRenderOutput -ResX=320 -ResY=240 -CustomRenderPasses=FinalImage -MovieStartFrame=0000 -MovieEndFrame=0010 -MovieName=PJG_1111_{world}_{material}_{frame} -Windowed -NoLoadingScreen -NoScreenMessages -NoTextureStreaming -MovieSceneCaptureType=/Script/MovieSceneCapture.AutomatedLevelSequenceCapture -MovieFormat=CustomRenderPasses -MovieFrameRate=24 -MovieQuality=100 -MovieCinematicMode=Yes -MovieWarmUpFrames=100 -MovieDelayBeforeWarmUp=3 -CaptureFramesInHDR=1 -HDRCompressionQuality=1 -ForceRes -CaptureGamut=HCGM_Rec709
LogInit: Base Directory: D:/Program Files/Epic Games/UE_4.22/Engine/Binaries/Win64/
LogInit: Installed Engine Build: 1
LogDevObjectVersion: Number of dev versions registered: 23
LogDevObjectVersion:   Dev-Blueprints (B0D832E4-1F89-4F0D-ACCF-7EB736FD4AA2): 10
LogDevObjectVersion:   Dev-Build (E1C64328-A22C-4D53-A36C-8E866417BD8C): 0
LogDevObjectVersion:   Dev-Core (375EC13C-06E4-48FB-B500-84F0262A717E): 3
LogDevObjectVersion:   Dev-Editor (E4B068ED-F494-42E9-A231-DA0B2E46BB41): 30
LogDevObjectVersion:   Dev-Framework (CFFC743F-43B0-4480-9391-14DF171D2073): 35
LogDevObjectVersion:   Dev-Mobile (B02B49B5-BB20-44E9-A304-32B752E40360): 2
LogDevObjectVersion:   Dev-Networking (A4E4105C-59A1-49B5-A7C5-40C4547EDFEE): 0
LogDevObjectVersion:   Dev-Online (39C831C9-5AE6-47DC-9A44-9C173E1C8E7C): 0
LogDevObjectVersion:   Dev-Physics (78F01B33-EBEA-4F98-B9B4-84EACCB95AA2): 0
LogDevObjectVersion:   Dev-Platform (6631380F-2D4D-43E0-8009-CF276956A95A): 0
LogDevObjectVersion:   Dev-Rendering (12F88B9F-8875-4AFC-A67C-D90C383ABD29): 28
LogDevObjectVersion:   Dev-Sequencer (7B5AE74C-D270-4C10-A958-57980B212A5A): 11
LogDevObjectVersion:   Dev-VR (D7296918-1DD6-4BDD-9DE2-64A83CC13884): 2
LogDevObjectVersion:   Dev-LoadTimes (C2A15278-BFE7-4AFE-6C17-90FF531DF755): 1
LogDevObjectVersion:   Private-Geometry (6EACA3D4-40EC-4CC1-B786-8BED09428FC5): 3
LogDevObjectVersion:   Dev-AnimPhys (29E575DD-E0A3-4627-9D10-D276232CDCEA): 17
LogDevObjectVersion:   Dev-Anim (AF43A65D-7FD3-4947-9873-3E8ED9C1BB05): 2
LogDevObjectVersion:   Dev-ReflectionCapture (6B266CEC-1EC7-4B8F-A30B-E4D90942FC07): 1
LogDevObjectVersion:   Dev-Automation (0DF73D61-A23F-47EA-B727-89E90C41499A): 1
LogDevObjectVersion:   FortniteMain (601D1886-AC64-4F84-AA16-D3DE0DEAC7D6): 25
LogDevObjectVersion:   Dev-Enterprise (9DFFBCD6-494F-0158-E221-12823C92A888): 6
LogDevObjectVersion:   Dev-Niagara (F2AED0AC-9AFE-416F-8664-AA7FFA26D6FC): 1
LogDevObjectVersion:   Dev-Destruction (174F1F0B-B4C6-45A5-B13F-2EE8D0FB917D): 2
LogInit: Presizing for max 16777216 objects, including 0 objects not considered by GC, pre-allocating 0 bytes for permanent pool.
LogInit: Object subsystem initialized
LogConfig: Setting CVar [[con.DebugEarlyDefault:1]]
LogConfig: Setting CVar [[r.setres:1280x720]]
[2019.11.28-23.27.52:245][  0]LogConfig: Setting CVar [[con.DebugEarlyDefault:1]]
[2019.11.28-23.27.52:245][  0]LogConfig: Setting CVar [[r.setres:1280x720]]
[2019.11.28-23.27.52:245][  0]LogConfig: Applying CVar settings from Section [/Script/Engine.RendererSettings] File [D:/Git/UEGym/BasicScripting/Saved/Config/Windows/Engine.ini]
[2019.11.28-23.27.52:245][  0]LogConfig: Setting CVar [[r.GPUCrashDebugging:0]]
[2019.11.28-23.27.52:245][  0]LogConfig: Setting CVar [[r.DefaultFeature.AutoExposure.ExtendDefaultLuminanceRange:1]]
[2019.11.28-23.27.52:245][  0]LogConfig: Applying CVar settings from Section [/Script/Engine.RendererOverrideSettings] File [D:/Git/UEGym/BasicScripting/Saved/Config/Windows/Engine.ini]
[2019.11.28-23.27.52:245][  0]LogConfig: Applying CVar settings from Section [/Script/Engine.StreamingSettings] File [D:/Git/UEGym/BasicScripting/Saved/Config/Windows/Engine.ini]
[2019.11.28-23.27.52:245][  0]LogConfig: Setting CVar [[s.MinBulkDataSizeForAsyncLoading:131072]]
[2019.11.28-23.27.52:245][  0]LogConfig: Setting CVar [[s.AsyncLoadingThreadEnabled:0]]
[2019.11.28-23.27.52:245][  0]LogConfig: Setting CVar [[s.EventDrivenLoaderEnabled:1]]
[2019.11.28-23.27.52:245][  0]LogConfig: Setting CVar [[s.WarnIfTimeLimitExceeded:0]]
[2019.11.28-23.27.52:245][  0]LogConfig: Setting CVar [[s.TimeLimitExceededMultiplier:1.5]]
[2019.11.28-23.27.52:245][  0]LogConfig: Setting CVar [[s.TimeLimitExceededMinTime:0.005]]
[2019.11.28-23.27.52:245][  0]LogConfig: Setting CVar [[s.UseBackgroundLevelStreaming:1]]
[2019.11.28-23.27.52:245][  0]LogConfig: Setting CVar [[s.PriorityAsyncLoadingExtraTime:15.0]]
[2019.11.28-23.27.52:245][  0]LogConfig: Setting CVar [[s.LevelStreamingActorsUpdateTimeLimit:5.0]]
[2019.11.28-23.27.52:245][  0]LogConfig: Setting CVar [[s.PriorityLevelStreamingActorsUpdateExtraTime:5.0]]
[2019.11.28-23.27.52:245][  0]LogConfig: Setting CVar [[s.LevelStreamingComponentsRegistrationGranularity:10]]
[2019.11.28-23.27.52:245][  0]LogConfig: Setting CVar [[s.UnregisterComponentsTimeLimit:1.0]]
[2019.11.28-23.27.52:245][  0]LogConfig: Setting CVar [[s.LevelStreamingComponentsUnregistrationGranularity:5]]
[2019.11.28-23.27.52:245][  0]LogConfig: Applying CVar settings from Section [/Script/Engine.GarbageCollectionSettings] File [D:/Git/UEGym/BasicScripting/Saved/Config/Windows/Engine.ini]
[2019.11.28-23.27.52:245][  0]LogConfig: Setting CVar [[gc.MaxObjectsNotConsideredByGC:1]]
[2019.11.28-23.27.52:245][  0]LogConfig: Setting CVar [[gc.SizeOfPermanentObjectPool:0]]
[2019.11.28-23.27.52:245][  0]LogConfig: Setting CVar [[gc.FlushStreamingOnGC:0]]
[2019.11.28-23.27.52:245][  0]LogConfig: Setting CVar [[gc.NumRetriesBeforeForcingGC:10]]
[2019.11.28-23.27.52:245][  0]LogConfig: Setting CVar [[gc.AllowParallelGC:1]]
[2019.11.28-23.27.52:245][  0]LogConfig: Setting CVar [[gc.TimeBetweenPurgingPendingKillObjects:61.1]]
[2019.11.28-23.27.52:245][  0]LogConfig: Setting CVar [[gc.MaxObjectsInEditor:16777216]]
[2019.11.28-23.27.52:245][  0]LogConfig: Setting CVar [[gc.IncrementalBeginDestroyEnabled:1]]
[2019.11.28-23.27.52:245][  0]LogConfig: Setting CVar [[gc.CreateGCClusters:1]]
[2019.11.28-23.27.52:245][  0]LogConfig: Setting CVar [[gc.MinGCClusterSize:5]]
[2019.11.28-23.27.52:245][  0]LogConfig: Setting CVar [[gc.ActorClusteringEnabled:0]]
[2019.11.28-23.27.52:245][  0]LogConfig: Setting CVar [[gc.BlueprintClusteringEnabled:0]]
[2019.11.28-23.27.52:245][  0]LogConfig: Setting CVar [[gc.UseDisregardForGCOnDedicatedServers:0]]
[2019.11.28-23.27.52:245][  0]LogConfig: Applying CVar settings from Section [/Script/Engine.NetworkSettings] File [D:/Git/UEGym/BasicScripting/Saved/Config/Windows/Engine.ini]
[2019.11.28-23.27.52:245][  0]LogConfig: Applying CVar settings from Section [/Script/UnrealEd.CookerSettings] File [D:/Git/UEGym/BasicScripting/Saved/Config/Windows/Engine.ini]
[2019.11.28-23.27.52:249][  0]LogConfig: Applying CVar settings from Section [ViewDistanceQuality@3] File [D:/Git/UEGym/BasicScripting/Saved/Config/Windows/Scalability.ini]
[2019.11.28-23.27.52:249][  0]LogConfig: Setting CVar [[r.SkeletalMeshLODBias:0]]
[2019.11.28-23.27.52:249][  0]LogConfig: Setting CVar [[r.ViewDistanceScale:1.0]]
[2019.11.28-23.27.52:249][  0]LogConfig: Applying CVar settings from Section [AntiAliasingQuality@3] File [D:/Git/UEGym/BasicScripting/Saved/Config/Windows/Scalability.ini]
[2019.11.28-23.27.52:249][  0]LogConfig: Setting CVar [[r.PostProcessAAQuality:4]]
[2019.11.28-23.27.52:249][  0]LogConfig: Applying CVar settings from Section [ShadowQuality@3] File [D:/Git/UEGym/BasicScripting/Saved/Config/Windows/Scalability.ini]
[2019.11.28-23.27.52:249][  0]LogConfig: Setting CVar [[r.LightFunctionQuality:1]]
[2019.11.28-23.27.52:249][  0]LogConfig: Setting CVar [[r.ShadowQuality:5]]
[2019.11.28-23.27.52:249][  0]LogConfig: Setting CVar [[r.Shadow.CSM.MaxCascades:10]]
[2019.11.28-23.27.52:249][  0]LogConfig: Setting CVar [[r.Shadow.MaxResolution:2048]]
[2019.11.28-23.27.52:249][  0]LogConfig: Setting CVar [[r.Shadow.MaxCSMResolution:2048]]
[2019.11.28-23.27.52:249][  0]LogConfig: Setting CVar [[r.Shadow.RadiusThreshold:0.01]]
[2019.11.28-23.27.52:249][  0]LogConfig: Setting CVar [[r.Shadow.DistanceScale:1.0]]
[2019.11.28-23.27.52:249][  0]LogConfig: Setting CVar [[r.Shadow.CSM.TransitionScale:1.0]]
[2019.11.28-23.27.52:249][  0]LogConfig: Setting CVar [[r.Shadow.PreShadowResolutionFactor:1.0]]
[2019.11.28-23.27.52:249][  0]LogConfig: Setting CVar [[r.DistanceFieldShadowing:1]]
[2019.11.28-23.27.52:249][  0]LogConfig: Setting CVar [[r.DistanceFieldAO:1]]
[2019.11.28-23.27.52:249][  0]LogConfig: Setting CVar [[r.AOQuality:2]]
[2019.11.28-23.27.52:249][  0]LogConfig: Setting CVar [[r.VolumetricFog:1]]
[2019.11.28-23.27.52:249][  0]LogConfig: Setting CVar [[r.VolumetricFog.GridPixelSize:8]]
[2019.11.28-23.27.52:249][  0]LogConfig: Setting CVar [[r.VolumetricFog.GridSizeZ:128]]
[2019.11.28-23.27.52:249][  0]LogConfig: Setting CVar [[r.VolumetricFog.HistoryMissSupersampleCount:4]]
[2019.11.28-23.27.52:249][  0]LogConfig: Setting CVar [[r.LightMaxDrawDistanceScale:1]]
[2019.11.28-23.27.52:249][  0]LogConfig: Setting CVar [[r.CapsuleShadows:1]]
[2019.11.28-23.27.52:249][  0]LogConfig: Applying CVar settings from Section [PostProcessQuality@3] File [D:/Git/UEGym/BasicScripting/Saved/Config/Windows/Scalability.ini]
[2019.11.28-23.27.52:249][  0]LogConfig: Setting CVar [[r.MotionBlurQuality:4]]
[2019.11.28-23.27.52:249][  0]LogConfig: Setting CVar [[r.AmbientOcclusionMipLevelFactor:0.4]]
[2019.11.28-23.27.52:249][  0]LogConfig: Setting CVar [[r.AmbientOcclusionMaxQuality:100]]
[2019.11.28-23.27.52:249][  0]LogConfig: Setting CVar [[r.AmbientOcclusionLevels:-1]]
[2019.11.28-23.27.52:249][  0]LogConfig: Setting CVar [[r.AmbientOcclusionRadiusScale:1.0]]
[2019.11.28-23.27.52:249][  0]LogConfig: Setting CVar [[r.DepthOfFieldQuality:2]]
[2019.11.28-23.27.52:249][  0]LogConfig: Setting CVar [[r.RenderTargetPoolMin:400]]
[2019.11.28-23.27.52:249][  0]LogConfig: Setting CVar [[r.LensFlareQuality:2]]
[2019.11.28-23.27.52:249][  0]LogConfig: Setting CVar [[r.SceneColorFringeQuality:1]]
[2019.11.28-23.27.52:249][  0]LogConfig: Setting CVar [[r.EyeAdaptationQuality:2]]
[2019.11.28-23.27.52:249][  0]LogConfig: Setting CVar [[r.BloomQuality:5]]
[2019.11.28-23.27.52:249][  0]LogConfig: Setting CVar [[r.FastBlurThreshold:100]]
[2019.11.28-23.27.52:249][  0]LogConfig: Setting CVar [[r.Upscale.Quality:3]]
[2019.11.28-23.27.52:249][  0]LogConfig: Setting CVar [[r.Tonemapper.GrainQuantization:1]]
[2019.11.28-23.27.52:249][  0]LogConfig: Setting CVar [[r.LightShaftQuality:1]]
[2019.11.28-23.27.52:249][  0]LogConfig: Setting CVar [[r.Filter.SizeScale:1]]
[2019.11.28-23.27.52:249][  0]LogConfig: Setting CVar [[r.Tonemapper.Quality:5]]
[2019.11.28-23.27.52:249][  0]LogConfig: Setting CVar [[r.DOF.Gather.AccumulatorQuality:1        ; higher gathering accumulator quality]]
[2019.11.28-23.27.52:249][  0]LogConfig: Setting CVar [[r.DOF.Gather.PostfilterMethod:1          ; Median3x3 postfilering method]]
[2019.11.28-23.27.52:249][  0]LogConfig: Setting CVar [[r.DOF.Gather.EnableBokehSettings:0       ; no bokeh simulation when gathering]]
[2019.11.28-23.27.52:249][  0]LogConfig: Setting CVar [[r.DOF.Gather.RingCount:4                 ; medium number of samples when gathering]]
[2019.11.28-23.27.52:249][  0]LogConfig: Setting CVar [[r.DOF.Scatter.ForegroundCompositing:1    ; additive foreground scattering]]
[2019.11.28-23.27.52:249][  0]LogConfig: Setting CVar [[r.DOF.Scatter.BackgroundCompositing:2    ; additive background scattering]]
[2019.11.28-23.27.52:249][  0]LogConfig: Setting CVar [[r.DOF.Scatter.EnableBokehSettings:1      ; bokeh simulation when scattering]]
[2019.11.28-23.27.52:249][  0]LogConfig: Setting CVar [[r.DOF.Scatter.MaxSpriteRatio:0.1         ; only a maximum of 10% of scattered bokeh]]
[2019.11.28-23.27.52:249][  0]LogConfig: Setting CVar [[r.DOF.Recombine.Quality:1                ; cheap slight out of focus]]
[2019.11.28-23.27.52:249][  0]LogConfig: Setting CVar [[r.DOF.Recombine.EnableBokehSettings:0    ; no bokeh simulation on slight out of focus]]
[2019.11.28-23.27.52:249][  0]LogConfig: Setting CVar [[r.DOF.TemporalAAQuality:1                ; more stable temporal accumulation]]
[2019.11.28-23.27.52:249][  0]LogConfig: Setting CVar [[r.DOF.Kernel.MaxForegroundRadius:0.025]]
[2019.11.28-23.27.52:249][  0]LogConfig: Setting CVar [[r.DOF.Kernel.MaxBackgroundRadius:0.025]]
[2019.11.28-23.27.52:249][  0]LogConfig: Applying CVar settings from Section [TextureQuality@3] File [D:/Git/UEGym/BasicScripting/Saved/Config/Windows/Scalability.ini]
[2019.11.28-23.27.52:249][  0]LogConfig: Setting CVar [[r.Streaming.MipBias:0]]
[2019.11.28-23.27.52:249][  0]LogConfig: Setting CVar [[r.Streaming.AmortizeCPUToGPUCopy:0]]
[2019.11.28-23.27.52:249][  0]LogConfig: Setting CVar [[r.Streaming.MaxNumTexturesToStreamPerFrame:0]]
[2019.11.28-23.27.52:249][  0]LogConfig: Setting CVar [[r.Streaming.Boost:1]]
[2019.11.28-23.27.52:249][  0]LogConfig: Setting CVar [[r.MaxAnisotropy:8]]
[2019.11.28-23.27.52:249][  0]LogConfig: Setting CVar [[r.Streaming.LimitPoolSizeToVRAM:0]]
[2019.11.28-23.27.52:249][  0]LogConfig: Setting CVar [[r.Streaming.PoolSize:1000]]
[2019.11.28-23.27.52:249][  0]LogConfig: Setting CVar [[r.Streaming.MaxEffectiveScreenSize:0]]
[2019.11.28-23.27.52:249][  0]LogConfig: Applying CVar settings from Section [EffectsQuality@3] File [D:/Git/UEGym/BasicScripting/Saved/Config/Windows/Scalability.ini]
[2019.11.28-23.27.52:249][  0]LogConfig: Setting CVar [[r.TranslucencyLightingVolumeDim:64]]
[2019.11.28-23.27.52:249][  0]LogConfig: Setting CVar [[r.RefractionQuality:2]]
[2019.11.28-23.27.52:249][  0]LogConfig: Setting CVar [[r.SSR.Quality:3]]
[2019.11.28-23.27.52:249][  0]LogConfig: Setting CVar [[r.SceneColorFormat:4]]
[2019.11.28-23.27.52:249][  0]LogConfig: Setting CVar [[r.DetailMode:2]]
[2019.11.28-23.27.52:249][  0]LogConfig: Setting CVar [[r.TranslucencyVolumeBlur:1]]
[2019.11.28-23.27.52:249][  0]LogConfig: Setting CVar [[r.MaterialQualityLevel:1 ; High quality]]
[2019.11.28-23.27.52:249][  0]LogConfig: Setting CVar [[r.SSS.Scale:1]]
[2019.11.28-23.27.52:249][  0]LogConfig: Setting CVar [[r.SSS.SampleSet:2]]
[2019.11.28-23.27.52:249][  0]LogConfig: Setting CVar [[r.SSS.Quality:1]]
[2019.11.28-23.27.52:249][  0]LogConfig: Setting CVar [[r.SSS.HalfRes:1]]
[2019.11.28-23.27.52:249][  0]LogConfig: Setting CVar [[r.EmitterSpawnRateScale:1.0]]
[2019.11.28-23.27.52:249][  0]LogConfig: Setting CVar [[r.ParticleLightQuality:2]]
[2019.11.28-23.27.52:249][  0]LogConfig: Applying CVar settings from Section [FoliageQuality@3] File [D:/Git/UEGym/BasicScripting/Saved/Config/Windows/Scalability.ini]
[2019.11.28-23.27.52:249][  0]LogConfig: Setting CVar [[foliage.DensityScale:1.0]]
[2019.11.28-23.27.52:249][  0]LogConfig: Setting CVar [[grass.DensityScale:1.0]]
[2019.11.28-23.27.52:249][  0]LogInit: Selected Device Profile: [Windows]
[2019.11.28-23.27.52:249][  0]LogInit: Applying CVar settings loaded from the selected device profile: [Windows]
[2019.11.28-23.27.52:259][  0]LogHAL: Display: Platform has ~ 64 GB [68634533888 / 68719476736 / 64], which maps to Largest [LargestMinGB=32, LargerMinGB=12, DefaultMinGB=8, SmallerMinGB=6, SmallestMinGB=0)
[2019.11.28-23.27.52:259][  0]LogConfig: Setting CVar [[r.Vulkan.UseRealUBs:0		; Required until we fix HLR fall-out]]
[2019.11.28-23.27.52:259][  0]LogInit: Going up to parent DeviceProfile []
[2019.11.28-23.27.52:259][  0]LogConfig: Applying CVar settings from Section [ViewDistanceQuality@Cine] File [D:/Git/UEGym/BasicScripting/Saved/Config/Windows/Scalability.ini]
[2019.11.28-23.27.52:259][  0]LogConfig: Setting CVar [[r.SkeletalMeshLODBias:0]]
[2019.11.28-23.27.52:259][  0]LogConfig: Setting CVar [[r.ViewDistanceScale:10.0]]
[2019.11.28-23.27.52:259][  0]LogConfig: Applying CVar settings from Section [AntiAliasingQuality@Cine] File [D:/Git/UEGym/BasicScripting/Saved/Config/Windows/Scalability.ini]
[2019.11.28-23.27.52:259][  0]LogConfig: Setting CVar [[r.PostProcessAAQuality:6]]
[2019.11.28-23.27.52:259][  0]LogConfig: Applying CVar settings from Section [ShadowQuality@Cine] File [D:/Git/UEGym/BasicScripting/Saved/Config/Windows/Scalability.ini]
[2019.11.28-23.27.52:259][  0]LogConfig: Setting CVar [[r.LightFunctionQuality:1]]
[2019.11.28-23.27.52:259][  0]LogConfig: Setting CVar [[r.ShadowQuality:5]]
[2019.11.28-23.27.52:259][  0]LogConfig: Setting CVar [[r.Shadow.CSM.MaxCascades:10]]
[2019.11.28-23.27.52:259][  0]LogConfig: Setting CVar [[r.Shadow.MaxResolution:4096]]
[2019.11.28-23.27.52:259][  0]LogConfig: Setting CVar [[r.Shadow.MaxCSMResolution:4096]]
[2019.11.28-23.27.52:259][  0]LogConfig: Setting CVar [[r.Shadow.RadiusThreshold:0]]
[2019.11.28-23.27.52:259][  0]LogConfig: Setting CVar [[r.Shadow.DistanceScale:1.0]]
[2019.11.28-23.27.52:259][  0]LogConfig: Setting CVar [[r.Shadow.CSM.TransitionScale:1.0]]
[2019.11.28-23.27.52:259][  0]LogConfig: Setting CVar [[r.Shadow.PreShadowResolutionFactor:1.0]]
[2019.11.28-23.27.52:259][  0]LogConfig: Setting CVar [[r.DistanceFieldShadowing:1]]
[2019.11.28-23.27.52:259][  0]LogConfig: Setting CVar [[r.DistanceFieldAO:1]]
[2019.11.28-23.27.52:259][  0]LogConfig: Setting CVar [[r.AOQuality:2]]
[2019.11.28-23.27.52:259][  0]LogConfig: Setting CVar [[r.VolumetricFog:1]]
[2019.11.28-23.27.52:259][  0]LogConfig: Setting CVar [[r.VolumetricFog.GridPixelSize:4]]
[2019.11.28-23.27.52:259][  0]LogConfig: Setting CVar [[r.VolumetricFog.GridSizeZ:128]]
[2019.11.28-23.27.52:259][  0]LogConfig: Setting CVar [[r.VolumetricFog.HistoryMissSupersampleCount:16]]
[2019.11.28-23.27.52:259][  0]LogConfig: Setting CVar [[r.LightMaxDrawDistanceScale:1]]
[2019.11.28-23.27.52:259][  0]LogConfig: Setting CVar [[r.CapsuleShadows:1]]
[2019.11.28-23.27.52:259][  0]LogConfig: Applying CVar settings from Section [PostProcessQuality@Cine] File [D:/Git/UEGym/BasicScripting/Saved/Config/Windows/Scalability.ini]
[2019.11.28-23.27.52:259][  0]LogConfig: Setting CVar [[r.MotionBlurQuality:4]]
[2019.11.28-23.27.52:259][  0]LogConfig: Setting CVar [[r.AmbientOcclusionMipLevelFactor:0.4]]
[2019.11.28-23.27.52:259][  0]LogConfig: Setting CVar [[r.AmbientOcclusionMaxQuality:100]]
[2019.11.28-23.27.52:259][  0]LogConfig: Setting CVar [[r.AmbientOcclusionLevels:-1]]
[2019.11.28-23.27.52:259][  0]LogConfig: Setting CVar [[r.AmbientOcclusionRadiusScale:1.0]]
[2019.11.28-23.27.52:259][  0]LogConfig: Setting CVar [[r.DepthOfFieldQuality:4]]
[2019.11.28-23.27.52:259][  0]LogConfig: Setting CVar [[r.RenderTargetPoolMin:1000]]
[2019.11.28-23.27.52:259][  0]LogConfig: Setting CVar [[r.LensFlareQuality:3]]
[2019.11.28-23.27.52:259][  0]LogConfig: Setting CVar [[r.SceneColorFringeQuality:1]]
[2019.11.28-23.27.52:259][  0]LogConfig: Setting CVar [[r.EyeAdaptationQuality:2]]
[2019.11.28-23.27.52:259][  0]LogConfig: Setting CVar [[r.BloomQuality:5]]
[2019.11.28-23.27.52:259][  0]LogConfig: Setting CVar [[r.FastBlurThreshold:100]]
[2019.11.28-23.27.52:259][  0]LogConfig: Setting CVar [[r.Upscale.Quality:3]]
[2019.11.28-23.27.52:259][  0]LogConfig: Setting CVar [[r.Tonemapper.GrainQuantization:1]]
[2019.11.28-23.27.52:259][  0]LogConfig: Setting CVar [[r.LightShaftQuality:1]]
[2019.11.28-23.27.52:259][  0]LogConfig: Setting CVar [[r.Filter.SizeScale:1]]
[2019.11.28-23.27.52:259][  0]LogConfig: Setting CVar [[r.Tonemapper.Quality:5]]
[2019.11.28-23.27.52:259][  0]LogConfig: Setting CVar [[r.DOF.Gather.AccumulatorQuality:1        ; higher gathering accumulator quality]]
[2019.11.28-23.27.52:259][  0]LogConfig: Setting CVar [[r.DOF.Gather.PostfilterMethod:1          ; Median3x3 postfilering method]]
[2019.11.28-23.27.52:259][  0]LogConfig: Setting CVar [[r.DOF.Gather.EnableBokehSettings:1       ; bokeh simulation when gathering]]
[2019.11.28-23.27.52:259][  0]LogConfig: Setting CVar [[r.DOF.Gather.RingCount:5                 ; high number of samples when gathering]]
[2019.11.28-23.27.52:259][  0]LogConfig: Setting CVar [[r.DOF.Scatter.ForegroundCompositing:1    ; additive foreground scattering]]
[2019.11.28-23.27.52:259][  0]LogConfig: Setting CVar [[r.DOF.Scatter.BackgroundCompositing:2    ; background scattering occlusion]]
[2019.11.28-23.27.52:259][  0]LogConfig: Setting CVar [[r.DOF.Scatter.EnableBokehSettings:1      ; no bokeh simulation when scattering]]
[2019.11.28-23.27.52:259][  0]LogConfig: Setting CVar [[r.DOF.Scatter.MaxSpriteRatio:0.1         ; only a maximum of 10% of scattered bokeh]]
[2019.11.28-23.27.52:259][  0]LogConfig: Setting CVar [[r.DOF.Recombine.Quality:2                ; highest slight out of focus]]
[2019.11.28-23.27.52:259][  0]LogConfig: Setting CVar [[r.DOF.Recombine.EnableBokehSettings:1    ; bokeh simulation on slight out of focus]]
[2019.11.28-23.27.52:259][  0]LogConfig: Setting CVar [[r.DOF.TemporalAAQuality:1                ; more stable temporal accumulation]]
[2019.11.28-23.27.52:259][  0]LogConfig: Setting CVar [[r.DOF.Kernel.MaxForegroundRadius:0.025]]
[2019.11.28-23.27.52:259][  0]LogConfig: Setting CVar [[r.DOF.Kernel.MaxBackgroundRadius:0.025]]
[2019.11.28-23.27.52:259][  0]LogConfig: Applying CVar settings from Section [TextureQuality@Cine] File [D:/Git/UEGym/BasicScripting/Saved/Config/Windows/Scalability.ini]
[2019.11.28-23.27.52:259][  0]LogConfig: Setting CVar [[r.Streaming.MipBias:0]]
[2019.11.28-23.27.52:259][  0]LogConfig: Setting CVar [[r.Streaming.AmortizeCPUToGPUCopy:0]]
[2019.11.28-23.27.52:259][  0]LogConfig: Setting CVar [[r.Streaming.MaxNumTexturesToStreamPerFrame:0]]
[2019.11.28-23.27.52:259][  0]LogConfig: Setting CVar [[r.Streaming.Boost:1]]
[2019.11.28-23.27.52:259][  0]LogConfig: Setting CVar [[r.MaxAnisotropy:8]]
[2019.11.28-23.27.52:259][  0]LogConfig: Setting CVar [[r.Streaming.LimitPoolSizeToVRAM:0]]
[2019.11.28-23.27.52:259][  0]LogConfig: Setting CVar [[r.Streaming.PoolSize:3000]]
[2019.11.28-23.27.52:260][  0]LogConfig: Setting CVar [[r.Streaming.MaxEffectiveScreenSize:0]]
[2019.11.28-23.27.52:260][  0]LogConfig: Applying CVar settings from Section [EffectsQuality@Cine] File [D:/Git/UEGym/BasicScripting/Saved/Config/Windows/Scalability.ini]
[2019.11.28-23.27.52:260][  0]LogConfig: Setting CVar [[r.TranslucencyLightingVolumeDim:64]]
[2019.11.28-23.27.52:260][  0]LogConfig: Setting CVar [[r.RefractionQuality:2]]
[2019.11.28-23.27.52:260][  0]LogConfig: Setting CVar [[r.SSR.Quality:4]]
[2019.11.28-23.27.52:260][  0]LogConfig: Setting CVar [[r.SceneColorFormat:4]]
[2019.11.28-23.27.52:260][  0]LogConfig: Setting CVar [[r.DetailMode:2]]
[2019.11.28-23.27.52:260][  0]LogConfig: Setting CVar [[r.TranslucencyVolumeBlur:1]]
[2019.11.28-23.27.52:260][  0]LogConfig: Setting CVar [[r.MaterialQualityLevel:1 ; High quality]]
[2019.11.28-23.27.52:260][  0]LogConfig: Setting CVar [[r.SSS.Scale:1]]
[2019.11.28-23.27.52:260][  0]LogConfig: Setting CVar [[r.SSS.SampleSet:2]]
[2019.11.28-23.27.52:260][  0]LogConfig: Setting CVar [[r.SSS.Quality:1]]
[2019.11.28-23.27.52:260][  0]LogConfig: Setting CVar [[r.SSS.HalfRes:0]]
[2019.11.28-23.27.52:260][  0]LogConfig: Setting CVar [[r.EmitterSpawnRateScale:1.0]]
[2019.11.28-23.27.52:260][  0]LogConfig: Setting CVar [[r.ParticleLightQuality:2]]
[2019.11.28-23.27.52:260][  0]LogConfig: Applying CVar settings from Section [FoliageQuality@Cine] File [D:/Git/UEGym/BasicScripting/Saved/Config/Windows/Scalability.ini]
[2019.11.28-23.27.52:260][  0]LogConfig: Setting CVar [[foliage.DensityScale:1.0]]
[2019.11.28-23.27.52:260][  0]LogConfig: Setting CVar [[grass.DensityScale:1.0]]
[2019.11.28-23.27.52:260][  0]LogConfig: Applying CVar settings from Section [Startup] File [../../../Engine/Config/ConsoleVariables.ini]
[2019.11.28-23.27.52:260][  0]LogConfig: Setting CVar [[net.UseAdaptiveNetUpdateFrequency:0]]
[2019.11.28-23.27.52:260][  0]LogConfig: Setting CVar [[p.chaos.AllowCreatePhysxBodies:1]]
[2019.11.28-23.27.52:260][  0]LogConfig: Applying CVar settings from Section [ConsoleVariables] File [D:/Git/UEGym/BasicScripting/Saved/Config/Windows/Engine.ini]
[2019.11.28-23.27.52:260][  0]LogInit: Computer: VICTOR
[2019.11.28-23.27.52:260][  0]LogInit: User: victorl
[2019.11.28-23.27.52:260][  0]LogInit: CPU Page size=4096, Cores=8
[2019.11.28-23.27.52:260][  0]LogInit: High frequency timer resolution =10.000000 MHz
[2019.11.28-23.27.52:260][  0]LogMemory: Memory total: Physical=63.9GB (64GB approx)
[2019.11.28-23.27.52:260][  0]LogMemory: Platform Memory Stats for Windows
[2019.11.28-23.27.52:260][  0]LogMemory: Process Physical Memory: 99.54 MB used, 99.55 MB peak
[2019.11.28-23.27.52:260][  0]LogMemory: Process Virtual Memory: 219.24 MB used, 219.24 MB peak
[2019.11.28-23.27.52:260][  0]LogMemory: Physical Memory: 17862.50 MB used,  47592.49 MB free, 65454.99 MB total
[2019.11.28-23.27.52:260][  0]LogMemory: Virtual Memory: 4806.52 MB used,  134212920.00 MB free, 134217728.00 MB total
[2019.11.28-23.27.52:271][  0]LogInit: Using OS detected language (en-US).
[2019.11.28-23.27.52:271][  0]LogInit: Using OS detected locale (en-CA).
[2019.11.28-23.27.52:271][  0]LogTextLocalizationManager: No specific localization for 'en-US' exists, so the 'en' localization will be used.
[2019.11.28-23.27.52:405][  0]LogSlate: New Slate User Created.  User Index 0, Is Virtual User: 0
[2019.11.28-23.27.52:405][  0]LogSlate: Slate User Registered.  User Index 0, Is Virtual User: 0
[2019.11.28-23.27.52:411][  0]LogHMD: Failed to initialize OpenVR with code 110
[2019.11.28-23.27.52:508][  0]LogD3D12RHI: Found D3D12 adapter 0: NVIDIA GeForce RTX 2080 (Max supported Feature Level 12_1)
[2019.11.28-23.27.52:508][  0]LogD3D12RHI: Adapter has 8010MB of dedicated video memory, 0MB of dedicated system memory, and 32727MB of shared system memory, 2 output[s]
[2019.11.28-23.27.52:516][  0]LogD3D12RHI: Found D3D12 adapter 1: Microsoft Basic Render Driver (Max supported Feature Level 12_1)
[2019.11.28-23.27.52:516][  0]LogD3D12RHI: Adapter has 0MB of dedicated video memory, 0MB of dedicated system memory, and 32727MB of shared system memory, 0 output[s]
[2019.11.28-23.27.52:516][  0]LogD3D12RHI: Chosen D3D12 Adapter Id = 0
[2019.11.28-23.27.52:526][  0]LogD3D12RHI: Emitting draw events for PIX profiling.
[2019.11.28-23.27.52:575][  0]LogD3D12RHI: The system supports ID3D12Device1.
[2019.11.28-23.27.52:575][  0]LogD3D12RHI: The system supports ID3D12Device2.
[2019.11.28-23.27.52:665][  0]LogD3D12RHI: Display: Not using pipeline state disk cache per r.D3D12.PSO.DiskCache=0
[2019.11.28-23.27.52:665][  0]LogD3D12RHI: Display: Not using driver-optimized pipeline state disk cache per r.D3D12.PSO.DriverOptimizedDiskCache=0
[2019.11.28-23.27.52:665][  0]LogD3D12RHI:     GPU DeviceId: 0x1e82 (for the marketing name, search the web for "GPU Device Id")
[2019.11.28-23.27.52:665][  0]LogWindows: EnumDisplayDevices:
[2019.11.28-23.27.52:665][  0]LogWindows:    0. 'NVIDIA GeForce RTX 2080' (P:1 D:1)
[2019.11.28-23.27.52:665][  0]LogWindows:    1. 'NVIDIA GeForce RTX 2080' (P:0 D:1)
[2019.11.28-23.27.52:665][  0]LogWindows:    2. 'NVIDIA GeForce RTX 2080' (P:0 D:0)
[2019.11.28-23.27.52:665][  0]LogWindows:    3. 'NVIDIA GeForce RTX 2080' (P:0 D:0)
[2019.11.28-23.27.52:666][  0]LogWindows: DebugString: FoundDriverCount:4 
[2019.11.28-23.27.52:666][  0]LogD3D12RHI:     Adapter Name: NVIDIA GeForce RTX 2080
[2019.11.28-23.27.52:666][  0]LogD3D12RHI:   Driver Version: 441.20 (internal:26.21.14.4120, unified:441.20)
[2019.11.28-23.27.52:666][  0]LogD3D12RHI:      Driver Date: 11-6-2019
[2019.11.28-23.27.52:666][  0]LogRHI: Texture pool is 4289 MB (70% of 6127 MB)
[2019.11.28-23.27.52:666][  0]LogD3D12RHI: Async texture creation enabled
[2019.11.28-23.27.52:672][  0]LogRendererCore: FGlobalReadBuffer::InitRHI
[2019.11.28-23.27.52:672][  0]LogRendererCore: FGlobalReadBuffer::InitRHI
[2019.11.28-23.27.52:672][  0]LogRendererCore: FGlobalReadBuffer::InitRHI
[2019.11.28-23.27.52:885][  0]LogTemp: Display: Module 'WindowsClientTargetPlatform' loaded TargetPlatform 'WindowsClient'
[2019.11.28-23.27.52:894][  0]LogTemp: Display: Module 'WindowsNoEditorTargetPlatform' loaded TargetPlatform 'WindowsNoEditor'
[2019.11.28-23.27.52:903][  0]LogTemp: Display: Module 'WindowsServerTargetPlatform' loaded TargetPlatform 'WindowsServer'
[2019.11.28-23.27.52:912][  0]LogTemp: Display: Module 'WindowsTargetPlatform' loaded TargetPlatform 'Windows'
[2019.11.28-23.27.52:912][  0]LogTargetPlatformManager: Display: Building Assets For Windows
[2019.11.28-23.27.52:916][  0]LogAudioDebug: Display: Lib vorbis DLL was dynamically loaded.
[2019.11.28-23.27.52:939][  0]LogShaderCompilers: Guid format shader working directory is 6 characters bigger than the processId version (../../../../../../Git/UEGym/BasicScripting/Intermediate/Shaders/WorkingDirectory/21736/).
[2019.11.28-23.27.52:939][  0]LogShaderCompilers: Cleaned the shader compiler working directory 'C:/Users/victor.l/AppData/Local/Temp/UnrealShaderWorkingDir/85544A5E4AB353CAB62220AA5D0F71A7/'.
[2019.11.28-23.27.52:940][  0]LogXGEController: Cannot use XGE Controller as Incredibuild is not installed on this machine.
[2019.11.28-23.27.52:940][  0]LogShaderCompilers: Cannot use XGE Shader Compiler as Incredibuild is not installed on this machine.
[2019.11.28-23.27.52:940][  0]LogShaderCompilers: Display: Using Local Shader Compiler.
[2019.11.28-23.27.53:347][  0]LogDerivedDataCache: Display: Max Cache Size: 512 MB
[2019.11.28-23.27.53:386][  0]LogDerivedDataCache: Loaded boot cache 0.04s 74MB C:/Users/victor.l/AppData/Local/UnrealEngine/4.22/DerivedDataCache/Boot.ddc.
[2019.11.28-23.27.53:386][  0]LogDerivedDataCache: Display: Loaded Boot cache: C:/Users/victor.l/AppData/Local/UnrealEngine/4.22/DerivedDataCache/Boot.ddc
[2019.11.28-23.27.53:386][  0]LogDerivedDataCache: FDerivedDataBackendGraph:  Pak pak cache file ../../../../../../Git/UEGym/BasicScripting/DerivedDataCache/DDC.ddp not found, will not use a pak cache.
[2019.11.28-23.27.53:386][  0]LogDerivedDataCache: Unable to find inner node Pak for hierarchical cache Hierarchy.
[2019.11.28-23.27.53:386][  0]LogDerivedDataCache: FDerivedDataBackendGraph:  CompressedPak pak cache file ../../../../../../Git/UEGym/BasicScripting/DerivedDataCache/Compressed.ddp not found, will not use a pak cache.
[2019.11.28-23.27.53:386][  0]LogDerivedDataCache: Unable to find inner node CompressedPak for hierarchical cache Hierarchy.
[2019.11.28-23.27.53:395][  0]LogDerivedDataCache: Display: Pak cache opened for reading ../../../Engine/DerivedDataCache/Compressed.ddp.
[2019.11.28-23.27.53:395][  0]LogDerivedDataCache: FDerivedDataBackendGraph:  EnterprisePak pak cache file ../../../Enterprise/DerivedDataCache/Compressed.ddp not found, will not use a pak cache.
[2019.11.28-23.27.53:395][  0]LogDerivedDataCache: Unable to find inner node EnterprisePak for hierarchical cache Hierarchy.
[2019.11.28-23.27.53:407][  0]LogDerivedDataCache: Using Local data cache path C:/Users/victor.l/AppData/Local/UnrealEngine/Common/DerivedDataCache: Writable
[2019.11.28-23.27.53:407][  0]LogDerivedDataCache: Shared data cache path not found in *engine.ini, will not use an Shared cache.
[2019.11.28-23.27.53:407][  0]LogDerivedDataCache: Unable to find inner node Shared for hierarchical cache Hierarchy.
[2019.11.28-23.27.53:423][  0]LogMaterial: Verifying Global Shaders for PCD3D_SM5
[2019.11.28-23.27.53:424][  0]LogSlate: Using FreeType 2.6.0
[2019.11.28-23.27.53:424][  0]LogSlate: SlateFontServices - WITH_FREETYPE: 1, WITH_HARFBUZZ: 1
[2019.11.28-23.27.53:455][  0]LogInit: Using OS detected language (en-US).
[2019.11.28-23.27.53:455][  0]LogInit: Using OS detected locale (en-CA).
[2019.11.28-23.27.53:455][  0]LogTextLocalizationManager: No localization for 'en-US' exists, so 'en' will be used for the language.
[2019.11.28-23.27.53:455][  0]LogTextLocalizationManager: No localization for 'en-CA' exists, so 'en' will be used for the locale.
[2019.11.28-23.27.53:455][  0]LogSlate: FontCache flush requested. Reason: Culture for localization was changed
[2019.11.28-23.27.53:455][  0]LogSlate: FontCache flush requested. Reason: Culture for localization was changed
[2019.11.28-23.27.53:456][  0]LogTextLocalizationManager: Compacting localization data took   0.00ms
[2019.11.28-23.27.53:460][  0]LogAssetRegistry: FAssetRegistry took 0.0028 seconds to start up
[2019.11.28-23.27.53:603][  0]LogPackageLocalizationCache: Processed 13 localized package path(s) for 1 prioritized culture(s) in 0.010365 seconds
[2019.11.28-23.27.53:685][  0]LogInit: Selected Device Profile: [Windows]
[2019.11.28-23.27.53:716][  0]LogMeshReduction: Using QuadricMeshReduction for automatic static mesh reduction
[2019.11.28-23.27.53:716][  0]LogMeshReduction: Using SimplygonMeshReduction for automatic skeletal mesh reduction
[2019.11.28-23.27.53:716][  0]LogMeshReduction: Using ProxyLODMeshReduction for automatic mesh merging
[2019.11.28-23.27.53:716][  0]LogMeshReduction: No distributed automatic mesh merging module available
[2019.11.28-23.27.53:716][  0]LogMeshMerging: No distributed automatic mesh merging module available
[2019.11.28-23.27.53:778][  0]LogNetVersion: BasicScripting 1.0.0, NetCL: 5660361, EngineNetVer: 10, GameNetVer: 0 (Checksum: 2027260730)
[2019.11.28-23.27.54:162][  0]SourceControl: Source control is disabled
[2019.11.28-23.27.54:162][  0]SourceControl: Source control is disabled
[2019.11.28-23.27.54:163][  0]SourceControl: Source control is disabled
[2019.11.28-23.27.54:188][  0]LogAndroidPermission: UAndroidPermissionCallbackProxy::GetInstance
[2019.11.28-23.27.54:237][  0]LogOcInput: OculusInput pre-init called
[2019.11.28-23.27.54:243][  0]LogUObjectArray: 47218 objects as part of root set at end of initial load.
[2019.11.28-23.27.54:244][  0]LogUObjectAllocator: 8293240 out of 0 bytes used by permanent object pool.
[2019.11.28-23.27.54:244][  0]LogUObjectArray: CloseDisregardForGC: 0/0 objects in disregard for GC pool
[2019.11.28-23.27.54:356][  0]LogEngine: Initializing Engine...
[2019.11.28-23.27.54:357][  0]LogHMD: Failed to initialize OpenVR with code 110
[2019.11.28-23.27.54:369][  0]LogStats: UGameplayTagsManager::InitializeManager -  0.000 s
[2019.11.28-23.27.54:500][  0]LogInit: Initializing FReadOnlyCVARCache
[2019.11.28-23.27.54:516][  0]LogInit: XAudio2 using 'Headphones (High Definition Audio Device)' : 2 channels at 48 kHz using 32 bits per sample (channel mask 0x3)
[2019.11.28-23.27.54:529][  0]LogInit: FAudioDevice initialized.
[2019.11.28-23.27.54:540][  0]LogNetVersion: Set ProjectVersion to 1.0.0.0. Version Checksum will be recalculated on next use.
[2019.11.28-23.27.54:581][  0]LogDerivedDataCache: Saved boot cache 0.04s 74MB C:/Users/victor.l/AppData/Local/UnrealEngine/4.22/DerivedDataCache/Boot.ddc.
[2019.11.28-23.27.54:587][  0]LogInit: Texture streaming: Disabled
[2019.11.28-23.27.54:673][  0]LogEngine: GameWindow did not exist.  Was created
[2019.11.28-23.27.54:735][  0]LogSlate: Updating window title bar state: overlay mode, drag disabled, window buttons hidden, title bar hidden
[2019.11.28-23.27.54:764][  0]LogInit: Display: Game Engine Initialized.
[2019.11.28-23.27.54:797][  0]LogInit: Display: Starting Game.
[2019.11.28-23.27.54:797][  0]LogNet: Browse: /Game/L_Test1?Name=Player
[2019.11.28-23.27.54:799][  0]LogLoad: LoadMap: /Game/L_Test1?Name=Player
[2019.11.28-23.27.54:825][  0]LogUObjectHash: Compacting FUObjectHashTables data took   1.06ms
[2019.11.28-23.27.54:861][  0]LogAIModule: Creating AISystem for world L_Test1
[2019.11.28-23.27.54:862][  0]LogLoad: Game class is 'GameModeBase'
[2019.11.28-23.27.54:863][  0]LogWorld: Bringing World /Game/L_Test1.L_Test1 up for play (max tick rate 0) at 2019.11.28-15.27.54
[2019.11.28-23.27.54:865][  0]LogWorld: Bringing up level for play took: 0.002636
[2019.11.28-23.27.54:865][  0]LogGameMode: FindPlayerStart: PATHS NOT DEFINED or NO PLAYERSTART with positive rating
[2019.11.28-23.27.54:868][  0]LogConfig: Applying CVar settings from Section [ViewDistanceQuality@Cine] File [D:/Git/UEGym/BasicScripting/Saved/Config/Windows/Scalability.ini]
[2019.11.28-23.27.54:868][  0]LogConfig: Setting CVar [[r.SkeletalMeshLODBias:0]]
[2019.11.28-23.27.54:868][  0]LogConfig: Setting CVar [[r.ViewDistanceScale:10.0]]
[2019.11.28-23.27.54:868][  0]LogConfig: Applying CVar settings from Section [AntiAliasingQuality@Cine] File [D:/Git/UEGym/BasicScripting/Saved/Config/Windows/Scalability.ini]
[2019.11.28-23.27.54:868][  0]LogConfig: Setting CVar [[r.PostProcessAAQuality:6]]
[2019.11.28-23.27.54:868][  0]LogConfig: Applying CVar settings from Section [ShadowQuality@Cine] File [D:/Git/UEGym/BasicScripting/Saved/Config/Windows/Scalability.ini]
[2019.11.28-23.27.54:868][  0]LogConfig: Setting CVar [[r.LightFunctionQuality:1]]
[2019.11.28-23.27.54:868][  0]LogConfig: Setting CVar [[r.ShadowQuality:5]]
[2019.11.28-23.27.54:868][  0]LogConfig: Setting CVar [[r.Shadow.CSM.MaxCascades:10]]
[2019.11.28-23.27.54:868][  0]LogConfig: Setting CVar [[r.Shadow.MaxResolution:4096]]
[2019.11.28-23.27.54:868][  0]LogConfig: Setting CVar [[r.Shadow.MaxCSMResolution:4096]]
[2019.11.28-23.27.54:868][  0]LogConfig: Setting CVar [[r.Shadow.RadiusThreshold:0]]
[2019.11.28-23.27.54:868][  0]LogConfig: Setting CVar [[r.Shadow.DistanceScale:1.0]]
[2019.11.28-23.27.54:868][  0]LogConfig: Setting CVar [[r.Shadow.CSM.TransitionScale:1.0]]
[2019.11.28-23.27.54:868][  0]LogConfig: Setting CVar [[r.Shadow.PreShadowResolutionFactor:1.0]]
[2019.11.28-23.27.54:868][  0]LogConfig: Setting CVar [[r.DistanceFieldShadowing:1]]
[2019.11.28-23.27.54:868][  0]LogConfig: Setting CVar [[r.DistanceFieldAO:1]]
[2019.11.28-23.27.54:868][  0]LogConfig: Setting CVar [[r.AOQuality:2]]
[2019.11.28-23.27.54:868][  0]LogConfig: Setting CVar [[r.VolumetricFog:1]]
[2019.11.28-23.27.54:868][  0]LogConfig: Setting CVar [[r.VolumetricFog.GridPixelSize:4]]
[2019.11.28-23.27.54:868][  0]LogConfig: Setting CVar [[r.VolumetricFog.GridSizeZ:128]]
[2019.11.28-23.27.54:868][  0]LogConfig: Setting CVar [[r.VolumetricFog.HistoryMissSupersampleCount:16]]
[2019.11.28-23.27.54:868][  0]LogConfig: Setting CVar [[r.LightMaxDrawDistanceScale:1]]
[2019.11.28-23.27.54:868][  0]LogConfig: Setting CVar [[r.CapsuleShadows:1]]
[2019.11.28-23.27.54:868][  0]LogConfig: Applying CVar settings from Section [PostProcessQuality@Cine] File [D:/Git/UEGym/BasicScripting/Saved/Config/Windows/Scalability.ini]
[2019.11.28-23.27.54:868][  0]LogConfig: Setting CVar [[r.MotionBlurQuality:4]]
[2019.11.28-23.27.54:868][  0]LogConfig: Setting CVar [[r.AmbientOcclusionMipLevelFactor:0.4]]
[2019.11.28-23.27.54:868][  0]LogConfig: Setting CVar [[r.AmbientOcclusionMaxQuality:100]]
[2019.11.28-23.27.54:868][  0]LogConfig: Setting CVar [[r.AmbientOcclusionLevels:-1]]
[2019.11.28-23.27.54:868][  0]LogConfig: Setting CVar [[r.AmbientOcclusionRadiusScale:1.0]]
[2019.11.28-23.27.54:868][  0]LogConfig: Setting CVar [[r.DepthOfFieldQuality:4]]
[2019.11.28-23.27.54:868][  0]LogConfig: Setting CVar [[r.RenderTargetPoolMin:1000]]
[2019.11.28-23.27.54:868][  0]LogConfig: Setting CVar [[r.LensFlareQuality:3]]
[2019.11.28-23.27.54:868][  0]LogConfig: Setting CVar [[r.SceneColorFringeQuality:1]]
[2019.11.28-23.27.54:868][  0]LogConfig: Setting CVar [[r.EyeAdaptationQuality:2]]
[2019.11.28-23.27.54:868][  0]LogConfig: Setting CVar [[r.BloomQuality:5]]
[2019.11.28-23.27.54:868][  0]LogConfig: Setting CVar [[r.FastBlurThreshold:100]]
[2019.11.28-23.27.54:868][  0]LogConfig: Setting CVar [[r.Upscale.Quality:3]]
[2019.11.28-23.27.54:868][  0]LogConfig: Setting CVar [[r.Tonemapper.GrainQuantization:1]]
[2019.11.28-23.27.54:868][  0]LogConfig: Setting CVar [[r.LightShaftQuality:1]]
[2019.11.28-23.27.54:868][  0]LogConfig: Setting CVar [[r.Filter.SizeScale:1]]
[2019.11.28-23.27.54:868][  0]LogConfig: Setting CVar [[r.Tonemapper.Quality:5]]
[2019.11.28-23.27.54:868][  0]LogConfig: Setting CVar [[r.DOF.Gather.AccumulatorQuality:1        ; higher gathering accumulator quality]]
[2019.11.28-23.27.54:868][  0]LogConfig: Setting CVar [[r.DOF.Gather.PostfilterMethod:1          ; Median3x3 postfilering method]]
[2019.11.28-23.27.54:868][  0]LogConfig: Setting CVar [[r.DOF.Gather.EnableBokehSettings:1       ; bokeh simulation when gathering]]
[2019.11.28-23.27.54:868][  0]LogConfig: Setting CVar [[r.DOF.Gather.RingCount:5                 ; high number of samples when gathering]]
[2019.11.28-23.27.54:868][  0]LogConfig: Setting CVar [[r.DOF.Scatter.ForegroundCompositing:1    ; additive foreground scattering]]
[2019.11.28-23.27.54:868][  0]LogConfig: Setting CVar [[r.DOF.Scatter.BackgroundCompositing:2    ; background scattering occlusion]]
[2019.11.28-23.27.54:868][  0]LogConfig: Setting CVar [[r.DOF.Scatter.EnableBokehSettings:1      ; no bokeh simulation when scattering]]
[2019.11.28-23.27.54:868][  0]LogConfig: Setting CVar [[r.DOF.Scatter.MaxSpriteRatio:0.1         ; only a maximum of 10% of scattered bokeh]]
[2019.11.28-23.27.54:868][  0]LogConfig: Setting CVar [[r.DOF.Recombine.Quality:2                ; highest slight out of focus]]
[2019.11.28-23.27.54:868][  0]LogConfig: Setting CVar [[r.DOF.Recombine.EnableBokehSettings:1    ; bokeh simulation on slight out of focus]]
[2019.11.28-23.27.54:868][  0]LogConfig: Setting CVar [[r.DOF.TemporalAAQuality:1                ; more stable temporal accumulation]]
[2019.11.28-23.27.54:868][  0]LogConfig: Setting CVar [[r.DOF.Kernel.MaxForegroundRadius:0.025]]
[2019.11.28-23.27.54:868][  0]LogConfig: Setting CVar [[r.DOF.Kernel.MaxBackgroundRadius:0.025]]
[2019.11.28-23.27.54:868][  0]LogConfig: Applying CVar settings from Section [TextureQuality@Cine] File [D:/Git/UEGym/BasicScripting/Saved/Config/Windows/Scalability.ini]
[2019.11.28-23.27.54:868][  0]LogConfig: Setting CVar [[r.Streaming.MipBias:0]]
[2019.11.28-23.27.54:868][  0]LogConfig: Setting CVar [[r.Streaming.AmortizeCPUToGPUCopy:0]]
[2019.11.28-23.27.54:868][  0]LogConfig: Setting CVar [[r.Streaming.MaxNumTexturesToStreamPerFrame:0]]
[2019.11.28-23.27.54:868][  0]LogConfig: Setting CVar [[r.Streaming.Boost:1]]
[2019.11.28-23.27.54:868][  0]LogConfig: Setting CVar [[r.MaxAnisotropy:8]]
[2019.11.28-23.27.54:868][  0]LogConfig: Setting CVar [[r.Streaming.LimitPoolSizeToVRAM:0]]
[2019.11.28-23.27.54:868][  0]LogConfig: Setting CVar [[r.Streaming.PoolSize:3000]]
[2019.11.28-23.27.54:868][  0]LogConfig: Setting CVar [[r.Streaming.MaxEffectiveScreenSize:0]]
[2019.11.28-23.27.54:868][  0]LogConfig: Applying CVar settings from Section [EffectsQuality@Cine] File [D:/Git/UEGym/BasicScripting/Saved/Config/Windows/Scalability.ini]
[2019.11.28-23.27.54:868][  0]LogConfig: Setting CVar [[r.TranslucencyLightingVolumeDim:64]]
[2019.11.28-23.27.54:868][  0]LogConfig: Setting CVar [[r.RefractionQuality:2]]
[2019.11.28-23.27.54:868][  0]LogConfig: Setting CVar [[r.SSR.Quality:4]]
[2019.11.28-23.27.54:868][  0]LogConfig: Setting CVar [[r.SceneColorFormat:4]]
[2019.11.28-23.27.54:868][  0]LogConfig: Setting CVar [[r.DetailMode:2]]
[2019.11.28-23.27.54:868][  0]LogConfig: Setting CVar [[r.TranslucencyVolumeBlur:1]]
[2019.11.28-23.27.54:868][  0]LogConfig: Setting CVar [[r.MaterialQualityLevel:1 ; High quality]]
[2019.11.28-23.27.54:869][  0]LogConfig: Setting CVar [[r.SSS.Scale:1]]
[2019.11.28-23.27.54:869][  0]LogConfig: Setting CVar [[r.SSS.SampleSet:2]]
[2019.11.28-23.27.54:869][  0]LogConfig: Setting CVar [[r.SSS.Quality:1]]
[2019.11.28-23.27.54:869][  0]LogConfig: Setting CVar [[r.SSS.HalfRes:0]]
[2019.11.28-23.27.54:869][  0]LogConfig: Setting CVar [[r.EmitterSpawnRateScale:1.0]]
[2019.11.28-23.27.54:869][  0]LogConfig: Setting CVar [[r.ParticleLightQuality:2]]
[2019.11.28-23.27.54:869][  0]LogConfig: Applying CVar settings from Section [FoliageQuality@Cine] File [D:/Git/UEGym/BasicScripting/Saved/Config/Windows/Scalability.ini]
[2019.11.28-23.27.54:869][  0]LogConfig: Setting CVar [[foliage.DensityScale:1.0]]
[2019.11.28-23.27.54:869][  0]LogConfig: Setting CVar [[grass.DensityScale:1.0]]
[2019.11.28-23.27.54:872][  0]LogMovieSceneCapture: Error: Could not find or create a Level Sequence Actor for this capture. Capturing will fail.
[2019.11.28-23.27.54:873][  0]LogLoad: Took 0.073372 seconds to LoadMap(/Game/L_Test1)
[2019.11.28-23.27.54:883][  0]LogRenderer: Reallocating scene render targets to support 320x240 Format 10 NumSamples 1 (Frame:1).
[2019.11.28-23.27.54:883][  0]LogLoad: (Engine Initialization) Total time: 4.30 seconds
[2019.11.28-23.27.54:883][  0]LogLoad: (Engine Initialization) Total Blueprint compile time: 0.00 seconds
[2019.11.28-23.27.54:889][  0]LogD3D12RHI: Display: Root signature created where the root parameters take up 13 DWORDS. Using more than 12 DWORDs can negatively impact performance depending on the hardware and root parameter usage.
[2019.11.28-23.27.54:892][  0]LogD3D12RHI: Display: Root signature created where the root parameters take up 15 DWORDS. Using more than 12 DWORDs can negatively impact performance depending on the hardware and root parameter usage.
[2019.11.28-23.27.55:012][  1]LogRenderer: Reallocating scene render targets to support 128x128 Format 10 NumSamples 1 (Frame:1).
[2019.11.28-23.27.55:024][  2]LogRenderer: Reallocating scene render targets to support 320x240 Format 10 NumSamples 1 (Frame:2).
[2019.11.28-23.28.08:855][101]LogSlate: Window 'BasicScripting (64-bit Development PCD3D_SM5) ' being destroyed
[2019.11.28-23.28.08:856][101]LogWindowsTextInputMethodSystem: Display: IME system now deactivated.
[2019.11.28-23.28.08:862][101]LogSlate: Updating window title bar state: overlay mode, drag disabled, window buttons hidden, title bar hidden
[2019.11.28-23.28.08:862][101]LogEngine: All Windows Closed
[2019.11.28-23.28.08:862][101]LogWindows: FPlatformMisc::RequestExit(0)
[2019.11.28-23.28.08:868][102]LogConfig: Applying CVar settings from Section [ViewDistanceQuality@Cine] File [D:/Git/UEGym/BasicScripting/Saved/Config/Windows/Scalability.ini]
[2019.11.28-23.28.08:868][102]LogConfig: Setting CVar [[r.SkeletalMeshLODBias:0]]
[2019.11.28-23.28.08:868][102]LogConfig: Setting CVar [[r.ViewDistanceScale:10.0]]
[2019.11.28-23.28.08:868][102]LogConfig: Applying CVar settings from Section [AntiAliasingQuality@Cine] File [D:/Git/UEGym/BasicScripting/Saved/Config/Windows/Scalability.ini]
[2019.11.28-23.28.08:868][102]LogConfig: Setting CVar [[r.PostProcessAAQuality:6]]
[2019.11.28-23.28.08:868][102]LogConfig: Applying CVar settings from Section [ShadowQuality@Cine] File [D:/Git/UEGym/BasicScripting/Saved/Config/Windows/Scalability.ini]
[2019.11.28-23.28.08:868][102]LogConfig: Setting CVar [[r.LightFunctionQuality:1]]
[2019.11.28-23.28.08:868][102]LogConfig: Setting CVar [[r.ShadowQuality:5]]
[2019.11.28-23.28.08:868][102]LogConfig: Setting CVar [[r.Shadow.CSM.MaxCascades:10]]
[2019.11.28-23.28.08:868][102]LogConfig: Setting CVar [[r.Shadow.MaxResolution:4096]]
[2019.11.28-23.28.08:868][102]LogConfig: Setting CVar [[r.Shadow.MaxCSMResolution:4096]]
[2019.11.28-23.28.08:868][102]LogConfig: Setting CVar [[r.Shadow.RadiusThreshold:0]]
[2019.11.28-23.28.08:868][102]LogConfig: Setting CVar [[r.Shadow.DistanceScale:1.0]]
[2019.11.28-23.28.08:868][102]LogConfig: Setting CVar [[r.Shadow.CSM.TransitionScale:1.0]]
[2019.11.28-23.28.08:868][102]LogConfig: Setting CVar [[r.Shadow.PreShadowResolutionFactor:1.0]]
[2019.11.28-23.28.08:868][102]LogConfig: Setting CVar [[r.DistanceFieldShadowing:1]]
[2019.11.28-23.28.08:868][102]LogConfig: Setting CVar [[r.DistanceFieldAO:1]]
[2019.11.28-23.28.08:868][102]LogConfig: Setting CVar [[r.AOQuality:2]]
[2019.11.28-23.28.08:868][102]LogConfig: Setting CVar [[r.VolumetricFog:1]]
[2019.11.28-23.28.08:868][102]LogConfig: Setting CVar [[r.VolumetricFog.GridPixelSize:4]]
[2019.11.28-23.28.08:868][102]LogConfig: Setting CVar [[r.VolumetricFog.GridSizeZ:128]]
[2019.11.28-23.28.08:868][102]LogConfig: Setting CVar [[r.VolumetricFog.HistoryMissSupersampleCount:16]]
[2019.11.28-23.28.08:868][102]LogConfig: Setting CVar [[r.LightMaxDrawDistanceScale:1]]
[2019.11.28-23.28.08:868][102]LogConfig: Setting CVar [[r.CapsuleShadows:1]]
[2019.11.28-23.28.08:868][102]LogConfig: Applying CVar settings from Section [PostProcessQuality@Cine] File [D:/Git/UEGym/BasicScripting/Saved/Config/Windows/Scalability.ini]
[2019.11.28-23.28.08:868][102]LogConfig: Setting CVar [[r.MotionBlurQuality:4]]
[2019.11.28-23.28.08:868][102]LogConfig: Setting CVar [[r.AmbientOcclusionMipLevelFactor:0.4]]
[2019.11.28-23.28.08:868][102]LogConfig: Setting CVar [[r.AmbientOcclusionMaxQuality:100]]
[2019.11.28-23.28.08:868][102]LogConfig: Setting CVar [[r.AmbientOcclusionLevels:-1]]
[2019.11.28-23.28.08:868][102]LogConfig: Setting CVar [[r.AmbientOcclusionRadiusScale:1.0]]
[2019.11.28-23.28.08:868][102]LogConfig: Setting CVar [[r.DepthOfFieldQuality:4]]
[2019.11.28-23.28.08:868][102]LogConfig: Setting CVar [[r.RenderTargetPoolMin:1000]]
[2019.11.28-23.28.08:868][102]LogConfig: Setting CVar [[r.LensFlareQuality:3]]
[2019.11.28-23.28.08:868][102]LogConfig: Setting CVar [[r.SceneColorFringeQuality:1]]
[2019.11.28-23.28.08:868][102]LogConfig: Setting CVar [[r.EyeAdaptationQuality:2]]
[2019.11.28-23.28.08:868][102]LogConfig: Setting CVar [[r.BloomQuality:5]]
[2019.11.28-23.28.08:868][102]LogConfig: Setting CVar [[r.FastBlurThreshold:100]]
[2019.11.28-23.28.08:868][102]LogConfig: Setting CVar [[r.Upscale.Quality:3]]
[2019.11.28-23.28.08:868][102]LogConfig: Setting CVar [[r.Tonemapper.GrainQuantization:1]]
[2019.11.28-23.28.08:868][102]LogConfig: Setting CVar [[r.LightShaftQuality:1]]
[2019.11.28-23.28.08:868][102]LogConfig: Setting CVar [[r.Filter.SizeScale:1]]
[2019.11.28-23.28.08:868][102]LogConfig: Setting CVar [[r.Tonemapper.Quality:5]]
[2019.11.28-23.28.08:868][102]LogConfig: Setting CVar [[r.DOF.Gather.AccumulatorQuality:1        ; higher gathering accumulator quality]]
[2019.11.28-23.28.08:868][102]LogConfig: Setting CVar [[r.DOF.Gather.PostfilterMethod:1          ; Median3x3 postfilering method]]
[2019.11.28-23.28.08:868][102]LogConfig: Setting CVar [[r.DOF.Gather.EnableBokehSettings:1       ; bokeh simulation when gathering]]
[2019.11.28-23.28.08:868][102]LogConfig: Setting CVar [[r.DOF.Gather.RingCount:5                 ; high number of samples when gathering]]
[2019.11.28-23.28.08:868][102]LogConfig: Setting CVar [[r.DOF.Scatter.ForegroundCompositing:1    ; additive foreground scattering]]
[2019.11.28-23.28.08:868][102]LogConfig: Setting CVar [[r.DOF.Scatter.BackgroundCompositing:2    ; background scattering occlusion]]
[2019.11.28-23.28.08:868][102]LogConfig: Setting CVar [[r.DOF.Scatter.EnableBokehSettings:1      ; no bokeh simulation when scattering]]
[2019.11.28-23.28.08:868][102]LogConfig: Setting CVar [[r.DOF.Scatter.MaxSpriteRatio:0.1         ; only a maximum of 10% of scattered bokeh]]
[2019.11.28-23.28.08:868][102]LogConfig: Setting CVar [[r.DOF.Recombine.Quality:2                ; highest slight out of focus]]
[2019.11.28-23.28.08:868][102]LogConfig: Setting CVar [[r.DOF.Recombine.EnableBokehSettings:1    ; bokeh simulation on slight out of focus]]
[2019.11.28-23.28.08:868][102]LogConfig: Setting CVar [[r.DOF.TemporalAAQuality:1                ; more stable temporal accumulation]]
[2019.11.28-23.28.08:868][102]LogConfig: Setting CVar [[r.DOF.Kernel.MaxForegroundRadius:0.025]]
[2019.11.28-23.28.08:868][102]LogConfig: Setting CVar [[r.DOF.Kernel.MaxBackgroundRadius:0.025]]
[2019.11.28-23.28.08:869][102]LogConfig: Applying CVar settings from Section [TextureQuality@Cine] File [D:/Git/UEGym/BasicScripting/Saved/Config/Windows/Scalability.ini]
[2019.11.28-23.28.08:869][102]LogConfig: Setting CVar [[r.Streaming.MipBias:0]]
[2019.11.28-23.28.08:869][102]LogConfig: Setting CVar [[r.Streaming.AmortizeCPUToGPUCopy:0]]
[2019.11.28-23.28.08:869][102]LogConfig: Setting CVar [[r.Streaming.MaxNumTexturesToStreamPerFrame:0]]
[2019.11.28-23.28.08:869][102]LogConfig: Setting CVar [[r.Streaming.Boost:1]]
[2019.11.28-23.28.08:869][102]LogConfig: Setting CVar [[r.MaxAnisotropy:8]]
[2019.11.28-23.28.08:869][102]LogConfig: Setting CVar [[r.Streaming.LimitPoolSizeToVRAM:0]]
[2019.11.28-23.28.08:869][102]LogConfig: Setting CVar [[r.Streaming.PoolSize:3000]]
[2019.11.28-23.28.08:869][102]LogConfig: Setting CVar [[r.Streaming.MaxEffectiveScreenSize:0]]
[2019.11.28-23.28.08:869][102]LogConfig: Applying CVar settings from Section [EffectsQuality@Cine] File [D:/Git/UEGym/BasicScripting/Saved/Config/Windows/Scalability.ini]
[2019.11.28-23.28.08:869][102]LogConfig: Setting CVar [[r.TranslucencyLightingVolumeDim:64]]
[2019.11.28-23.28.08:869][102]LogConfig: Setting CVar [[r.RefractionQuality:2]]
[2019.11.28-23.28.08:869][102]LogConfig: Setting CVar [[r.SSR.Quality:4]]
[2019.11.28-23.28.08:869][102]LogConfig: Setting CVar [[r.SceneColorFormat:4]]
[2019.11.28-23.28.08:869][102]LogConfig: Setting CVar [[r.DetailMode:2]]
[2019.11.28-23.28.08:869][102]LogConfig: Setting CVar [[r.TranslucencyVolumeBlur:1]]
[2019.11.28-23.28.08:869][102]LogConfig: Setting CVar [[r.MaterialQualityLevel:1 ; High quality]]
[2019.11.28-23.28.08:869][102]LogConfig: Setting CVar [[r.SSS.Scale:1]]
[2019.11.28-23.28.08:869][102]LogConfig: Setting CVar [[r.SSS.SampleSet:2]]
[2019.11.28-23.28.08:869][102]LogConfig: Setting CVar [[r.SSS.Quality:1]]
[2019.11.28-23.28.08:869][102]LogConfig: Setting CVar [[r.SSS.HalfRes:0]]
[2019.11.28-23.28.08:869][102]LogConfig: Setting CVar [[r.EmitterSpawnRateScale:1.0]]
[2019.11.28-23.28.08:869][102]LogConfig: Setting CVar [[r.ParticleLightQuality:2]]
[2019.11.28-23.28.08:869][102]LogConfig: Applying CVar settings from Section [FoliageQuality@Cine] File [D:/Git/UEGym/BasicScripting/Saved/Config/Windows/Scalability.ini]
[2019.11.28-23.28.08:869][102]LogConfig: Setting CVar [[foliage.DensityScale:1.0]]
[2019.11.28-23.28.08:869][102]LogConfig: Setting CVar [[grass.DensityScale:1.0]]
[2019.11.28-23.28.09:373][102]LogExit: Preparing to exit.
[2019.11.28-23.28.09:380][102]LogSlate: Updating window title bar state: overlay mode, drag disabled, window buttons hidden, title bar hidden
[2019.11.28-23.28.09:385][102]LogExit: Game engine shut down
[2019.11.28-23.28.09:455][102]LogExit: Object subsystem successfully closed.
[2019.11.28-23.28.09:480][102]LogShaderCompilers: Display: Shaders left to compile 0
[2019.11.28-23.28.09:481][102]LogRendererCore: FGlobalReadBuffer::ReleaseRHI
[2019.11.28-23.28.09:481][102]LogRendererCore: FGlobalDynamicReadBuffer::Cleanup()
[2019.11.28-23.28.09:481][102]LogRendererCore: FGlobalReadBuffer::ReleaseRHI
[2019.11.28-23.28.09:481][102]LogRendererCore: FGlobalDynamicReadBuffer::Cleanup()
[2019.11.28-23.28.09:481][102]LogRendererCore: FGlobalReadBuffer::ReleaseRHI
[2019.11.28-23.28.09:481][102]LogRendererCore: FGlobalDynamicReadBuffer::Cleanup()
[2019.11.28-23.28.09:491][102]LogD3D12RHI: ~FD3D12DynamicRHI
[2019.11.28-23.28.09:495][102]LogModuleManager: Shutting down and abandoning module SequenceRecorderSections (406)
[2019.11.28-23.28.09:495][102]LogModuleManager: Shutting down and abandoning module SequenceRecorder (404)
[2019.11.28-23.28.09:495][102]LogModuleManager: Shutting down and abandoning module AutomationController (402)
[2019.11.28-23.28.09:495][102]LogModuleManager: Shutting down and abandoning module AutomationWorker (400)
[2019.11.28-23.28.09:495][102]LogModuleManager: Shutting down and abandoning module Voice (398)
[2019.11.28-23.28.09:495][102]LogModuleManager: Shutting down and abandoning module AIModule (396)
[2019.11.28-23.28.09:495][102]LogModuleManager: Shutting down and abandoning module GameplayDebugger (395)
[2019.11.28-23.28.09:495][102]LogModuleManager: Shutting down and abandoning module AITestSuite (393)
[2019.11.28-23.28.09:495][102]LogModuleManager: Shutting down and abandoning module NavigationSystem (391)
[2019.11.28-23.28.09:495][102]LogModuleManager: Shutting down and abandoning module OculusMR (388)
[2019.11.28-23.28.09:495][102]LogModuleManager: Shutting down and abandoning module WmfMediaFactory (386)
[2019.11.28-23.28.09:495][102]LogModuleManager: Shutting down and abandoning module WebMMediaFactory (384)
[2019.11.28-23.28.09:495][102]LogModuleManager: Shutting down and abandoning module WebMMedia (382)
[2019.11.28-23.28.09:495][102]LogModuleManager: Shutting down and abandoning module OpenExrWrapper (380)
[2019.11.28-23.28.09:495][102]LogModuleManager: Shutting down and abandoning module ImgMediaFactory (378)
[2019.11.28-23.28.09:495][102]LogModuleManager: Shutting down and abandoning module AvfMediaFactory (376)
[2019.11.28-23.28.09:495][102]LogModuleManager: Shutting down and abandoning module MagicLeapCameraPreviewFactory (374)
[2019.11.28-23.28.09:495][102]LogModuleManager: Shutting down and abandoning module MagicLeapMediaCodecFactory (372)
[2019.11.28-23.28.09:495][102]LogModuleManager: Shutting down and abandoning module MagicLeapMediaFactory (370)
[2019.11.28-23.28.09:495][102]LogModuleManager: Shutting down and abandoning module CharacterAI (368)
[2019.11.28-23.28.09:495][102]LogModuleManager: Shutting down and abandoning module SessionServices (366)
[2019.11.28-23.28.09:495][102]LogModuleManager: Shutting down and abandoning module PIEPreviewDeviceProfileSelector (364)
[2019.11.28-23.28.09:495][102]LogModuleManager: Shutting down and abandoning module MovieSceneCapture (362)
[2019.11.28-23.28.09:495][102]LogModuleManager: Shutting down and abandoning module LiveCoding (360)
[2019.11.28-23.28.09:495][102]LogModuleManager: Shutting down and abandoning module LevelSequence (358)
[2019.11.28-23.28.09:495][102]LogModuleManager: Shutting down and abandoning module MovieSceneTracks (356)
[2019.11.28-23.28.09:495][102]LogModuleManager: Shutting down and abandoning module MovieScene (354)
[2019.11.28-23.28.09:496][102]LogModuleManager: Shutting down and abandoning module StreamingPauseRendering (352)
[2019.11.28-23.28.09:496][102]LogModuleManager: Shutting down and abandoning module PortalServices (350)
[2019.11.28-23.28.09:496][102]LogModuleManager: Shutting down and abandoning module PortalRpc (348)
[2019.11.28-23.28.09:496][102]LogModuleManager: Shutting down and abandoning module MessagingRpc (346)
[2019.11.28-23.28.09:496][102]LogModuleManager: Shutting down and abandoning module ImageWriteQueue (344)
[2019.11.28-23.28.09:497][102]LogModuleManager: Shutting down and abandoning module ProfilerService (342)
[2019.11.28-23.28.09:530][102]LogModuleManager: Shutting down and abandoning module TaskGraph (340)
[2019.11.28-23.28.09:530][102]LogModuleManager: Shutting down and abandoning module SteamVRController (338)
[2019.11.28-23.28.09:530][102]LogModuleManager: Shutting down and abandoning module ProceduralMeshComponent (336)
[2019.11.28-23.28.09:530][102]LogModuleManager: Shutting down and abandoning module OculusInput (334)
[2019.11.28-23.28.09:530][102]LogModuleManager: Shutting down and abandoning module MobilePatchingUtils (332)
[2019.11.28-23.28.09:530][102]LogModuleManager: Shutting down and abandoning module EditableMesh (330)
[2019.11.28-23.28.09:530][102]LogModuleManager: Shutting down and abandoning module CustomMeshComponent (328)
[2019.11.28-23.28.09:530][102]LogModuleManager: Shutting down and abandoning module CableComponent (326)
[2019.11.28-23.28.09:530][102]LogModuleManager: Shutting down and abandoning module AudioCapture (324)
[2019.11.28-23.28.09:530][102]LogModuleManager: Shutting down and abandoning module ArchVisCharacter (322)
[2019.11.28-23.28.09:530][102]LogModuleManager: Shutting down and abandoning module AndroidPermission (320)
[2019.11.28-23.28.09:530][102]LogModuleManager: Shutting down and abandoning module NUTUnrealEngine4 (318)
[2019.11.28-23.28.09:530][102]LogModuleManager: Shutting down and abandoning module NetcodeUnitTest (316)
[2019.11.28-23.28.09:530][102]LogModuleManager: Shutting down and abandoning module SequencerScripting (314)
[2019.11.28-23.28.09:530][102]LogModuleManager: Shutting down and abandoning module MediaCompositing (312)
[2019.11.28-23.28.09:530][102]LogModuleManager: Shutting down and abandoning module LinearTimecode (310)
[2019.11.28-23.28.09:530][102]LogModuleManager: Shutting down and abandoning module ImgMedia (308)
[2019.11.28-23.28.09:530][102]LogModuleManager: Shutting down and abandoning module MagicLeapHelperVulkan (306)
[2019.11.28-23.28.09:530][102]LogModuleManager: Shutting down and abandoning module MagicLeapHelperOpenGL (304)
[2019.11.28-23.28.09:530][102]LogModuleManager: Shutting down and abandoning module MagicLeapAudio (302)
[2019.11.28-23.28.09:530][102]LogModuleManager: Shutting down and abandoning module HTML5Networking (300)
[2019.11.28-23.28.09:530][102]LogModuleManager: Shutting down and abandoning module GeometryCacheTracks (298)
[2019.11.28-23.28.09:530][102]LogModuleManager: Shutting down and abandoning module GeometryCacheSequencer (297)
[2019.11.28-23.28.09:530][102]LogModuleManager: Shutting down and abandoning module GeometryCache (294)
[2019.11.28-23.28.09:530][102]LogModuleManager: Shutting down and abandoning module GeometryCacheEd (293)
[2019.11.28-23.28.09:530][102]LogModuleManager: Shutting down and abandoning module BackChannel (290)
[2019.11.28-23.28.09:530][102]LogModuleManager: Shutting down and abandoning module AppleVision (288)
[2019.11.28-23.28.09:530][102]LogModuleManager: Shutting down and abandoning module AppleImageUtilsBlueprintSupport (286)
[2019.11.28-23.28.09:530][102]LogModuleManager: Shutting down and abandoning module AppleImageUtils (284)
[2019.11.28-23.28.09:530][102]LogModuleManager: Shutting down and abandoning module VariantManagerContent (282)
[2019.11.28-23.28.09:530][102]LogModuleManager: Shutting down and abandoning module CryptoKeysOpenSSL (280)
[2019.11.28-23.28.09:530][102]LogModuleManager: Shutting down and abandoning module CryptoKeys (278)
[2019.11.28-23.28.09:530][102]LogModuleManager: Shutting down and abandoning module VisualStudioSourceCodeAccess (276)
[2019.11.28-23.28.09:530][102]LogModuleManager: Shutting down and abandoning module HotReload (275)
[2019.11.28-23.28.09:531][102]LogModuleManager: Shutting down and abandoning module DirectoryWatcher (274)
[2019.11.28-23.28.09:531][102]LogModuleManager: Shutting down and abandoning module VisualStudioCodeSourceCodeAccess (270)
[2019.11.28-23.28.09:531][102]LogModuleManager: Shutting down and abandoning module UObjectPlugin (268)
[2019.11.28-23.28.09:531][102]LogModuleManager: Shutting down and abandoning module SubversionSourceControl (266)
[2019.11.28-23.28.09:531][102]LogModuleManager: Shutting down and abandoning module PerforceSourceControl (264)
[2019.11.28-23.28.09:531][102]LogModuleManager: Shutting down and abandoning module SourceControl (263)
[2019.11.28-23.28.09:531][102]LogModuleManager: Shutting down and abandoning module CLionSourceCodeAccess (260)
[2019.11.28-23.28.09:531][102]LogModuleManager: Shutting down and abandoning module BlankPlugin (258)
[2019.11.28-23.28.09:531][102]LogModuleManager: Shutting down and abandoning module ActorLayerUtilities (256)
[2019.11.28-23.28.09:531][102]LogModuleManager: Shutting down and abandoning module SignificanceManager (254)
[2019.11.28-23.28.09:531][102]LogModuleManager: Shutting down and abandoning module RuntimePhysXCooking (252)
[2019.11.28-23.28.09:531][102]LogModuleManager: Shutting down and abandoning module PhysXVehiclesEditor (250)
[2019.11.28-23.28.09:531][102]LogModuleManager: Shutting down and abandoning module PhysXVehicles (248)
[2019.11.28-23.28.09:531][102]LogModuleManager: Shutting down and abandoning module LocationServicesBPLibrary (246)
[2019.11.28-23.28.09:531][102]LogModuleManager: Shutting down and abandoning module ActorSequence (244)
[2019.11.28-23.28.09:531][102]LogModuleManager: Shutting down and abandoning module UdpMessaging (242)
[2019.11.28-23.28.09:531][102]LogModuleManager: Shutting down and abandoning module TcpMessaging (240)
[2019.11.28-23.28.09:531][102]LogModuleManager: Shutting down and abandoning module MagicLeapIdentity (238)
[2019.11.28-23.28.09:531][102]LogModuleManager: Shutting down and abandoning module MagicLeapSecureStorage (236)
[2019.11.28-23.28.09:531][102]LogModuleManager: Shutting down and abandoning module MagicLeapHandTracking (234)
[2019.11.28-23.28.09:531][102]LogModuleManager: Shutting down and abandoning module MagicLeapEyeTracker (232)
[2019.11.28-23.28.09:531][102]LogModuleManager: Shutting down and abandoning module MagicLeapController (230)
[2019.11.28-23.28.09:531][102]LogSlate: Slate User Destroyed.  User Index 0, Is Virtual User: 0
[2019.11.28-23.28.09:531][102]LogModuleManager: Shutting down and abandoning module MagicLeapAR (228)
[2019.11.28-23.28.09:531][102]LogModuleManager: Shutting down and abandoning module AugmentedReality (227)
[2019.11.28-23.28.09:531][102]LogModuleManager: Shutting down and abandoning module GameplayTagsEditor (224)
[2019.11.28-23.28.09:531][102]LogModuleManager: Shutting down and abandoning module FacialAnimation (222)
[2019.11.28-23.28.09:531][102]LogModuleManager: Shutting down and abandoning module DataValidation (220)
[2019.11.28-23.28.09:531][102]LogModuleManager: Shutting down and abandoning module AssetManagerEditor (218)
[2019.11.28-23.28.09:531][102]LogModuleManager: Shutting down and abandoning module TreeMap (217)
[2019.11.28-23.28.09:531][102]LogModuleManager: Shutting down and abandoning module AnimationSharing (214)
[2019.11.28-23.28.09:531][102]LogModuleManager: Shutting down and abandoning module LightPropagationVolumeRuntime (212)
[2019.11.28-23.28.09:531][102]LogModuleManager: Shutting down and abandoning module AISupportModule (210)
[2019.11.28-23.28.09:531][102]LogModuleManager: Shutting down and abandoning module Paper2D (208)
[2019.11.28-23.28.09:531][102]LogModuleManager: Shutting down and abandoning module UnrealPythonLibraryPlugin (206)
[2019.11.28-23.28.09:531][102]LogModuleManager: Shutting down and abandoning module WindowsMoviePlayer (204)
[2019.11.28-23.28.09:531][102]LogModuleManager: Shutting down and abandoning module WebMMoviePlayer (202)
[2019.11.28-23.28.09:531][102]LogModuleManager: Shutting down and abandoning module PacketHandler (200)
[2019.11.28-23.28.09:531][102]LogModuleManager: Shutting down and abandoning module ClothingSystemEditor (198)
[2019.11.28-23.28.09:531][102]LogModuleManager: Shutting down and abandoning module ClothingSystemRuntime (196)
[2019.11.28-23.28.09:531][102]LogModuleManager: Shutting down and abandoning module MediaAssets (194)
[2019.11.28-23.28.09:531][102]LogModuleManager: Shutting down and abandoning module Overlay (192)
[2019.11.28-23.28.09:531][102]LogModuleManager: Shutting down and abandoning module OverlayEditor (191)
[2019.11.28-23.28.09:531][102]LogModuleManager: Shutting down and abandoning module VREditor (188)
[2019.11.28-23.28.09:531][102]LogModuleManager: Shutting down and abandoning module StringTableEditor (186)
[2019.11.28-23.28.09:531][102]LogModuleManager: Shutting down and abandoning module GameplayTasksEditor (184)
[2019.11.28-23.28.09:531][102]LogModuleManager: Shutting down and abandoning module BehaviorTreeEditor (182)
[2019.11.28-23.28.09:531][102]LogModuleManager: Shutting down and abandoning module FunctionalTesting (180)
[2019.11.28-23.28.09:531][102]LogModuleManager: Shutting down and abandoning module CollisionAnalyzer (178)
[2019.11.28-23.28.09:531][102]LogModuleManager: Shutting down and abandoning module WorkspaceMenuStructure (177)
[2019.11.28-23.28.09:531][102]LogModuleManager: Shutting down and abandoning module UMG (174)
[2019.11.28-23.28.09:531][102]LogModuleManager: Shutting down and abandoning module UMGEditor (173)
[2019.11.28-23.28.09:531][102]LogModuleManager: Shutting down and abandoning module Sequencer (172)
[2019.11.28-23.28.09:531][102]LogModuleManager: Shutting down and abandoning module MessageLog (169)
[2019.11.28-23.28.09:531][102]LogModuleManager: Shutting down and abandoning module SlateReflector (164)
[2019.11.28-23.28.09:532][102]LogModuleManager: Shutting down and abandoning module Slate (162)
[2019.11.28-23.28.09:532][102]LogModuleManager: Shutting down and abandoning module EditorStyle (160)
[2019.11.28-23.28.09:532][102]LogModuleManager: Shutting down and abandoning module UnrealEd (158)
[2019.11.28-23.28.09:532][102]LogModuleManager: Shutting down and abandoning module MRMesh (156)
[2019.11.28-23.28.09:532][102]LogModuleManager: Shutting down and abandoning module Messaging (154)
[2019.11.28-23.28.09:532][102]LogModuleManager: Shutting down and abandoning module SourceCodeAccess (152)
[2019.11.28-23.28.09:532][102]LogModuleManager: Shutting down and abandoning module HeadMountedDisplay (150)
[2019.11.28-23.28.09:532][102]LogModuleManager: Shutting down and abandoning module XAudio2 (148)
[2019.11.28-23.28.09:532][102]LogModuleManager: Shutting down and abandoning module Networking (146)
[2019.11.28-23.28.09:532][102]LogModuleManager: Shutting down and abandoning module Core (144)
[2019.11.28-23.28.09:532][102]LogModuleManager: Shutting down and abandoning module KismetCompiler (142)
[2019.11.28-23.28.09:532][102]LogModuleManager: Shutting down and abandoning module MeshUtilities (140)
[2019.11.28-23.28.09:532][102]LogModuleManager: Shutting down and abandoning module MeshMergeUtilities (139)
[2019.11.28-23.28.09:532][102]LogModuleManager: Shutting down and abandoning module MeshReductionInterface (138)
[2019.11.28-23.28.09:532][102]LogModuleManager: Shutting down and abandoning module SkeletalMeshReduction (137)
[2019.11.28-23.28.09:532][102]LogModuleManager: Shutting down and abandoning module ProxyLODMeshReduction (135)
[2019.11.28-23.28.09:532][102]LogModuleManager: Shutting down and abandoning module QuadricMeshReduction (133)
[2019.11.28-23.28.09:532][102]LogModuleManager: Shutting down and abandoning module MaterialBaking (129)
[2019.11.28-23.28.09:532][102]LogModuleManager: Shutting down and abandoning module DerivedDataCache (124)
[2019.11.28-23.28.09:913][102]LogDerivedDataCache: Shutdown
[2019.11.28-23.28.09:914][102]LogModuleManager: Shutting down and abandoning module XGEController (122)
[2019.11.28-23.28.09:914][102]LogModuleManager: Shutting down and abandoning module TargetPlatform (120)
[2019.11.28-23.28.09:914][102]LogModuleManager: Shutting down and abandoning module VulkanShaderFormat (119)
[2019.11.28-23.28.09:914][102]LogModuleManager: Shutting down and abandoning module ShaderFormatVectorVM (117)
[2019.11.28-23.28.09:914][102]LogModuleManager: Shutting down and abandoning module ShaderFormatOpenGL (115)
[2019.11.28-23.28.09:914][102]LogModuleManager: Shutting down and abandoning module ShaderFormatD3D (113)
[2019.11.28-23.28.09:914][102]LogModuleManager: Shutting down and abandoning module MetalShaderFormat (111)
[2019.11.28-23.28.09:914][102]LogModuleManager: Shutting down and abandoning module TextureFormatUncompressed (109)
[2019.11.28-23.28.09:914][102]LogModuleManager: Shutting down and abandoning module TextureFormatPVR (107)
[2019.11.28-23.28.09:914][102]LogModuleManager: Shutting down and abandoning module TextureFormatDXT (105)
[2019.11.28-23.28.09:914][102]LogModuleManager: Shutting down and abandoning module TextureFormatIntelISPCTexComp (103)
[2019.11.28-23.28.09:914][102]LogModuleManager: Shutting down and abandoning module TextureFormatASTC (101)
[2019.11.28-23.28.09:914][102]LogModuleManager: Shutting down and abandoning module ImageWrapper (100)
[2019.11.28-23.28.09:914][102]LogModuleManager: Shutting down and abandoning module TextureFormatAndroid (97)
[2019.11.28-23.28.09:914][102]LogModuleManager: Shutting down and abandoning module AudioFormatOpus (95)
[2019.11.28-23.28.09:914][102]LogModuleManager: Shutting down and abandoning module AudioFormatOgg (93)
[2019.11.28-23.28.09:914][102]LogModuleManager: Shutting down and abandoning module AudioFormatADPCM (91)
[2019.11.28-23.28.09:914][102]LogModuleManager: Shutting down and abandoning module WindowsTargetPlatform (89)
[2019.11.28-23.28.09:914][102]LogModuleManager: Shutting down and abandoning module WindowsServerTargetPlatform (87)
[2019.11.28-23.28.09:914][102]LogModuleManager: Shutting down and abandoning module WindowsNoEditorTargetPlatform (85)
[2019.11.28-23.28.09:914][102]LogModuleManager: Shutting down and abandoning module WindowsClientTargetPlatform (83)
[2019.11.28-23.28.09:914][102]LogModuleManager: Shutting down and abandoning module InputCore (80)
[2019.11.28-23.28.09:914][102]LogModuleManager: Shutting down and abandoning module Settings (78)
[2019.11.28-23.28.09:914][102]LogModuleManager: Shutting down and abandoning module PhysXCooking (76)
[2019.11.28-23.28.09:914][102]LogModuleManager: Shutting down and abandoning module SteamVR (74)
[2019.11.28-23.28.09:914][102]LogHMD: Freeing OpenVRDLLHandle.
[2019.11.28-23.28.09:914][102]LogModuleManager: Shutting down and abandoning module OculusHMD (72)
[2019.11.28-23.28.09:914][102]LogModuleManager: Shutting down and abandoning module ExampleDeviceProfileSelector (70)
[2019.11.28-23.28.09:914][102]LogModuleManager: Shutting down and abandoning module LauncherChunkInstaller (68)
[2019.11.28-23.28.09:914][102]LogModuleManager: Shutting down and abandoning module OnlineBlueprintSupport (66)
[2019.11.28-23.28.09:914][102]LogModuleManager: Shutting down and abandoning module OnlineSubsystem (62)
[2019.11.28-23.28.09:915][102]LogModuleManager: Shutting down and abandoning module XMPP (57)
[2019.11.28-23.28.09:915][102]LogModuleManager: Shutting down and abandoning module WebSockets (56)
[2019.11.28-23.28.09:935][102]LogModuleManager: Shutting down and abandoning module HTTP (53)
[2019.11.28-23.28.09:946][102]LogModuleManager: Shutting down and abandoning module SSL (52)
[2019.11.28-23.28.09:947][102]LogModuleManager: Shutting down and abandoning module WmfMedia (48)
[2019.11.28-23.28.09:948][102]LogModuleManager: Shutting down and abandoning module Media (47)
[2019.11.28-23.28.09:954][102]LogModuleManager: Shutting down and abandoning module MagicLeap (44)
[2019.11.28-23.28.09:954][102]LogModuleManager: Shutting down and abandoning module DatasmithContent (42)
[2019.11.28-23.28.09:954][102]LogModuleManager: Shutting down and abandoning module AnimationModifiers (40)
[2019.11.28-23.28.09:954][102]LogModuleManager: Shutting down and abandoning module PropertyEditor (39)
[2019.11.28-23.28.09:954][102]LogModuleManager: Shutting down and abandoning module AudioEditor (36)
[2019.11.28-23.28.09:954][102]LogModuleManager: Shutting down and abandoning module TextureCompressor (34)
[2019.11.28-23.28.09:954][102]LogModuleManager: Shutting down and abandoning module RenderCore (32)
[2019.11.28-23.28.09:954][102]LogModuleManager: Shutting down and abandoning module Landscape (30)
[2019.11.28-23.28.09:954][102]LogModuleManager: Shutting down and abandoning module SlateRHIRenderer (28)
[2019.11.28-23.28.09:954][102]LogModuleManager: Shutting down and abandoning module OpenGLDrv (26)
[2019.11.28-23.28.09:954][102]LogModuleManager: Shutting down and abandoning module D3D11RHI (24)
[2019.11.28-23.28.09:954][102]LogModuleManager: Shutting down and abandoning module D3D12RHI (22)
[2019.11.28-23.28.09:955][102]LogModuleManager: Shutting down and abandoning module AnimGraphRuntime (20)
[2019.11.28-23.28.09:955][102]LogModuleManager: Shutting down and abandoning module Renderer (18)
[2019.11.28-23.28.09:955][102]LogModuleManager: Shutting down and abandoning module Engine (16)
[2019.11.28-23.28.09:955][102]LogModuleManager: Shutting down and abandoning module CoreUObject (14)
[2019.11.28-23.28.09:955][102]LogModuleManager: Shutting down and abandoning module NetworkFile (12)
[2019.11.28-23.28.09:955][102]LogModuleManager: Shutting down and abandoning module CookedIterativeFile (10)
[2019.11.28-23.28.09:955][102]LogModuleManager: Shutting down and abandoning module StreamingFile (8)
[2019.11.28-23.28.09:955][102]LogModuleManager: Shutting down and abandoning module SandboxFile (6)
[2019.11.28-23.28.09:955][102]LogModuleManager: Shutting down and abandoning module PakFile (4)
[2019.11.28-23.28.09:955][102]LogModuleManager: Shutting down and abandoning module RSA (3)
[2019.11.28-23.28.09:962][102]LogExit: Exiting.
[2019.11.28-23.28.09:970][102]Log file closed, 11/28/19 15:28:09
